Train Epoch: [    0/  500], Batch [     1/     1 (100%)]	Learning rate: 1.00e-03	Loss: 21.596
Train Epoch: [    0/  500], Batch [     1/     1 (100%)]	Learning rate: 1.00e-03	Loss: 21.518	Val Loss: 20.919
Train Epoch: [    1/  500], Batch [     1/     1 (100%)]	Learning rate: 1.00e-03	Loss: 21.518
Train Epoch: [    2/  500], Batch [     1/     1 (100%)]	Learning rate: 1.00e-03	Loss: 21.459
Train Epoch: [    3/  500], Batch [     1/     1 (100%)]	Learning rate: 1.00e-03	Loss: 21.397
Train Epoch: [    4/  500], Batch [     1/     1 (100%)]	Learning rate: 1.00e-03	Loss: 21.328
Train Epoch: [    5/  500], Batch [     1/     1 (100%)]	Learning rate: 1.00e-03	Loss: 21.251
Train Epoch: [    5/  500], Batch [     1/     1 (100%)]	Learning rate: 1.00e-03	Loss: 21.168	Val Loss: 20.577
Train Epoch: [    6/  500], Batch [     1/     1 (100%)]	Learning rate: 1.00e-03	Loss: 21.169
Train Epoch: [    7/  500], Batch [     1/     1 (100%)]	Learning rate: 1.00e-03	Loss: 21.078
Train Epoch: [    8/  500], Batch [     1/     1 (100%)]	Learning rate: 1.00e-03	Loss: 20.979
Train Epoch: [    9/  500], Batch [     1/     1 (100%)]	Learning rate: 1.00e-03	Loss: 20.871
Train Epoch: [   10/  500], Batch [     1/     1 (100%)]	Learning rate: 1.00e-03	Loss: 20.750
Train Epoch: [   10/  500], Batch [     1/     1 (100%)]	Learning rate: 1.00e-03	Loss: 20.615	Val Loss: 20.030
Train Epoch: [   11/  500], Batch [     1/     1 (100%)]	Learning rate: 1.00e-03	Loss: 20.614
Train Epoch: [   12/  500], Batch [     1/     1 (100%)]	Learning rate: 1.00e-03	Loss: 20.461
Train Epoch: [   13/  500], Batch [     1/     1 (100%)]	Learning rate: 1.00e-03	Loss: 20.290
Train Epoch: [   14/  500], Batch [     1/     1 (100%)]	Learning rate: 1.00e-03	Loss: 20.098
Train Epoch: [   15/  500], Batch [     1/     1 (100%)]	Learning rate: 1.00e-03	Loss: 19.886
Train Epoch: [   15/  500], Batch [     1/     1 (100%)]	Learning rate: 1.00e-03	Loss: 19.653	Val Loss: 19.086
Train Epoch: [   16/  500], Batch [     1/     1 (100%)]	Learning rate: 1.00e-03	Loss: 19.659
Train Epoch: [   17/  500], Batch [     1/     1 (100%)]	Learning rate: 1.00e-03	Loss: 19.401
Train Epoch: [   18/  500], Batch [     1/     1 (100%)]	Learning rate: 1.00e-03	Loss: 19.117
Train Epoch: [   19/  500], Batch [     1/     1 (100%)]	Learning rate: 1.00e-03	Loss: 18.804
Train Epoch: [   20/  500], Batch [     1/     1 (100%)]	Learning rate: 1.00e-03	Loss: 18.461
Train Epoch: [   20/  500], Batch [     1/     1 (100%)]	Learning rate: 1.00e-03	Loss: 18.085	Val Loss: 17.544
Train Epoch: [   21/  500], Batch [     1/     1 (100%)]	Learning rate: 1.00e-03	Loss: 18.085
Train Epoch: [   22/  500], Batch [     1/     1 (100%)]	Learning rate: 1.00e-03	Loss: 17.680
Train Epoch: [   23/  500], Batch [     1/     1 (100%)]	Learning rate: 1.00e-03	Loss: 17.221
Train Epoch: [   24/  500], Batch [     1/     1 (100%)]	Learning rate: 1.00e-03	Loss: 16.717
Train Epoch: [   25/  500], Batch [     1/     1 (100%)]	Learning rate: 1.00e-03	Loss: 16.166
Train Epoch: [   25/  500], Batch [     1/     1 (100%)]	Learning rate: 1.00e-03	Loss: 15.566	Val Loss: 15.161
Train Epoch: [   26/  500], Batch [     1/     1 (100%)]	Learning rate: 1.00e-03	Loss: 15.570
Train Epoch: [   27/  500], Batch [     1/     1 (100%)]	Learning rate: 1.00e-03	Loss: 14.940
Train Epoch: [   28/  500], Batch [     1/     1 (100%)]	Learning rate: 1.00e-03	Loss: 14.203
Train Epoch: [   29/  500], Batch [     1/     1 (100%)]	Learning rate: 1.00e-03	Loss: 13.402
Train Epoch: [   30/  500], Batch [     1/     1 (100%)]	Learning rate: 1.00e-03	Loss: 12.193
Train Epoch: [   30/  500], Batch [     1/     1 (100%)]	Learning rate: 1.00e-03	Loss: 10.679	Val Loss: 10.534
Train Epoch: [   31/  500], Batch [     1/     1 (100%)]	Learning rate: 1.00e-03	Loss: 10.664
Train Epoch: [   32/  500], Batch [     1/     1 (100%)]	Learning rate: 1.00e-03	Loss: 8.991
Train Epoch: [   33/  500], Batch [     1/     1 (100%)]	Learning rate: 1.00e-03	Loss: 7.300
Train Epoch: [   34/  500], Batch [     1/     1 (100%)]	Learning rate: 1.00e-03	Loss: 5.827
Train Epoch: [   35/  500], Batch [     1/     1 (100%)]	Learning rate: 1.00e-03	Loss: 4.632
Train Epoch: [   35/  500], Batch [     1/     1 (100%)]	Learning rate: 1.00e-03	Loss: 3.841	Val Loss: 3.838
Train Epoch: [   36/  500], Batch [     1/     1 (100%)]	Learning rate: 1.00e-03	Loss: 3.864
Train Epoch: [   37/  500], Batch [     1/     1 (100%)]	Learning rate: 1.00e-03	Loss: 3.496
Train Epoch: [   38/  500], Batch [     1/     1 (100%)]	Learning rate: 1.00e-03	Loss: 3.344
Train Epoch: [   39/  500], Batch [     1/     1 (100%)]	Learning rate: 1.00e-03	Loss: 3.355
Train Epoch: [   40/  500], Batch [     1/     1 (100%)]	Learning rate: 1.00e-03	Loss: 3.400
Train Epoch: [   40/  500], Batch [     1/     1 (100%)]	Learning rate: 1.00e-03	Loss: 3.475	Val Loss: 3.487
Train Epoch: [   41/  500], Batch [     1/     1 (100%)]	Learning rate: 1.00e-03	Loss: 3.484
Train Epoch: [   42/  500], Batch [     1/     1 (100%)]	Learning rate: 1.00e-03	Loss: 3.544
Train Epoch: [   43/  500], Batch [     1/     1 (100%)]	Learning rate: 1.00e-03	Loss: 3.582
Train Epoch: [   44/  500], Batch [     1/     1 (100%)]	Learning rate: 1.00e-03	Loss: 3.583
Train Epoch: [   45/  500], Batch [     1/     1 (100%)]	Learning rate: 1.00e-03	Loss: 3.570
Train Epoch: [   45/  500], Batch [     1/     1 (100%)]	Learning rate: 1.00e-03	Loss: 3.534	Val Loss: 3.536
Train Epoch: [   46/  500], Batch [     1/     1 (100%)]	Learning rate: 1.00e-03	Loss: 3.535
Train Epoch: [   47/  500], Batch [     1/     1 (100%)]	Learning rate: 1.00e-03	Loss: 3.486
Train Epoch: [   48/  500], Batch [     1/     1 (100%)]	Learning rate: 1.00e-03	Loss: 3.456
Train Epoch: [   49/  500], Batch [     1/     1 (100%)]	Learning rate: 1.00e-03	Loss: 3.405
Train Epoch: [   50/  500], Batch [     1/     1 (100%)]	Learning rate: 1.00e-03	Loss: 3.381
Train Epoch: [   50/  500], Batch [     1/     1 (100%)]	Learning rate: 1.00e-03	Loss: 3.342	Val Loss: 3.353
Train Epoch: [   51/  500], Batch [     1/     1 (100%)]	Learning rate: 1.00e-03	Loss: 3.343
Train Epoch: [   52/  500], Batch [     1/     1 (100%)]	Learning rate: 1.00e-03	Loss: 3.311
Train Epoch: [   53/  500], Batch [     1/     1 (100%)]	Learning rate: 1.00e-03	Loss: 3.275
Train Epoch: [   54/  500], Batch [     1/     1 (100%)]	Learning rate: 1.00e-03	Loss: 3.242
Train Epoch: [   55/  500], Batch [     1/     1 (100%)]	Learning rate: 1.00e-03	Loss: 3.210
Train Epoch: [   55/  500], Batch [     1/     1 (100%)]	Learning rate: 1.00e-03	Loss: 3.183	Val Loss: 3.183
Train Epoch: [   56/  500], Batch [     1/     1 (100%)]	Learning rate: 1.00e-03	Loss: 3.182
Train Epoch: [   57/  500], Batch [     1/     1 (100%)]	Learning rate: 1.00e-03	Loss: 3.153
Train Epoch: [   58/  500], Batch [     1/     1 (100%)]	Learning rate: 1.00e-03	Loss: 3.133
Train Epoch: [   59/  500], Batch [     1/     1 (100%)]	Learning rate: 1.00e-03	Loss: 3.115
Train Epoch: [   60/  500], Batch [     1/     1 (100%)]	Learning rate: 1.00e-03	Loss: 3.091
Train Epoch: [   60/  500], Batch [     1/     1 (100%)]	Learning rate: 1.00e-03	Loss: 3.078	Val Loss: 3.070
Train Epoch: [   61/  500], Batch [     1/     1 (100%)]	Learning rate: 1.00e-03	Loss: 3.078
Train Epoch: [   62/  500], Batch [     1/     1 (100%)]	Learning rate: 1.00e-03	Loss: 3.066
Train Epoch: [   63/  500], Batch [     1/     1 (100%)]	Learning rate: 1.00e-03	Loss: 3.051
Train Epoch: [   64/  500], Batch [     1/     1 (100%)]	Learning rate: 1.00e-03	Loss: 3.037
Train Epoch: [   65/  500], Batch [     1/     1 (100%)]	Learning rate: 1.00e-03	Loss: 3.018
Train Epoch: [   65/  500], Batch [     1/     1 (100%)]	Learning rate: 1.00e-03	Loss: 3.008	Val Loss: 2.997
Train Epoch: [   66/  500], Batch [     1/     1 (100%)]	Learning rate: 1.00e-03	Loss: 3.008
Train Epoch: [   67/  500], Batch [     1/     1 (100%)]	Learning rate: 1.00e-03	Loss: 2.992
Train Epoch: [   68/  500], Batch [     1/     1 (100%)]	Learning rate: 1.00e-03	Loss: 2.988
Train Epoch: [   69/  500], Batch [     1/     1 (100%)]	Learning rate: 1.00e-03	Loss: 2.985
Train Epoch: [   70/  500], Batch [     1/     1 (100%)]	Learning rate: 1.00e-03	Loss: 2.966
Train Epoch: [   70/  500], Batch [     1/     1 (100%)]	Learning rate: 1.00e-03	Loss: 2.946	Val Loss: 2.962
Train Epoch: [   71/  500], Batch [     1/     1 (100%)]	Learning rate: 1.00e-03	Loss: 2.968
Train Epoch: [   72/  500], Batch [     1/     1 (100%)]	Learning rate: 1.00e-03	Loss: 2.951
Train Epoch: [   73/  500], Batch [     1/     1 (100%)]	Learning rate: 1.00e-03	Loss: 2.951
Train Epoch: [   74/  500], Batch [     1/     1 (100%)]	Learning rate: 1.00e-03	Loss: 2.925
Train Epoch: [   75/  500], Batch [     1/     1 (100%)]	Learning rate: 1.00e-03	Loss: 2.930
Train Epoch: [   75/  500], Batch [     1/     1 (100%)]	Learning rate: 1.00e-03	Loss: 2.921	Val Loss: 2.940
Train Epoch: [   76/  500], Batch [     1/     1 (100%)]	Learning rate: 1.00e-03	Loss: 2.917
Train Epoch: [   77/  500], Batch [     1/     1 (100%)]	Learning rate: 1.00e-03	Loss: 2.909
Train Epoch: [   78/  500], Batch [     1/     1 (100%)]	Learning rate: 1.00e-03	Loss: 2.904
Train Epoch: [   79/  500], Batch [     1/     1 (100%)]	Learning rate: 1.00e-03	Loss: 2.893
Train Epoch: [   80/  500], Batch [     1/     1 (100%)]	Learning rate: 1.00e-03	Loss: 2.903
Train Epoch: [   80/  500], Batch [     1/     1 (100%)]	Learning rate: 1.00e-03	Loss: 2.886	Val Loss: 2.916
Train Epoch: [   81/  500], Batch [     1/     1 (100%)]	Learning rate: 1.00e-03	Loss: 2.891
Train Epoch: [   82/  500], Batch [     1/     1 (100%)]	Learning rate: 1.00e-03	Loss: 2.885
Train Epoch: [   83/  500], Batch [     1/     1 (100%)]	Learning rate: 1.00e-03	Loss: 2.878
Train Epoch: [   84/  500], Batch [     1/     1 (100%)]	Learning rate: 1.00e-03	Loss: 2.869
Train Epoch: [   85/  500], Batch [     1/     1 (100%)]	Learning rate: 1.00e-03	Loss: 2.872
Train Epoch: [   85/  500], Batch [     1/     1 (100%)]	Learning rate: 1.00e-03	Loss: 2.859	Val Loss: 2.888
Train Epoch: [   86/  500], Batch [     1/     1 (100%)]	Learning rate: 1.00e-03	Loss: 2.864
Train Epoch: [   87/  500], Batch [     1/     1 (100%)]	Learning rate: 1.00e-03	Loss: 2.855
Train Epoch: [   88/  500], Batch [     1/     1 (100%)]	Learning rate: 1.00e-03	Loss: 2.840
Train Epoch: [   89/  500], Batch [     1/     1 (100%)]	Learning rate: 1.00e-03	Loss: 2.831
Train Epoch: [   90/  500], Batch [     1/     1 (100%)]	Learning rate: 1.00e-03	Loss: 2.840
Train Epoch: [   90/  500], Batch [     1/     1 (100%)]	Learning rate: 1.00e-03	Loss: 2.836	Val Loss: 2.884
Train Epoch: [   91/  500], Batch [     1/     1 (100%)]	Learning rate: 1.00e-03	Loss: 2.843
Train Epoch: [   92/  500], Batch [     1/     1 (100%)]	Learning rate: 1.00e-03	Loss: 2.835
Train Epoch: [   93/  500], Batch [     1/     1 (100%)]	Learning rate: 1.00e-03	Loss: 2.831
Train Epoch: [   94/  500], Batch [     1/     1 (100%)]	Learning rate: 1.00e-03	Loss: 2.829
Train Epoch: [   95/  500], Batch [     1/     1 (100%)]	Learning rate: 1.00e-03	Loss: 2.835
Train Epoch: [   95/  500], Batch [     1/     1 (100%)]	Learning rate: 1.00e-03	Loss: 2.832	Val Loss: 2.863
Train Epoch: [   96/  500], Batch [     1/     1 (100%)]	Learning rate: 1.00e-03	Loss: 2.829
Train Epoch: [   97/  500], Batch [     1/     1 (100%)]	Learning rate: 1.00e-03	Loss: 2.825
Train Epoch: [   98/  500], Batch [     1/     1 (100%)]	Learning rate: 1.00e-03	Loss: 2.826
Train Epoch: [   99/  500], Batch [     1/     1 (100%)]	Learning rate: 1.00e-03	Loss: 2.826
Train Epoch: [  100/  500], Batch [     1/     1 (100%)]	Learning rate: 1.00e-03	Loss: 2.825
Train Epoch: [  100/  500], Batch [     1/     1 (100%)]	Learning rate: 1.00e-03	Loss: 2.815	Val Loss: 2.846
Train Epoch: [  101/  500], Batch [     1/     1 (100%)]	Learning rate: 1.00e-03	Loss: 2.817
Train Epoch: [  102/  500], Batch [     1/     1 (100%)]	Learning rate: 1.00e-03	Loss: 2.816
Train Epoch: [  103/  500], Batch [     1/     1 (100%)]	Learning rate: 1.00e-03	Loss: 2.805
Train Epoch: [  104/  500], Batch [     1/     1 (100%)]	Learning rate: 1.00e-03	Loss: 2.812
Train Epoch: [  105/  500], Batch [     1/     1 (100%)]	Learning rate: 1.00e-03	Loss: 2.801
Train Epoch: [  105/  500], Batch [     1/     1 (100%)]	Learning rate: 1.00e-03	Loss: 2.807	Val Loss: 2.833
Train Epoch: [  106/  500], Batch [     1/     1 (100%)]	Learning rate: 1.00e-03	Loss: 2.814
Train Epoch: [  107/  500], Batch [     1/     1 (100%)]	Learning rate: 1.00e-03	Loss: 2.801
Train Epoch: [  108/  500], Batch [     1/     1 (100%)]	Learning rate: 1.00e-03	Loss: 2.808
Train Epoch: [  109/  500], Batch [     1/     1 (100%)]	Learning rate: 1.00e-03	Loss: 2.813
Train Epoch: [  110/  500], Batch [     1/     1 (100%)]	Learning rate: 1.00e-03	Loss: 2.799
Train Epoch: [  110/  500], Batch [     1/     1 (100%)]	Learning rate: 1.00e-03	Loss: 2.799	Val Loss: 2.827
Train Epoch: [  111/  500], Batch [     1/     1 (100%)]	Learning rate: 1.00e-03	Loss: 2.792
Train Epoch: [  112/  500], Batch [     1/     1 (100%)]	Learning rate: 1.00e-03	Loss: 2.796
Train Epoch: [  113/  500], Batch [     1/     1 (100%)]	Learning rate: 1.00e-03	Loss: 2.794
Train Epoch: [  114/  500], Batch [     1/     1 (100%)]	Learning rate: 1.00e-03	Loss: 2.795
Train Epoch: [  115/  500], Batch [     1/     1 (100%)]	Learning rate: 1.00e-03	Loss: 2.796
Train Epoch: [  115/  500], Batch [     1/     1 (100%)]	Learning rate: 1.00e-03	Loss: 2.795	Val Loss: 2.818
Train Epoch: [  116/  500], Batch [     1/     1 (100%)]	Learning rate: 1.00e-03	Loss: 2.793
Train Epoch: [  117/  500], Batch [     1/     1 (100%)]	Learning rate: 1.00e-03	Loss: 2.795
Train Epoch: [  118/  500], Batch [     1/     1 (100%)]	Learning rate: 1.00e-03	Loss: 2.793
Train Epoch: [  119/  500], Batch [     1/     1 (100%)]	Learning rate: 1.00e-03	Loss: 2.792
Train Epoch: [  120/  500], Batch [     1/     1 (100%)]	Learning rate: 1.00e-03	Loss: 2.787
Train Epoch: [  120/  500], Batch [     1/     1 (100%)]	Learning rate: 1.00e-03	Loss: 2.796	Val Loss: 2.815
Train Epoch: [  121/  500], Batch [     1/     1 (100%)]	Learning rate: 1.00e-03	Loss: 2.786
Train Epoch: [  122/  500], Batch [     1/     1 (100%)]	Learning rate: 1.00e-03	Loss: 2.793
Train Epoch: [  123/  500], Batch [     1/     1 (100%)]	Learning rate: 1.00e-03	Loss: 2.789
Train Epoch: [  124/  500], Batch [     1/     1 (100%)]	Learning rate: 1.00e-03	Loss: 2.787
Train Epoch: [  125/  500], Batch [     1/     1 (100%)]	Learning rate: 1.00e-03	Loss: 2.778
Train Epoch: [  125/  500], Batch [     1/     1 (100%)]	Learning rate: 1.00e-03	Loss: 2.780	Val Loss: 2.809
Train Epoch: [  126/  500], Batch [     1/     1 (100%)]	Learning rate: 1.00e-03	Loss: 2.779
Train Epoch: [  127/  500], Batch [     1/     1 (100%)]	Learning rate: 1.00e-03	Loss: 2.782
Train Epoch: [  128/  500], Batch [     1/     1 (100%)]	Learning rate: 1.00e-03	Loss: 2.780
Train Epoch: [  129/  500], Batch [     1/     1 (100%)]	Learning rate: 1.00e-03	Loss: 2.775
Train Epoch: [  130/  500], Batch [     1/     1 (100%)]	Learning rate: 1.00e-03	Loss: 2.779
Train Epoch: [  130/  500], Batch [     1/     1 (100%)]	Learning rate: 1.00e-03	Loss: 2.769	Val Loss: 2.814
Train Epoch: [  131/  500], Batch [     1/     1 (100%)]	Learning rate: 1.00e-03	Loss: 2.773
Train Epoch: [  132/  500], Batch [     1/     1 (100%)]	Learning rate: 1.00e-03	Loss: 2.781
Train Epoch: [  133/  500], Batch [     1/     1 (100%)]	Learning rate: 1.00e-03	Loss: 2.778
Train Epoch: [  134/  500], Batch [     1/     1 (100%)]	Learning rate: 1.00e-03	Loss: 2.775
Train Epoch: [  135/  500], Batch [     1/     1 (100%)]	Learning rate: 1.00e-03	Loss: 2.771
Train Epoch: [  135/  500], Batch [     1/     1 (100%)]	Learning rate: 1.00e-03	Loss: 2.776	Val Loss: 2.802
Train Epoch: [  136/  500], Batch [     1/     1 (100%)]	Learning rate: 1.00e-03	Loss: 2.771
Train Epoch: [  137/  500], Batch [     1/     1 (100%)]	Learning rate: 1.00e-03	Loss: 2.772
Train Epoch: [  138/  500], Batch [     1/     1 (100%)]	Learning rate: 1.00e-03	Loss: 2.769
Train Epoch: [  139/  500], Batch [     1/     1 (100%)]	Learning rate: 1.00e-03	Loss: 2.766
Train Epoch: [  140/  500], Batch [     1/     1 (100%)]	Learning rate: 1.00e-03	Loss: 2.772
Train Epoch: [  140/  500], Batch [     1/     1 (100%)]	Learning rate: 1.00e-03	Loss: 2.767	Val Loss: 2.806
Train Epoch: [  141/  500], Batch [     1/     1 (100%)]	Learning rate: 1.00e-03	Loss: 2.770
Train Epoch: [  142/  500], Batch [     1/     1 (100%)]	Learning rate: 1.00e-03	Loss: 2.768
Train Epoch: [  143/  500], Batch [     1/     1 (100%)]	Learning rate: 1.00e-03	Loss: 2.769
Train Epoch: [  144/  500], Batch [     1/     1 (100%)]	Learning rate: 1.00e-03	Loss: 2.760
Train Epoch: [  145/  500], Batch [     1/     1 (100%)]	Learning rate: 1.00e-03	Loss: 2.765
Train Epoch: [  145/  500], Batch [     1/     1 (100%)]	Learning rate: 1.00e-03	Loss: 2.769	Val Loss: 2.801
Train Epoch: [  146/  500], Batch [     1/     1 (100%)]	Learning rate: 1.00e-03	Loss: 2.765
Train Epoch: [  147/  500], Batch [     1/     1 (100%)]	Learning rate: 1.00e-03	Loss: 2.774
Train Epoch: [  148/  500], Batch [     1/     1 (100%)]	Learning rate: 1.00e-03	Loss: 2.756
Train Epoch: [  149/  500], Batch [     1/     1 (100%)]	Learning rate: 1.00e-03	Loss: 2.763
Train Epoch: [  150/  500], Batch [     1/     1 (100%)]	Learning rate: 1.00e-03	Loss: 2.765
Train Epoch: [  150/  500], Batch [     1/     1 (100%)]	Learning rate: 1.00e-03	Loss: 2.761	Val Loss: 2.793
Train Epoch: [  151/  500], Batch [     1/     1 (100%)]	Learning rate: 1.00e-03	Loss: 2.758
Train Epoch: [  152/  500], Batch [     1/     1 (100%)]	Learning rate: 1.00e-03	Loss: 2.757
Train Epoch: [  153/  500], Batch [     1/     1 (100%)]	Learning rate: 1.00e-03	Loss: 2.761
Train Epoch: [  154/  500], Batch [     1/     1 (100%)]	Learning rate: 1.00e-03	Loss: 2.755
Train Epoch: [  155/  500], Batch [     1/     1 (100%)]	Learning rate: 1.00e-03	Loss: 2.763
Train Epoch: [  155/  500], Batch [     1/     1 (100%)]	Learning rate: 1.00e-03	Loss: 2.756	Val Loss: 2.787
Train Epoch: [  156/  500], Batch [     1/     1 (100%)]	Learning rate: 1.00e-03	Loss: 2.758
Train Epoch: [  157/  500], Batch [     1/     1 (100%)]	Learning rate: 1.00e-03	Loss: 2.762
Train Epoch: [  158/  500], Batch [     1/     1 (100%)]	Learning rate: 1.00e-03	Loss: 2.760
Train Epoch: [  159/  500], Batch [     1/     1 (100%)]	Learning rate: 1.00e-03	Loss: 2.760
Train Epoch: [  160/  500], Batch [     1/     1 (100%)]	Learning rate: 1.00e-03	Loss: 2.752
Train Epoch: [  160/  500], Batch [     1/     1 (100%)]	Learning rate: 1.00e-03	Loss: 2.759	Val Loss: 2.784
Train Epoch: [  161/  500], Batch [     1/     1 (100%)]	Learning rate: 1.00e-03	Loss: 2.764
Train Epoch: [  162/  500], Batch [     1/     1 (100%)]	Learning rate: 1.00e-03	Loss: 2.759
Train Epoch: [  163/  500], Batch [     1/     1 (100%)]	Learning rate: 1.00e-03	Loss: 2.743
Train Epoch: [  164/  500], Batch [     1/     1 (100%)]	Learning rate: 1.00e-03	Loss: 2.750
Train Epoch: [  165/  500], Batch [     1/     1 (100%)]	Learning rate: 1.00e-03	Loss: 2.749
Train Epoch: [  165/  500], Batch [     1/     1 (100%)]	Learning rate: 1.00e-03	Loss: 2.748	Val Loss: 2.778
Train Epoch: [  166/  500], Batch [     1/     1 (100%)]	Learning rate: 1.00e-03	Loss: 2.751
Train Epoch: [  167/  500], Batch [     1/     1 (100%)]	Learning rate: 1.00e-03	Loss: 2.748
Train Epoch: [  168/  500], Batch [     1/     1 (100%)]	Learning rate: 1.00e-03	Loss: 2.747
Train Epoch: [  169/  500], Batch [     1/     1 (100%)]	Learning rate: 1.00e-03	Loss: 2.753
Train Epoch: [  170/  500], Batch [     1/     1 (100%)]	Learning rate: 1.00e-03	Loss: 2.751
Train Epoch: [  170/  500], Batch [     1/     1 (100%)]	Learning rate: 1.00e-03	Loss: 2.749	Val Loss: 2.785
Train Epoch: [  171/  500], Batch [     1/     1 (100%)]	Learning rate: 1.00e-03	Loss: 2.747
Train Epoch: [  172/  500], Batch [     1/     1 (100%)]	Learning rate: 1.00e-03	Loss: 2.752
Train Epoch: [  173/  500], Batch [     1/     1 (100%)]	Learning rate: 1.00e-03	Loss: 2.749
Train Epoch: [  174/  500], Batch [     1/     1 (100%)]	Learning rate: 1.00e-03	Loss: 2.749
Train Epoch: [  175/  500], Batch [     1/     1 (100%)]	Learning rate: 1.00e-03	Loss: 2.751
Train Epoch: [  175/  500], Batch [     1/     1 (100%)]	Learning rate: 1.00e-03	Loss: 2.743	Val Loss: 2.780
Train Epoch: [  176/  500], Batch [     1/     1 (100%)]	Learning rate: 1.00e-03	Loss: 2.745
Train Epoch: [  177/  500], Batch [     1/     1 (100%)]	Learning rate: 1.00e-03	Loss: 2.744
Train Epoch: [  178/  500], Batch [     1/     1 (100%)]	Learning rate: 1.00e-03	Loss: 2.742
Train Epoch: [  179/  500], Batch [     1/     1 (100%)]	Learning rate: 1.00e-03	Loss: 2.744
Train Epoch: [  180/  500], Batch [     1/     1 (100%)]	Learning rate: 1.00e-03	Loss: 2.746
Train Epoch: [  180/  500], Batch [     1/     1 (100%)]	Learning rate: 1.00e-03	Loss: 2.745	Val Loss: 2.780
Train Epoch: [  181/  500], Batch [     1/     1 (100%)]	Learning rate: 1.00e-03	Loss: 2.741
Train Epoch: [  182/  500], Batch [     1/     1 (100%)]	Learning rate: 1.00e-03	Loss: 2.747
Train Epoch: [  183/  500], Batch [     1/     1 (100%)]	Learning rate: 1.00e-03	Loss: 2.739
Train Epoch: [  184/  500], Batch [     1/     1 (100%)]	Learning rate: 1.00e-03	Loss: 2.738
Train Epoch: [  185/  500], Batch [     1/     1 (100%)]	Learning rate: 1.00e-03	Loss: 2.739
Train Epoch: [  185/  500], Batch [     1/     1 (100%)]	Learning rate: 1.00e-03	Loss: 2.734	Val Loss: 2.769
Train Epoch: [  186/  500], Batch [     1/     1 (100%)]	Learning rate: 1.00e-03	Loss: 2.743
Train Epoch: [  187/  500], Batch [     1/     1 (100%)]	Learning rate: 1.00e-03	Loss: 2.737
Train Epoch: [  188/  500], Batch [     1/     1 (100%)]	Learning rate: 1.00e-03	Loss: 2.744
Train Epoch: [  189/  500], Batch [     1/     1 (100%)]	Learning rate: 1.00e-03	Loss: 2.737
Train Epoch: [  190/  500], Batch [     1/     1 (100%)]	Learning rate: 1.00e-03	Loss: 2.739
Train Epoch: [  190/  500], Batch [     1/     1 (100%)]	Learning rate: 1.00e-03	Loss: 2.731	Val Loss: 2.780
Train Epoch: [  191/  500], Batch [     1/     1 (100%)]	Learning rate: 1.00e-03	Loss: 2.738
Train Epoch: [  192/  500], Batch [     1/     1 (100%)]	Learning rate: 1.00e-03	Loss: 2.739
Train Epoch: [  193/  500], Batch [     1/     1 (100%)]	Learning rate: 1.00e-03	Loss: 2.737
Train Epoch: [  194/  500], Batch [     1/     1 (100%)]	Learning rate: 1.00e-03	Loss: 2.735
Train Epoch: [  195/  500], Batch [     1/     1 (100%)]	Learning rate: 1.00e-03	Loss: 2.742
Train Epoch: [  195/  500], Batch [     1/     1 (100%)]	Learning rate: 1.00e-03	Loss: 2.740	Val Loss: 2.770
Train Epoch: [  196/  500], Batch [     1/     1 (100%)]	Learning rate: 1.00e-03	Loss: 2.739
Train Epoch: [  197/  500], Batch [     1/     1 (100%)]	Learning rate: 1.00e-03	Loss: 2.738
Train Epoch: [  198/  500], Batch [     1/     1 (100%)]	Learning rate: 1.00e-03	Loss: 2.742
Train Epoch: [  199/  500], Batch [     1/     1 (100%)]	Learning rate: 1.00e-03	Loss: 2.737
Train Epoch: [  200/  500], Batch [     1/     1 (100%)]	Learning rate: 1.00e-03	Loss: 2.737
Train Epoch: [  200/  500], Batch [     1/     1 (100%)]	Learning rate: 1.00e-03	Loss: 2.734	Val Loss: 2.778
Train Epoch: [  201/  500], Batch [     1/     1 (100%)]	Learning rate: 1.00e-03	Loss: 2.737
Train Epoch: [  202/  500], Batch [     1/     1 (100%)]	Learning rate: 1.00e-03	Loss: 2.734
Train Epoch: [  203/  500], Batch [     1/     1 (100%)]	Learning rate: 1.00e-03	Loss: 2.735
Train Epoch: [  204/  500], Batch [     1/     1 (100%)]	Learning rate: 1.00e-03	Loss: 2.733
Train Epoch: [  205/  500], Batch [     1/     1 (100%)]	Learning rate: 1.00e-03	Loss: 2.733
Train Epoch: [  205/  500], Batch [     1/     1 (100%)]	Learning rate: 1.00e-03	Loss: 2.729	Val Loss: 2.767
Train Epoch: [  206/  500], Batch [     1/     1 (100%)]	Learning rate: 1.00e-03	Loss: 2.740
Train Epoch: [  207/  500], Batch [     1/     1 (100%)]	Learning rate: 1.00e-03	Loss: 2.742
Train Epoch: [  208/  500], Batch [     1/     1 (100%)]	Learning rate: 1.00e-03	Loss: 2.735
Train Epoch: [  209/  500], Batch [     1/     1 (100%)]	Learning rate: 1.00e-03	Loss: 2.740
Train Epoch: [  210/  500], Batch [     1/     1 (100%)]	Learning rate: 1.00e-03	Loss: 2.731
Train Epoch: [  210/  500], Batch [     1/     1 (100%)]	Learning rate: 1.00e-03	Loss: 2.735	Val Loss: 2.773
Train Epoch: [  211/  500], Batch [     1/     1 (100%)]	Learning rate: 1.00e-03	Loss: 2.736
Train Epoch: [  212/  500], Batch [     1/     1 (100%)]	Learning rate: 1.00e-03	Loss: 2.739
Train Epoch: [  213/  500], Batch [     1/     1 (100%)]	Learning rate: 1.00e-03	Loss: 2.731
Train Epoch: [  214/  500], Batch [     1/     1 (100%)]	Learning rate: 1.00e-03	Loss: 2.733
Train Epoch: [  215/  500], Batch [     1/     1 (100%)]	Learning rate: 1.00e-03	Loss: 2.736
Train Epoch: [  215/  500], Batch [     1/     1 (100%)]	Learning rate: 1.00e-03	Loss: 2.735	Val Loss: 2.767
Train Epoch: [  216/  500], Batch [     1/     1 (100%)]	Learning rate: 1.00e-03	Loss: 2.731
Train Epoch: [  217/  500], Batch [     1/     1 (100%)]	Learning rate: 1.00e-03	Loss: 2.735
Train Epoch: [  218/  500], Batch [     1/     1 (100%)]	Learning rate: 1.00e-03	Loss: 2.736
Train Epoch: [  219/  500], Batch [     1/     1 (100%)]	Learning rate: 1.00e-03	Loss: 2.729
Train Epoch: [  220/  500], Batch [     1/     1 (100%)]	Learning rate: 1.00e-03	Loss: 2.730
Train Epoch: [  220/  500], Batch [     1/     1 (100%)]	Learning rate: 1.00e-03	Loss: 2.731	Val Loss: 2.772
Train Epoch: [  221/  500], Batch [     1/     1 (100%)]	Learning rate: 1.00e-03	Loss: 2.728
Train Epoch: [  222/  500], Batch [     1/     1 (100%)]	Learning rate: 1.00e-03	Loss: 2.735
Train Epoch: [  223/  500], Batch [     1/     1 (100%)]	Learning rate: 1.00e-03	Loss: 2.729
Train Epoch: [  224/  500], Batch [     1/     1 (100%)]	Learning rate: 1.00e-03	Loss: 2.734
Train Epoch: [  225/  500], Batch [     1/     1 (100%)]	Learning rate: 1.00e-03	Loss: 2.728
Train Epoch: [  225/  500], Batch [     1/     1 (100%)]	Learning rate: 1.00e-03	Loss: 2.732	Val Loss: 2.767
Train Epoch: [  226/  500], Batch [     1/     1 (100%)]	Learning rate: 1.00e-03	Loss: 2.730
Train Epoch: [  227/  500], Batch [     1/     1 (100%)]	Learning rate: 1.00e-03	Loss: 2.732
Train Epoch: [  228/  500], Batch [     1/     1 (100%)]	Learning rate: 1.00e-03	Loss: 2.728
Train Epoch: [  229/  500], Batch [     1/     1 (100%)]	Learning rate: 1.00e-03	Loss: 2.718
Train Epoch: [  230/  500], Batch [     1/     1 (100%)]	Learning rate: 1.00e-03	Loss: 2.729
Train Epoch: [  230/  500], Batch [     1/     1 (100%)]	Learning rate: 1.00e-03	Loss: 2.726	Val Loss: 2.764
Train Epoch: [  231/  500], Batch [     1/     1 (100%)]	Learning rate: 1.00e-03	Loss: 2.733
Train Epoch: [  232/  500], Batch [     1/     1 (100%)]	Learning rate: 1.00e-03	Loss: 2.728
Train Epoch: [  233/  500], Batch [     1/     1 (100%)]	Learning rate: 1.00e-03	Loss: 2.728
Train Epoch: [  234/  500], Batch [     1/     1 (100%)]	Learning rate: 1.00e-03	Loss: 2.726
Train Epoch: [  235/  500], Batch [     1/     1 (100%)]	Learning rate: 1.00e-03	Loss: 2.732
Train Epoch: [  235/  500], Batch [     1/     1 (100%)]	Learning rate: 1.00e-03	Loss: 2.729	Val Loss: 2.760
Train Epoch: [  236/  500], Batch [     1/     1 (100%)]	Learning rate: 1.00e-03	Loss: 2.730
Train Epoch: [  237/  500], Batch [     1/     1 (100%)]	Learning rate: 1.00e-03	Loss: 2.725
Train Epoch: [  238/  500], Batch [     1/     1 (100%)]	Learning rate: 1.00e-03	Loss: 2.727
Train Epoch: [  239/  500], Batch [     1/     1 (100%)]	Learning rate: 1.00e-03	Loss: 2.726
Train Epoch: [  240/  500], Batch [     1/     1 (100%)]	Learning rate: 1.00e-03	Loss: 2.722
Train Epoch: [  240/  500], Batch [     1/     1 (100%)]	Learning rate: 1.00e-03	Loss: 2.731	Val Loss: 2.768
Train Epoch: [  241/  500], Batch [     1/     1 (100%)]	Learning rate: 1.00e-03	Loss: 2.728
Train Epoch: [  242/  500], Batch [     1/     1 (100%)]	Learning rate: 1.00e-03	Loss: 2.726
Train Epoch: [  243/  500], Batch [     1/     1 (100%)]	Learning rate: 1.00e-03	Loss: 2.725
Train Epoch: [  244/  500], Batch [     1/     1 (100%)]	Learning rate: 1.00e-03	Loss: 2.722
Train Epoch: [  245/  500], Batch [     1/     1 (100%)]	Learning rate: 1.00e-03	Loss: 2.723
Train Epoch: [  245/  500], Batch [     1/     1 (100%)]	Learning rate: 1.00e-03	Loss: 2.720	Val Loss: 2.764
Train Epoch: [  246/  500], Batch [     1/     1 (100%)]	Learning rate: 1.00e-03	Loss: 2.723
Train Epoch: [  247/  500], Batch [     1/     1 (100%)]	Learning rate: 1.00e-03	Loss: 2.726
Train Epoch: [  248/  500], Batch [     1/     1 (100%)]	Learning rate: 1.00e-03	Loss: 2.722
Train Epoch: [  249/  500], Batch [     1/     1 (100%)]	Learning rate: 1.00e-03	Loss: 2.725
Train Epoch: [  250/  500], Batch [     1/     1 (100%)]	Learning rate: 1.00e-03	Loss: 2.727
Train Epoch: [  250/  500], Batch [     1/     1 (100%)]	Learning rate: 1.00e-03	Loss: 2.721	Val Loss: 2.762
Train Epoch: [  251/  500], Batch [     1/     1 (100%)]	Learning rate: 1.00e-03	Loss: 2.726
Train Epoch: [  252/  500], Batch [     1/     1 (100%)]	Learning rate: 1.00e-03	Loss: 2.718
Train Epoch: [  253/  500], Batch [     1/     1 (100%)]	Learning rate: 1.00e-03	Loss: 2.719
Train Epoch: [  254/  500], Batch [     1/     1 (100%)]	Learning rate: 1.00e-03	Loss: 2.726
Train Epoch: [  255/  500], Batch [     1/     1 (100%)]	Learning rate: 1.00e-03	Loss: 2.722
Train Epoch: [  255/  500], Batch [     1/     1 (100%)]	Learning rate: 1.00e-03	Loss: 2.720	Val Loss: 2.762
Train Epoch: [  256/  500], Batch [     1/     1 (100%)]	Learning rate: 1.00e-03	Loss: 2.726
Train Epoch: [  257/  500], Batch [     1/     1 (100%)]	Learning rate: 1.00e-03	Loss: 2.725
Train Epoch: [  258/  500], Batch [     1/     1 (100%)]	Learning rate: 1.00e-03	Loss: 2.724
Train Epoch: [  259/  500], Batch [     1/     1 (100%)]	Learning rate: 1.00e-03	Loss: 2.722
Train Epoch: [  260/  500], Batch [     1/     1 (100%)]	Learning rate: 1.00e-03	Loss: 2.724
Train Epoch: [  260/  500], Batch [     1/     1 (100%)]	Learning rate: 1.00e-03	Loss: 2.724	Val Loss: 2.759
Train Epoch: [  261/  500], Batch [     1/     1 (100%)]	Learning rate: 1.00e-03	Loss: 2.721
Train Epoch: [  262/  500], Batch [     1/     1 (100%)]	Learning rate: 1.00e-03	Loss: 2.719
Train Epoch: [  263/  500], Batch [     1/     1 (100%)]	Learning rate: 1.00e-03	Loss: 2.723
Train Epoch: [  264/  500], Batch [     1/     1 (100%)]	Learning rate: 1.00e-03	Loss: 2.717
Train Epoch: [  265/  500], Batch [     1/     1 (100%)]	Learning rate: 1.00e-03	Loss: 2.718
Train Epoch: [  265/  500], Batch [     1/     1 (100%)]	Learning rate: 1.00e-03	Loss: 2.725	Val Loss: 2.759
Train Epoch: [  266/  500], Batch [     1/     1 (100%)]	Learning rate: 1.00e-03	Loss: 2.719
Train Epoch: [  267/  500], Batch [     1/     1 (100%)]	Learning rate: 1.00e-03	Loss: 2.721
Train Epoch: [  268/  500], Batch [     1/     1 (100%)]	Learning rate: 1.00e-03	Loss: 2.717
Train Epoch: [  269/  500], Batch [     1/     1 (100%)]	Learning rate: 1.00e-03	Loss: 2.722
Train Epoch: [  270/  500], Batch [     1/     1 (100%)]	Learning rate: 1.00e-03	Loss: 2.727
Train Epoch: [  270/  500], Batch [     1/     1 (100%)]	Learning rate: 1.00e-03	Loss: 2.722	Val Loss: 2.760
Train Epoch: [  271/  500], Batch [     1/     1 (100%)]	Learning rate: 1.00e-03	Loss: 2.723
Train Epoch: [  272/  500], Batch [     1/     1 (100%)]	Learning rate: 1.00e-03	Loss: 2.717
Train Epoch: [  273/  500], Batch [     1/     1 (100%)]	Learning rate: 1.00e-03	Loss: 2.720
Train Epoch: [  274/  500], Batch [     1/     1 (100%)]	Learning rate: 1.00e-03	Loss: 2.712
Train Epoch: [  275/  500], Batch [     1/     1 (100%)]	Learning rate: 1.00e-03	Loss: 2.717
Train Epoch: [  275/  500], Batch [     1/     1 (100%)]	Learning rate: 1.00e-03	Loss: 2.727	Val Loss: 2.760
Train Epoch: [  276/  500], Batch [     1/     1 (100%)]	Learning rate: 1.00e-03	Loss: 2.720
Train Epoch: [  277/  500], Batch [     1/     1 (100%)]	Learning rate: 1.00e-03	Loss: 2.717
Train Epoch: [  278/  500], Batch [     1/     1 (100%)]	Learning rate: 1.00e-03	Loss: 2.715
Train Epoch: [  279/  500], Batch [     1/     1 (100%)]	Learning rate: 1.00e-03	Loss: 2.721
Train Epoch: [  280/  500], Batch [     1/     1 (100%)]	Learning rate: 1.00e-03	Loss: 2.716
Train Epoch: [  280/  500], Batch [     1/     1 (100%)]	Learning rate: 1.00e-03	Loss: 2.709	Val Loss: 2.755
Train Epoch: [  281/  500], Batch [     1/     1 (100%)]	Learning rate: 1.00e-03	Loss: 2.716
Train Epoch: [  282/  500], Batch [     1/     1 (100%)]	Learning rate: 1.00e-03	Loss: 2.716
Train Epoch: [  283/  500], Batch [     1/     1 (100%)]	Learning rate: 1.00e-03	Loss: 2.718
Train Epoch: [  284/  500], Batch [     1/     1 (100%)]	Learning rate: 1.00e-03	Loss: 2.716
Train Epoch: [  285/  500], Batch [     1/     1 (100%)]	Learning rate: 1.00e-03	Loss: 2.722
Train Epoch: [  285/  500], Batch [     1/     1 (100%)]	Learning rate: 1.00e-03	Loss: 2.718	Val Loss: 2.754
Train Epoch: [  286/  500], Batch [     1/     1 (100%)]	Learning rate: 1.00e-03	Loss: 2.717
Train Epoch: [  287/  500], Batch [     1/     1 (100%)]	Learning rate: 1.00e-03	Loss: 2.718
Train Epoch: [  288/  500], Batch [     1/     1 (100%)]	Learning rate: 1.00e-03	Loss: 2.716
Train Epoch: [  289/  500], Batch [     1/     1 (100%)]	Learning rate: 1.00e-03	Loss: 2.719
Train Epoch: [  290/  500], Batch [     1/     1 (100%)]	Learning rate: 1.00e-03	Loss: 2.717
Train Epoch: [  290/  500], Batch [     1/     1 (100%)]	Learning rate: 1.00e-03	Loss: 2.712	Val Loss: 2.751
Train Epoch: [  291/  500], Batch [     1/     1 (100%)]	Learning rate: 1.00e-03	Loss: 2.716
Train Epoch: [  292/  500], Batch [     1/     1 (100%)]	Learning rate: 1.00e-03	Loss: 2.715
Train Epoch: [  293/  500], Batch [     1/     1 (100%)]	Learning rate: 1.00e-03	Loss: 2.716
Train Epoch: [  294/  500], Batch [     1/     1 (100%)]	Learning rate: 1.00e-03	Loss: 2.715
Train Epoch: [  295/  500], Batch [     1/     1 (100%)]	Learning rate: 1.00e-03	Loss: 2.717
Train Epoch: [  295/  500], Batch [     1/     1 (100%)]	Learning rate: 1.00e-03	Loss: 2.717	Val Loss: 2.755
Train Epoch: [  296/  500], Batch [     1/     1 (100%)]	Learning rate: 1.00e-03	Loss: 2.716
Train Epoch: [  297/  500], Batch [     1/     1 (100%)]	Learning rate: 1.00e-03	Loss: 2.720
Train Epoch: [  298/  500], Batch [     1/     1 (100%)]	Learning rate: 1.00e-03	Loss: 2.712
Train Epoch: [  299/  500], Batch [     1/     1 (100%)]	Learning rate: 1.00e-03	Loss: 2.715
Train Epoch: [  300/  500], Batch [     1/     1 (100%)]	Learning rate: 1.00e-03	Loss: 2.723
Train Epoch: [  300/  500], Batch [     1/     1 (100%)]	Learning rate: 1.00e-03	Loss: 2.718	Val Loss: 2.764

Learning rate adapted! New learning rate 1.000e-04

Train Epoch: [  301/  500], Batch [     1/     1 (100%)]	Learning rate: 1.00e-04	Loss: 2.714
Train Epoch: [  302/  500], Batch [     1/     1 (100%)]	Learning rate: 1.00e-04	Loss: 2.718
Train Epoch: [  303/  500], Batch [     1/     1 (100%)]	Learning rate: 1.00e-04	Loss: 2.720
Train Epoch: [  304/  500], Batch [     1/     1 (100%)]	Learning rate: 1.00e-04	Loss: 2.714
Train Epoch: [  305/  500], Batch [     1/     1 (100%)]	Learning rate: 1.00e-04	Loss: 2.713
Train Epoch: [  305/  500], Batch [     1/     1 (100%)]	Learning rate: 1.00e-04	Loss: 2.720	Val Loss: 2.748
Train Epoch: [  306/  500], Batch [     1/     1 (100%)]	Learning rate: 1.00e-04	Loss: 2.716
Train Epoch: [  307/  500], Batch [     1/     1 (100%)]	Learning rate: 1.00e-04	Loss: 2.713
Train Epoch: [  308/  500], Batch [     1/     1 (100%)]	Learning rate: 1.00e-04	Loss: 2.718
Train Epoch: [  309/  500], Batch [     1/     1 (100%)]	Learning rate: 1.00e-04	Loss: 2.711
Train Epoch: [  310/  500], Batch [     1/     1 (100%)]	Learning rate: 1.00e-04	Loss: 2.720
Train Epoch: [  310/  500], Batch [     1/     1 (100%)]	Learning rate: 1.00e-04	Loss: 2.718	Val Loss: 2.761
Train Epoch: [  311/  500], Batch [     1/     1 (100%)]	Learning rate: 1.00e-04	Loss: 2.716
Train Epoch: [  312/  500], Batch [     1/     1 (100%)]	Learning rate: 1.00e-04	Loss: 2.714
Train Epoch: [  313/  500], Batch [     1/     1 (100%)]	Learning rate: 1.00e-04	Loss: 2.715
Train Epoch: [  314/  500], Batch [     1/     1 (100%)]	Learning rate: 1.00e-04	Loss: 2.716
Train Epoch: [  315/  500], Batch [     1/     1 (100%)]	Learning rate: 1.00e-04	Loss: 2.718
Train Epoch: [  315/  500], Batch [     1/     1 (100%)]	Learning rate: 1.00e-04	Loss: 2.716	Val Loss: 2.759
Train Epoch: [  316/  500], Batch [     1/     1 (100%)]	Learning rate: 1.00e-04	Loss: 2.713
Train Epoch: [  317/  500], Batch [     1/     1 (100%)]	Learning rate: 1.00e-04	Loss: 2.716
Train Epoch: [  318/  500], Batch [     1/     1 (100%)]	Learning rate: 1.00e-04	Loss: 2.716
Train Epoch: [  319/  500], Batch [     1/     1 (100%)]	Learning rate: 1.00e-04	Loss: 2.715
Train Epoch: [  320/  500], Batch [     1/     1 (100%)]	Learning rate: 1.00e-04	Loss: 2.714
Train Epoch: [  320/  500], Batch [     1/     1 (100%)]	Learning rate: 1.00e-04	Loss: 2.715	Val Loss: 2.756
Train Epoch: [  321/  500], Batch [     1/     1 (100%)]	Learning rate: 1.00e-04	Loss: 2.719
Train Epoch: [  322/  500], Batch [     1/     1 (100%)]	Learning rate: 1.00e-04	Loss: 2.713
Train Epoch: [  323/  500], Batch [     1/     1 (100%)]	Learning rate: 1.00e-04	Loss: 2.706
Train Epoch: [  324/  500], Batch [     1/     1 (100%)]	Learning rate: 1.00e-04	Loss: 2.714
Train Epoch: [  325/  500], Batch [     1/     1 (100%)]	Learning rate: 1.00e-04	Loss: 2.714
Train Epoch: [  325/  500], Batch [     1/     1 (100%)]	Learning rate: 1.00e-04	Loss: 2.716	Val Loss: 2.748
Train Epoch: [  326/  500], Batch [     1/     1 (100%)]	Learning rate: 1.00e-04	Loss: 2.715
Train Epoch: [  327/  500], Batch [     1/     1 (100%)]	Learning rate: 1.00e-04	Loss: 2.715
Train Epoch: [  328/  500], Batch [     1/     1 (100%)]	Learning rate: 1.00e-04	Loss: 2.712
Train Epoch: [  329/  500], Batch [     1/     1 (100%)]	Learning rate: 1.00e-04	Loss: 2.711
Train Epoch: [  330/  500], Batch [     1/     1 (100%)]	Learning rate: 1.00e-04	Loss: 2.713
Train Epoch: [  330/  500], Batch [     1/     1 (100%)]	Learning rate: 1.00e-04	Loss: 2.710	Val Loss: 2.760
Train Epoch: [  331/  500], Batch [     1/     1 (100%)]	Learning rate: 1.00e-04	Loss: 2.715
Train Epoch: [  332/  500], Batch [     1/     1 (100%)]	Learning rate: 1.00e-04	Loss: 2.718
Train Epoch: [  333/  500], Batch [     1/     1 (100%)]	Learning rate: 1.00e-04	Loss: 2.712
Train Epoch: [  334/  500], Batch [     1/     1 (100%)]	Learning rate: 1.00e-04	Loss: 2.707
Train Epoch: [  335/  500], Batch [     1/     1 (100%)]	Learning rate: 1.00e-04	Loss: 2.717
Train Epoch: [  335/  500], Batch [     1/     1 (100%)]	Learning rate: 1.00e-04	Loss: 2.720	Val Loss: 2.757
Train Epoch: [  336/  500], Batch [     1/     1 (100%)]	Learning rate: 1.00e-04	Loss: 2.711
Train Epoch: [  337/  500], Batch [     1/     1 (100%)]	Learning rate: 1.00e-04	Loss: 2.715
Train Epoch: [  338/  500], Batch [     1/     1 (100%)]	Learning rate: 1.00e-04	Loss: 2.712
Train Epoch: [  339/  500], Batch [     1/     1 (100%)]	Learning rate: 1.00e-04	Loss: 2.706
Train Epoch: [  340/  500], Batch [     1/     1 (100%)]	Learning rate: 1.00e-04	Loss: 2.710
Train Epoch: [  340/  500], Batch [     1/     1 (100%)]	Learning rate: 1.00e-04	Loss: 2.715	Val Loss: 2.755
Train Epoch: [  341/  500], Batch [     1/     1 (100%)]	Learning rate: 1.00e-04	Loss: 2.716
Train Epoch: [  342/  500], Batch [     1/     1 (100%)]	Learning rate: 1.00e-04	Loss: 2.714
Train Epoch: [  343/  500], Batch [     1/     1 (100%)]	Learning rate: 1.00e-04	Loss: 2.711
Train Epoch: [  344/  500], Batch [     1/     1 (100%)]	Learning rate: 1.00e-04	Loss: 2.713
Train Epoch: [  345/  500], Batch [     1/     1 (100%)]	Learning rate: 1.00e-04	Loss: 2.713
Train Epoch: [  345/  500], Batch [     1/     1 (100%)]	Learning rate: 1.00e-04	Loss: 2.714	Val Loss: 2.760
Train Epoch: [  346/  500], Batch [     1/     1 (100%)]	Learning rate: 1.00e-04	Loss: 2.717
Train Epoch: [  347/  500], Batch [     1/     1 (100%)]	Learning rate: 1.00e-04	Loss: 2.710
Train Epoch: [  348/  500], Batch [     1/     1 (100%)]	Learning rate: 1.00e-04	Loss: 2.714
Train Epoch: [  349/  500], Batch [     1/     1 (100%)]	Learning rate: 1.00e-04	Loss: 2.717
Train Epoch: [  350/  500], Batch [     1/     1 (100%)]	Learning rate: 1.00e-04	Loss: 2.710
Train Epoch: [  350/  500], Batch [     1/     1 (100%)]	Learning rate: 1.00e-04	Loss: 2.715	Val Loss: 2.752
Train Epoch: [  351/  500], Batch [     1/     1 (100%)]	Learning rate: 1.00e-04	Loss: 2.710
Train Epoch: [  352/  500], Batch [     1/     1 (100%)]	Learning rate: 1.00e-04	Loss: 2.710
Train Epoch: [  353/  500], Batch [     1/     1 (100%)]	Learning rate: 1.00e-04	Loss: 2.714
Train Epoch: [  354/  500], Batch [     1/     1 (100%)]	Learning rate: 1.00e-04	Loss: 2.714
Train Epoch: [  355/  500], Batch [     1/     1 (100%)]	Learning rate: 1.00e-04	Loss: 2.711
Train Epoch: [  355/  500], Batch [     1/     1 (100%)]	Learning rate: 1.00e-04	Loss: 2.714	Val Loss: 2.751
Model parameters: 53860
