Train Epoch: [    0/  500], Batch [     1/     1 (100%)]	Learning rate: 1.00e-03	Loss: 4.589
Train Epoch: [    0/  500], Batch [     1/     1 (100%)]	Learning rate: 1.00e-03	Loss: 4.466	Val Loss: 4.720
Train Epoch: [    1/  500], Batch [     1/     1 (100%)]	Learning rate: 1.00e-03	Loss: 4.467
Train Epoch: [    2/  500], Batch [     1/     1 (100%)]	Learning rate: 1.00e-03	Loss: 4.358
Train Epoch: [    3/  500], Batch [     1/     1 (100%)]	Learning rate: 1.00e-03	Loss: 4.254
Train Epoch: [    4/  500], Batch [     1/     1 (100%)]	Learning rate: 1.00e-03	Loss: 4.150
Train Epoch: [    5/  500], Batch [     1/     1 (100%)]	Learning rate: 1.00e-03	Loss: 4.036
Train Epoch: [    5/  500], Batch [     1/     1 (100%)]	Learning rate: 1.00e-03	Loss: 3.910	Val Loss: 4.117
Train Epoch: [    6/  500], Batch [     1/     1 (100%)]	Learning rate: 1.00e-03	Loss: 3.912
Train Epoch: [    7/  500], Batch [     1/     1 (100%)]	Learning rate: 1.00e-03	Loss: 3.771
Train Epoch: [    8/  500], Batch [     1/     1 (100%)]	Learning rate: 1.00e-03	Loss: 3.615
Train Epoch: [    9/  500], Batch [     1/     1 (100%)]	Learning rate: 1.00e-03	Loss: 3.448
Train Epoch: [   10/  500], Batch [     1/     1 (100%)]	Learning rate: 1.00e-03	Loss: 3.284
Train Epoch: [   10/  500], Batch [     1/     1 (100%)]	Learning rate: 1.00e-03	Loss: 3.120	Val Loss: 3.257
Train Epoch: [   11/  500], Batch [     1/     1 (100%)]	Learning rate: 1.00e-03	Loss: 3.121
Train Epoch: [   12/  500], Batch [     1/     1 (100%)]	Learning rate: 1.00e-03	Loss: 2.966
Train Epoch: [   13/  500], Batch [     1/     1 (100%)]	Learning rate: 1.00e-03	Loss: 2.823
Train Epoch: [   14/  500], Batch [     1/     1 (100%)]	Learning rate: 1.00e-03	Loss: 2.704
Train Epoch: [   15/  500], Batch [     1/     1 (100%)]	Learning rate: 1.00e-03	Loss: 2.605
Train Epoch: [   15/  500], Batch [     1/     1 (100%)]	Learning rate: 1.00e-03	Loss: 2.539	Val Loss: 2.593
Train Epoch: [   16/  500], Batch [     1/     1 (100%)]	Learning rate: 1.00e-03	Loss: 2.538
Train Epoch: [   17/  500], Batch [     1/     1 (100%)]	Learning rate: 1.00e-03	Loss: 2.497
Train Epoch: [   18/  500], Batch [     1/     1 (100%)]	Learning rate: 1.00e-03	Loss: 2.479
Train Epoch: [   19/  500], Batch [     1/     1 (100%)]	Learning rate: 1.00e-03	Loss: 2.485
Train Epoch: [   20/  500], Batch [     1/     1 (100%)]	Learning rate: 1.00e-03	Loss: 2.504
Train Epoch: [   20/  500], Batch [     1/     1 (100%)]	Learning rate: 1.00e-03	Loss: 2.529	Val Loss: 2.554
Train Epoch: [   21/  500], Batch [     1/     1 (100%)]	Learning rate: 1.00e-03	Loss: 2.530
Train Epoch: [   22/  500], Batch [     1/     1 (100%)]	Learning rate: 1.00e-03	Loss: 2.552
Train Epoch: [   23/  500], Batch [     1/     1 (100%)]	Learning rate: 1.00e-03	Loss: 2.569
Train Epoch: [   24/  500], Batch [     1/     1 (100%)]	Learning rate: 1.00e-03	Loss: 2.580
Train Epoch: [   25/  500], Batch [     1/     1 (100%)]	Learning rate: 1.00e-03	Loss: 2.583
Train Epoch: [   25/  500], Batch [     1/     1 (100%)]	Learning rate: 1.00e-03	Loss: 2.577	Val Loss: 2.597
Train Epoch: [   26/  500], Batch [     1/     1 (100%)]	Learning rate: 1.00e-03	Loss: 2.579
Train Epoch: [   27/  500], Batch [     1/     1 (100%)]	Learning rate: 1.00e-03	Loss: 2.567
Train Epoch: [   28/  500], Batch [     1/     1 (100%)]	Learning rate: 1.00e-03	Loss: 2.552
Train Epoch: [   29/  500], Batch [     1/     1 (100%)]	Learning rate: 1.00e-03	Loss: 2.539
Train Epoch: [   30/  500], Batch [     1/     1 (100%)]	Learning rate: 1.00e-03	Loss: 2.522
Train Epoch: [   30/  500], Batch [     1/     1 (100%)]	Learning rate: 1.00e-03	Loss: 2.507	Val Loss: 2.535
Train Epoch: [   31/  500], Batch [     1/     1 (100%)]	Learning rate: 1.00e-03	Loss: 2.507
Train Epoch: [   32/  500], Batch [     1/     1 (100%)]	Learning rate: 1.00e-03	Loss: 2.496
Train Epoch: [   33/  500], Batch [     1/     1 (100%)]	Learning rate: 1.00e-03	Loss: 2.487
Train Epoch: [   34/  500], Batch [     1/     1 (100%)]	Learning rate: 1.00e-03	Loss: 2.482
Train Epoch: [   35/  500], Batch [     1/     1 (100%)]	Learning rate: 1.00e-03	Loss: 2.480
Train Epoch: [   35/  500], Batch [     1/     1 (100%)]	Learning rate: 1.00e-03	Loss: 2.478	Val Loss: 2.520
Train Epoch: [   36/  500], Batch [     1/     1 (100%)]	Learning rate: 1.00e-03	Loss: 2.479
Train Epoch: [   37/  500], Batch [     1/     1 (100%)]	Learning rate: 1.00e-03	Loss: 2.481
Train Epoch: [   38/  500], Batch [     1/     1 (100%)]	Learning rate: 1.00e-03	Loss: 2.485
Train Epoch: [   39/  500], Batch [     1/     1 (100%)]	Learning rate: 1.00e-03	Loss: 2.488
Train Epoch: [   40/  500], Batch [     1/     1 (100%)]	Learning rate: 1.00e-03	Loss: 2.491
Train Epoch: [   40/  500], Batch [     1/     1 (100%)]	Learning rate: 1.00e-03	Loss: 2.493	Val Loss: 2.538
Train Epoch: [   41/  500], Batch [     1/     1 (100%)]	Learning rate: 1.00e-03	Loss: 2.492
Train Epoch: [   42/  500], Batch [     1/     1 (100%)]	Learning rate: 1.00e-03	Loss: 2.494
Train Epoch: [   43/  500], Batch [     1/     1 (100%)]	Learning rate: 1.00e-03	Loss: 2.495
Train Epoch: [   44/  500], Batch [     1/     1 (100%)]	Learning rate: 1.00e-03	Loss: 2.493
Train Epoch: [   45/  500], Batch [     1/     1 (100%)]	Learning rate: 1.00e-03	Loss: 2.489
Train Epoch: [   45/  500], Batch [     1/     1 (100%)]	Learning rate: 1.00e-03	Loss: 2.488	Val Loss: 2.533
Train Epoch: [   46/  500], Batch [     1/     1 (100%)]	Learning rate: 1.00e-03	Loss: 2.488
Train Epoch: [   47/  500], Batch [     1/     1 (100%)]	Learning rate: 1.00e-03	Loss: 2.485
Train Epoch: [   48/  500], Batch [     1/     1 (100%)]	Learning rate: 1.00e-03	Loss: 2.483
Train Epoch: [   49/  500], Batch [     1/     1 (100%)]	Learning rate: 1.00e-03	Loss: 2.482
Train Epoch: [   50/  500], Batch [     1/     1 (100%)]	Learning rate: 1.00e-03	Loss: 2.481
Train Epoch: [   50/  500], Batch [     1/     1 (100%)]	Learning rate: 1.00e-03	Loss: 2.478	Val Loss: 2.519
Train Epoch: [   51/  500], Batch [     1/     1 (100%)]	Learning rate: 1.00e-03	Loss: 2.478
Train Epoch: [   52/  500], Batch [     1/     1 (100%)]	Learning rate: 1.00e-03	Loss: 2.478
Train Epoch: [   53/  500], Batch [     1/     1 (100%)]	Learning rate: 1.00e-03	Loss: 2.479
Train Epoch: [   54/  500], Batch [     1/     1 (100%)]	Learning rate: 1.00e-03	Loss: 2.477
Train Epoch: [   55/  500], Batch [     1/     1 (100%)]	Learning rate: 1.00e-03	Loss: 2.478
Train Epoch: [   55/  500], Batch [     1/     1 (100%)]	Learning rate: 1.00e-03	Loss: 2.479	Val Loss: 2.515
Train Epoch: [   56/  500], Batch [     1/     1 (100%)]	Learning rate: 1.00e-03	Loss: 2.479
Train Epoch: [   57/  500], Batch [     1/     1 (100%)]	Learning rate: 1.00e-03	Loss: 2.480
Train Epoch: [   58/  500], Batch [     1/     1 (100%)]	Learning rate: 1.00e-03	Loss: 2.480
Train Epoch: [   59/  500], Batch [     1/     1 (100%)]	Learning rate: 1.00e-03	Loss: 2.480
Train Epoch: [   60/  500], Batch [     1/     1 (100%)]	Learning rate: 1.00e-03	Loss: 2.480
Train Epoch: [   60/  500], Batch [     1/     1 (100%)]	Learning rate: 1.00e-03	Loss: 2.479	Val Loss: 2.515
Train Epoch: [   61/  500], Batch [     1/     1 (100%)]	Learning rate: 1.00e-03	Loss: 2.479
Train Epoch: [   62/  500], Batch [     1/     1 (100%)]	Learning rate: 1.00e-03	Loss: 2.480
Train Epoch: [   63/  500], Batch [     1/     1 (100%)]	Learning rate: 1.00e-03	Loss: 2.480
Train Epoch: [   64/  500], Batch [     1/     1 (100%)]	Learning rate: 1.00e-03	Loss: 2.479
Train Epoch: [   65/  500], Batch [     1/     1 (100%)]	Learning rate: 1.00e-03	Loss: 2.478
Train Epoch: [   65/  500], Batch [     1/     1 (100%)]	Learning rate: 1.00e-03	Loss: 2.477	Val Loss: 2.515
Train Epoch: [   66/  500], Batch [     1/     1 (100%)]	Learning rate: 1.00e-03	Loss: 2.478
Train Epoch: [   67/  500], Batch [     1/     1 (100%)]	Learning rate: 1.00e-03	Loss: 2.477
Train Epoch: [   68/  500], Batch [     1/     1 (100%)]	Learning rate: 1.00e-03	Loss: 2.477
Train Epoch: [   69/  500], Batch [     1/     1 (100%)]	Learning rate: 1.00e-03	Loss: 2.477
Train Epoch: [   70/  500], Batch [     1/     1 (100%)]	Learning rate: 1.00e-03	Loss: 2.477
Train Epoch: [   70/  500], Batch [     1/     1 (100%)]	Learning rate: 1.00e-03	Loss: 2.478	Val Loss: 2.517
Train Epoch: [   71/  500], Batch [     1/     1 (100%)]	Learning rate: 1.00e-03	Loss: 2.477
Train Epoch: [   72/  500], Batch [     1/     1 (100%)]	Learning rate: 1.00e-03	Loss: 2.477
Train Epoch: [   73/  500], Batch [     1/     1 (100%)]	Learning rate: 1.00e-03	Loss: 2.477
Train Epoch: [   74/  500], Batch [     1/     1 (100%)]	Learning rate: 1.00e-03	Loss: 2.478
Train Epoch: [   75/  500], Batch [     1/     1 (100%)]	Learning rate: 1.00e-03	Loss: 2.479
Train Epoch: [   75/  500], Batch [     1/     1 (100%)]	Learning rate: 1.00e-03	Loss: 2.477	Val Loss: 2.517
Train Epoch: [   76/  500], Batch [     1/     1 (100%)]	Learning rate: 1.00e-03	Loss: 2.477
Train Epoch: [   77/  500], Batch [     1/     1 (100%)]	Learning rate: 1.00e-03	Loss: 2.477
Train Epoch: [   78/  500], Batch [     1/     1 (100%)]	Learning rate: 1.00e-03	Loss: 2.476
Train Epoch: [   79/  500], Batch [     1/     1 (100%)]	Learning rate: 1.00e-03	Loss: 2.477
Train Epoch: [   80/  500], Batch [     1/     1 (100%)]	Learning rate: 1.00e-03	Loss: 2.478
Train Epoch: [   80/  500], Batch [     1/     1 (100%)]	Learning rate: 1.00e-03	Loss: 2.476	Val Loss: 2.516
Train Epoch: [   81/  500], Batch [     1/     1 (100%)]	Learning rate: 1.00e-03	Loss: 2.476
Train Epoch: [   82/  500], Batch [     1/     1 (100%)]	Learning rate: 1.00e-03	Loss: 2.477
Train Epoch: [   83/  500], Batch [     1/     1 (100%)]	Learning rate: 1.00e-03	Loss: 2.477
Train Epoch: [   84/  500], Batch [     1/     1 (100%)]	Learning rate: 1.00e-03	Loss: 2.476
Train Epoch: [   85/  500], Batch [     1/     1 (100%)]	Learning rate: 1.00e-03	Loss: 2.478
Train Epoch: [   85/  500], Batch [     1/     1 (100%)]	Learning rate: 1.00e-03	Loss: 2.477	Val Loss: 2.515
Train Epoch: [   86/  500], Batch [     1/     1 (100%)]	Learning rate: 1.00e-03	Loss: 2.476
Train Epoch: [   87/  500], Batch [     1/     1 (100%)]	Learning rate: 1.00e-03	Loss: 2.477
Train Epoch: [   88/  500], Batch [     1/     1 (100%)]	Learning rate: 1.00e-03	Loss: 2.476
Train Epoch: [   89/  500], Batch [     1/     1 (100%)]	Learning rate: 1.00e-03	Loss: 2.475
Train Epoch: [   90/  500], Batch [     1/     1 (100%)]	Learning rate: 1.00e-03	Loss: 2.475
Train Epoch: [   90/  500], Batch [     1/     1 (100%)]	Learning rate: 1.00e-03	Loss: 2.475	Val Loss: 2.514
Train Epoch: [   91/  500], Batch [     1/     1 (100%)]	Learning rate: 1.00e-03	Loss: 2.474
Train Epoch: [   92/  500], Batch [     1/     1 (100%)]	Learning rate: 1.00e-03	Loss: 2.476
Train Epoch: [   93/  500], Batch [     1/     1 (100%)]	Learning rate: 1.00e-03	Loss: 2.475
Train Epoch: [   94/  500], Batch [     1/     1 (100%)]	Learning rate: 1.00e-03	Loss: 2.477
Train Epoch: [   95/  500], Batch [     1/     1 (100%)]	Learning rate: 1.00e-03	Loss: 2.476
Train Epoch: [   95/  500], Batch [     1/     1 (100%)]	Learning rate: 1.00e-03	Loss: 2.476	Val Loss: 2.514
Train Epoch: [   96/  500], Batch [     1/     1 (100%)]	Learning rate: 1.00e-03	Loss: 2.476
Train Epoch: [   97/  500], Batch [     1/     1 (100%)]	Learning rate: 1.00e-03	Loss: 2.476
Train Epoch: [   98/  500], Batch [     1/     1 (100%)]	Learning rate: 1.00e-03	Loss: 2.476
Train Epoch: [   99/  500], Batch [     1/     1 (100%)]	Learning rate: 1.00e-03	Loss: 2.475
Train Epoch: [  100/  500], Batch [     1/     1 (100%)]	Learning rate: 1.00e-03	Loss: 2.475
Train Epoch: [  100/  500], Batch [     1/     1 (100%)]	Learning rate: 1.00e-03	Loss: 2.475	Val Loss: 2.514
Train Epoch: [  101/  500], Batch [     1/     1 (100%)]	Learning rate: 1.00e-03	Loss: 2.475
Train Epoch: [  102/  500], Batch [     1/     1 (100%)]	Learning rate: 1.00e-03	Loss: 2.475
Train Epoch: [  103/  500], Batch [     1/     1 (100%)]	Learning rate: 1.00e-03	Loss: 2.475
Train Epoch: [  104/  500], Batch [     1/     1 (100%)]	Learning rate: 1.00e-03	Loss: 2.474
Train Epoch: [  105/  500], Batch [     1/     1 (100%)]	Learning rate: 1.00e-03	Loss: 2.475
Train Epoch: [  105/  500], Batch [     1/     1 (100%)]	Learning rate: 1.00e-03	Loss: 2.474	Val Loss: 2.513
Train Epoch: [  106/  500], Batch [     1/     1 (100%)]	Learning rate: 1.00e-03	Loss: 2.474
Train Epoch: [  107/  500], Batch [     1/     1 (100%)]	Learning rate: 1.00e-03	Loss: 2.476
Train Epoch: [  108/  500], Batch [     1/     1 (100%)]	Learning rate: 1.00e-03	Loss: 2.474
Train Epoch: [  109/  500], Batch [     1/     1 (100%)]	Learning rate: 1.00e-03	Loss: 2.474
Train Epoch: [  110/  500], Batch [     1/     1 (100%)]	Learning rate: 1.00e-03	Loss: 2.475
Train Epoch: [  110/  500], Batch [     1/     1 (100%)]	Learning rate: 1.00e-03	Loss: 2.474	Val Loss: 2.512
Train Epoch: [  111/  500], Batch [     1/     1 (100%)]	Learning rate: 1.00e-03	Loss: 2.474
Train Epoch: [  112/  500], Batch [     1/     1 (100%)]	Learning rate: 1.00e-03	Loss: 2.474
Train Epoch: [  113/  500], Batch [     1/     1 (100%)]	Learning rate: 1.00e-03	Loss: 2.473
Train Epoch: [  114/  500], Batch [     1/     1 (100%)]	Learning rate: 1.00e-03	Loss: 2.472
Train Epoch: [  115/  500], Batch [     1/     1 (100%)]	Learning rate: 1.00e-03	Loss: 2.474
Train Epoch: [  115/  500], Batch [     1/     1 (100%)]	Learning rate: 1.00e-03	Loss: 2.473	Val Loss: 2.512
Train Epoch: [  116/  500], Batch [     1/     1 (100%)]	Learning rate: 1.00e-03	Loss: 2.474
Train Epoch: [  117/  500], Batch [     1/     1 (100%)]	Learning rate: 1.00e-03	Loss: 2.474
Train Epoch: [  118/  500], Batch [     1/     1 (100%)]	Learning rate: 1.00e-03	Loss: 2.472
Train Epoch: [  119/  500], Batch [     1/     1 (100%)]	Learning rate: 1.00e-03	Loss: 2.473
Train Epoch: [  120/  500], Batch [     1/     1 (100%)]	Learning rate: 1.00e-03	Loss: 2.473
Train Epoch: [  120/  500], Batch [     1/     1 (100%)]	Learning rate: 1.00e-03	Loss: 2.472	Val Loss: 2.510
Train Epoch: [  121/  500], Batch [     1/     1 (100%)]	Learning rate: 1.00e-03	Loss: 2.472
Train Epoch: [  122/  500], Batch [     1/     1 (100%)]	Learning rate: 1.00e-03	Loss: 2.472
Train Epoch: [  123/  500], Batch [     1/     1 (100%)]	Learning rate: 1.00e-03	Loss: 2.472
Train Epoch: [  124/  500], Batch [     1/     1 (100%)]	Learning rate: 1.00e-03	Loss: 2.470
Train Epoch: [  125/  500], Batch [     1/     1 (100%)]	Learning rate: 1.00e-03	Loss: 2.472
Train Epoch: [  125/  500], Batch [     1/     1 (100%)]	Learning rate: 1.00e-03	Loss: 2.472	Val Loss: 2.508
Train Epoch: [  126/  500], Batch [     1/     1 (100%)]	Learning rate: 1.00e-03	Loss: 2.469
Train Epoch: [  127/  500], Batch [     1/     1 (100%)]	Learning rate: 1.00e-03	Loss: 2.469
Train Epoch: [  128/  500], Batch [     1/     1 (100%)]	Learning rate: 1.00e-03	Loss: 2.470
Train Epoch: [  129/  500], Batch [     1/     1 (100%)]	Learning rate: 1.00e-03	Loss: 2.471
Train Epoch: [  130/  500], Batch [     1/     1 (100%)]	Learning rate: 1.00e-03	Loss: 2.469
Train Epoch: [  130/  500], Batch [     1/     1 (100%)]	Learning rate: 1.00e-03	Loss: 2.468	Val Loss: 2.506
Train Epoch: [  131/  500], Batch [     1/     1 (100%)]	Learning rate: 1.00e-03	Loss: 2.469
Train Epoch: [  132/  500], Batch [     1/     1 (100%)]	Learning rate: 1.00e-03	Loss: 2.467
Train Epoch: [  133/  500], Batch [     1/     1 (100%)]	Learning rate: 1.00e-03	Loss: 2.467
Train Epoch: [  134/  500], Batch [     1/     1 (100%)]	Learning rate: 1.00e-03	Loss: 2.467
Train Epoch: [  135/  500], Batch [     1/     1 (100%)]	Learning rate: 1.00e-03	Loss: 2.466
Train Epoch: [  135/  500], Batch [     1/     1 (100%)]	Learning rate: 1.00e-03	Loss: 2.465	Val Loss: 2.504
Train Epoch: [  136/  500], Batch [     1/     1 (100%)]	Learning rate: 1.00e-03	Loss: 2.465
Train Epoch: [  137/  500], Batch [     1/     1 (100%)]	Learning rate: 1.00e-03	Loss: 2.464
Train Epoch: [  138/  500], Batch [     1/     1 (100%)]	Learning rate: 1.00e-03	Loss: 2.463
Train Epoch: [  139/  500], Batch [     1/     1 (100%)]	Learning rate: 1.00e-03	Loss: 2.463
Train Epoch: [  140/  500], Batch [     1/     1 (100%)]	Learning rate: 1.00e-03	Loss: 2.462
Train Epoch: [  140/  500], Batch [     1/     1 (100%)]	Learning rate: 1.00e-03	Loss: 2.461	Val Loss: 2.500
Train Epoch: [  141/  500], Batch [     1/     1 (100%)]	Learning rate: 1.00e-03	Loss: 2.460
Train Epoch: [  142/  500], Batch [     1/     1 (100%)]	Learning rate: 1.00e-03	Loss: 2.458
Train Epoch: [  143/  500], Batch [     1/     1 (100%)]	Learning rate: 1.00e-03	Loss: 2.458
Train Epoch: [  144/  500], Batch [     1/     1 (100%)]	Learning rate: 1.00e-03	Loss: 2.455
Train Epoch: [  145/  500], Batch [     1/     1 (100%)]	Learning rate: 1.00e-03	Loss: 2.454
Train Epoch: [  145/  500], Batch [     1/     1 (100%)]	Learning rate: 1.00e-03	Loss: 2.453	Val Loss: 2.492
Train Epoch: [  146/  500], Batch [     1/     1 (100%)]	Learning rate: 1.00e-03	Loss: 2.451
Train Epoch: [  147/  500], Batch [     1/     1 (100%)]	Learning rate: 1.00e-03	Loss: 2.449
Train Epoch: [  148/  500], Batch [     1/     1 (100%)]	Learning rate: 1.00e-03	Loss: 2.447
Train Epoch: [  149/  500], Batch [     1/     1 (100%)]	Learning rate: 1.00e-03	Loss: 2.446
Train Epoch: [  150/  500], Batch [     1/     1 (100%)]	Learning rate: 1.00e-03	Loss: 2.442
Train Epoch: [  150/  500], Batch [     1/     1 (100%)]	Learning rate: 1.00e-03	Loss: 2.440	Val Loss: 2.487
Train Epoch: [  151/  500], Batch [     1/     1 (100%)]	Learning rate: 1.00e-03	Loss: 2.440
Train Epoch: [  152/  500], Batch [     1/     1 (100%)]	Learning rate: 1.00e-03	Loss: 2.438
Train Epoch: [  153/  500], Batch [     1/     1 (100%)]	Learning rate: 1.00e-03	Loss: 2.436
Train Epoch: [  154/  500], Batch [     1/     1 (100%)]	Learning rate: 1.00e-03	Loss: 2.433
Train Epoch: [  155/  500], Batch [     1/     1 (100%)]	Learning rate: 1.00e-03	Loss: 2.433
Train Epoch: [  155/  500], Batch [     1/     1 (100%)]	Learning rate: 1.00e-03	Loss: 2.431	Val Loss: 2.491
Train Epoch: [  156/  500], Batch [     1/     1 (100%)]	Learning rate: 1.00e-03	Loss: 2.432
Train Epoch: [  157/  500], Batch [     1/     1 (100%)]	Learning rate: 1.00e-03	Loss: 2.432
Train Epoch: [  158/  500], Batch [     1/     1 (100%)]	Learning rate: 1.00e-03	Loss: 2.430
Train Epoch: [  159/  500], Batch [     1/     1 (100%)]	Learning rate: 1.00e-03	Loss: 2.428
Train Epoch: [  160/  500], Batch [     1/     1 (100%)]	Learning rate: 1.00e-03	Loss: 2.428
Train Epoch: [  160/  500], Batch [     1/     1 (100%)]	Learning rate: 1.00e-03	Loss: 2.425	Val Loss: 2.492
Train Epoch: [  161/  500], Batch [     1/     1 (100%)]	Learning rate: 1.00e-03	Loss: 2.425
Train Epoch: [  162/  500], Batch [     1/     1 (100%)]	Learning rate: 1.00e-03	Loss: 2.422
Train Epoch: [  163/  500], Batch [     1/     1 (100%)]	Learning rate: 1.00e-03	Loss: 2.419
Train Epoch: [  164/  500], Batch [     1/     1 (100%)]	Learning rate: 1.00e-03	Loss: 2.415
Train Epoch: [  165/  500], Batch [     1/     1 (100%)]	Learning rate: 1.00e-03	Loss: 2.412
Train Epoch: [  165/  500], Batch [     1/     1 (100%)]	Learning rate: 1.00e-03	Loss: 2.408	Val Loss: 2.475
Train Epoch: [  166/  500], Batch [     1/     1 (100%)]	Learning rate: 1.00e-03	Loss: 2.407
Train Epoch: [  167/  500], Batch [     1/     1 (100%)]	Learning rate: 1.00e-03	Loss: 2.402
Train Epoch: [  168/  500], Batch [     1/     1 (100%)]	Learning rate: 1.00e-03	Loss: 2.396
Train Epoch: [  169/  500], Batch [     1/     1 (100%)]	Learning rate: 1.00e-03	Loss: 2.391
Train Epoch: [  170/  500], Batch [     1/     1 (100%)]	Learning rate: 1.00e-03	Loss: 2.383
Train Epoch: [  170/  500], Batch [     1/     1 (100%)]	Learning rate: 1.00e-03	Loss: 2.374	Val Loss: 2.445
Train Epoch: [  171/  500], Batch [     1/     1 (100%)]	Learning rate: 1.00e-03	Loss: 2.374
Train Epoch: [  172/  500], Batch [     1/     1 (100%)]	Learning rate: 1.00e-03	Loss: 2.363
Train Epoch: [  173/  500], Batch [     1/     1 (100%)]	Learning rate: 1.00e-03	Loss: 2.355
Train Epoch: [  174/  500], Batch [     1/     1 (100%)]	Learning rate: 1.00e-03	Loss: 2.343
Train Epoch: [  175/  500], Batch [     1/     1 (100%)]	Learning rate: 1.00e-03	Loss: 2.328
Train Epoch: [  175/  500], Batch [     1/     1 (100%)]	Learning rate: 1.00e-03	Loss: 2.312	Val Loss: 2.393
Train Epoch: [  176/  500], Batch [     1/     1 (100%)]	Learning rate: 1.00e-03	Loss: 2.313
Train Epoch: [  177/  500], Batch [     1/     1 (100%)]	Learning rate: 1.00e-03	Loss: 2.296
Train Epoch: [  178/  500], Batch [     1/     1 (100%)]	Learning rate: 1.00e-03	Loss: 2.280
Train Epoch: [  179/  500], Batch [     1/     1 (100%)]	Learning rate: 1.00e-03	Loss: 2.260
Train Epoch: [  180/  500], Batch [     1/     1 (100%)]	Learning rate: 1.00e-03	Loss: 2.250
Train Epoch: [  180/  500], Batch [     1/     1 (100%)]	Learning rate: 1.00e-03	Loss: 2.239	Val Loss: 2.324
Train Epoch: [  181/  500], Batch [     1/     1 (100%)]	Learning rate: 1.00e-03	Loss: 2.235
Train Epoch: [  182/  500], Batch [     1/     1 (100%)]	Learning rate: 1.00e-03	Loss: 2.208
Train Epoch: [  183/  500], Batch [     1/     1 (100%)]	Learning rate: 1.00e-03	Loss: 2.206
Train Epoch: [  184/  500], Batch [     1/     1 (100%)]	Learning rate: 1.00e-03	Loss: 2.199
Train Epoch: [  185/  500], Batch [     1/     1 (100%)]	Learning rate: 1.00e-03	Loss: 2.174
Train Epoch: [  185/  500], Batch [     1/     1 (100%)]	Learning rate: 1.00e-03	Loss: 2.156	Val Loss: 2.249
Train Epoch: [  186/  500], Batch [     1/     1 (100%)]	Learning rate: 1.00e-03	Loss: 2.151
Train Epoch: [  187/  500], Batch [     1/     1 (100%)]	Learning rate: 1.00e-03	Loss: 2.159
Train Epoch: [  188/  500], Batch [     1/     1 (100%)]	Learning rate: 1.00e-03	Loss: 2.128
Train Epoch: [  189/  500], Batch [     1/     1 (100%)]	Learning rate: 1.00e-03	Loss: 2.118
Train Epoch: [  190/  500], Batch [     1/     1 (100%)]	Learning rate: 1.00e-03	Loss: 2.136
Train Epoch: [  190/  500], Batch [     1/     1 (100%)]	Learning rate: 1.00e-03	Loss: 2.125	Val Loss: 2.185
Train Epoch: [  191/  500], Batch [     1/     1 (100%)]	Learning rate: 1.00e-03	Loss: 2.124
Train Epoch: [  192/  500], Batch [     1/     1 (100%)]	Learning rate: 1.00e-03	Loss: 2.098
Train Epoch: [  193/  500], Batch [     1/     1 (100%)]	Learning rate: 1.00e-03	Loss: 2.121
Train Epoch: [  194/  500], Batch [     1/     1 (100%)]	Learning rate: 1.00e-03	Loss: 2.078
Train Epoch: [  195/  500], Batch [     1/     1 (100%)]	Learning rate: 1.00e-03	Loss: 2.085
Train Epoch: [  195/  500], Batch [     1/     1 (100%)]	Learning rate: 1.00e-03	Loss: 2.073	Val Loss: 2.152
Train Epoch: [  196/  500], Batch [     1/     1 (100%)]	Learning rate: 1.00e-03	Loss: 2.075
Train Epoch: [  197/  500], Batch [     1/     1 (100%)]	Learning rate: 1.00e-03	Loss: 2.055
Train Epoch: [  198/  500], Batch [     1/     1 (100%)]	Learning rate: 1.00e-03	Loss: 2.070
Train Epoch: [  199/  500], Batch [     1/     1 (100%)]	Learning rate: 1.00e-03	Loss: 2.038
Train Epoch: [  200/  500], Batch [     1/     1 (100%)]	Learning rate: 1.00e-03	Loss: 2.062
Train Epoch: [  200/  500], Batch [     1/     1 (100%)]	Learning rate: 1.00e-03	Loss: 2.030	Val Loss: 2.121
Train Epoch: [  201/  500], Batch [     1/     1 (100%)]	Learning rate: 1.00e-03	Loss: 2.024
Train Epoch: [  202/  500], Batch [     1/     1 (100%)]	Learning rate: 1.00e-03	Loss: 2.037
Train Epoch: [  203/  500], Batch [     1/     1 (100%)]	Learning rate: 1.00e-03	Loss: 2.027
Train Epoch: [  204/  500], Batch [     1/     1 (100%)]	Learning rate: 1.00e-03	Loss: 2.019
Train Epoch: [  205/  500], Batch [     1/     1 (100%)]	Learning rate: 1.00e-03	Loss: 2.022
Train Epoch: [  205/  500], Batch [     1/     1 (100%)]	Learning rate: 1.00e-03	Loss: 1.986	Val Loss: 2.091
Train Epoch: [  206/  500], Batch [     1/     1 (100%)]	Learning rate: 1.00e-03	Loss: 1.994
Train Epoch: [  207/  500], Batch [     1/     1 (100%)]	Learning rate: 1.00e-03	Loss: 2.007
Train Epoch: [  208/  500], Batch [     1/     1 (100%)]	Learning rate: 1.00e-03	Loss: 1.982
Train Epoch: [  209/  500], Batch [     1/     1 (100%)]	Learning rate: 1.00e-03	Loss: 1.989
Train Epoch: [  210/  500], Batch [     1/     1 (100%)]	Learning rate: 1.00e-03	Loss: 1.982
Train Epoch: [  210/  500], Batch [     1/     1 (100%)]	Learning rate: 1.00e-03	Loss: 1.962	Val Loss: 2.056
Train Epoch: [  211/  500], Batch [     1/     1 (100%)]	Learning rate: 1.00e-03	Loss: 1.953
Train Epoch: [  212/  500], Batch [     1/     1 (100%)]	Learning rate: 1.00e-03	Loss: 1.979
Train Epoch: [  213/  500], Batch [     1/     1 (100%)]	Learning rate: 1.00e-03	Loss: 1.950
Train Epoch: [  214/  500], Batch [     1/     1 (100%)]	Learning rate: 1.00e-03	Loss: 1.946
Train Epoch: [  215/  500], Batch [     1/     1 (100%)]	Learning rate: 1.00e-03	Loss: 1.966
Train Epoch: [  215/  500], Batch [     1/     1 (100%)]	Learning rate: 1.00e-03	Loss: 1.929	Val Loss: 2.025
Train Epoch: [  216/  500], Batch [     1/     1 (100%)]	Learning rate: 1.00e-03	Loss: 1.928
Train Epoch: [  217/  500], Batch [     1/     1 (100%)]	Learning rate: 1.00e-03	Loss: 1.929
Train Epoch: [  218/  500], Batch [     1/     1 (100%)]	Learning rate: 1.00e-03	Loss: 1.931
Train Epoch: [  219/  500], Batch [     1/     1 (100%)]	Learning rate: 1.00e-03	Loss: 1.908
Train Epoch: [  220/  500], Batch [     1/     1 (100%)]	Learning rate: 1.00e-03	Loss: 1.912
Train Epoch: [  220/  500], Batch [     1/     1 (100%)]	Learning rate: 1.00e-03	Loss: 1.919	Val Loss: 2.035
Train Epoch: [  221/  500], Batch [     1/     1 (100%)]	Learning rate: 1.00e-03	Loss: 1.913
Train Epoch: [  222/  500], Batch [     1/     1 (100%)]	Learning rate: 1.00e-03	Loss: 1.892
Train Epoch: [  223/  500], Batch [     1/     1 (100%)]	Learning rate: 1.00e-03	Loss: 1.901
Train Epoch: [  224/  500], Batch [     1/     1 (100%)]	Learning rate: 1.00e-03	Loss: 1.914
Train Epoch: [  225/  500], Batch [     1/     1 (100%)]	Learning rate: 1.00e-03	Loss: 1.875
Train Epoch: [  225/  500], Batch [     1/     1 (100%)]	Learning rate: 1.00e-03	Loss: 1.869	Val Loss: 1.994
Train Epoch: [  226/  500], Batch [     1/     1 (100%)]	Learning rate: 1.00e-03	Loss: 1.866
Train Epoch: [  227/  500], Batch [     1/     1 (100%)]	Learning rate: 1.00e-03	Loss: 1.880
Train Epoch: [  228/  500], Batch [     1/     1 (100%)]	Learning rate: 1.00e-03	Loss: 1.868
Train Epoch: [  229/  500], Batch [     1/     1 (100%)]	Learning rate: 1.00e-03	Loss: 1.847
Train Epoch: [  230/  500], Batch [     1/     1 (100%)]	Learning rate: 1.00e-03	Loss: 1.845
Train Epoch: [  230/  500], Batch [     1/     1 (100%)]	Learning rate: 1.00e-03	Loss: 1.840	Val Loss: 1.992
Train Epoch: [  231/  500], Batch [     1/     1 (100%)]	Learning rate: 1.00e-03	Loss: 1.847
Train Epoch: [  232/  500], Batch [     1/     1 (100%)]	Learning rate: 1.00e-03	Loss: 1.846
Train Epoch: [  233/  500], Batch [     1/     1 (100%)]	Learning rate: 1.00e-03	Loss: 1.838
Train Epoch: [  234/  500], Batch [     1/     1 (100%)]	Learning rate: 1.00e-03	Loss: 1.818
Train Epoch: [  235/  500], Batch [     1/     1 (100%)]	Learning rate: 1.00e-03	Loss: 1.808
Train Epoch: [  235/  500], Batch [     1/     1 (100%)]	Learning rate: 1.00e-03	Loss: 1.797	Val Loss: 1.955
Train Epoch: [  236/  500], Batch [     1/     1 (100%)]	Learning rate: 1.00e-03	Loss: 1.793
Train Epoch: [  237/  500], Batch [     1/     1 (100%)]	Learning rate: 1.00e-03	Loss: 1.783
Train Epoch: [  238/  500], Batch [     1/     1 (100%)]	Learning rate: 1.00e-03	Loss: 1.787
Train Epoch: [  239/  500], Batch [     1/     1 (100%)]	Learning rate: 1.00e-03	Loss: 1.786
Train Epoch: [  240/  500], Batch [     1/     1 (100%)]	Learning rate: 1.00e-03	Loss: 1.850
Train Epoch: [  240/  500], Batch [     1/     1 (100%)]	Learning rate: 1.00e-03	Loss: 1.892	Val Loss: 2.073

Learning rate adapted! New learning rate 1.000e-04

Train Epoch: [  241/  500], Batch [     1/     1 (100%)]	Learning rate: 1.00e-04	Loss: 1.888
Train Epoch: [  242/  500], Batch [     1/     1 (100%)]	Learning rate: 1.00e-04	Loss: 1.844
Train Epoch: [  243/  500], Batch [     1/     1 (100%)]	Learning rate: 1.00e-04	Loss: 1.779
Train Epoch: [  244/  500], Batch [     1/     1 (100%)]	Learning rate: 1.00e-04	Loss: 1.716
Train Epoch: [  245/  500], Batch [     1/     1 (100%)]	Learning rate: 1.00e-04	Loss: 1.731
Train Epoch: [  245/  500], Batch [     1/     1 (100%)]	Learning rate: 1.00e-04	Loss: 1.789	Val Loss: 1.940
Train Epoch: [  246/  500], Batch [     1/     1 (100%)]	Learning rate: 1.00e-04	Loss: 1.788
Train Epoch: [  247/  500], Batch [     1/     1 (100%)]	Learning rate: 1.00e-04	Loss: 1.797
Train Epoch: [  248/  500], Batch [     1/     1 (100%)]	Learning rate: 1.00e-04	Loss: 1.784
Train Epoch: [  249/  500], Batch [     1/     1 (100%)]	Learning rate: 1.00e-04	Loss: 1.755
Train Epoch: [  250/  500], Batch [     1/     1 (100%)]	Learning rate: 1.00e-04	Loss: 1.712
Train Epoch: [  250/  500], Batch [     1/     1 (100%)]	Learning rate: 1.00e-04	Loss: 1.723	Val Loss: 1.886
Train Epoch: [  251/  500], Batch [     1/     1 (100%)]	Learning rate: 1.00e-04	Loss: 1.708
Train Epoch: [  252/  500], Batch [     1/     1 (100%)]	Learning rate: 1.00e-04	Loss: 1.753
Train Epoch: [  253/  500], Batch [     1/     1 (100%)]	Learning rate: 1.00e-04	Loss: 1.760
Train Epoch: [  254/  500], Batch [     1/     1 (100%)]	Learning rate: 1.00e-04	Loss: 1.750
Train Epoch: [  255/  500], Batch [     1/     1 (100%)]	Learning rate: 1.00e-04	Loss: 1.723
Train Epoch: [  255/  500], Batch [     1/     1 (100%)]	Learning rate: 1.00e-04	Loss: 1.719	Val Loss: 1.874
Train Epoch: [  256/  500], Batch [     1/     1 (100%)]	Learning rate: 1.00e-04	Loss: 1.716
Train Epoch: [  257/  500], Batch [     1/     1 (100%)]	Learning rate: 1.00e-04	Loss: 1.698
Train Epoch: [  258/  500], Batch [     1/     1 (100%)]	Learning rate: 1.00e-04	Loss: 1.714
Train Epoch: [  259/  500], Batch [     1/     1 (100%)]	Learning rate: 1.00e-04	Loss: 1.719
Train Epoch: [  260/  500], Batch [     1/     1 (100%)]	Learning rate: 1.00e-04	Loss: 1.708
Train Epoch: [  260/  500], Batch [     1/     1 (100%)]	Learning rate: 1.00e-04	Loss: 1.700	Val Loss: 1.876
Train Epoch: [  261/  500], Batch [     1/     1 (100%)]	Learning rate: 1.00e-04	Loss: 1.727
Train Epoch: [  262/  500], Batch [     1/     1 (100%)]	Learning rate: 1.00e-04	Loss: 1.701
Train Epoch: [  263/  500], Batch [     1/     1 (100%)]	Learning rate: 1.00e-04	Loss: 1.690
Train Epoch: [  264/  500], Batch [     1/     1 (100%)]	Learning rate: 1.00e-04	Loss: 1.702
Train Epoch: [  265/  500], Batch [     1/     1 (100%)]	Learning rate: 1.00e-04	Loss: 1.693
Train Epoch: [  265/  500], Batch [     1/     1 (100%)]	Learning rate: 1.00e-04	Loss: 1.700	Val Loss: 1.850
Train Epoch: [  266/  500], Batch [     1/     1 (100%)]	Learning rate: 1.00e-04	Loss: 1.693
Train Epoch: [  267/  500], Batch [     1/     1 (100%)]	Learning rate: 1.00e-04	Loss: 1.699
Train Epoch: [  268/  500], Batch [     1/     1 (100%)]	Learning rate: 1.00e-04	Loss: 1.686
Train Epoch: [  269/  500], Batch [     1/     1 (100%)]	Learning rate: 1.00e-04	Loss: 1.681
Train Epoch: [  270/  500], Batch [     1/     1 (100%)]	Learning rate: 1.00e-04	Loss: 1.672
Train Epoch: [  270/  500], Batch [     1/     1 (100%)]	Learning rate: 1.00e-04	Loss: 1.663	Val Loss: 1.830
Train Epoch: [  271/  500], Batch [     1/     1 (100%)]	Learning rate: 1.00e-04	Loss: 1.686
Train Epoch: [  272/  500], Batch [     1/     1 (100%)]	Learning rate: 1.00e-04	Loss: 1.691
Train Epoch: [  273/  500], Batch [     1/     1 (100%)]	Learning rate: 1.00e-04	Loss: 1.686
Train Epoch: [  274/  500], Batch [     1/     1 (100%)]	Learning rate: 1.00e-04	Loss: 1.694
Train Epoch: [  275/  500], Batch [     1/     1 (100%)]	Learning rate: 1.00e-04	Loss: 1.681
Train Epoch: [  275/  500], Batch [     1/     1 (100%)]	Learning rate: 1.00e-04	Loss: 1.666	Val Loss: 1.832
Train Epoch: [  276/  500], Batch [     1/     1 (100%)]	Learning rate: 1.00e-04	Loss: 1.679
Train Epoch: [  277/  500], Batch [     1/     1 (100%)]	Learning rate: 1.00e-04	Loss: 1.681
Train Epoch: [  278/  500], Batch [     1/     1 (100%)]	Learning rate: 1.00e-04	Loss: 1.668
Train Epoch: [  279/  500], Batch [     1/     1 (100%)]	Learning rate: 1.00e-04	Loss: 1.667
Train Epoch: [  280/  500], Batch [     1/     1 (100%)]	Learning rate: 1.00e-04	Loss: 1.665
Train Epoch: [  280/  500], Batch [     1/     1 (100%)]	Learning rate: 1.00e-04	Loss: 1.669	Val Loss: 1.816
Train Epoch: [  281/  500], Batch [     1/     1 (100%)]	Learning rate: 1.00e-04	Loss: 1.656
Train Epoch: [  282/  500], Batch [     1/     1 (100%)]	Learning rate: 1.00e-04	Loss: 1.664
Train Epoch: [  283/  500], Batch [     1/     1 (100%)]	Learning rate: 1.00e-04	Loss: 1.671
Train Epoch: [  284/  500], Batch [     1/     1 (100%)]	Learning rate: 1.00e-04	Loss: 1.642
Train Epoch: [  285/  500], Batch [     1/     1 (100%)]	Learning rate: 1.00e-04	Loss: 1.658
Train Epoch: [  285/  500], Batch [     1/     1 (100%)]	Learning rate: 1.00e-04	Loss: 1.653	Val Loss: 1.811
Train Epoch: [  286/  500], Batch [     1/     1 (100%)]	Learning rate: 1.00e-04	Loss: 1.664
Train Epoch: [  287/  500], Batch [     1/     1 (100%)]	Learning rate: 1.00e-04	Loss: 1.650
Train Epoch: [  288/  500], Batch [     1/     1 (100%)]	Learning rate: 1.00e-04	Loss: 1.641
Train Epoch: [  289/  500], Batch [     1/     1 (100%)]	Learning rate: 1.00e-04	Loss: 1.652
Train Epoch: [  290/  500], Batch [     1/     1 (100%)]	Learning rate: 1.00e-04	Loss: 1.649
Train Epoch: [  290/  500], Batch [     1/     1 (100%)]	Learning rate: 1.00e-04	Loss: 1.643	Val Loss: 1.798
Train Epoch: [  291/  500], Batch [     1/     1 (100%)]	Learning rate: 1.00e-04	Loss: 1.645
Train Epoch: [  292/  500], Batch [     1/     1 (100%)]	Learning rate: 1.00e-04	Loss: 1.638
Train Epoch: [  293/  500], Batch [     1/     1 (100%)]	Learning rate: 1.00e-04	Loss: 1.631
Train Epoch: [  294/  500], Batch [     1/     1 (100%)]	Learning rate: 1.00e-04	Loss: 1.647
Train Epoch: [  295/  500], Batch [     1/     1 (100%)]	Learning rate: 1.00e-04	Loss: 1.648
Train Epoch: [  295/  500], Batch [     1/     1 (100%)]	Learning rate: 1.00e-04	Loss: 1.637	Val Loss: 1.774
Train Epoch: [  296/  500], Batch [     1/     1 (100%)]	Learning rate: 1.00e-04	Loss: 1.631
Train Epoch: [  297/  500], Batch [     1/     1 (100%)]	Learning rate: 1.00e-04	Loss: 1.637
Train Epoch: [  298/  500], Batch [     1/     1 (100%)]	Learning rate: 1.00e-04	Loss: 1.631
Train Epoch: [  299/  500], Batch [     1/     1 (100%)]	Learning rate: 1.00e-04	Loss: 1.638
Train Epoch: [  300/  500], Batch [     1/     1 (100%)]	Learning rate: 1.00e-04	Loss: 1.648
Train Epoch: [  300/  500], Batch [     1/     1 (100%)]	Learning rate: 1.00e-04	Loss: 1.626	Val Loss: 1.764
Train Epoch: [  301/  500], Batch [     1/     1 (100%)]	Learning rate: 1.00e-04	Loss: 1.627
Train Epoch: [  302/  500], Batch [     1/     1 (100%)]	Learning rate: 1.00e-04	Loss: 1.630
Train Epoch: [  303/  500], Batch [     1/     1 (100%)]	Learning rate: 1.00e-04	Loss: 1.620
Train Epoch: [  304/  500], Batch [     1/     1 (100%)]	Learning rate: 1.00e-04	Loss: 1.620
Train Epoch: [  305/  500], Batch [     1/     1 (100%)]	Learning rate: 1.00e-04	Loss: 1.610
Train Epoch: [  305/  500], Batch [     1/     1 (100%)]	Learning rate: 1.00e-04	Loss: 1.612	Val Loss: 1.769
Train Epoch: [  306/  500], Batch [     1/     1 (100%)]	Learning rate: 1.00e-04	Loss: 1.612
Train Epoch: [  307/  500], Batch [     1/     1 (100%)]	Learning rate: 1.00e-04	Loss: 1.611
Train Epoch: [  308/  500], Batch [     1/     1 (100%)]	Learning rate: 1.00e-04	Loss: 1.596
Train Epoch: [  309/  500], Batch [     1/     1 (100%)]	Learning rate: 1.00e-04	Loss: 1.602
Train Epoch: [  310/  500], Batch [     1/     1 (100%)]	Learning rate: 1.00e-04	Loss: 1.606
Train Epoch: [  310/  500], Batch [     1/     1 (100%)]	Learning rate: 1.00e-04	Loss: 1.592	Val Loss: 1.743
Train Epoch: [  311/  500], Batch [     1/     1 (100%)]	Learning rate: 1.00e-04	Loss: 1.596
Train Epoch: [  312/  500], Batch [     1/     1 (100%)]	Learning rate: 1.00e-04	Loss: 1.595
Train Epoch: [  313/  500], Batch [     1/     1 (100%)]	Learning rate: 1.00e-04	Loss: 1.605
Train Epoch: [  314/  500], Batch [     1/     1 (100%)]	Learning rate: 1.00e-04	Loss: 1.611
Train Epoch: [  315/  500], Batch [     1/     1 (100%)]	Learning rate: 1.00e-04	Loss: 1.592
Train Epoch: [  315/  500], Batch [     1/     1 (100%)]	Learning rate: 1.00e-04	Loss: 1.591	Val Loss: 1.735
Train Epoch: [  316/  500], Batch [     1/     1 (100%)]	Learning rate: 1.00e-04	Loss: 1.595
Train Epoch: [  317/  500], Batch [     1/     1 (100%)]	Learning rate: 1.00e-04	Loss: 1.591
Train Epoch: [  318/  500], Batch [     1/     1 (100%)]	Learning rate: 1.00e-04	Loss: 1.585
Train Epoch: [  319/  500], Batch [     1/     1 (100%)]	Learning rate: 1.00e-04	Loss: 1.579
Train Epoch: [  320/  500], Batch [     1/     1 (100%)]	Learning rate: 1.00e-04	Loss: 1.570
Train Epoch: [  320/  500], Batch [     1/     1 (100%)]	Learning rate: 1.00e-04	Loss: 1.575	Val Loss: 1.697
Train Epoch: [  321/  500], Batch [     1/     1 (100%)]	Learning rate: 1.00e-04	Loss: 1.580
Train Epoch: [  322/  500], Batch [     1/     1 (100%)]	Learning rate: 1.00e-04	Loss: 1.577
Train Epoch: [  323/  500], Batch [     1/     1 (100%)]	Learning rate: 1.00e-04	Loss: 1.569
Train Epoch: [  324/  500], Batch [     1/     1 (100%)]	Learning rate: 1.00e-04	Loss: 1.554
Train Epoch: [  325/  500], Batch [     1/     1 (100%)]	Learning rate: 1.00e-04	Loss: 1.579
Train Epoch: [  325/  500], Batch [     1/     1 (100%)]	Learning rate: 1.00e-04	Loss: 1.589	Val Loss: 1.699
Train Epoch: [  326/  500], Batch [     1/     1 (100%)]	Learning rate: 1.00e-04	Loss: 1.564
Train Epoch: [  327/  500], Batch [     1/     1 (100%)]	Learning rate: 1.00e-04	Loss: 1.570
Train Epoch: [  328/  500], Batch [     1/     1 (100%)]	Learning rate: 1.00e-04	Loss: 1.556
Train Epoch: [  329/  500], Batch [     1/     1 (100%)]	Learning rate: 1.00e-04	Loss: 1.546
Train Epoch: [  330/  500], Batch [     1/     1 (100%)]	Learning rate: 1.00e-04	Loss: 1.549
Train Epoch: [  330/  500], Batch [     1/     1 (100%)]	Learning rate: 1.00e-04	Loss: 1.556	Val Loss: 1.680
Train Epoch: [  331/  500], Batch [     1/     1 (100%)]	Learning rate: 1.00e-04	Loss: 1.561
Train Epoch: [  332/  500], Batch [     1/     1 (100%)]	Learning rate: 1.00e-04	Loss: 1.544
Train Epoch: [  333/  500], Batch [     1/     1 (100%)]	Learning rate: 1.00e-04	Loss: 1.547
Train Epoch: [  334/  500], Batch [     1/     1 (100%)]	Learning rate: 1.00e-04	Loss: 1.544
Train Epoch: [  335/  500], Batch [     1/     1 (100%)]	Learning rate: 1.00e-04	Loss: 1.545
Train Epoch: [  335/  500], Batch [     1/     1 (100%)]	Learning rate: 1.00e-04	Loss: 1.531	Val Loss: 1.648
Train Epoch: [  336/  500], Batch [     1/     1 (100%)]	Learning rate: 1.00e-04	Loss: 1.545
Train Epoch: [  337/  500], Batch [     1/     1 (100%)]	Learning rate: 1.00e-04	Loss: 1.534
Train Epoch: [  338/  500], Batch [     1/     1 (100%)]	Learning rate: 1.00e-04	Loss: 1.538
Train Epoch: [  339/  500], Batch [     1/     1 (100%)]	Learning rate: 1.00e-04	Loss: 1.534
Train Epoch: [  340/  500], Batch [     1/     1 (100%)]	Learning rate: 1.00e-04	Loss: 1.528
Train Epoch: [  340/  500], Batch [     1/     1 (100%)]	Learning rate: 1.00e-04	Loss: 1.536	Val Loss: 1.655
Train Epoch: [  341/  500], Batch [     1/     1 (100%)]	Learning rate: 1.00e-04	Loss: 1.518
Train Epoch: [  342/  500], Batch [     1/     1 (100%)]	Learning rate: 1.00e-04	Loss: 1.522
Train Epoch: [  343/  500], Batch [     1/     1 (100%)]	Learning rate: 1.00e-04	Loss: 1.524
Train Epoch: [  344/  500], Batch [     1/     1 (100%)]	Learning rate: 1.00e-04	Loss: 1.514
Train Epoch: [  345/  500], Batch [     1/     1 (100%)]	Learning rate: 1.00e-04	Loss: 1.521
Train Epoch: [  345/  500], Batch [     1/     1 (100%)]	Learning rate: 1.00e-04	Loss: 1.520	Val Loss: 1.633
Train Epoch: [  346/  500], Batch [     1/     1 (100%)]	Learning rate: 1.00e-04	Loss: 1.506
Train Epoch: [  347/  500], Batch [     1/     1 (100%)]	Learning rate: 1.00e-04	Loss: 1.519
Train Epoch: [  348/  500], Batch [     1/     1 (100%)]	Learning rate: 1.00e-04	Loss: 1.499
Train Epoch: [  349/  500], Batch [     1/     1 (100%)]	Learning rate: 1.00e-04	Loss: 1.506
Train Epoch: [  350/  500], Batch [     1/     1 (100%)]	Learning rate: 1.00e-04	Loss: 1.484
Train Epoch: [  350/  500], Batch [     1/     1 (100%)]	Learning rate: 1.00e-04	Loss: 1.504	Val Loss: 1.625
Train Epoch: [  351/  500], Batch [     1/     1 (100%)]	Learning rate: 1.00e-04	Loss: 1.498
Train Epoch: [  352/  500], Batch [     1/     1 (100%)]	Learning rate: 1.00e-04	Loss: 1.488
Train Epoch: [  353/  500], Batch [     1/     1 (100%)]	Learning rate: 1.00e-04	Loss: 1.495
Train Epoch: [  354/  500], Batch [     1/     1 (100%)]	Learning rate: 1.00e-04	Loss: 1.491
Train Epoch: [  355/  500], Batch [     1/     1 (100%)]	Learning rate: 1.00e-04	Loss: 1.492
Train Epoch: [  355/  500], Batch [     1/     1 (100%)]	Learning rate: 1.00e-04	Loss: 1.497	Val Loss: 1.588
Train Epoch: [  356/  500], Batch [     1/     1 (100%)]	Learning rate: 1.00e-04	Loss: 1.473
Train Epoch: [  357/  500], Batch [     1/     1 (100%)]	Learning rate: 1.00e-04	Loss: 1.479
Train Epoch: [  358/  500], Batch [     1/     1 (100%)]	Learning rate: 1.00e-04	Loss: 1.480
Train Epoch: [  359/  500], Batch [     1/     1 (100%)]	Learning rate: 1.00e-04	Loss: 1.478
Train Epoch: [  360/  500], Batch [     1/     1 (100%)]	Learning rate: 1.00e-04	Loss: 1.473
Train Epoch: [  360/  500], Batch [     1/     1 (100%)]	Learning rate: 1.00e-04	Loss: 1.463	Val Loss: 1.556
Train Epoch: [  361/  500], Batch [     1/     1 (100%)]	Learning rate: 1.00e-04	Loss: 1.457
Train Epoch: [  362/  500], Batch [     1/     1 (100%)]	Learning rate: 1.00e-04	Loss: 1.447
Train Epoch: [  363/  500], Batch [     1/     1 (100%)]	Learning rate: 1.00e-04	Loss: 1.461
Train Epoch: [  364/  500], Batch [     1/     1 (100%)]	Learning rate: 1.00e-04	Loss: 1.462
Train Epoch: [  365/  500], Batch [     1/     1 (100%)]	Learning rate: 1.00e-04	Loss: 1.449
Train Epoch: [  365/  500], Batch [     1/     1 (100%)]	Learning rate: 1.00e-04	Loss: 1.459	Val Loss: 1.559
Train Epoch: [  366/  500], Batch [     1/     1 (100%)]	Learning rate: 1.00e-04	Loss: 1.454
Train Epoch: [  367/  500], Batch [     1/     1 (100%)]	Learning rate: 1.00e-04	Loss: 1.445
Train Epoch: [  368/  500], Batch [     1/     1 (100%)]	Learning rate: 1.00e-04	Loss: 1.437
Train Epoch: [  369/  500], Batch [     1/     1 (100%)]	Learning rate: 1.00e-04	Loss: 1.441
Train Epoch: [  370/  500], Batch [     1/     1 (100%)]	Learning rate: 1.00e-04	Loss: 1.432
Train Epoch: [  370/  500], Batch [     1/     1 (100%)]	Learning rate: 1.00e-04	Loss: 1.435	Val Loss: 1.543
Train Epoch: [  371/  500], Batch [     1/     1 (100%)]	Learning rate: 1.00e-04	Loss: 1.423
Train Epoch: [  372/  500], Batch [     1/     1 (100%)]	Learning rate: 1.00e-04	Loss: 1.427
Train Epoch: [  373/  500], Batch [     1/     1 (100%)]	Learning rate: 1.00e-04	Loss: 1.422
Train Epoch: [  374/  500], Batch [     1/     1 (100%)]	Learning rate: 1.00e-04	Loss: 1.438
Train Epoch: [  375/  500], Batch [     1/     1 (100%)]	Learning rate: 1.00e-04	Loss: 1.454
Train Epoch: [  375/  500], Batch [     1/     1 (100%)]	Learning rate: 1.00e-04	Loss: 1.413	Val Loss: 1.525
Train Epoch: [  376/  500], Batch [     1/     1 (100%)]	Learning rate: 1.00e-04	Loss: 1.420
Train Epoch: [  377/  500], Batch [     1/     1 (100%)]	Learning rate: 1.00e-04	Loss: 1.442
Train Epoch: [  378/  500], Batch [     1/     1 (100%)]	Learning rate: 1.00e-04	Loss: 1.422
Train Epoch: [  379/  500], Batch [     1/     1 (100%)]	Learning rate: 1.00e-04	Loss: 1.423
Train Epoch: [  380/  500], Batch [     1/     1 (100%)]	Learning rate: 1.00e-04	Loss: 1.403
Train Epoch: [  380/  500], Batch [     1/     1 (100%)]	Learning rate: 1.00e-04	Loss: 1.422	Val Loss: 1.491
Train Epoch: [  381/  500], Batch [     1/     1 (100%)]	Learning rate: 1.00e-04	Loss: 1.404
Train Epoch: [  382/  500], Batch [     1/     1 (100%)]	Learning rate: 1.00e-04	Loss: 1.423
Train Epoch: [  383/  500], Batch [     1/     1 (100%)]	Learning rate: 1.00e-04	Loss: 1.419
Train Epoch: [  384/  500], Batch [     1/     1 (100%)]	Learning rate: 1.00e-04	Loss: 1.415
Train Epoch: [  385/  500], Batch [     1/     1 (100%)]	Learning rate: 1.00e-04	Loss: 1.409
Train Epoch: [  385/  500], Batch [     1/     1 (100%)]	Learning rate: 1.00e-04	Loss: 1.400	Val Loss: 1.478
Train Epoch: [  386/  500], Batch [     1/     1 (100%)]	Learning rate: 1.00e-04	Loss: 1.402
Train Epoch: [  387/  500], Batch [     1/     1 (100%)]	Learning rate: 1.00e-04	Loss: 1.379
Train Epoch: [  388/  500], Batch [     1/     1 (100%)]	Learning rate: 1.00e-04	Loss: 1.378
Train Epoch: [  389/  500], Batch [     1/     1 (100%)]	Learning rate: 1.00e-04	Loss: 1.375
Train Epoch: [  390/  500], Batch [     1/     1 (100%)]	Learning rate: 1.00e-04	Loss: 1.375
Train Epoch: [  390/  500], Batch [     1/     1 (100%)]	Learning rate: 1.00e-04	Loss: 1.368	Val Loss: 1.466
Train Epoch: [  391/  500], Batch [     1/     1 (100%)]	Learning rate: 1.00e-04	Loss: 1.366
Train Epoch: [  392/  500], Batch [     1/     1 (100%)]	Learning rate: 1.00e-04	Loss: 1.380
Train Epoch: [  393/  500], Batch [     1/     1 (100%)]	Learning rate: 1.00e-04	Loss: 1.355
Train Epoch: [  394/  500], Batch [     1/     1 (100%)]	Learning rate: 1.00e-04	Loss: 1.371
Train Epoch: [  395/  500], Batch [     1/     1 (100%)]	Learning rate: 1.00e-04	Loss: 1.351
Train Epoch: [  395/  500], Batch [     1/     1 (100%)]	Learning rate: 1.00e-04	Loss: 1.361	Val Loss: 1.457
Train Epoch: [  396/  500], Batch [     1/     1 (100%)]	Learning rate: 1.00e-04	Loss: 1.345
Train Epoch: [  397/  500], Batch [     1/     1 (100%)]	Learning rate: 1.00e-04	Loss: 1.363
Train Epoch: [  398/  500], Batch [     1/     1 (100%)]	Learning rate: 1.00e-04	Loss: 1.342
Train Epoch: [  399/  500], Batch [     1/     1 (100%)]	Learning rate: 1.00e-04	Loss: 1.345
Train Epoch: [  400/  500], Batch [     1/     1 (100%)]	Learning rate: 1.00e-04	Loss: 1.335
Train Epoch: [  400/  500], Batch [     1/     1 (100%)]	Learning rate: 1.00e-04	Loss: 1.358	Val Loss: 1.402
Train Epoch: [  401/  500], Batch [     1/     1 (100%)]	Learning rate: 1.00e-04	Loss: 1.333
Train Epoch: [  402/  500], Batch [     1/     1 (100%)]	Learning rate: 1.00e-04	Loss: 1.325
Train Epoch: [  403/  500], Batch [     1/     1 (100%)]	Learning rate: 1.00e-04	Loss: 1.337
Train Epoch: [  404/  500], Batch [     1/     1 (100%)]	Learning rate: 1.00e-04	Loss: 1.331
Train Epoch: [  405/  500], Batch [     1/     1 (100%)]	Learning rate: 1.00e-04	Loss: 1.326
Train Epoch: [  405/  500], Batch [     1/     1 (100%)]	Learning rate: 1.00e-04	Loss: 1.298	Val Loss: 1.391
Train Epoch: [  406/  500], Batch [     1/     1 (100%)]	Learning rate: 1.00e-04	Loss: 1.322
Train Epoch: [  407/  500], Batch [     1/     1 (100%)]	Learning rate: 1.00e-04	Loss: 1.328
Train Epoch: [  408/  500], Batch [     1/     1 (100%)]	Learning rate: 1.00e-04	Loss: 1.315
Train Epoch: [  409/  500], Batch [     1/     1 (100%)]	Learning rate: 1.00e-04	Loss: 1.309
Train Epoch: [  410/  500], Batch [     1/     1 (100%)]	Learning rate: 1.00e-04	Loss: 1.303
Train Epoch: [  410/  500], Batch [     1/     1 (100%)]	Learning rate: 1.00e-04	Loss: 1.290	Val Loss: 1.375
Train Epoch: [  411/  500], Batch [     1/     1 (100%)]	Learning rate: 1.00e-04	Loss: 1.297
Train Epoch: [  412/  500], Batch [     1/     1 (100%)]	Learning rate: 1.00e-04	Loss: 1.302
Train Epoch: [  413/  500], Batch [     1/     1 (100%)]	Learning rate: 1.00e-04	Loss: 1.298
Train Epoch: [  414/  500], Batch [     1/     1 (100%)]	Learning rate: 1.00e-04	Loss: 1.288
Train Epoch: [  415/  500], Batch [     1/     1 (100%)]	Learning rate: 1.00e-04	Loss: 1.280
Train Epoch: [  415/  500], Batch [     1/     1 (100%)]	Learning rate: 1.00e-04	Loss: 1.282	Val Loss: 1.365
Train Epoch: [  416/  500], Batch [     1/     1 (100%)]	Learning rate: 1.00e-04	Loss: 1.296
Train Epoch: [  417/  500], Batch [     1/     1 (100%)]	Learning rate: 1.00e-04	Loss: 1.270
Train Epoch: [  418/  500], Batch [     1/     1 (100%)]	Learning rate: 1.00e-04	Loss: 1.267
Train Epoch: [  419/  500], Batch [     1/     1 (100%)]	Learning rate: 1.00e-04	Loss: 1.278
Train Epoch: [  420/  500], Batch [     1/     1 (100%)]	Learning rate: 1.00e-04	Loss: 1.272
Train Epoch: [  420/  500], Batch [     1/     1 (100%)]	Learning rate: 1.00e-04	Loss: 1.283	Val Loss: 1.348
Train Epoch: [  421/  500], Batch [     1/     1 (100%)]	Learning rate: 1.00e-04	Loss: 1.262
Train Epoch: [  422/  500], Batch [     1/     1 (100%)]	Learning rate: 1.00e-04	Loss: 1.256
Train Epoch: [  423/  500], Batch [     1/     1 (100%)]	Learning rate: 1.00e-04	Loss: 1.274
Train Epoch: [  424/  500], Batch [     1/     1 (100%)]	Learning rate: 1.00e-04	Loss: 1.278
Train Epoch: [  425/  500], Batch [     1/     1 (100%)]	Learning rate: 1.00e-04	Loss: 1.253
Train Epoch: [  425/  500], Batch [     1/     1 (100%)]	Learning rate: 1.00e-04	Loss: 1.256	Val Loss: 1.336
Train Epoch: [  426/  500], Batch [     1/     1 (100%)]	Learning rate: 1.00e-04	Loss: 1.261
Train Epoch: [  427/  500], Batch [     1/     1 (100%)]	Learning rate: 1.00e-04	Loss: 1.266
Train Epoch: [  428/  500], Batch [     1/     1 (100%)]	Learning rate: 1.00e-04	Loss: 1.237
Train Epoch: [  429/  500], Batch [     1/     1 (100%)]	Learning rate: 1.00e-04	Loss: 1.242
Train Epoch: [  430/  500], Batch [     1/     1 (100%)]	Learning rate: 1.00e-04	Loss: 1.250
Train Epoch: [  430/  500], Batch [     1/     1 (100%)]	Learning rate: 1.00e-04	Loss: 1.238	Val Loss: 1.328
Train Epoch: [  431/  500], Batch [     1/     1 (100%)]	Learning rate: 1.00e-04	Loss: 1.237
Train Epoch: [  432/  500], Batch [     1/     1 (100%)]	Learning rate: 1.00e-04	Loss: 1.252
Train Epoch: [  433/  500], Batch [     1/     1 (100%)]	Learning rate: 1.00e-04	Loss: 1.246
Train Epoch: [  434/  500], Batch [     1/     1 (100%)]	Learning rate: 1.00e-04	Loss: 1.239
Train Epoch: [  435/  500], Batch [     1/     1 (100%)]	Learning rate: 1.00e-04	Loss: 1.226
Train Epoch: [  435/  500], Batch [     1/     1 (100%)]	Learning rate: 1.00e-04	Loss: 1.230	Val Loss: 1.309
Train Epoch: [  436/  500], Batch [     1/     1 (100%)]	Learning rate: 1.00e-04	Loss: 1.230
Train Epoch: [  437/  500], Batch [     1/     1 (100%)]	Learning rate: 1.00e-04	Loss: 1.241
Train Epoch: [  438/  500], Batch [     1/     1 (100%)]	Learning rate: 1.00e-04	Loss: 1.224
Train Epoch: [  439/  500], Batch [     1/     1 (100%)]	Learning rate: 1.00e-04	Loss: 1.229
Train Epoch: [  440/  500], Batch [     1/     1 (100%)]	Learning rate: 1.00e-04	Loss: 1.228
Train Epoch: [  440/  500], Batch [     1/     1 (100%)]	Learning rate: 1.00e-04	Loss: 1.233	Val Loss: 1.293
Train Epoch: [  441/  500], Batch [     1/     1 (100%)]	Learning rate: 1.00e-04	Loss: 1.221
Train Epoch: [  442/  500], Batch [     1/     1 (100%)]	Learning rate: 1.00e-04	Loss: 1.253
Train Epoch: [  443/  500], Batch [     1/     1 (100%)]	Learning rate: 1.00e-04	Loss: 1.227
Train Epoch: [  444/  500], Batch [     1/     1 (100%)]	Learning rate: 1.00e-04	Loss: 1.228
Train Epoch: [  445/  500], Batch [     1/     1 (100%)]	Learning rate: 1.00e-04	Loss: 1.234
Train Epoch: [  445/  500], Batch [     1/     1 (100%)]	Learning rate: 1.00e-04	Loss: 1.231	Val Loss: 1.303
Train Epoch: [  446/  500], Batch [     1/     1 (100%)]	Learning rate: 1.00e-04	Loss: 1.220
Train Epoch: [  447/  500], Batch [     1/     1 (100%)]	Learning rate: 1.00e-04	Loss: 1.223
Train Epoch: [  448/  500], Batch [     1/     1 (100%)]	Learning rate: 1.00e-04	Loss: 1.220
Train Epoch: [  449/  500], Batch [     1/     1 (100%)]	Learning rate: 1.00e-04	Loss: 1.202
Train Epoch: [  450/  500], Batch [     1/     1 (100%)]	Learning rate: 1.00e-04	Loss: 1.207
Train Epoch: [  450/  500], Batch [     1/     1 (100%)]	Learning rate: 1.00e-04	Loss: 1.228	Val Loss: 1.290
Train Epoch: [  451/  500], Batch [     1/     1 (100%)]	Learning rate: 1.00e-04	Loss: 1.216
Train Epoch: [  452/  500], Batch [     1/     1 (100%)]	Learning rate: 1.00e-04	Loss: 1.228
Train Epoch: [  453/  500], Batch [     1/     1 (100%)]	Learning rate: 1.00e-04	Loss: 1.250
Train Epoch: [  454/  500], Batch [     1/     1 (100%)]	Learning rate: 1.00e-04	Loss: 1.215
Train Epoch: [  455/  500], Batch [     1/     1 (100%)]	Learning rate: 1.00e-04	Loss: 1.215
Train Epoch: [  455/  500], Batch [     1/     1 (100%)]	Learning rate: 1.00e-04	Loss: 1.230	Val Loss: 1.287
Train Epoch: [  456/  500], Batch [     1/     1 (100%)]	Learning rate: 1.00e-04	Loss: 1.210
Train Epoch: [  457/  500], Batch [     1/     1 (100%)]	Learning rate: 1.00e-04	Loss: 1.222
Train Epoch: [  458/  500], Batch [     1/     1 (100%)]	Learning rate: 1.00e-04	Loss: 1.224
Train Epoch: [  459/  500], Batch [     1/     1 (100%)]	Learning rate: 1.00e-04	Loss: 1.202
Train Epoch: [  460/  500], Batch [     1/     1 (100%)]	Learning rate: 1.00e-04	Loss: 1.217
Train Epoch: [  460/  500], Batch [     1/     1 (100%)]	Learning rate: 1.00e-04	Loss: 1.219	Val Loss: 1.260
Train Epoch: [  461/  500], Batch [     1/     1 (100%)]	Learning rate: 1.00e-04	Loss: 1.199
Train Epoch: [  462/  500], Batch [     1/     1 (100%)]	Learning rate: 1.00e-04	Loss: 1.220
Train Epoch: [  463/  500], Batch [     1/     1 (100%)]	Learning rate: 1.00e-04	Loss: 1.212
Train Epoch: [  464/  500], Batch [     1/     1 (100%)]	Learning rate: 1.00e-04	Loss: 1.233
Train Epoch: [  465/  500], Batch [     1/     1 (100%)]	Learning rate: 1.00e-04	Loss: 1.209
Train Epoch: [  465/  500], Batch [     1/     1 (100%)]	Learning rate: 1.00e-04	Loss: 1.214	Val Loss: 1.282
Train Epoch: [  466/  500], Batch [     1/     1 (100%)]	Learning rate: 1.00e-04	Loss: 1.224
Train Epoch: [  467/  500], Batch [     1/     1 (100%)]	Learning rate: 1.00e-04	Loss: 1.218
Train Epoch: [  468/  500], Batch [     1/     1 (100%)]	Learning rate: 1.00e-04	Loss: 1.214
Train Epoch: [  469/  500], Batch [     1/     1 (100%)]	Learning rate: 1.00e-04	Loss: 1.211
Train Epoch: [  470/  500], Batch [     1/     1 (100%)]	Learning rate: 1.00e-04	Loss: 1.194
Train Epoch: [  470/  500], Batch [     1/     1 (100%)]	Learning rate: 1.00e-04	Loss: 1.203	Val Loss: 1.277
Train Epoch: [  471/  500], Batch [     1/     1 (100%)]	Learning rate: 1.00e-04	Loss: 1.221
Train Epoch: [  472/  500], Batch [     1/     1 (100%)]	Learning rate: 1.00e-04	Loss: 1.219
Train Epoch: [  473/  500], Batch [     1/     1 (100%)]	Learning rate: 1.00e-04	Loss: 1.210
Train Epoch: [  474/  500], Batch [     1/     1 (100%)]	Learning rate: 1.00e-04	Loss: 1.211
Train Epoch: [  475/  500], Batch [     1/     1 (100%)]	Learning rate: 1.00e-04	Loss: 1.218
Train Epoch: [  475/  500], Batch [     1/     1 (100%)]	Learning rate: 1.00e-04	Loss: 1.209	Val Loss: 1.270
Train Epoch: [  476/  500], Batch [     1/     1 (100%)]	Learning rate: 1.00e-04	Loss: 1.212
Train Epoch: [  477/  500], Batch [     1/     1 (100%)]	Learning rate: 1.00e-04	Loss: 1.206
Train Epoch: [  478/  500], Batch [     1/     1 (100%)]	Learning rate: 1.00e-04	Loss: 1.214
Train Epoch: [  479/  500], Batch [     1/     1 (100%)]	Learning rate: 1.00e-04	Loss: 1.212
Train Epoch: [  480/  500], Batch [     1/     1 (100%)]	Learning rate: 1.00e-04	Loss: 1.210
Train Epoch: [  480/  500], Batch [     1/     1 (100%)]	Learning rate: 1.00e-04	Loss: 1.208	Val Loss: 1.262
Train Epoch: [  481/  500], Batch [     1/     1 (100%)]	Learning rate: 1.00e-04	Loss: 1.200
Train Epoch: [  482/  500], Batch [     1/     1 (100%)]	Learning rate: 1.00e-04	Loss: 1.205
Train Epoch: [  483/  500], Batch [     1/     1 (100%)]	Learning rate: 1.00e-04	Loss: 1.183
Train Epoch: [  484/  500], Batch [     1/     1 (100%)]	Learning rate: 1.00e-04	Loss: 1.201
Train Epoch: [  485/  500], Batch [     1/     1 (100%)]	Learning rate: 1.00e-04	Loss: 1.204
Train Epoch: [  485/  500], Batch [     1/     1 (100%)]	Learning rate: 1.00e-04	Loss: 1.209	Val Loss: 1.262
Train Epoch: [  486/  500], Batch [     1/     1 (100%)]	Learning rate: 1.00e-04	Loss: 1.201
Train Epoch: [  487/  500], Batch [     1/     1 (100%)]	Learning rate: 1.00e-04	Loss: 1.202
Train Epoch: [  488/  500], Batch [     1/     1 (100%)]	Learning rate: 1.00e-04	Loss: 1.220
Train Epoch: [  489/  500], Batch [     1/     1 (100%)]	Learning rate: 1.00e-04	Loss: 1.204
Train Epoch: [  490/  500], Batch [     1/     1 (100%)]	Learning rate: 1.00e-04	Loss: 1.206
Train Epoch: [  490/  500], Batch [     1/     1 (100%)]	Learning rate: 1.00e-04	Loss: 1.197	Val Loss: 1.263
Model parameters: 69622
