Train Epoch: [    0/  500], Batch [     1/     1 (100%)]	Learning rate: 1.00e-03	Loss: 43.705
Train Epoch: [    0/  500], Batch [     1/     1 (100%)]	Learning rate: 1.00e-03	Loss: 42.218	Val Loss: 41.049
Train Epoch: [    1/  500], Batch [     1/     1 (100%)]	Learning rate: 1.00e-03	Loss: 42.219
Train Epoch: [    2/  500], Batch [     1/     1 (100%)]	Learning rate: 1.00e-03	Loss: 40.830
Train Epoch: [    3/  500], Batch [     1/     1 (100%)]	Learning rate: 1.00e-03	Loss: 39.356
Train Epoch: [    4/  500], Batch [     1/     1 (100%)]	Learning rate: 1.00e-03	Loss: 37.784
Train Epoch: [    5/  500], Batch [     1/     1 (100%)]	Learning rate: 1.00e-03	Loss: 36.075
Train Epoch: [    5/  500], Batch [     1/     1 (100%)]	Learning rate: 1.00e-03	Loss: 34.291	Val Loss: 33.390
Train Epoch: [    6/  500], Batch [     1/     1 (100%)]	Learning rate: 1.00e-03	Loss: 34.291
Train Epoch: [    7/  500], Batch [     1/     1 (100%)]	Learning rate: 1.00e-03	Loss: 32.366
Train Epoch: [    8/  500], Batch [     1/     1 (100%)]	Learning rate: 1.00e-03	Loss: 30.330
Train Epoch: [    9/  500], Batch [     1/     1 (100%)]	Learning rate: 1.00e-03	Loss: 28.222
Train Epoch: [   10/  500], Batch [     1/     1 (100%)]	Learning rate: 1.00e-03	Loss: 26.017
Train Epoch: [   10/  500], Batch [     1/     1 (100%)]	Learning rate: 1.00e-03	Loss: 23.769	Val Loss: 23.223
Train Epoch: [   11/  500], Batch [     1/     1 (100%)]	Learning rate: 1.00e-03	Loss: 23.754
Train Epoch: [   12/  500], Batch [     1/     1 (100%)]	Learning rate: 1.00e-03	Loss: 21.497
Python 3.7.6 (default, Jan  8 2020, 19:59:22) 
[GCC 7.3.0] on linux
Traceback (most recent call last):
  File "/home/daniel/05_PhD/00_Research/01_Projects/03_LearningDynamics/DeepSSM_SysID/main_single.py", line 141, in <module>
    run_main_single(options, path_general, file_name_general)
  File "/home/daniel/05_PhD/00_Research/01_Projects/03_LearningDynamics/DeepSSM_SysID/main_single.py", line 62, in run_main_single
    test_batch_size=options["test_options"].batch_size, )
  File "/home/daniel/05_PhD/00_Research/01_Projects/03_LearningDynamics/DeepSSM_SysID/data/loader.py", line 31, in load_dataset
    **kwargs)
  File "/home/daniel/05_PhD/00_Research/01_Projects/03_LearningDynamics/DeepSSM_SysID/data/narendra_li.py", line 70, in create_narendra_li_datasets
    dataset_train = IODataset(u_train, y_train, seq_len_train)
KeyboardInterrupt
Python 3.7.6 (default, Jan  8 2020, 19:59:22) 
[GCC 7.3.0] on linux
5000
Traceback (most recent call last):
  File "/home/daniel/05_PhD/00_Research/01_Projects/03_LearningDynamics/DeepSSM_SysID/main_single.py", line 141, in <module>
    run_main_single(options, path_general, file_name_general)
  File "/home/daniel/05_PhD/00_Research/01_Projects/03_LearningDynamics/DeepSSM_SysID/main_single.py", line 62, in run_main_single
    test_batch_size=options["test_options"].batch_size, )
  File "/home/daniel/05_PhD/00_Research/01_Projects/03_LearningDynamics/DeepSSM_SysID/data/loader.py", line 31, in load_dataset
    **kwargs)
  File "/home/daniel/05_PhD/00_Research/01_Projects/03_LearningDynamics/DeepSSM_SysID/data/narendra_li.py", line 67, in create_narendra_li_datasets
    y_train = run_narendra_li_sim(u_train) + sigma_out * np.random.randn(1, k_max_train)
KeyboardInterrupt
Python 3.7.6 (default, Jan  8 2020, 19:59:22) 
[GCC 7.3.0] on linux
(5000, 1)
(100000, 1)
Traceback (most recent call last):
  File "/home/daniel/05_PhD/00_Research/01_Projects/03_LearningDynamics/DeepSSM_SysID/main_single.py", line 141, in <module>
    run_main_single(options, path_general, file_name_general)
  File "/home/daniel/05_PhD/00_Research/01_Projects/03_LearningDynamics/DeepSSM_SysID/main_single.py", line 62, in run_main_single
    test_batch_size=options["test_options"].batch_size, )
  File "/home/daniel/05_PhD/00_Research/01_Projects/03_LearningDynamics/DeepSSM_SysID/data/loader.py", line 31, in load_dataset
    **kwargs)
  File "/home/daniel/05_PhD/00_Research/01_Projects/03_LearningDynamics/DeepSSM_SysID/data/narendra_li.py", line 77, in create_narendra_li_datasets
    dataset_train = IODataset(u_train, y_train, seq_len_train)
KeyboardInterrupt
Train Epoch: [    0/  500], Batch [     1/     1 (100%)]	Learning rate: 1.00e-03	Loss: 43.663
Train Epoch: [    0/  500], Batch [     1/     1 (100%)]	Learning rate: 1.00e-03	Loss: 42.178	Val Loss: 40.370
Train Epoch: [    1/  500], Batch [     1/     1 (100%)]	Learning rate: 1.00e-03	Loss: 42.180
Train Epoch: [    2/  500], Batch [     1/     1 (100%)]	Learning rate: 1.00e-03	Loss: 40.792
