Total number of search points: 4

Current run: h=30, z=15, n=1

Model parameters: 21722
Marginal Likelihood / point = -138.516
VAF = 0.000%
RMSE y1 = 0.238
Python 3.7.6 (default, Jan  8 2020, 19:59:22) 
[GCC 7.3.0] on linux
{'h_dim': 30, 'z_dim': 15, 'n_layers': 1, 'seq_len_train': 64, 'batch_size': 128, 'lr_scheduler_nepochs': 5.0, 'lr_scheduler_factor': 10, 'model_param': 21722, 'marginal_likeli': array(-138.51594966), 'vaf': 0, 'rmse': array([0.2375461])}
Model parameters: 21722
Marginal Likelihood / point = -110.425
VAF = 0.000%
RMSE y1 = 0.213
array([0.21331702])
{'h_dim': 30, 'z_dim': 15, 'n_layers': 1, 'seq_len_train': 64, 'batch_size': 128, 'lr_scheduler_nepochs': 5.0, 'lr_scheduler_factor': 10, 'model_param': 21722, 'marginal_likeli': array(-110.42486849), 'vaf': 0, 'rmse': array([0.21331702])}
{'h_dim': 30, 'z_dim': 15, 'n_layers': 1, 'seq_len_train': 64, 'batch_size': 128, 'lr_scheduler_nepochs': 5.0, 'lr_scheduler_factor': 10, 'model_param': 21722, 'marginal_likeli': array(-110.42486849), 'vaf': 0, 'rmse': array([0.21331702])}
{'h_dim': 30, 'z_dim': 15, 'n_layers': 1, 'seq_len_train': 64, 'batch_size': 128, 'lr_scheduler_nepochs': 5.0, 'lr_scheduler_factor': 10, 'model_param': 21722, 'marginal_likeli': array(-110.42486849), 'vaf': 0, 'rmse': array([0.21331702])}
Traceback (most recent call last):
  File "/home/daniel/05_PhD/00_Research/01_Projects/03_LearningDynamics/DeepSSM_SysID/final_wiener_hammerstein.py", line 187, in <module>
    all_vaf_multisine[i1, i2, i3] = df_multisine['vaf']
KeyboardInterrupt
Total number of search points: 4

Current run: h=30, z=15, n=1

Python 3.7.6 (default, Jan  8 2020, 19:59:22) 
[GCC 7.3.0] on linux
{}
Traceback (most recent call last):
  File "/home/daniel/05_PhD/00_Research/01_Projects/03_LearningDynamics/DeepSSM_SysID/final_wiener_hammerstein.py", line 182, in <module>
    df_multisine = test.run_test(options, loaders_multisine, df, path_general, file_name, **kwargs)
KeyboardInterrupt
Total number of search points: 4

Current run: h=30, z=15, n=1

Model parameters: 21722
Marginal Likelihood / point = -138.516
VAF = 0.000%
RMSE y1 = 0.238
Model parameters: 21722
Marginal Likelihood / point = -110.425
VAF = 0.000%
RMSE y1 = 0.213
{'h_dim': 30, 'z_dim': 15, 'n_layers': 1, 'seq_len_train': 64, 'batch_size': 128, 'lr_scheduler_nepochs': 5.0, 'lr_scheduler_factor': 10, 'model_param': 21722, 'marginal_likeli': array(-138.51594966), 'vaf': 0, 'rmse': array([0.2375461])}
{'h_dim': 30, 'z_dim': 15, 'n_layers': 1, 'seq_len_train': 64, 'batch_size': 128, 'lr_scheduler_nepochs': 5.0, 'lr_scheduler_factor': 10, 'model_param': 21722, 'marginal_likeli': array(-110.42486849), 'vaf': 0, 'rmse': array([0.21331702])}
Traceback (most recent call last):
  File "/home/daniel/05_PhD/00_Research/01_Projects/03_LearningDynamics/DeepSSM_SysID/final_wiener_hammerstein.py", line 187, in <module>
    all_vaf_multisine[i1, i2, i3] = df_multisine['vaf']
KeyboardInterrupt
Total number of search points: 4

Current run: h=30, z=15, n=1

Model parameters: 21722
Marginal Likelihood / point = -138.516
VAF = 0.000%
RMSE y1 = 0.238
Model parameters: 21722
Marginal Likelihood / point = -110.425
VAF = 0.000%
RMSE y1 = 0.213

Current run: h=40, z=15, n=1

Model parameters: 37342
Marginal Likelihood / point = -108.006
VAF = 0.000%
RMSE y1 = 0.205
Model parameters: 37342
Marginal Likelihood / point = -195.762
VAF = 0.000%
RMSE y1 = 0.274

Current run: h=50, z=15, n=1

Model parameters: 57162
Marginal Likelihood / point = -49.751
VAF = 0.000%
RMSE y1 = 0.142
Model parameters: 57162
Marginal Likelihood / point = -33.749
VAF = 0.000%
RMSE y1 = 0.118

Current run: h=60, z=15, n=1

Model parameters: 81182
Marginal Likelihood / point = -59.548
VAF = 0.000%
RMSE y1 = 0.154
Model parameters: 81182
Total number of search points: 4

Current run: h=30, z=15, n=1

Model parameters: 21722
Marginal Likelihood / point = -138.516
VAF = 0.000%
RMSE y1 = 0.238
Model parameters: 21722
Marginal Likelihood / point = -110.425
VAF = 0.000%
RMSE y1 = 0.213

Current run: h=40, z=15, n=1

Model parameters: 37342
Marginal Likelihood / point = -108.006
VAF = 0.000%
RMSE y1 = 0.205
Model parameters: 37342
Marginal Likelihood / point = -195.762
VAF = 0.000%
RMSE y1 = 0.274

Current run: h=50, z=15, n=1

Model parameters: 57162
Marginal Likelihood / point = -49.751
VAF = 0.000%
RMSE y1 = 0.142
Model parameters: 57162
Marginal Likelihood / point = -33.749
VAF = 0.000%
RMSE y1 = 0.118

Current run: h=60, z=15, n=1

Model parameters: 81182
Marginal Likelihood / point = -59.548
VAF = 0.000%
RMSE y1 = 0.154
Model parameters: 81182
Total number of search points: 4

Current run: h=30, z=15, n=1

Model parameters: 21722
Total number of search points: 4

Current run: h=30, z=15, n=1

Model parameters: 21722
Marginal Likelihood / point = -138.516
VAF = 0.000%
RMSE y1 = 0.238
Model parameters: 21722
Marginal Likelihood / point = -110.425
VAF = 0.000%
RMSE y1 = 0.213

Current run: h=40, z=15, n=1

Model parameters: 37342
Marginal Likelihood / point = -108.006
VAF = 0.000%
RMSE y1 = 0.205
Model parameters: 37342
Marginal Likelihood / point = -195.762
VAF = 0.000%
RMSE y1 = 0.274

Current run: h=50, z=15, n=1

Model parameters: 57162
Marginal Likelihood / point = -49.751
VAF = 0.000%
RMSE y1 = 0.142
Model parameters: 57162
Marginal Likelihood / point = -33.749
VAF = 0.000%
RMSE y1 = 0.118

Current run: h=60, z=15, n=1

Model parameters: 81182
Marginal Likelihood / point = -59.548
VAF = 0.000%
RMSE y1 = 0.154
Model parameters: 81182
