Train Epoch: [    0/  500], Batch [     1/     1 (100%)]	Learning rate: 1.00e-03	Loss: 3.235
Train Epoch: [    0/  500], Batch [     1/     1 (100%)]	Learning rate: 1.00e-03	Loss: 3.190	Val Loss: 3.209
Train Epoch: [    1/  500], Batch [     1/     1 (100%)]	Learning rate: 1.00e-03	Loss: 3.191
Train Epoch: [    2/  500], Batch [     1/     1 (100%)]	Learning rate: 1.00e-03	Loss: 3.159
Train Epoch: [    3/  500], Batch [     1/     1 (100%)]	Learning rate: 1.00e-03	Loss: 3.139
Train Epoch: [    4/  500], Batch [     1/     1 (100%)]	Learning rate: 1.00e-03	Loss: 3.125
Train Epoch: [    5/  500], Batch [     1/     1 (100%)]	Learning rate: 1.00e-03	Loss: 3.116
Train Epoch: [    5/  500], Batch [     1/     1 (100%)]	Learning rate: 1.00e-03	Loss: 3.110	Val Loss: 3.126
Train Epoch: [    6/  500], Batch [     1/     1 (100%)]	Learning rate: 1.00e-03	Loss: 3.111
Train Epoch: [    7/  500], Batch [     1/     1 (100%)]	Learning rate: 1.00e-03	Loss: 3.108
Train Epoch: [    8/  500], Batch [     1/     1 (100%)]	Learning rate: 1.00e-03	Loss: 3.106
Train Epoch: [    9/  500], Batch [     1/     1 (100%)]	Learning rate: 1.00e-03	Loss: 3.105
Train Epoch: [   10/  500], Batch [     1/     1 (100%)]	Learning rate: 1.00e-03	Loss: 3.104
Train Epoch: [   10/  500], Batch [     1/     1 (100%)]	Learning rate: 1.00e-03	Loss: 3.102	Val Loss: 3.119
Train Epoch: [   11/  500], Batch [     1/     1 (100%)]	Learning rate: 1.00e-03	Loss: 3.103
Train Epoch: [   12/  500], Batch [     1/     1 (100%)]	Learning rate: 1.00e-03	Loss: 3.099
Train Epoch: [   13/  500], Batch [     1/     1 (100%)]	Learning rate: 1.00e-03	Loss: 3.098
Train Epoch: [   14/  500], Batch [     1/     1 (100%)]	Learning rate: 1.00e-03	Loss: 3.097
Train Epoch: [   15/  500], Batch [     1/     1 (100%)]	Learning rate: 1.00e-03	Loss: 3.097
Train Epoch: [   15/  500], Batch [     1/     1 (100%)]	Learning rate: 1.00e-03	Loss: 3.096	Val Loss: 3.111
Train Epoch: [   16/  500], Batch [     1/     1 (100%)]	Learning rate: 1.00e-03	Loss: 3.095
Train Epoch: [   17/  500], Batch [     1/     1 (100%)]	Learning rate: 1.00e-03	Loss: 3.094
Train Epoch: [   18/  500], Batch [     1/     1 (100%)]	Learning rate: 1.00e-03	Loss: 3.091
Train Epoch: [   19/  500], Batch [     1/     1 (100%)]	Learning rate: 1.00e-03	Loss: 3.093
Train Epoch: [   20/  500], Batch [     1/     1 (100%)]	Learning rate: 1.00e-03	Loss: 3.094
Train Epoch: [   20/  500], Batch [     1/     1 (100%)]	Learning rate: 1.00e-03	Loss: 3.091	Val Loss: 3.110
Train Epoch: [   21/  500], Batch [     1/     1 (100%)]	Learning rate: 1.00e-03	Loss: 3.091
Train Epoch: [   22/  500], Batch [     1/     1 (100%)]	Learning rate: 1.00e-03	Loss: 3.094
Train Epoch: [   23/  500], Batch [     1/     1 (100%)]	Learning rate: 1.00e-03	Loss: 3.090
Train Epoch: [   24/  500], Batch [     1/     1 (100%)]	Learning rate: 1.00e-03	Loss: 3.089
Train Epoch: [   25/  500], Batch [     1/     1 (100%)]	Learning rate: 1.00e-03	Loss: 3.089
Train Epoch: [   25/  500], Batch [     1/     1 (100%)]	Learning rate: 1.00e-03	Loss: 3.083	Val Loss: 3.099
Train Epoch: [   26/  500], Batch [     1/     1 (100%)]	Learning rate: 1.00e-03	Loss: 3.086
Train Epoch: [   27/  500], Batch [     1/     1 (100%)]	Learning rate: 1.00e-03	Loss: 3.084
Train Epoch: [   28/  500], Batch [     1/     1 (100%)]	Learning rate: 1.00e-03	Loss: 3.080
Train Epoch: [   29/  500], Batch [     1/     1 (100%)]	Learning rate: 1.00e-03	Loss: 3.075
Train Epoch: [   30/  500], Batch [     1/     1 (100%)]	Learning rate: 1.00e-03	Loss: 3.070
Train Epoch: [   30/  500], Batch [     1/     1 (100%)]	Learning rate: 1.00e-03	Loss: 3.061	Val Loss: 3.079
Train Epoch: [   31/  500], Batch [     1/     1 (100%)]	Learning rate: 1.00e-03	Loss: 3.055
Train Epoch: [   32/  500], Batch [     1/     1 (100%)]	Learning rate: 1.00e-03	Loss: 3.047
Train Epoch: [   33/  500], Batch [     1/     1 (100%)]	Learning rate: 1.00e-03	Loss: 3.034
Train Epoch: [   34/  500], Batch [     1/     1 (100%)]	Learning rate: 1.00e-03	Loss: 3.013
Train Epoch: [   35/  500], Batch [     1/     1 (100%)]	Learning rate: 1.00e-03	Loss: 2.993
Train Epoch: [   35/  500], Batch [     1/     1 (100%)]	Learning rate: 1.00e-03	Loss: 2.975	Val Loss: 2.975
Train Epoch: [   36/  500], Batch [     1/     1 (100%)]	Learning rate: 1.00e-03	Loss: 2.950
Train Epoch: [   37/  500], Batch [     1/     1 (100%)]	Learning rate: 1.00e-03	Loss: 2.932
Train Epoch: [   38/  500], Batch [     1/     1 (100%)]	Learning rate: 1.00e-03	Loss: 2.869
Train Epoch: [   39/  500], Batch [     1/     1 (100%)]	Learning rate: 1.00e-03	Loss: 2.802
Train Epoch: [   40/  500], Batch [     1/     1 (100%)]	Learning rate: 1.00e-03	Loss: 2.745
Train Epoch: [   40/  500], Batch [     1/     1 (100%)]	Learning rate: 1.00e-03	Loss: 2.665	Val Loss: 2.666
Train Epoch: [   41/  500], Batch [     1/     1 (100%)]	Learning rate: 1.00e-03	Loss: 2.662
Train Epoch: [   42/  500], Batch [     1/     1 (100%)]	Learning rate: 1.00e-03	Loss: 2.568
Train Epoch: [   43/  500], Batch [     1/     1 (100%)]	Learning rate: 1.00e-03	Loss: 2.507
Train Epoch: [   44/  500], Batch [     1/     1 (100%)]	Learning rate: 1.00e-03	Loss: 2.459
Train Epoch: [   45/  500], Batch [     1/     1 (100%)]	Learning rate: 1.00e-03	Loss: 2.410
Train Epoch: [   45/  500], Batch [     1/     1 (100%)]	Learning rate: 1.00e-03	Loss: 2.421	Val Loss: 2.393
Train Epoch: [   46/  500], Batch [     1/     1 (100%)]	Learning rate: 1.00e-03	Loss: 2.411
Train Epoch: [   47/  500], Batch [     1/     1 (100%)]	Learning rate: 1.00e-03	Loss: 2.428
Train Epoch: [   48/  500], Batch [     1/     1 (100%)]	Learning rate: 1.00e-03	Loss: 2.385
Train Epoch: [   49/  500], Batch [     1/     1 (100%)]	Learning rate: 1.00e-03	Loss: 2.389
Train Epoch: [   50/  500], Batch [     1/     1 (100%)]	Learning rate: 1.00e-03	Loss: 2.325
Train Epoch: [   50/  500], Batch [     1/     1 (100%)]	Learning rate: 1.00e-03	Loss: 2.280	Val Loss: 2.314
Train Epoch: [   51/  500], Batch [     1/     1 (100%)]	Learning rate: 1.00e-03	Loss: 2.277
Train Epoch: [   52/  500], Batch [     1/     1 (100%)]	Learning rate: 1.00e-03	Loss: 2.280
Train Epoch: [   53/  500], Batch [     1/     1 (100%)]	Learning rate: 1.00e-03	Loss: 2.231
Train Epoch: [   54/  500], Batch [     1/     1 (100%)]	Learning rate: 1.00e-03	Loss: 2.231
Train Epoch: [   55/  500], Batch [     1/     1 (100%)]	Learning rate: 1.00e-03	Loss: 2.223
Train Epoch: [   55/  500], Batch [     1/     1 (100%)]	Learning rate: 1.00e-03	Loss: 2.204	Val Loss: 2.187
Train Epoch: [   56/  500], Batch [     1/     1 (100%)]	Learning rate: 1.00e-03	Loss: 2.208
Train Epoch: [   57/  500], Batch [     1/     1 (100%)]	Learning rate: 1.00e-03	Loss: 2.179
Train Epoch: [   58/  500], Batch [     1/     1 (100%)]	Learning rate: 1.00e-03	Loss: 2.167
Train Epoch: [   59/  500], Batch [     1/     1 (100%)]	Learning rate: 1.00e-03	Loss: 2.185
Train Epoch: [   60/  500], Batch [     1/     1 (100%)]	Learning rate: 1.00e-03	Loss: 2.174
Train Epoch: [   60/  500], Batch [     1/     1 (100%)]	Learning rate: 1.00e-03	Loss: 2.154	Val Loss: 2.159
Train Epoch: [   61/  500], Batch [     1/     1 (100%)]	Learning rate: 1.00e-03	Loss: 2.185
Train Epoch: [   62/  500], Batch [     1/     1 (100%)]	Learning rate: 1.00e-03	Loss: 2.151
Train Epoch: [   63/  500], Batch [     1/     1 (100%)]	Learning rate: 1.00e-03	Loss: 2.149
Train Epoch: [   64/  500], Batch [     1/     1 (100%)]	Learning rate: 1.00e-03	Loss: 2.140
Train Epoch: [   65/  500], Batch [     1/     1 (100%)]	Learning rate: 1.00e-03	Loss: 2.141
Train Epoch: [   65/  500], Batch [     1/     1 (100%)]	Learning rate: 1.00e-03	Loss: 2.132	Val Loss: 2.092
Train Epoch: [   66/  500], Batch [     1/     1 (100%)]	Learning rate: 1.00e-03	Loss: 2.143
Train Epoch: [   67/  500], Batch [     1/     1 (100%)]	Learning rate: 1.00e-03	Loss: 2.122
Train Epoch: [   68/  500], Batch [     1/     1 (100%)]	Learning rate: 1.00e-03	Loss: 2.112
Train Epoch: [   69/  500], Batch [     1/     1 (100%)]	Learning rate: 1.00e-03	Loss: 2.122
Train Epoch: [   70/  500], Batch [     1/     1 (100%)]	Learning rate: 1.00e-03	Loss: 2.087
Train Epoch: [   70/  500], Batch [     1/     1 (100%)]	Learning rate: 1.00e-03	Loss: 2.112	Val Loss: 2.106
Train Epoch: [   71/  500], Batch [     1/     1 (100%)]	Learning rate: 1.00e-03	Loss: 2.094
Train Epoch: [   72/  500], Batch [     1/     1 (100%)]	Learning rate: 1.00e-03	Loss: 2.080
Train Epoch: [   73/  500], Batch [     1/     1 (100%)]	Learning rate: 1.00e-03	Loss: 2.062
Train Epoch: [   74/  500], Batch [     1/     1 (100%)]	Learning rate: 1.00e-03	Loss: 2.088
Train Epoch: [   75/  500], Batch [     1/     1 (100%)]	Learning rate: 1.00e-03	Loss: 2.078
Train Epoch: [   75/  500], Batch [     1/     1 (100%)]	Learning rate: 1.00e-03	Loss: 2.074	Val Loss: 2.071
Train Epoch: [   76/  500], Batch [     1/     1 (100%)]	Learning rate: 1.00e-03	Loss: 2.083
Train Epoch: [   77/  500], Batch [     1/     1 (100%)]	Learning rate: 1.00e-03	Loss: 2.071
Train Epoch: [   78/  500], Batch [     1/     1 (100%)]	Learning rate: 1.00e-03	Loss: 2.062
Train Epoch: [   79/  500], Batch [     1/     1 (100%)]	Learning rate: 1.00e-03	Loss: 2.075
Train Epoch: [   80/  500], Batch [     1/     1 (100%)]	Learning rate: 1.00e-03	Loss: 2.043
Train Epoch: [   80/  500], Batch [     1/     1 (100%)]	Learning rate: 1.00e-03	Loss: 2.048	Val Loss: 2.048
Train Epoch: [   81/  500], Batch [     1/     1 (100%)]	Learning rate: 1.00e-03	Loss: 2.038
Train Epoch: [   82/  500], Batch [     1/     1 (100%)]	Learning rate: 1.00e-03	Loss: 2.047
Train Epoch: [   83/  500], Batch [     1/     1 (100%)]	Learning rate: 1.00e-03	Loss: 2.049
Train Epoch: [   84/  500], Batch [     1/     1 (100%)]	Learning rate: 1.00e-03	Loss: 2.035
Train Epoch: [   85/  500], Batch [     1/     1 (100%)]	Learning rate: 1.00e-03	Loss: 2.033
Train Epoch: [   85/  500], Batch [     1/     1 (100%)]	Learning rate: 1.00e-03	Loss: 2.035	Val Loss: 2.028
Train Epoch: [   86/  500], Batch [     1/     1 (100%)]	Learning rate: 1.00e-03	Loss: 2.040
Train Epoch: [   87/  500], Batch [     1/     1 (100%)]	Learning rate: 1.00e-03	Loss: 2.018
Train Epoch: [   88/  500], Batch [     1/     1 (100%)]	Learning rate: 1.00e-03	Loss: 2.019
Train Epoch: [   89/  500], Batch [     1/     1 (100%)]	Learning rate: 1.00e-03	Loss: 2.034
Train Epoch: [   90/  500], Batch [     1/     1 (100%)]	Learning rate: 1.00e-03	Loss: 2.019
Train Epoch: [   90/  500], Batch [     1/     1 (100%)]	Learning rate: 1.00e-03	Loss: 1.993	Val Loss: 2.003
Train Epoch: [   91/  500], Batch [     1/     1 (100%)]	Learning rate: 1.00e-03	Loss: 2.012
Train Epoch: [   92/  500], Batch [     1/     1 (100%)]	Learning rate: 1.00e-03	Loss: 2.017
Train Epoch: [   93/  500], Batch [     1/     1 (100%)]	Learning rate: 1.00e-03	Loss: 1.996
Train Epoch: [   94/  500], Batch [     1/     1 (100%)]	Learning rate: 1.00e-03	Loss: 2.000
Train Epoch: [   95/  500], Batch [     1/     1 (100%)]	Learning rate: 1.00e-03	Loss: 1.993
Train Epoch: [   95/  500], Batch [     1/     1 (100%)]	Learning rate: 1.00e-03	Loss: 1.998	Val Loss: 1.963
Train Epoch: [   96/  500], Batch [     1/     1 (100%)]	Learning rate: 1.00e-03	Loss: 1.983
Train Epoch: [   97/  500], Batch [     1/     1 (100%)]	Learning rate: 1.00e-03	Loss: 1.988
Train Epoch: [   98/  500], Batch [     1/     1 (100%)]	Learning rate: 1.00e-03	Loss: 1.994
Train Epoch: [   99/  500], Batch [     1/     1 (100%)]	Learning rate: 1.00e-03	Loss: 1.989
Train Epoch: [  100/  500], Batch [     1/     1 (100%)]	Learning rate: 1.00e-03	Loss: 1.989
Train Epoch: [  100/  500], Batch [     1/     1 (100%)]	Learning rate: 1.00e-03	Loss: 1.981	Val Loss: 1.973
Train Epoch: [  101/  500], Batch [     1/     1 (100%)]	Learning rate: 1.00e-03	Loss: 1.983
Train Epoch: [  102/  500], Batch [     1/     1 (100%)]	Learning rate: 1.00e-03	Loss: 1.985
Train Epoch: [  103/  500], Batch [     1/     1 (100%)]	Learning rate: 1.00e-03	Loss: 1.968
Train Epoch: [  104/  500], Batch [     1/     1 (100%)]	Learning rate: 1.00e-03	Loss: 1.974
Train Epoch: [  105/  500], Batch [     1/     1 (100%)]	Learning rate: 1.00e-03	Loss: 1.968
Train Epoch: [  105/  500], Batch [     1/     1 (100%)]	Learning rate: 1.00e-03	Loss: 1.978	Val Loss: 1.977
Train Epoch: [  106/  500], Batch [     1/     1 (100%)]	Learning rate: 1.00e-03	Loss: 1.965
Train Epoch: [  107/  500], Batch [     1/     1 (100%)]	Learning rate: 1.00e-03	Loss: 1.972
Train Epoch: [  108/  500], Batch [     1/     1 (100%)]	Learning rate: 1.00e-03	Loss: 1.959
Train Epoch: [  109/  500], Batch [     1/     1 (100%)]	Learning rate: 1.00e-03	Loss: 1.976
Train Epoch: [  110/  500], Batch [     1/     1 (100%)]	Learning rate: 1.00e-03	Loss: 1.969
Train Epoch: [  110/  500], Batch [     1/     1 (100%)]	Learning rate: 1.00e-03	Loss: 1.950	Val Loss: 1.962
Train Epoch: [  111/  500], Batch [     1/     1 (100%)]	Learning rate: 1.00e-03	Loss: 1.949
Train Epoch: [  112/  500], Batch [     1/     1 (100%)]	Learning rate: 1.00e-03	Loss: 1.943
Train Epoch: [  113/  500], Batch [     1/     1 (100%)]	Learning rate: 1.00e-03	Loss: 1.951
Train Epoch: [  114/  500], Batch [     1/     1 (100%)]	Learning rate: 1.00e-03	Loss: 1.929
Train Epoch: [  115/  500], Batch [     1/     1 (100%)]	Learning rate: 1.00e-03	Loss: 1.925
Train Epoch: [  115/  500], Batch [     1/     1 (100%)]	Learning rate: 1.00e-03	Loss: 1.954	Val Loss: 1.931
Train Epoch: [  116/  500], Batch [     1/     1 (100%)]	Learning rate: 1.00e-03	Loss: 1.934
Train Epoch: [  117/  500], Batch [     1/     1 (100%)]	Learning rate: 1.00e-03	Loss: 1.939
Train Epoch: [  118/  500], Batch [     1/     1 (100%)]	Learning rate: 1.00e-03	Loss: 1.937
Train Epoch: [  119/  500], Batch [     1/     1 (100%)]	Learning rate: 1.00e-03	Loss: 1.927
Train Epoch: [  120/  500], Batch [     1/     1 (100%)]	Learning rate: 1.00e-03	Loss: 1.925
Train Epoch: [  120/  500], Batch [     1/     1 (100%)]	Learning rate: 1.00e-03	Loss: 1.937	Val Loss: 1.930
Train Epoch: [  121/  500], Batch [     1/     1 (100%)]	Learning rate: 1.00e-03	Loss: 1.924
Train Epoch: [  122/  500], Batch [     1/     1 (100%)]	Learning rate: 1.00e-03	Loss: 1.918
Train Epoch: [  123/  500], Batch [     1/     1 (100%)]	Learning rate: 1.00e-03	Loss: 1.936
Train Epoch: [  124/  500], Batch [     1/     1 (100%)]	Learning rate: 1.00e-03	Loss: 1.904
Train Epoch: [  125/  500], Batch [     1/     1 (100%)]	Learning rate: 1.00e-03	Loss: 1.926
Train Epoch: [  125/  500], Batch [     1/     1 (100%)]	Learning rate: 1.00e-03	Loss: 1.922	Val Loss: 1.918
Train Epoch: [  126/  500], Batch [     1/     1 (100%)]	Learning rate: 1.00e-03	Loss: 1.911
Train Epoch: [  127/  500], Batch [     1/     1 (100%)]	Learning rate: 1.00e-03	Loss: 1.905
Train Epoch: [  128/  500], Batch [     1/     1 (100%)]	Learning rate: 1.00e-03	Loss: 1.910
Train Epoch: [  129/  500], Batch [     1/     1 (100%)]	Learning rate: 1.00e-03	Loss: 1.904
Train Epoch: [  130/  500], Batch [     1/     1 (100%)]	Learning rate: 1.00e-03	Loss: 1.893
Train Epoch: [  130/  500], Batch [     1/     1 (100%)]	Learning rate: 1.00e-03	Loss: 1.887	Val Loss: 1.886
Train Epoch: [  131/  500], Batch [     1/     1 (100%)]	Learning rate: 1.00e-03	Loss: 1.891
Train Epoch: [  132/  500], Batch [     1/     1 (100%)]	Learning rate: 1.00e-03	Loss: 1.889
Train Epoch: [  133/  500], Batch [     1/     1 (100%)]	Learning rate: 1.00e-03	Loss: 1.880
Train Epoch: [  134/  500], Batch [     1/     1 (100%)]	Learning rate: 1.00e-03	Loss: 1.895
Train Epoch: [  135/  500], Batch [     1/     1 (100%)]	Learning rate: 1.00e-03	Loss: 1.883
Train Epoch: [  135/  500], Batch [     1/     1 (100%)]	Learning rate: 1.00e-03	Loss: 1.882	Val Loss: 1.871
Train Epoch: [  136/  500], Batch [     1/     1 (100%)]	Learning rate: 1.00e-03	Loss: 1.867
Train Epoch: [  137/  500], Batch [     1/     1 (100%)]	Learning rate: 1.00e-03	Loss: 1.872
Train Epoch: [  138/  500], Batch [     1/     1 (100%)]	Learning rate: 1.00e-03	Loss: 1.878
Train Epoch: [  139/  500], Batch [     1/     1 (100%)]	Learning rate: 1.00e-03	Loss: 1.866
Train Epoch: [  140/  500], Batch [     1/     1 (100%)]	Learning rate: 1.00e-03	Loss: 1.861
Train Epoch: [  140/  500], Batch [     1/     1 (100%)]	Learning rate: 1.00e-03	Loss: 1.869	Val Loss: 1.864
Train Epoch: [  141/  500], Batch [     1/     1 (100%)]	Learning rate: 1.00e-03	Loss: 1.862
Train Epoch: [  142/  500], Batch [     1/     1 (100%)]	Learning rate: 1.00e-03	Loss: 1.840
Train Epoch: [  143/  500], Batch [     1/     1 (100%)]	Learning rate: 1.00e-03	Loss: 1.862
Train Epoch: [  144/  500], Batch [     1/     1 (100%)]	Learning rate: 1.00e-03	Loss: 1.832
Train Epoch: [  145/  500], Batch [     1/     1 (100%)]	Learning rate: 1.00e-03	Loss: 1.850
Train Epoch: [  145/  500], Batch [     1/     1 (100%)]	Learning rate: 1.00e-03	Loss: 1.847	Val Loss: 1.848
Train Epoch: [  146/  500], Batch [     1/     1 (100%)]	Learning rate: 1.00e-03	Loss: 1.844
Train Epoch: [  147/  500], Batch [     1/     1 (100%)]	Learning rate: 1.00e-03	Loss: 1.844
Train Epoch: [  148/  500], Batch [     1/     1 (100%)]	Learning rate: 1.00e-03	Loss: 1.830
Train Epoch: [  149/  500], Batch [     1/     1 (100%)]	Learning rate: 1.00e-03	Loss: 1.829
Train Epoch: [  150/  500], Batch [     1/     1 (100%)]	Learning rate: 1.00e-03	Loss: 1.828
Train Epoch: [  150/  500], Batch [     1/     1 (100%)]	Learning rate: 1.00e-03	Loss: 1.828	Val Loss: 1.825
Train Epoch: [  151/  500], Batch [     1/     1 (100%)]	Learning rate: 1.00e-03	Loss: 1.818
Train Epoch: [  152/  500], Batch [     1/     1 (100%)]	Learning rate: 1.00e-03	Loss: 1.829
Train Epoch: [  153/  500], Batch [     1/     1 (100%)]	Learning rate: 1.00e-03	Loss: 1.833
Train Epoch: [  154/  500], Batch [     1/     1 (100%)]	Learning rate: 1.00e-03	Loss: 1.825
Train Epoch: [  155/  500], Batch [     1/     1 (100%)]	Learning rate: 1.00e-03	Loss: 1.817
Train Epoch: [  155/  500], Batch [     1/     1 (100%)]	Learning rate: 1.00e-03	Loss: 1.811	Val Loss: 1.829
Train Epoch: [  156/  500], Batch [     1/     1 (100%)]	Learning rate: 1.00e-03	Loss: 1.811
Train Epoch: [  157/  500], Batch [     1/     1 (100%)]	Learning rate: 1.00e-03	Loss: 1.803
Train Epoch: [  158/  500], Batch [     1/     1 (100%)]	Learning rate: 1.00e-03	Loss: 1.815
Train Epoch: [  159/  500], Batch [     1/     1 (100%)]	Learning rate: 1.00e-03	Loss: 1.804
Train Epoch: [  160/  500], Batch [     1/     1 (100%)]	Learning rate: 1.00e-03	Loss: 1.810
Train Epoch: [  160/  500], Batch [     1/     1 (100%)]	Learning rate: 1.00e-03	Loss: 1.820	Val Loss: 1.829
Train Epoch: [  161/  500], Batch [     1/     1 (100%)]	Learning rate: 1.00e-03	Loss: 1.806
Train Epoch: [  162/  500], Batch [     1/     1 (100%)]	Learning rate: 1.00e-03	Loss: 1.807
Train Epoch: [  163/  500], Batch [     1/     1 (100%)]	Learning rate: 1.00e-03	Loss: 1.804
Train Epoch: [  164/  500], Batch [     1/     1 (100%)]	Learning rate: 1.00e-03	Loss: 1.800
Train Epoch: [  165/  500], Batch [     1/     1 (100%)]	Learning rate: 1.00e-03	Loss: 1.807
Train Epoch: [  165/  500], Batch [     1/     1 (100%)]	Learning rate: 1.00e-03	Loss: 1.799	Val Loss: 1.827
Train Epoch: [  166/  500], Batch [     1/     1 (100%)]	Learning rate: 1.00e-03	Loss: 1.798
Train Epoch: [  167/  500], Batch [     1/     1 (100%)]	Learning rate: 1.00e-03	Loss: 1.795
Train Epoch: [  168/  500], Batch [     1/     1 (100%)]	Learning rate: 1.00e-03	Loss: 1.785
Train Epoch: [  169/  500], Batch [     1/     1 (100%)]	Learning rate: 1.00e-03	Loss: 1.776
Train Epoch: [  170/  500], Batch [     1/     1 (100%)]	Learning rate: 1.00e-03	Loss: 1.787
Train Epoch: [  170/  500], Batch [     1/     1 (100%)]	Learning rate: 1.00e-03	Loss: 1.794	Val Loss: 1.785
Train Epoch: [  171/  500], Batch [     1/     1 (100%)]	Learning rate: 1.00e-03	Loss: 1.786
Train Epoch: [  172/  500], Batch [     1/     1 (100%)]	Learning rate: 1.00e-03	Loss: 1.782
Train Epoch: [  173/  500], Batch [     1/     1 (100%)]	Learning rate: 1.00e-03	Loss: 1.784
Train Epoch: [  174/  500], Batch [     1/     1 (100%)]	Learning rate: 1.00e-03	Loss: 1.777
Train Epoch: [  175/  500], Batch [     1/     1 (100%)]	Learning rate: 1.00e-03	Loss: 1.786
Train Epoch: [  175/  500], Batch [     1/     1 (100%)]	Learning rate: 1.00e-03	Loss: 1.778	Val Loss: 1.810
Train Epoch: [  176/  500], Batch [     1/     1 (100%)]	Learning rate: 1.00e-03	Loss: 1.787
Train Epoch: [  177/  500], Batch [     1/     1 (100%)]	Learning rate: 1.00e-03	Loss: 1.789
Train Epoch: [  178/  500], Batch [     1/     1 (100%)]	Learning rate: 1.00e-03	Loss: 1.778
Train Epoch: [  179/  500], Batch [     1/     1 (100%)]	Learning rate: 1.00e-03	Loss: 1.781
Train Epoch: [  180/  500], Batch [     1/     1 (100%)]	Learning rate: 1.00e-03	Loss: 1.773
Train Epoch: [  180/  500], Batch [     1/     1 (100%)]	Learning rate: 1.00e-03	Loss: 1.769	Val Loss: 1.802
Train Epoch: [  181/  500], Batch [     1/     1 (100%)]	Learning rate: 1.00e-03	Loss: 1.773
Train Epoch: [  182/  500], Batch [     1/     1 (100%)]	Learning rate: 1.00e-03	Loss: 1.779
Train Epoch: [  183/  500], Batch [     1/     1 (100%)]	Learning rate: 1.00e-03	Loss: 1.770
Train Epoch: [  184/  500], Batch [     1/     1 (100%)]	Learning rate: 1.00e-03	Loss: 1.773
Train Epoch: [  185/  500], Batch [     1/     1 (100%)]	Learning rate: 1.00e-03	Loss: 1.777
Train Epoch: [  185/  500], Batch [     1/     1 (100%)]	Learning rate: 1.00e-03	Loss: 1.772	Val Loss: 1.811
Train Epoch: [  186/  500], Batch [     1/     1 (100%)]	Learning rate: 1.00e-03	Loss: 1.772
Train Epoch: [  187/  500], Batch [     1/     1 (100%)]	Learning rate: 1.00e-03	Loss: 1.777
Train Epoch: [  188/  500], Batch [     1/     1 (100%)]	Learning rate: 1.00e-03	Loss: 1.766
Train Epoch: [  189/  500], Batch [     1/     1 (100%)]	Learning rate: 1.00e-03	Loss: 1.766
Train Epoch: [  190/  500], Batch [     1/     1 (100%)]	Learning rate: 1.00e-03	Loss: 1.769
Train Epoch: [  190/  500], Batch [     1/     1 (100%)]	Learning rate: 1.00e-03	Loss: 1.760	Val Loss: 1.804
Train Epoch: [  191/  500], Batch [     1/     1 (100%)]	Learning rate: 1.00e-03	Loss: 1.765
Train Epoch: [  192/  500], Batch [     1/     1 (100%)]	Learning rate: 1.00e-03	Loss: 1.766
Train Epoch: [  193/  500], Batch [     1/     1 (100%)]	Learning rate: 1.00e-03	Loss: 1.756
Train Epoch: [  194/  500], Batch [     1/     1 (100%)]	Learning rate: 1.00e-03	Loss: 1.762
Train Epoch: [  195/  500], Batch [     1/     1 (100%)]	Learning rate: 1.00e-03	Loss: 1.756
Train Epoch: [  195/  500], Batch [     1/     1 (100%)]	Learning rate: 1.00e-03	Loss: 1.756	Val Loss: 1.792
Train Epoch: [  196/  500], Batch [     1/     1 (100%)]	Learning rate: 1.00e-03	Loss: 1.763
Train Epoch: [  197/  500], Batch [     1/     1 (100%)]	Learning rate: 1.00e-03	Loss: 1.772
Train Epoch: [  198/  500], Batch [     1/     1 (100%)]	Learning rate: 1.00e-03	Loss: 1.765
Train Epoch: [  199/  500], Batch [     1/     1 (100%)]	Learning rate: 1.00e-03	Loss: 1.754
Train Epoch: [  200/  500], Batch [     1/     1 (100%)]	Learning rate: 1.00e-03	Loss: 1.747
Train Epoch: [  200/  500], Batch [     1/     1 (100%)]	Learning rate: 1.00e-03	Loss: 1.755	Val Loss: 1.801
Model parameters: 64642
Train Epoch: [    0/  500], Batch [     1/     1 (100%)]	Learning rate: 1.00e-03	Loss: 3.521
Train Epoch: [    0/  500], Batch [     1/     1 (100%)]	Learning rate: 1.00e-03	Loss: 3.219	Val Loss: 3.139
Train Epoch: [    1/  500], Batch [     1/     1 (100%)]	Learning rate: 1.00e-03	Loss: 3.219
Train Epoch: [    2/  500], Batch [     1/     1 (100%)]	Learning rate: 1.00e-03	Loss: 3.029
Train Epoch: [    3/  500], Batch [     1/     1 (100%)]	Learning rate: 1.00e-03	Loss: 2.906
Train Epoch: [    4/  500], Batch [     1/     1 (100%)]	Learning rate: 1.00e-03	Loss: 2.817
Train Epoch: [    5/  500], Batch [     1/     1 (100%)]	Learning rate: 1.00e-03	Loss: 2.749
Train Epoch: [    5/  500], Batch [     1/     1 (100%)]	Learning rate: 1.00e-03	Loss: 2.677	Val Loss: 2.623
Train Epoch: [    6/  500], Batch [     1/     1 (100%)]	Learning rate: 1.00e-03	Loss: 2.677
Train Epoch: [    7/  500], Batch [     1/     1 (100%)]	Learning rate: 1.00e-03	Loss: 2.616
Train Epoch: [    8/  500], Batch [     1/     1 (100%)]	Learning rate: 1.00e-03	Loss: 2.549
Train Epoch: [    9/  500], Batch [     1/     1 (100%)]	Learning rate: 1.00e-03	Loss: 2.485
Train Epoch: [   10/  500], Batch [     1/     1 (100%)]	Learning rate: 1.00e-03	Loss: 2.429
Train Epoch: [   10/  500], Batch [     1/     1 (100%)]	Learning rate: 1.00e-03	Loss: 2.373	Val Loss: 2.344
Train Epoch: [   11/  500], Batch [     1/     1 (100%)]	Learning rate: 1.00e-03	Loss: 2.375
Train Epoch: [   12/  500], Batch [     1/     1 (100%)]	Learning rate: 1.00e-03	Loss: 2.332
Train Epoch: [   13/  500], Batch [     1/     1 (100%)]	Learning rate: 1.00e-03	Loss: 2.288
Train Epoch: [   14/  500], Batch [     1/     1 (100%)]	Learning rate: 1.00e-03	Loss: 2.247
Train Epoch: [   15/  500], Batch [     1/     1 (100%)]	Learning rate: 1.00e-03	Loss: 2.226
Train Epoch: [   15/  500], Batch [     1/     1 (100%)]	Learning rate: 1.00e-03	Loss: 2.209	Val Loss: 2.183
Train Epoch: [   16/  500], Batch [     1/     1 (100%)]	Learning rate: 1.00e-03	Loss: 2.206
Train Epoch: [   17/  500], Batch [     1/     1 (100%)]	Learning rate: 1.00e-03	Loss: 2.193
Train Epoch: [   18/  500], Batch [     1/     1 (100%)]	Learning rate: 1.00e-03	Loss: 2.191
Train Epoch: [   19/  500], Batch [     1/     1 (100%)]	Learning rate: 1.00e-03	Loss: 2.185
Train Epoch: [   20/  500], Batch [     1/     1 (100%)]	Learning rate: 1.00e-03	Loss: 2.195
Train Epoch: [   20/  500], Batch [     1/     1 (100%)]	Learning rate: 1.00e-03	Loss: 2.198	Val Loss: 2.182
Train Epoch: [   21/  500], Batch [     1/     1 (100%)]	Learning rate: 1.00e-03	Loss: 2.195
Train Epoch: [   22/  500], Batch [     1/     1 (100%)]	Learning rate: 1.00e-03	Loss: 2.210
Train Epoch: [   23/  500], Batch [     1/     1 (100%)]	Learning rate: 1.00e-03	Loss: 2.217
Train Epoch: [   24/  500], Batch [     1/     1 (100%)]	Learning rate: 1.00e-03	Loss: 2.219
Train Epoch: [   25/  500], Batch [     1/     1 (100%)]	Learning rate: 1.00e-03	Loss: 2.219
Train Epoch: [   25/  500], Batch [     1/     1 (100%)]	Learning rate: 1.00e-03	Loss: 2.221	Val Loss: 2.212
Train Epoch: [   26/  500], Batch [     1/     1 (100%)]	Learning rate: 1.00e-03	Loss: 2.223
Train Epoch: [   27/  500], Batch [     1/     1 (100%)]	Learning rate: 1.00e-03	Loss: 2.215
Train Epoch: [   28/  500], Batch [     1/     1 (100%)]	Learning rate: 1.00e-03	Loss: 2.209
Train Epoch: [   29/  500], Batch [     1/     1 (100%)]	Learning rate: 1.00e-03	Loss: 2.204
Train Epoch: [   30/  500], Batch [     1/     1 (100%)]	Learning rate: 1.00e-03	Loss: 2.200
Train Epoch: [   30/  500], Batch [     1/     1 (100%)]	Learning rate: 1.00e-03	Loss: 2.192	Val Loss: 2.181
Train Epoch: [   31/  500], Batch [     1/     1 (100%)]	Learning rate: 1.00e-03	Loss: 2.194
Train Epoch: [   32/  500], Batch [     1/     1 (100%)]	Learning rate: 1.00e-03	Loss: 2.188
Train Epoch: [   33/  500], Batch [     1/     1 (100%)]	Learning rate: 1.00e-03	Loss: 2.185
Train Epoch: [   34/  500], Batch [     1/     1 (100%)]	Learning rate: 1.00e-03	Loss: 2.184
Train Epoch: [   35/  500], Batch [     1/     1 (100%)]	Learning rate: 1.00e-03	Loss: 2.178
Train Epoch: [   35/  500], Batch [     1/     1 (100%)]	Learning rate: 1.00e-03	Loss: 2.179	Val Loss: 2.162
Train Epoch: [   36/  500], Batch [     1/     1 (100%)]	Learning rate: 1.00e-03	Loss: 2.177
Train Epoch: [   37/  500], Batch [     1/     1 (100%)]	Learning rate: 1.00e-03	Loss: 2.175
Train Epoch: [   38/  500], Batch [     1/     1 (100%)]	Learning rate: 1.00e-03	Loss: 2.173
Train Epoch: [   39/  500], Batch [     1/     1 (100%)]	Learning rate: 1.00e-03	Loss: 2.175
Train Epoch: [   40/  500], Batch [     1/     1 (100%)]	Learning rate: 1.00e-03	Loss: 2.175
Train Epoch: [   40/  500], Batch [     1/     1 (100%)]	Learning rate: 1.00e-03	Loss: 2.179	Val Loss: 2.158
Train Epoch: [   41/  500], Batch [     1/     1 (100%)]	Learning rate: 1.00e-03	Loss: 2.177
Train Epoch: [   42/  500], Batch [     1/     1 (100%)]	Learning rate: 1.00e-03	Loss: 2.179
Train Epoch: [   43/  500], Batch [     1/     1 (100%)]	Learning rate: 1.00e-03	Loss: 2.179
Train Epoch: [   44/  500], Batch [     1/     1 (100%)]	Learning rate: 1.00e-03	Loss: 2.178
Train Epoch: [   45/  500], Batch [     1/     1 (100%)]	Learning rate: 1.00e-03	Loss: 2.182
Train Epoch: [   45/  500], Batch [     1/     1 (100%)]	Learning rate: 1.00e-03	Loss: 2.175	Val Loss: 2.159
Train Epoch: [   46/  500], Batch [     1/     1 (100%)]	Learning rate: 1.00e-03	Loss: 2.178
Train Epoch: [   47/  500], Batch [     1/     1 (100%)]	Learning rate: 1.00e-03	Loss: 2.177
Train Epoch: [   48/  500], Batch [     1/     1 (100%)]	Learning rate: 1.00e-03	Loss: 2.177
Train Epoch: [   49/  500], Batch [     1/     1 (100%)]	Learning rate: 1.00e-03	Loss: 2.176
Train Epoch: [   50/  500], Batch [     1/     1 (100%)]	Learning rate: 1.00e-03	Loss: 2.179
Train Epoch: [   50/  500], Batch [     1/     1 (100%)]	Learning rate: 1.00e-03	Loss: 2.175	Val Loss: 2.157
Train Epoch: [   51/  500], Batch [     1/     1 (100%)]	Learning rate: 1.00e-03	Loss: 2.175
Train Epoch: [   52/  500], Batch [     1/     1 (100%)]	Learning rate: 1.00e-03	Loss: 2.176
Train Epoch: [   53/  500], Batch [     1/     1 (100%)]	Learning rate: 1.00e-03	Loss: 2.170
Train Epoch: [   54/  500], Batch [     1/     1 (100%)]	Learning rate: 1.00e-03	Loss: 2.173
Train Epoch: [   55/  500], Batch [     1/     1 (100%)]	Learning rate: 1.00e-03	Loss: 2.171
Train Epoch: [   55/  500], Batch [     1/     1 (100%)]	Learning rate: 1.00e-03	Loss: 2.173	Val Loss: 2.153
Train Epoch: [   56/  500], Batch [     1/     1 (100%)]	Learning rate: 1.00e-03	Loss: 2.173
Train Epoch: [   57/  500], Batch [     1/     1 (100%)]	Learning rate: 1.00e-03	Loss: 2.169
Train Epoch: [   58/  500], Batch [     1/     1 (100%)]	Learning rate: 1.00e-03	Loss: 2.169
Train Epoch: [   59/  500], Batch [     1/     1 (100%)]	Learning rate: 1.00e-03	Loss: 2.169
Train Epoch: [   60/  500], Batch [     1/     1 (100%)]	Learning rate: 1.00e-03	Loss: 2.173
Train Epoch: [   60/  500], Batch [     1/     1 (100%)]	Learning rate: 1.00e-03	Loss: 2.172	Val Loss: 2.149
Train Epoch: [   61/  500], Batch [     1/     1 (100%)]	Learning rate: 1.00e-03	Loss: 2.172
Train Epoch: [   62/  500], Batch [     1/     1 (100%)]	Learning rate: 1.00e-03	Loss: 2.171
Train Epoch: [   63/  500], Batch [     1/     1 (100%)]	Learning rate: 1.00e-03	Loss: 2.171
Train Epoch: [   64/  500], Batch [     1/     1 (100%)]	Learning rate: 1.00e-03	Loss: 2.169
Train Epoch: [   65/  500], Batch [     1/     1 (100%)]	Learning rate: 1.00e-03	Loss: 2.168
Train Epoch: [   65/  500], Batch [     1/     1 (100%)]	Learning rate: 1.00e-03	Loss: 2.170	Val Loss: 2.154
Train Epoch: [   66/  500], Batch [     1/     1 (100%)]	Learning rate: 1.00e-03	Loss: 2.169
Train Epoch: [   67/  500], Batch [     1/     1 (100%)]	Learning rate: 1.00e-03	Loss: 2.170
Train Epoch: [   68/  500], Batch [     1/     1 (100%)]	Learning rate: 1.00e-03	Loss: 2.165
Train Epoch: [   69/  500], Batch [     1/     1 (100%)]	Learning rate: 1.00e-03	Loss: 2.168
Train Epoch: [   70/  500], Batch [     1/     1 (100%)]	Learning rate: 1.00e-03	Loss: 2.168
Train Epoch: [   70/  500], Batch [     1/     1 (100%)]	Learning rate: 1.00e-03	Loss: 2.167	Val Loss: 2.146
Train Epoch: [   71/  500], Batch [     1/     1 (100%)]	Learning rate: 1.00e-03	Loss: 2.166
Train Epoch: [   72/  500], Batch [     1/     1 (100%)]	Learning rate: 1.00e-03	Loss: 2.166
Train Epoch: [   73/  500], Batch [     1/     1 (100%)]	Learning rate: 1.00e-03	Loss: 2.166
Train Epoch: [   74/  500], Batch [     1/     1 (100%)]	Learning rate: 1.00e-03	Loss: 2.164
Train Epoch: [   75/  500], Batch [     1/     1 (100%)]	Learning rate: 1.00e-03	Loss: 2.170
Train Epoch: [   75/  500], Batch [     1/     1 (100%)]	Learning rate: 1.00e-03	Loss: 2.163	Val Loss: 2.147
Train Epoch: [   76/  500], Batch [     1/     1 (100%)]	Learning rate: 1.00e-03	Loss: 2.160
Train Epoch: [   77/  500], Batch [     1/     1 (100%)]	Learning rate: 1.00e-03	Loss: 2.164
Train Epoch: [   78/  500], Batch [     1/     1 (100%)]	Learning rate: 1.00e-03	Loss: 2.161
Train Epoch: [   79/  500], Batch [     1/     1 (100%)]	Learning rate: 1.00e-03	Loss: 2.161
Train Epoch: [   80/  500], Batch [     1/     1 (100%)]	Learning rate: 1.00e-03	Loss: 2.163
Train Epoch: [   80/  500], Batch [     1/     1 (100%)]	Learning rate: 1.00e-03	Loss: 2.161	Val Loss: 2.145
Train Epoch: [   81/  500], Batch [     1/     1 (100%)]	Learning rate: 1.00e-03	Loss: 2.161
Train Epoch: [   82/  500], Batch [     1/     1 (100%)]	Learning rate: 1.00e-03	Loss: 2.160
Train Epoch: [   83/  500], Batch [     1/     1 (100%)]	Learning rate: 1.00e-03	Loss: 2.159
Train Epoch: [   84/  500], Batch [     1/     1 (100%)]	Learning rate: 1.00e-03	Loss: 2.154
Train Epoch: [   85/  500], Batch [     1/     1 (100%)]	Learning rate: 1.00e-03	Loss: 2.158
Train Epoch: [   85/  500], Batch [     1/     1 (100%)]	Learning rate: 1.00e-03	Loss: 2.154	Val Loss: 2.139
Train Epoch: [   86/  500], Batch [     1/     1 (100%)]	Learning rate: 1.00e-03	Loss: 2.156
Train Epoch: [   87/  500], Batch [     1/     1 (100%)]	Learning rate: 1.00e-03	Loss: 2.156
Train Epoch: [   88/  500], Batch [     1/     1 (100%)]	Learning rate: 1.00e-03	Loss: 2.153
Train Epoch: [   89/  500], Batch [     1/     1 (100%)]	Learning rate: 1.00e-03	Loss: 2.150
Train Epoch: [   90/  500], Batch [     1/     1 (100%)]	Learning rate: 1.00e-03	Loss: 2.152
Train Epoch: [   90/  500], Batch [     1/     1 (100%)]	Learning rate: 1.00e-03	Loss: 2.148	Val Loss: 2.129
Train Epoch: [   91/  500], Batch [     1/     1 (100%)]	Learning rate: 1.00e-03	Loss: 2.143
Train Epoch: [   92/  500], Batch [     1/     1 (100%)]	Learning rate: 1.00e-03	Loss: 2.145
Train Epoch: [   93/  500], Batch [     1/     1 (100%)]	Learning rate: 1.00e-03	Loss: 2.146
Train Epoch: [   94/  500], Batch [     1/     1 (100%)]	Learning rate: 1.00e-03	Loss: 2.142
Train Epoch: [   95/  500], Batch [     1/     1 (100%)]	Learning rate: 1.00e-03	Loss: 2.137
Train Epoch: [   95/  500], Batch [     1/     1 (100%)]	Learning rate: 1.00e-03	Loss: 2.131	Val Loss: 2.120
Train Epoch: [   96/  500], Batch [     1/     1 (100%)]	Learning rate: 1.00e-03	Loss: 2.135
Train Epoch: [   97/  500], Batch [     1/     1 (100%)]	Learning rate: 1.00e-03	Loss: 2.129
Train Epoch: [   98/  500], Batch [     1/     1 (100%)]	Learning rate: 1.00e-03	Loss: 2.129
Train Epoch: [   99/  500], Batch [     1/     1 (100%)]	Learning rate: 1.00e-03	Loss: 2.124
Train Epoch: [  100/  500], Batch [     1/     1 (100%)]	Learning rate: 1.00e-03	Loss: 2.119
Train Epoch: [  100/  500], Batch [     1/     1 (100%)]	Learning rate: 1.00e-03	Loss: 2.112	Val Loss: 2.093
Train Epoch: [  101/  500], Batch [     1/     1 (100%)]	Learning rate: 1.00e-03	Loss: 2.114
Train Epoch: [  102/  500], Batch [     1/     1 (100%)]	Learning rate: 1.00e-03	Loss: 2.114
Train Epoch: [  103/  500], Batch [     1/     1 (100%)]	Learning rate: 1.00e-03	Loss: 2.106
Train Epoch: [  104/  500], Batch [     1/     1 (100%)]	Learning rate: 1.00e-03	Loss: 2.103
Train Epoch: [  105/  500], Batch [     1/     1 (100%)]	Learning rate: 1.00e-03	Loss: 2.097
Train Epoch: [  105/  500], Batch [     1/     1 (100%)]	Learning rate: 1.00e-03	Loss: 2.092	Val Loss: 2.077
Train Epoch: [  106/  500], Batch [     1/     1 (100%)]	Learning rate: 1.00e-03	Loss: 2.090
Train Epoch: [  107/  500], Batch [     1/     1 (100%)]	Learning rate: 1.00e-03	Loss: 2.086
Train Epoch: [  108/  500], Batch [     1/     1 (100%)]	Learning rate: 1.00e-03	Loss: 2.081
Train Epoch: [  109/  500], Batch [     1/     1 (100%)]	Learning rate: 1.00e-03	Loss: 2.072
Train Epoch: [  110/  500], Batch [     1/     1 (100%)]	Learning rate: 1.00e-03	Loss: 2.071
Train Epoch: [  110/  500], Batch [     1/     1 (100%)]	Learning rate: 1.00e-03	Loss: 2.061	Val Loss: 2.046
Train Epoch: [  111/  500], Batch [     1/     1 (100%)]	Learning rate: 1.00e-03	Loss: 2.058
Train Epoch: [  112/  500], Batch [     1/     1 (100%)]	Learning rate: 1.00e-03	Loss: 2.055
Train Epoch: [  113/  500], Batch [     1/     1 (100%)]	Learning rate: 1.00e-03	Loss: 2.046
Train Epoch: [  114/  500], Batch [     1/     1 (100%)]	Learning rate: 1.00e-03	Loss: 2.042
Train Epoch: [  115/  500], Batch [     1/     1 (100%)]	Learning rate: 1.00e-03	Loss: 2.037
Train Epoch: [  115/  500], Batch [     1/     1 (100%)]	Learning rate: 1.00e-03	Loss: 2.032	Val Loss: 2.009
Train Epoch: [  116/  500], Batch [     1/     1 (100%)]	Learning rate: 1.00e-03	Loss: 2.029
Train Epoch: [  117/  500], Batch [     1/     1 (100%)]	Learning rate: 1.00e-03	Loss: 2.025
Train Epoch: [  118/  500], Batch [     1/     1 (100%)]	Learning rate: 1.00e-03	Loss: 2.014
Train Epoch: [  119/  500], Batch [     1/     1 (100%)]	Learning rate: 1.00e-03	Loss: 2.014
Train Epoch: [  120/  500], Batch [     1/     1 (100%)]	Learning rate: 1.00e-03	Loss: 2.002
Train Epoch: [  120/  500], Batch [     1/     1 (100%)]	Learning rate: 1.00e-03	Loss: 2.010	Val Loss: 1.980
Train Epoch: [  121/  500], Batch [     1/     1 (100%)]	Learning rate: 1.00e-03	Loss: 1.996
Train Epoch: [  122/  500], Batch [     1/     1 (100%)]	Learning rate: 1.00e-03	Loss: 2.006
Train Epoch: [  123/  500], Batch [     1/     1 (100%)]	Learning rate: 1.00e-03	Loss: 2.006
Train Epoch: [  124/  500], Batch [     1/     1 (100%)]	Learning rate: 1.00e-03	Loss: 2.006
Train Epoch: [  125/  500], Batch [     1/     1 (100%)]	Learning rate: 1.00e-03	Loss: 1.995
Train Epoch: [  125/  500], Batch [     1/     1 (100%)]	Learning rate: 1.00e-03	Loss: 1.985	Val Loss: 1.965
Train Epoch: [  126/  500], Batch [     1/     1 (100%)]	Learning rate: 1.00e-03	Loss: 1.991
Train Epoch: [  127/  500], Batch [     1/     1 (100%)]	Learning rate: 1.00e-03	Loss: 1.992
Train Epoch: [  128/  500], Batch [     1/     1 (100%)]	Learning rate: 1.00e-03	Loss: 1.980
Train Epoch: [  129/  500], Batch [     1/     1 (100%)]	Learning rate: 1.00e-03	Loss: 1.980
Train Epoch: [  130/  500], Batch [     1/     1 (100%)]	Learning rate: 1.00e-03	Loss: 1.981
Train Epoch: [  130/  500], Batch [     1/     1 (100%)]	Learning rate: 1.00e-03	Loss: 1.980	Val Loss: 1.950
Train Epoch: [  131/  500], Batch [     1/     1 (100%)]	Learning rate: 1.00e-03	Loss: 1.979
Train Epoch: [  132/  500], Batch [     1/     1 (100%)]	Learning rate: 1.00e-03	Loss: 1.977
Train Epoch: [  133/  500], Batch [     1/     1 (100%)]	Learning rate: 1.00e-03	Loss: 1.975
Train Epoch: [  134/  500], Batch [     1/     1 (100%)]	Learning rate: 1.00e-03	Loss: 1.978
Train Epoch: [  135/  500], Batch [     1/     1 (100%)]	Learning rate: 1.00e-03	Loss: 1.967
Train Epoch: [  135/  500], Batch [     1/     1 (100%)]	Learning rate: 1.00e-03	Loss: 1.962	Val Loss: 1.936
Train Epoch: [  136/  500], Batch [     1/     1 (100%)]	Learning rate: 1.00e-03	Loss: 1.970
Train Epoch: [  137/  500], Batch [     1/     1 (100%)]	Learning rate: 1.00e-03	Loss: 1.960
Train Epoch: [  138/  500], Batch [     1/     1 (100%)]	Learning rate: 1.00e-03	Loss: 1.963
Train Epoch: [  139/  500], Batch [     1/     1 (100%)]	Learning rate: 1.00e-03	Loss: 1.960
Train Epoch: [  140/  500], Batch [     1/     1 (100%)]	Learning rate: 1.00e-03	Loss: 1.966
Train Epoch: [  140/  500], Batch [     1/     1 (100%)]	Learning rate: 1.00e-03	Loss: 1.953	Val Loss: 1.918
Train Epoch: [  141/  500], Batch [     1/     1 (100%)]	Learning rate: 1.00e-03	Loss: 1.956
Train Epoch: [  142/  500], Batch [     1/     1 (100%)]	Learning rate: 1.00e-03	Loss: 1.945
Train Epoch: [  143/  500], Batch [     1/     1 (100%)]	Learning rate: 1.00e-03	Loss: 1.943
Train Epoch: [  144/  500], Batch [     1/     1 (100%)]	Learning rate: 1.00e-03	Loss: 1.943
Train Epoch: [  145/  500], Batch [     1/     1 (100%)]	Learning rate: 1.00e-03	Loss: 1.942
Train Epoch: [  145/  500], Batch [     1/     1 (100%)]	Learning rate: 1.00e-03	Loss: 1.939	Val Loss: 1.899
Train Epoch: [  146/  500], Batch [     1/     1 (100%)]	Learning rate: 1.00e-03	Loss: 1.935
Train Epoch: [  147/  500], Batch [     1/     1 (100%)]	Learning rate: 1.00e-03	Loss: 1.940
Train Epoch: [  148/  500], Batch [     1/     1 (100%)]	Learning rate: 1.00e-03	Loss: 1.935
Train Epoch: [  149/  500], Batch [     1/     1 (100%)]	Learning rate: 1.00e-03	Loss: 1.937
Train Epoch: [  150/  500], Batch [     1/     1 (100%)]	Learning rate: 1.00e-03	Loss: 1.937
Train Epoch: [  150/  500], Batch [     1/     1 (100%)]	Learning rate: 1.00e-03	Loss: 1.934	Val Loss: 1.912
Train Epoch: [  151/  500], Batch [     1/     1 (100%)]	Learning rate: 1.00e-03	Loss: 1.924
Train Epoch: [  152/  500], Batch [     1/     1 (100%)]	Learning rate: 1.00e-03	Loss: 1.923
Train Epoch: [  153/  500], Batch [     1/     1 (100%)]	Learning rate: 1.00e-03	Loss: 1.928
Train Epoch: [  154/  500], Batch [     1/     1 (100%)]	Learning rate: 1.00e-03	Loss: 1.922
Train Epoch: [  155/  500], Batch [     1/     1 (100%)]	Learning rate: 1.00e-03	Loss: 1.917
Train Epoch: [  155/  500], Batch [     1/     1 (100%)]	Learning rate: 1.00e-03	Loss: 1.917	Val Loss: 1.881
Train Epoch: [  156/  500], Batch [     1/     1 (100%)]	Learning rate: 1.00e-03	Loss: 1.919
Train Epoch: [  157/  500], Batch [     1/     1 (100%)]	Learning rate: 1.00e-03	Loss: 1.918
Train Epoch: [  158/  500], Batch [     1/     1 (100%)]	Learning rate: 1.00e-03	Loss: 1.922
Train Epoch: [  159/  500], Batch [     1/     1 (100%)]	Learning rate: 1.00e-03	Loss: 1.916
Train Epoch: [  160/  500], Batch [     1/     1 (100%)]	Learning rate: 1.00e-03	Loss: 1.917
Train Epoch: [  160/  500], Batch [     1/     1 (100%)]	Learning rate: 1.00e-03	Loss: 1.911	Val Loss: 1.883
Train Epoch: [  161/  500], Batch [     1/     1 (100%)]	Learning rate: 1.00e-03	Loss: 1.909
Train Epoch: [  162/  500], Batch [     1/     1 (100%)]	Learning rate: 1.00e-03	Loss: 1.911
Train Epoch: [  163/  500], Batch [     1/     1 (100%)]	Learning rate: 1.00e-03	Loss: 1.905
Train Epoch: [  164/  500], Batch [     1/     1 (100%)]	Learning rate: 1.00e-03	Loss: 1.901
Train Epoch: [  165/  500], Batch [     1/     1 (100%)]	Learning rate: 1.00e-03	Loss: 1.905
Train Epoch: [  165/  500], Batch [     1/     1 (100%)]	Learning rate: 1.00e-03	Loss: 1.898	Val Loss: 1.872
Train Epoch: [  166/  500], Batch [     1/     1 (100%)]	Learning rate: 1.00e-03	Loss: 1.901
Train Epoch: [  167/  500], Batch [     1/     1 (100%)]	Learning rate: 1.00e-03	Loss: 1.896
Train Epoch: [  168/  500], Batch [     1/     1 (100%)]	Learning rate: 1.00e-03	Loss: 1.890
Train Epoch: [  169/  500], Batch [     1/     1 (100%)]	Learning rate: 1.00e-03	Loss: 1.896
Train Epoch: [  170/  500], Batch [     1/     1 (100%)]	Learning rate: 1.00e-03	Loss: 1.898
Train Epoch: [  170/  500], Batch [     1/     1 (100%)]	Learning rate: 1.00e-03	Loss: 1.900	Val Loss: 1.869
Train Epoch: [  171/  500], Batch [     1/     1 (100%)]	Learning rate: 1.00e-03	Loss: 1.895
Train Epoch: [  172/  500], Batch [     1/     1 (100%)]	Learning rate: 1.00e-03	Loss: 1.904
Train Epoch: [  173/  500], Batch [     1/     1 (100%)]	Learning rate: 1.00e-03	Loss: 1.901
Train Epoch: [  174/  500], Batch [     1/     1 (100%)]	Learning rate: 1.00e-03	Loss: 1.884
Train Epoch: [  175/  500], Batch [     1/     1 (100%)]	Learning rate: 1.00e-03	Loss: 1.882
Train Epoch: [  175/  500], Batch [     1/     1 (100%)]	Learning rate: 1.00e-03	Loss: 1.892	Val Loss: 1.859
Train Epoch: [  176/  500], Batch [     1/     1 (100%)]	Learning rate: 1.00e-03	Loss: 1.886
Train Epoch: [  177/  500], Batch [     1/     1 (100%)]	Learning rate: 1.00e-03	Loss: 1.882
Train Epoch: [  178/  500], Batch [     1/     1 (100%)]	Learning rate: 1.00e-03	Loss: 1.880
Train Epoch: [  179/  500], Batch [     1/     1 (100%)]	Learning rate: 1.00e-03	Loss: 1.888
Train Epoch: [  180/  500], Batch [     1/     1 (100%)]	Learning rate: 1.00e-03	Loss: 1.886
Train Epoch: [  180/  500], Batch [     1/     1 (100%)]	Learning rate: 1.00e-03	Loss: 1.880	Val Loss: 1.846
Train Epoch: [  181/  500], Batch [     1/     1 (100%)]	Learning rate: 1.00e-03	Loss: 1.884
Train Epoch: [  182/  500], Batch [     1/     1 (100%)]	Learning rate: 1.00e-03	Loss: 1.874
Train Epoch: [  183/  500], Batch [     1/     1 (100%)]	Learning rate: 1.00e-03	Loss: 1.879
Train Epoch: [  184/  500], Batch [     1/     1 (100%)]	Learning rate: 1.00e-03	Loss: 1.881
Train Epoch: [  185/  500], Batch [     1/     1 (100%)]	Learning rate: 1.00e-03	Loss: 1.874
Train Epoch: [  185/  500], Batch [     1/     1 (100%)]	Learning rate: 1.00e-03	Loss: 1.871	Val Loss: 1.840
Train Epoch: [  186/  500], Batch [     1/     1 (100%)]	Learning rate: 1.00e-03	Loss: 1.879
Train Epoch: [  187/  500], Batch [     1/     1 (100%)]	Learning rate: 1.00e-03	Loss: 1.876
Train Epoch: [  188/  500], Batch [     1/     1 (100%)]	Learning rate: 1.00e-03	Loss: 1.878
Train Epoch: [  189/  500], Batch [     1/     1 (100%)]	Learning rate: 1.00e-03	Loss: 1.876
Train Epoch: [  190/  500], Batch [     1/     1 (100%)]	Learning rate: 1.00e-03	Loss: 1.873
Train Epoch: [  190/  500], Batch [     1/     1 (100%)]	Learning rate: 1.00e-03	Loss: 1.864	Val Loss: 1.843
Train Epoch: [  191/  500], Batch [     1/     1 (100%)]	Learning rate: 1.00e-03	Loss: 1.870
Train Epoch: [  192/  500], Batch [     1/     1 (100%)]	Learning rate: 1.00e-03	Loss: 1.868
Train Epoch: [  193/  500], Batch [     1/     1 (100%)]	Learning rate: 1.00e-03	Loss: 1.860
Train Epoch: [  194/  500], Batch [     1/     1 (100%)]	Learning rate: 1.00e-03	Loss: 1.870
Train Epoch: [  195/  500], Batch [     1/     1 (100%)]	Learning rate: 1.00e-03	Loss: 1.868
Train Epoch: [  195/  500], Batch [     1/     1 (100%)]	Learning rate: 1.00e-03	Loss: 1.864	Val Loss: 1.839
Train Epoch: [  196/  500], Batch [     1/     1 (100%)]	Learning rate: 1.00e-03	Loss: 1.864
Train Epoch: [  197/  500], Batch [     1/     1 (100%)]	Learning rate: 1.00e-03	Loss: 1.866
Train Epoch: [  198/  500], Batch [     1/     1 (100%)]	Learning rate: 1.00e-03	Loss: 1.862
Train Epoch: [  199/  500], Batch [     1/     1 (100%)]	Learning rate: 1.00e-03	Loss: 1.859
Train Epoch: [  200/  500], Batch [     1/     1 (100%)]	Learning rate: 1.00e-03	Loss: 1.863
Train Epoch: [  200/  500], Batch [     1/     1 (100%)]	Learning rate: 1.00e-03	Loss: 1.856	Val Loss: 1.825
Train Epoch: [  201/  500], Batch [     1/     1 (100%)]	Learning rate: 1.00e-03	Loss: 1.851
Train Epoch: [  202/  500], Batch [     1/     1 (100%)]	Learning rate: 1.00e-03	Loss: 1.849
Train Epoch: [  203/  500], Batch [     1/     1 (100%)]	Learning rate: 1.00e-03	Loss: 1.855
Train Epoch: [  204/  500], Batch [     1/     1 (100%)]	Learning rate: 1.00e-03	Loss: 1.851
Train Epoch: [  205/  500], Batch [     1/     1 (100%)]	Learning rate: 1.00e-03	Loss: 1.854
Train Epoch: [  205/  500], Batch [     1/     1 (100%)]	Learning rate: 1.00e-03	Loss: 1.852	Val Loss: 1.817
Train Epoch: [  206/  500], Batch [     1/     1 (100%)]	Learning rate: 1.00e-03	Loss: 1.848
Train Epoch: [  207/  500], Batch [     1/     1 (100%)]	Learning rate: 1.00e-03	Loss: 1.854
Train Epoch: [  208/  500], Batch [     1/     1 (100%)]	Learning rate: 1.00e-03	Loss: 1.848
Train Epoch: [  209/  500], Batch [     1/     1 (100%)]	Learning rate: 1.00e-03	Loss: 1.843
Train Epoch: [  210/  500], Batch [     1/     1 (100%)]	Learning rate: 1.00e-03	Loss: 1.851
Train Epoch: [  210/  500], Batch [     1/     1 (100%)]	Learning rate: 1.00e-03	Loss: 1.843	Val Loss: 1.819
Train Epoch: [  211/  500], Batch [     1/     1 (100%)]	Learning rate: 1.00e-03	Loss: 1.845
Train Epoch: [  212/  500], Batch [     1/     1 (100%)]	Learning rate: 1.00e-03	Loss: 1.848
Train Epoch: [  213/  500], Batch [     1/     1 (100%)]	Learning rate: 1.00e-03	Loss: 1.842
Train Epoch: [  214/  500], Batch [     1/     1 (100%)]	Learning rate: 1.00e-03	Loss: 1.842
Train Epoch: [  215/  500], Batch [     1/     1 (100%)]	Learning rate: 1.00e-03	Loss: 1.837
Train Epoch: [  215/  500], Batch [     1/     1 (100%)]	Learning rate: 1.00e-03	Loss: 1.837	Val Loss: 1.808
Train Epoch: [  216/  500], Batch [     1/     1 (100%)]	Learning rate: 1.00e-03	Loss: 1.843
Train Epoch: [  217/  500], Batch [     1/     1 (100%)]	Learning rate: 1.00e-03	Loss: 1.850
Train Epoch: [  218/  500], Batch [     1/     1 (100%)]	Learning rate: 1.00e-03	Loss: 1.838
Train Epoch: [  219/  500], Batch [     1/     1 (100%)]	Learning rate: 1.00e-03	Loss: 1.839
Train Epoch: [  220/  500], Batch [     1/     1 (100%)]	Learning rate: 1.00e-03	Loss: 1.837
Train Epoch: [  220/  500], Batch [     1/     1 (100%)]	Learning rate: 1.00e-03	Loss: 1.833	Val Loss: 1.817
Train Epoch: [  221/  500], Batch [     1/     1 (100%)]	Learning rate: 1.00e-03	Loss: 1.842
Train Epoch: [  222/  500], Batch [     1/     1 (100%)]	Learning rate: 1.00e-03	Loss: 1.832
Train Epoch: [  223/  500], Batch [     1/     1 (100%)]	Learning rate: 1.00e-03	Loss: 1.836
Train Epoch: [  224/  500], Batch [     1/     1 (100%)]	Learning rate: 1.00e-03	Loss: 1.831
Train Epoch: [  225/  500], Batch [     1/     1 (100%)]	Learning rate: 1.00e-03	Loss: 1.833
Train Epoch: [  225/  500], Batch [     1/     1 (100%)]	Learning rate: 1.00e-03	Loss: 1.832	Val Loss: 1.804
Train Epoch: [  226/  500], Batch [     1/     1 (100%)]	Learning rate: 1.00e-03	Loss: 1.833
Train Epoch: [  227/  500], Batch [     1/     1 (100%)]	Learning rate: 1.00e-03	Loss: 1.829
Train Epoch: [  228/  500], Batch [     1/     1 (100%)]	Learning rate: 1.00e-03	Loss: 1.832
Train Epoch: [  229/  500], Batch [     1/     1 (100%)]	Learning rate: 1.00e-03	Loss: 1.829
Train Epoch: [  230/  500], Batch [     1/     1 (100%)]	Learning rate: 1.00e-03	Loss: 1.826
Train Epoch: [  230/  500], Batch [     1/     1 (100%)]	Learning rate: 1.00e-03	Loss: 1.825	Val Loss: 1.787
Train Epoch: [  231/  500], Batch [     1/     1 (100%)]	Learning rate: 1.00e-03	Loss: 1.821
Train Epoch: [  232/  500], Batch [     1/     1 (100%)]	Learning rate: 1.00e-03	Loss: 1.823
Train Epoch: [  233/  500], Batch [     1/     1 (100%)]	Learning rate: 1.00e-03	Loss: 1.820
Train Epoch: [  234/  500], Batch [     1/     1 (100%)]	Learning rate: 1.00e-03	Loss: 1.824
Train Epoch: [  235/  500], Batch [     1/     1 (100%)]	Learning rate: 1.00e-03	Loss: 1.822
Train Epoch: [  235/  500], Batch [     1/     1 (100%)]	Learning rate: 1.00e-03	Loss: 1.820	Val Loss: 1.788
Train Epoch: [  236/  500], Batch [     1/     1 (100%)]	Learning rate: 1.00e-03	Loss: 1.821
Train Epoch: [  237/  500], Batch [     1/     1 (100%)]	Learning rate: 1.00e-03	Loss: 1.817
Train Epoch: [  238/  500], Batch [     1/     1 (100%)]	Learning rate: 1.00e-03	Loss: 1.811
Train Epoch: [  239/  500], Batch [     1/     1 (100%)]	Learning rate: 1.00e-03	Loss: 1.815
Train Epoch: [  240/  500], Batch [     1/     1 (100%)]	Learning rate: 1.00e-03	Loss: 1.809
Train Epoch: [  240/  500], Batch [     1/     1 (100%)]	Learning rate: 1.00e-03	Loss: 1.814	Val Loss: 1.787
Train Epoch: [  241/  500], Batch [     1/     1 (100%)]	Learning rate: 1.00e-03	Loss: 1.815
Train Epoch: [  242/  500], Batch [     1/     1 (100%)]	Learning rate: 1.00e-03	Loss: 1.814
Train Epoch: [  243/  500], Batch [     1/     1 (100%)]	Learning rate: 1.00e-03	Loss: 1.812
Train Epoch: [  244/  500], Batch [     1/     1 (100%)]	Learning rate: 1.00e-03	Loss: 1.809
Train Epoch: [  245/  500], Batch [     1/     1 (100%)]	Learning rate: 1.00e-03	Loss: 1.806
Train Epoch: [  245/  500], Batch [     1/     1 (100%)]	Learning rate: 1.00e-03	Loss: 1.808	Val Loss: 1.777
Train Epoch: [  246/  500], Batch [     1/     1 (100%)]	Learning rate: 1.00e-03	Loss: 1.810
Train Epoch: [  247/  500], Batch [     1/     1 (100%)]	Learning rate: 1.00e-03	Loss: 1.807
Train Epoch: [  248/  500], Batch [     1/     1 (100%)]	Learning rate: 1.00e-03	Loss: 1.810
Train Epoch: [  249/  500], Batch [     1/     1 (100%)]	Learning rate: 1.00e-03	Loss: 1.821
Train Epoch: [  250/  500], Batch [     1/     1 (100%)]	Learning rate: 1.00e-03	Loss: 1.817
Train Epoch: [  250/  500], Batch [     1/     1 (100%)]	Learning rate: 1.00e-03	Loss: 1.807	Val Loss: 1.771
Train Epoch: [  251/  500], Batch [     1/     1 (100%)]	Learning rate: 1.00e-03	Loss: 1.799
Train Epoch: [  252/  500], Batch [     1/     1 (100%)]	Learning rate: 1.00e-03	Loss: 1.807
Train Epoch: [  253/  500], Batch [     1/     1 (100%)]	Learning rate: 1.00e-03	Loss: 1.807
Train Epoch: [  254/  500], Batch [     1/     1 (100%)]	Learning rate: 1.00e-03	Loss: 1.802
Train Epoch: [  255/  500], Batch [     1/     1 (100%)]	Learning rate: 1.00e-03	Loss: 1.792
Train Epoch: [  255/  500], Batch [     1/     1 (100%)]	Learning rate: 1.00e-03	Loss: 1.802	Val Loss: 1.766
Train Epoch: [  256/  500], Batch [     1/     1 (100%)]	Learning rate: 1.00e-03	Loss: 1.794
Train Epoch: [  257/  500], Batch [     1/     1 (100%)]	Learning rate: 1.00e-03	Loss: 1.803
Train Epoch: [  258/  500], Batch [     1/     1 (100%)]	Learning rate: 1.00e-03	Loss: 1.797
Train Epoch: [  259/  500], Batch [     1/     1 (100%)]	Learning rate: 1.00e-03	Loss: 1.791
Train Epoch: [  260/  500], Batch [     1/     1 (100%)]	Learning rate: 1.00e-03	Loss: 1.793
Train Epoch: [  260/  500], Batch [     1/     1 (100%)]	Learning rate: 1.00e-03	Loss: 1.790	Val Loss: 1.769
Train Epoch: [  261/  500], Batch [     1/     1 (100%)]	Learning rate: 1.00e-03	Loss: 1.792
Train Epoch: [  262/  500], Batch [     1/     1 (100%)]	Learning rate: 1.00e-03	Loss: 1.790
Train Epoch: [  263/  500], Batch [     1/     1 (100%)]	Learning rate: 1.00e-03	Loss: 1.794
Train Epoch: [  264/  500], Batch [     1/     1 (100%)]	Learning rate: 1.00e-03	Loss: 1.783
Train Epoch: [  265/  500], Batch [     1/     1 (100%)]	Learning rate: 1.00e-03	Loss: 1.795
Train Epoch: [  265/  500], Batch [     1/     1 (100%)]	Learning rate: 1.00e-03	Loss: 1.783	Val Loss: 1.769
Train Epoch: [  266/  500], Batch [     1/     1 (100%)]	Learning rate: 1.00e-03	Loss: 1.783
Train Epoch: [  267/  500], Batch [     1/     1 (100%)]	Learning rate: 1.00e-03	Loss: 1.783
Train Epoch: [  268/  500], Batch [     1/     1 (100%)]	Learning rate: 1.00e-03	Loss: 1.787
Train Epoch: [  269/  500], Batch [     1/     1 (100%)]	Learning rate: 1.00e-03	Loss: 1.786
Train Epoch: [  270/  500], Batch [     1/     1 (100%)]	Learning rate: 1.00e-03	Loss: 1.782
Train Epoch: [  270/  500], Batch [     1/     1 (100%)]	Learning rate: 1.00e-03	Loss: 1.778	Val Loss: 1.768
Train Epoch: [  271/  500], Batch [     1/     1 (100%)]	Learning rate: 1.00e-03	Loss: 1.785
Train Epoch: [  272/  500], Batch [     1/     1 (100%)]	Learning rate: 1.00e-03	Loss: 1.779
Train Epoch: [  273/  500], Batch [     1/     1 (100%)]	Learning rate: 1.00e-03	Loss: 1.781
Train Epoch: [  274/  500], Batch [     1/     1 (100%)]	Learning rate: 1.00e-03	Loss: 1.784
Train Epoch: [  275/  500], Batch [     1/     1 (100%)]	Learning rate: 1.00e-03	Loss: 1.778
Train Epoch: [  275/  500], Batch [     1/     1 (100%)]	Learning rate: 1.00e-03	Loss: 1.771	Val Loss: 1.751
Train Epoch: [  276/  500], Batch [     1/     1 (100%)]	Learning rate: 1.00e-03	Loss: 1.777
Train Epoch: [  277/  500], Batch [     1/     1 (100%)]	Learning rate: 1.00e-03	Loss: 1.777
Train Epoch: [  278/  500], Batch [     1/     1 (100%)]	Learning rate: 1.00e-03	Loss: 1.773
Train Epoch: [  279/  500], Batch [     1/     1 (100%)]	Learning rate: 1.00e-03	Loss: 1.776
Train Epoch: [  280/  500], Batch [     1/     1 (100%)]	Learning rate: 1.00e-03	Loss: 1.774
Train Epoch: [  280/  500], Batch [     1/     1 (100%)]	Learning rate: 1.00e-03	Loss: 1.770	Val Loss: 1.740
Train Epoch: [  281/  500], Batch [     1/     1 (100%)]	Learning rate: 1.00e-03	Loss: 1.775
Train Epoch: [  282/  500], Batch [     1/     1 (100%)]	Learning rate: 1.00e-03	Loss: 1.769
Train Epoch: [  283/  500], Batch [     1/     1 (100%)]	Learning rate: 1.00e-03	Loss: 1.763
Train Epoch: [  284/  500], Batch [     1/     1 (100%)]	Learning rate: 1.00e-03	Loss: 1.770
Train Epoch: [  285/  500], Batch [     1/     1 (100%)]	Learning rate: 1.00e-03	Loss: 1.764
Train Epoch: [  285/  500], Batch [     1/     1 (100%)]	Learning rate: 1.00e-03	Loss: 1.766	Val Loss: 1.741
Train Epoch: [  286/  500], Batch [     1/     1 (100%)]	Learning rate: 1.00e-03	Loss: 1.766
Train Epoch: [  287/  500], Batch [     1/     1 (100%)]	Learning rate: 1.00e-03	Loss: 1.767
Train Epoch: [  288/  500], Batch [     1/     1 (100%)]	Learning rate: 1.00e-03	Loss: 1.767
Train Epoch: [  289/  500], Batch [     1/     1 (100%)]	Learning rate: 1.00e-03	Loss: 1.764
Train Epoch: [  290/  500], Batch [     1/     1 (100%)]	Learning rate: 1.00e-03	Loss: 1.763
Train Epoch: [  290/  500], Batch [     1/     1 (100%)]	Learning rate: 1.00e-03	Loss: 1.760	Val Loss: 1.749
Train Epoch: [  291/  500], Batch [     1/     1 (100%)]	Learning rate: 1.00e-03	Loss: 1.763
Train Epoch: [  292/  500], Batch [     1/     1 (100%)]	Learning rate: 1.00e-03	Loss: 1.757
Train Epoch: [  293/  500], Batch [     1/     1 (100%)]	Learning rate: 1.00e-03	Loss: 1.765
Train Epoch: [  294/  500], Batch [     1/     1 (100%)]	Learning rate: 1.00e-03	Loss: 1.756
Train Epoch: [  295/  500], Batch [     1/     1 (100%)]	Learning rate: 1.00e-03	Loss: 1.758
Train Epoch: [  295/  500], Batch [     1/     1 (100%)]	Learning rate: 1.00e-03	Loss: 1.762	Val Loss: 1.745
Train Epoch: [  296/  500], Batch [     1/     1 (100%)]	Learning rate: 1.00e-03	Loss: 1.759
Train Epoch: [  297/  500], Batch [     1/     1 (100%)]	Learning rate: 1.00e-03	Loss: 1.758
Train Epoch: [  298/  500], Batch [     1/     1 (100%)]	Learning rate: 1.00e-03	Loss: 1.752
Train Epoch: [  299/  500], Batch [     1/     1 (100%)]	Learning rate: 1.00e-03	Loss: 1.760
Train Epoch: [  300/  500], Batch [     1/     1 (100%)]	Learning rate: 1.00e-03	Loss: 1.755
Train Epoch: [  300/  500], Batch [     1/     1 (100%)]	Learning rate: 1.00e-03	Loss: 1.751	Val Loss: 1.756

Learning rate adapted! New learning rate 1.000e-04

Train Epoch: [  301/  500], Batch [     1/     1 (100%)]	Learning rate: 1.00e-04	Loss: 1.753
Train Epoch: [  302/  500], Batch [     1/     1 (100%)]	Learning rate: 1.00e-04	Loss: 1.757
Train Epoch: [  303/  500], Batch [     1/     1 (100%)]	Learning rate: 1.00e-04	Loss: 1.751
Train Epoch: [  304/  500], Batch [     1/     1 (100%)]	Learning rate: 1.00e-04	Loss: 1.748
Train Epoch: [  305/  500], Batch [     1/     1 (100%)]	Learning rate: 1.00e-04	Loss: 1.762
Train Epoch: [  305/  500], Batch [     1/     1 (100%)]	Learning rate: 1.00e-04	Loss: 1.752	Val Loss: 1.750
Train Epoch: [  306/  500], Batch [     1/     1 (100%)]	Learning rate: 1.00e-04	Loss: 1.754
Train Epoch: [  307/  500], Batch [     1/     1 (100%)]	Learning rate: 1.00e-04	Loss: 1.752
Train Epoch: [  308/  500], Batch [     1/     1 (100%)]	Learning rate: 1.00e-04	Loss: 1.755
Train Epoch: [  309/  500], Batch [     1/     1 (100%)]	Learning rate: 1.00e-04	Loss: 1.749
Train Epoch: [  310/  500], Batch [     1/     1 (100%)]	Learning rate: 1.00e-04	Loss: 1.749
Train Epoch: [  310/  500], Batch [     1/     1 (100%)]	Learning rate: 1.00e-04	Loss: 1.757	Val Loss: 1.747
Model parameters: 50002
