Train Epoch: [    0/    5], Batch [     1/     1 (100%)]	Learning rate: 1.00e-03	Loss: 10.384
Train Epoch: [    0/    5], Batch [     1/     1 (100%)]	Learning rate: 1.00e-03	Loss: 10.232	Val Loss: 9.547
Train Epoch: [    1/    5], Batch [     1/     1 (100%)]	Learning rate: 1.00e-03	Loss: 10.232
Train Epoch: [    2/    5], Batch [     1/     1 (100%)]	Learning rate: 1.00e-03	Loss: 10.071
Train Epoch: [    3/    5], Batch [     1/     1 (100%)]	Learning rate: 1.00e-03	Loss: 9.910
Train Epoch: [    4/    5], Batch [     1/     1 (100%)]	Learning rate: 1.00e-03	Loss: 9.735
Train Epoch: [    5/    5], Batch [     1/     1 (100%)]	Learning rate: 1.00e-03	Loss: 9.546
Train Epoch: [    5/    5], Batch [     1/     1 (100%)]	Learning rate: 1.00e-03	Loss: 9.365	Val Loss: 8.736
Model parameters: 27262
Train Epoch: [    0/  500], Batch [     1/     1 (100%)]	Learning rate: 1.00e-03	Loss: 10.386
Train Epoch: [    0/  500], Batch [     1/     1 (100%)]	Learning rate: 1.00e-03	Loss: 10.237	Val Loss: 10.392
Train Epoch: [    1/  500], Batch [     1/     1 (100%)]	Learning rate: 1.00e-03	Loss: 10.236
Train Epoch: [    2/  500], Batch [     1/     1 (100%)]	Learning rate: 1.00e-03	Loss: 10.072
Train Epoch: [    3/  500], Batch [     1/     1 (100%)]	Learning rate: 1.00e-03	Loss: 9.913
Train Epoch: [    4/  500], Batch [     1/     1 (100%)]	Learning rate: 1.00e-03	Loss: 9.738
Train Epoch: [    5/  500], Batch [     1/     1 (100%)]	Learning rate: 1.00e-03	Loss: 9.555
Train Epoch: [    5/  500], Batch [     1/     1 (100%)]	Learning rate: 1.00e-03	Loss: 9.364	Val Loss: 9.496
Train Epoch: [    6/  500], Batch [     1/     1 (100%)]	Learning rate: 1.00e-03	Loss: 9.363
Train Epoch: [    7/  500], Batch [     1/     1 (100%)]	Learning rate: 1.00e-03	Loss: 9.150
Train Epoch: [    8/  500], Batch [     1/     1 (100%)]	Learning rate: 1.00e-03	Loss: 8.917
Train Epoch: [    9/  500], Batch [     1/     1 (100%)]	Learning rate: 1.00e-03	Loss: 8.674
Train Epoch: [   10/  500], Batch [     1/     1 (100%)]	Learning rate: 1.00e-03	Loss: 8.421
Train Epoch: [   10/  500], Batch [     1/     1 (100%)]	Learning rate: 1.00e-03	Loss: 8.135	Val Loss: 8.254
Train Epoch: [   11/  500], Batch [     1/     1 (100%)]	Learning rate: 1.00e-03	Loss: 8.142
Train Epoch: [   12/  500], Batch [     1/     1 (100%)]	Learning rate: 1.00e-03	Loss: 7.820
Train Epoch: [   13/  500], Batch [     1/     1 (100%)]	Learning rate: 1.00e-03	Loss: 7.505
Train Epoch: [   14/  500], Batch [     1/     1 (100%)]	Learning rate: 1.00e-03	Loss: 7.159
Train Epoch: [   15/  500], Batch [     1/     1 (100%)]	Learning rate: 1.00e-03	Loss: 6.778
Train Epoch: [   15/  500], Batch [     1/     1 (100%)]	Learning rate: 1.00e-03	Loss: 6.389	Val Loss: 6.467
Train Epoch: [   16/  500], Batch [     1/     1 (100%)]	Learning rate: 1.00e-03	Loss: 6.344
Train Epoch: [   17/  500], Batch [     1/     1 (100%)]	Learning rate: 1.00e-03	Loss: 5.978
Train Epoch: [   18/  500], Batch [     1/     1 (100%)]	Learning rate: 1.00e-03	Loss: 5.509
Train Epoch: [   19/  500], Batch [     1/     1 (100%)]	Learning rate: 1.00e-03	Loss: 5.155
Train Epoch: [   20/  500], Batch [     1/     1 (100%)]	Learning rate: 1.00e-03	Loss: 4.789
Train Epoch: [   20/  500], Batch [     1/     1 (100%)]	Learning rate: 1.00e-03	Loss: 4.436	Val Loss: 4.513
Train Epoch: [   21/  500], Batch [     1/     1 (100%)]	Learning rate: 1.00e-03	Loss: 4.419
Train Epoch: [   22/  500], Batch [     1/     1 (100%)]	Learning rate: 1.00e-03	Loss: 4.080
Train Epoch: [   23/  500], Batch [     1/     1 (100%)]	Learning rate: 1.00e-03	Loss: 3.802
Train Epoch: [   24/  500], Batch [     1/     1 (100%)]	Learning rate: 1.00e-03	Loss: 3.566
Train Epoch: [   25/  500], Batch [     1/     1 (100%)]	Learning rate: 1.00e-03	Loss: 3.369
Train Epoch: [   25/  500], Batch [     1/     1 (100%)]	Learning rate: 1.00e-03	Loss: 3.224	Val Loss: 3.251
Train Epoch: [   26/  500], Batch [     1/     1 (100%)]	Learning rate: 1.00e-03	Loss: 3.231
Train Epoch: [   27/  500], Batch [     1/     1 (100%)]	Learning rate: 1.00e-03	Loss: 3.160
Train Epoch: [   28/  500], Batch [     1/     1 (100%)]	Learning rate: 1.00e-03	Loss: 3.092
Train Epoch: [   29/  500], Batch [     1/     1 (100%)]	Learning rate: 1.00e-03	Loss: 3.091
Train Epoch: [   30/  500], Batch [     1/     1 (100%)]	Learning rate: 1.00e-03	Loss: 3.084
Train Epoch: [   30/  500], Batch [     1/     1 (100%)]	Learning rate: 1.00e-03	Loss: 3.102	Val Loss: 3.102
Train Epoch: [   31/  500], Batch [     1/     1 (100%)]	Learning rate: 1.00e-03	Loss: 3.096
Train Epoch: [   32/  500], Batch [     1/     1 (100%)]	Learning rate: 1.00e-03	Loss: 3.113
Train Epoch: [   33/  500], Batch [     1/     1 (100%)]	Learning rate: 1.00e-03	Loss: 3.119
Train Epoch: [   34/  500], Batch [     1/     1 (100%)]	Learning rate: 1.00e-03	Loss: 3.121
Train Epoch: [   35/  500], Batch [     1/     1 (100%)]	Learning rate: 1.00e-03	Loss: 3.103
Train Epoch: [   35/  500], Batch [     1/     1 (100%)]	Learning rate: 1.00e-03	Loss: 3.082	Val Loss: 3.090
Train Epoch: [   36/  500], Batch [     1/     1 (100%)]	Learning rate: 1.00e-03	Loss: 3.078
Train Epoch: [   37/  500], Batch [     1/     1 (100%)]	Learning rate: 1.00e-03	Loss: 3.056
Train Epoch: [   38/  500], Batch [     1/     1 (100%)]	Learning rate: 1.00e-03	Loss: 3.038
Train Epoch: [   39/  500], Batch [     1/     1 (100%)]	Learning rate: 1.00e-03	Loss: 3.013
Train Epoch: [   40/  500], Batch [     1/     1 (100%)]	Learning rate: 1.00e-03	Loss: 2.997
Train Epoch: [   40/  500], Batch [     1/     1 (100%)]	Learning rate: 1.00e-03	Loss: 2.972	Val Loss: 3.004
Train Epoch: [   41/  500], Batch [     1/     1 (100%)]	Learning rate: 1.00e-03	Loss: 2.978
Train Epoch: [   42/  500], Batch [     1/     1 (100%)]	Learning rate: 1.00e-03	Loss: 2.976
Train Epoch: [   43/  500], Batch [     1/     1 (100%)]	Learning rate: 1.00e-03	Loss: 2.960
Train Epoch: [   44/  500], Batch [     1/     1 (100%)]	Learning rate: 1.00e-03	Loss: 2.974
Train Epoch: [   45/  500], Batch [     1/     1 (100%)]	Learning rate: 1.00e-03	Loss: 2.959
Train Epoch: [   45/  500], Batch [     1/     1 (100%)]	Learning rate: 1.00e-03	Loss: 2.970	Val Loss: 2.998
Train Epoch: [   46/  500], Batch [     1/     1 (100%)]	Learning rate: 1.00e-03	Loss: 2.972
Train Epoch: [   47/  500], Batch [     1/     1 (100%)]	Learning rate: 1.00e-03	Loss: 2.995
Train Epoch: [   48/  500], Batch [     1/     1 (100%)]	Learning rate: 1.00e-03	Loss: 2.983
Train Epoch: [   49/  500], Batch [     1/     1 (100%)]	Learning rate: 1.00e-03	Loss: 2.981
Train Epoch: [   50/  500], Batch [     1/     1 (100%)]	Learning rate: 1.00e-03	Loss: 2.964
Train Epoch: [   50/  500], Batch [     1/     1 (100%)]	Learning rate: 1.00e-03	Loss: 2.969	Val Loss: 3.000
Train Epoch: [   51/  500], Batch [     1/     1 (100%)]	Learning rate: 1.00e-03	Loss: 2.975
Train Epoch: [   52/  500], Batch [     1/     1 (100%)]	Learning rate: 1.00e-03	Loss: 2.980
Train Epoch: [   53/  500], Batch [     1/     1 (100%)]	Learning rate: 1.00e-03	Loss: 2.972
Train Epoch: [   54/  500], Batch [     1/     1 (100%)]	Learning rate: 1.00e-03	Loss: 2.962
Train Epoch: [   55/  500], Batch [     1/     1 (100%)]	Learning rate: 1.00e-03	Loss: 2.968
Train Epoch: [   55/  500], Batch [     1/     1 (100%)]	Learning rate: 1.00e-03	Loss: 2.956	Val Loss: 2.973
Train Epoch: [   56/  500], Batch [     1/     1 (100%)]	Learning rate: 1.00e-03	Loss: 2.953
Train Epoch: [   57/  500], Batch [     1/     1 (100%)]	Learning rate: 1.00e-03	Loss: 2.942
Train Epoch: [   58/  500], Batch [     1/     1 (100%)]	Learning rate: 1.00e-03	Loss: 2.936
Train Epoch: [   59/  500], Batch [     1/     1 (100%)]	Learning rate: 1.00e-03	Loss: 2.933
Train Epoch: [   60/  500], Batch [     1/     1 (100%)]	Learning rate: 1.00e-03	Loss: 2.934
Train Epoch: [   60/  500], Batch [     1/     1 (100%)]	Learning rate: 1.00e-03	Loss: 2.942	Val Loss: 2.958
Train Epoch: [   61/  500], Batch [     1/     1 (100%)]	Learning rate: 1.00e-03	Loss: 2.924
Train Epoch: [   62/  500], Batch [     1/     1 (100%)]	Learning rate: 1.00e-03	Loss: 2.922
Train Epoch: [   63/  500], Batch [     1/     1 (100%)]	Learning rate: 1.00e-03	Loss: 2.935
Train Epoch: [   64/  500], Batch [     1/     1 (100%)]	Learning rate: 1.00e-03	Loss: 2.931
Train Epoch: [   65/  500], Batch [     1/     1 (100%)]	Learning rate: 1.00e-03	Loss: 2.921
Train Epoch: [   65/  500], Batch [     1/     1 (100%)]	Learning rate: 1.00e-03	Loss: 2.936	Val Loss: 2.940
Train Epoch: [   66/  500], Batch [     1/     1 (100%)]	Learning rate: 1.00e-03	Loss: 2.927
Train Epoch: [   67/  500], Batch [     1/     1 (100%)]	Learning rate: 1.00e-03	Loss: 2.919
Train Epoch: [   68/  500], Batch [     1/     1 (100%)]	Learning rate: 1.00e-03	Loss: 2.924
Train Epoch: [   69/  500], Batch [     1/     1 (100%)]	Learning rate: 1.00e-03	Loss: 2.930
Train Epoch: [   70/  500], Batch [     1/     1 (100%)]	Learning rate: 1.00e-03	Loss: 2.926
Train Epoch: [   70/  500], Batch [     1/     1 (100%)]	Learning rate: 1.00e-03	Loss: 2.922	Val Loss: 2.929
Train Epoch: [   71/  500], Batch [     1/     1 (100%)]	Learning rate: 1.00e-03	Loss: 2.923
Train Epoch: [   72/  500], Batch [     1/     1 (100%)]	Learning rate: 1.00e-03	Loss: 2.920
Train Epoch: [   73/  500], Batch [     1/     1 (100%)]	Learning rate: 1.00e-03	Loss: 2.916
Train Epoch: [   74/  500], Batch [     1/     1 (100%)]	Learning rate: 1.00e-03	Loss: 2.916
Train Epoch: [   75/  500], Batch [     1/     1 (100%)]	Learning rate: 1.00e-03	Loss: 2.916
Train Epoch: [   75/  500], Batch [     1/     1 (100%)]	Learning rate: 1.00e-03	Loss: 2.922	Val Loss: 2.940
Train Epoch: [   76/  500], Batch [     1/     1 (100%)]	Learning rate: 1.00e-03	Loss: 2.922
Train Epoch: [   77/  500], Batch [     1/     1 (100%)]	Learning rate: 1.00e-03	Loss: 2.910
Train Epoch: [   78/  500], Batch [     1/     1 (100%)]	Learning rate: 1.00e-03	Loss: 2.911
Train Epoch: [   79/  500], Batch [     1/     1 (100%)]	Learning rate: 1.00e-03	Loss: 2.922
Train Epoch: [   80/  500], Batch [     1/     1 (100%)]	Learning rate: 1.00e-03	Loss: 2.914
Train Epoch: [   80/  500], Batch [     1/     1 (100%)]	Learning rate: 1.00e-03	Loss: 2.916	Val Loss: 2.939
Train Epoch: [   81/  500], Batch [     1/     1 (100%)]	Learning rate: 1.00e-03	Loss: 2.911
Train Epoch: [   82/  500], Batch [     1/     1 (100%)]	Learning rate: 1.00e-03	Loss: 2.903
Train Epoch: [   83/  500], Batch [     1/     1 (100%)]	Learning rate: 1.00e-03	Loss: 2.913
Train Epoch: [   84/  500], Batch [     1/     1 (100%)]	Learning rate: 1.00e-03	Loss: 2.908
Train Epoch: [   85/  500], Batch [     1/     1 (100%)]	Learning rate: 1.00e-03	Loss: 2.905
Train Epoch: [   85/  500], Batch [     1/     1 (100%)]	Learning rate: 1.00e-03	Loss: 2.901	Val Loss: 2.932
Train Epoch: [   86/  500], Batch [     1/     1 (100%)]	Learning rate: 1.00e-03	Loss: 2.913
Train Epoch: [   87/  500], Batch [     1/     1 (100%)]	Learning rate: 1.00e-03	Loss: 2.907
Train Epoch: [   88/  500], Batch [     1/     1 (100%)]	Learning rate: 1.00e-03	Loss: 2.902
Train Epoch: [   89/  500], Batch [     1/     1 (100%)]	Learning rate: 1.00e-03	Loss: 2.898
Train Epoch: [   90/  500], Batch [     1/     1 (100%)]	Learning rate: 1.00e-03	Loss: 2.897
Train Epoch: [   90/  500], Batch [     1/     1 (100%)]	Learning rate: 1.00e-03	Loss: 2.902	Val Loss: 2.925
Train Epoch: [   91/  500], Batch [     1/     1 (100%)]	Learning rate: 1.00e-03	Loss: 2.895
Train Epoch: [   92/  500], Batch [     1/     1 (100%)]	Learning rate: 1.00e-03	Loss: 2.900
Train Epoch: [   93/  500], Batch [     1/     1 (100%)]	Learning rate: 1.00e-03	Loss: 2.909
Train Epoch: [   94/  500], Batch [     1/     1 (100%)]	Learning rate: 1.00e-03	Loss: 2.899
Train Epoch: [   95/  500], Batch [     1/     1 (100%)]	Learning rate: 1.00e-03	Loss: 2.902
Train Epoch: [   95/  500], Batch [     1/     1 (100%)]	Learning rate: 1.00e-03	Loss: 2.893	Val Loss: 2.925
Train Epoch: [   96/  500], Batch [     1/     1 (100%)]	Learning rate: 1.00e-03	Loss: 2.899
Train Epoch: [   97/  500], Batch [     1/     1 (100%)]	Learning rate: 1.00e-03	Loss: 2.887
Train Epoch: [   98/  500], Batch [     1/     1 (100%)]	Learning rate: 1.00e-03	Loss: 2.896
Train Epoch: [   99/  500], Batch [     1/     1 (100%)]	Learning rate: 1.00e-03	Loss: 2.893
Train Epoch: [  100/  500], Batch [     1/     1 (100%)]	Learning rate: 1.00e-03	Loss: 2.894
Train Epoch: [  100/  500], Batch [     1/     1 (100%)]	Learning rate: 1.00e-03	Loss: 2.897	Val Loss: 2.909
Train Epoch: [  101/  500], Batch [     1/     1 (100%)]	Learning rate: 1.00e-03	Loss: 2.887
Train Epoch: [  102/  500], Batch [     1/     1 (100%)]	Learning rate: 1.00e-03	Loss: 2.899
Train Epoch: [  103/  500], Batch [     1/     1 (100%)]	Learning rate: 1.00e-03	Loss: 2.892
Train Epoch: [  104/  500], Batch [     1/     1 (100%)]	Learning rate: 1.00e-03	Loss: 2.895
Train Epoch: [  105/  500], Batch [     1/     1 (100%)]	Learning rate: 1.00e-03	Loss: 2.892
Train Epoch: [  105/  500], Batch [     1/     1 (100%)]	Learning rate: 1.00e-03	Loss: 2.890	Val Loss: 2.912
Train Epoch: [  106/  500], Batch [     1/     1 (100%)]	Learning rate: 1.00e-03	Loss: 2.888
Train Epoch: [  107/  500], Batch [     1/     1 (100%)]	Learning rate: 1.00e-03	Loss: 2.891
Train Epoch: [  108/  500], Batch [     1/     1 (100%)]	Learning rate: 1.00e-03	Loss: 2.885
Train Epoch: [  109/  500], Batch [     1/     1 (100%)]	Learning rate: 1.00e-03	Loss: 2.891
Train Epoch: [  110/  500], Batch [     1/     1 (100%)]	Learning rate: 1.00e-03	Loss: 2.885
Train Epoch: [  110/  500], Batch [     1/     1 (100%)]	Learning rate: 1.00e-03	Loss: 2.878	Val Loss: 2.907
Train Epoch: [  111/  500], Batch [     1/     1 (100%)]	Learning rate: 1.00e-03	Loss: 2.879
Train Epoch: [  112/  500], Batch [     1/     1 (100%)]	Learning rate: 1.00e-03	Loss: 2.893
Train Epoch: [  113/  500], Batch [     1/     1 (100%)]	Learning rate: 1.00e-03	Loss: 2.884
Train Epoch: [  114/  500], Batch [     1/     1 (100%)]	Learning rate: 1.00e-03	Loss: 2.885
Train Epoch: [  115/  500], Batch [     1/     1 (100%)]	Learning rate: 1.00e-03	Loss: 2.887
Train Epoch: [  115/  500], Batch [     1/     1 (100%)]	Learning rate: 1.00e-03	Loss: 2.877	Val Loss: 2.904
Train Epoch: [  116/  500], Batch [     1/     1 (100%)]	Learning rate: 1.00e-03	Loss: 2.878
Train Epoch: [  117/  500], Batch [     1/     1 (100%)]	Learning rate: 1.00e-03	Loss: 2.872
Train Epoch: [  118/  500], Batch [     1/     1 (100%)]	Learning rate: 1.00e-03	Loss: 2.880
Train Epoch: [  119/  500], Batch [     1/     1 (100%)]	Learning rate: 1.00e-03	Loss: 2.885
Train Epoch: [  120/  500], Batch [     1/     1 (100%)]	Learning rate: 1.00e-03	Loss: 2.880
Train Epoch: [  120/  500], Batch [     1/     1 (100%)]	Learning rate: 1.00e-03	Loss: 2.876	Val Loss: 2.882
Train Epoch: [  121/  500], Batch [     1/     1 (100%)]	Learning rate: 1.00e-03	Loss: 2.882
Train Epoch: [  122/  500], Batch [     1/     1 (100%)]	Learning rate: 1.00e-03	Loss: 2.879
Train Epoch: [  123/  500], Batch [     1/     1 (100%)]	Learning rate: 1.00e-03	Loss: 2.882
Train Epoch: [  124/  500], Batch [     1/     1 (100%)]	Learning rate: 1.00e-03	Loss: 2.871
Train Epoch: [  125/  500], Batch [     1/     1 (100%)]	Learning rate: 1.00e-03	Loss: 2.874
Train Epoch: [  125/  500], Batch [     1/     1 (100%)]	Learning rate: 1.00e-03	Loss: 2.875	Val Loss: 2.883
Train Epoch: [  126/  500], Batch [     1/     1 (100%)]	Learning rate: 1.00e-03	Loss: 2.872
Train Epoch: [  127/  500], Batch [     1/     1 (100%)]	Learning rate: 1.00e-03	Loss: 2.875
Train Epoch: [  128/  500], Batch [     1/     1 (100%)]	Learning rate: 1.00e-03	Loss: 2.868
Train Epoch: [  129/  500], Batch [     1/     1 (100%)]	Learning rate: 1.00e-03	Loss: 2.879
Train Epoch: [  130/  500], Batch [     1/     1 (100%)]	Learning rate: 1.00e-03	Loss: 2.864
Train Epoch: [  130/  500], Batch [     1/     1 (100%)]	Learning rate: 1.00e-03	Loss: 2.873	Val Loss: 2.896
Train Epoch: [  131/  500], Batch [     1/     1 (100%)]	Learning rate: 1.00e-03	Loss: 2.880
Train Epoch: [  132/  500], Batch [     1/     1 (100%)]	Learning rate: 1.00e-03	Loss: 2.866
Train Epoch: [  133/  500], Batch [     1/     1 (100%)]	Learning rate: 1.00e-03	Loss: 2.870
Train Epoch: [  134/  500], Batch [     1/     1 (100%)]	Learning rate: 1.00e-03	Loss: 2.867
Train Epoch: [  135/  500], Batch [     1/     1 (100%)]	Learning rate: 1.00e-03	Loss: 2.863
Train Epoch: [  135/  500], Batch [     1/     1 (100%)]	Learning rate: 1.00e-03	Loss: 2.866	Val Loss: 2.892
Train Epoch: [  136/  500], Batch [     1/     1 (100%)]	Learning rate: 1.00e-03	Loss: 2.864
Train Epoch: [  137/  500], Batch [     1/     1 (100%)]	Learning rate: 1.00e-03	Loss: 2.867
Train Epoch: [  138/  500], Batch [     1/     1 (100%)]	Learning rate: 1.00e-03	Loss: 2.866
Train Epoch: [  139/  500], Batch [     1/     1 (100%)]	Learning rate: 1.00e-03	Loss: 2.861
Train Epoch: [  140/  500], Batch [     1/     1 (100%)]	Learning rate: 1.00e-03	Loss: 2.870
Train Epoch: [  140/  500], Batch [     1/     1 (100%)]	Learning rate: 1.00e-03	Loss: 2.867	Val Loss: 2.870
Train Epoch: [  141/  500], Batch [     1/     1 (100%)]	Learning rate: 1.00e-03	Loss: 2.870
Train Epoch: [  142/  500], Batch [     1/     1 (100%)]	Learning rate: 1.00e-03	Loss: 2.871
Train Epoch: [  143/  500], Batch [     1/     1 (100%)]	Learning rate: 1.00e-03	Loss: 2.873
Train Epoch: [  144/  500], Batch [     1/     1 (100%)]	Learning rate: 1.00e-03	Loss: 2.857
Train Epoch: [  145/  500], Batch [     1/     1 (100%)]	Learning rate: 1.00e-03	Loss: 2.861
Train Epoch: [  145/  500], Batch [     1/     1 (100%)]	Learning rate: 1.00e-03	Loss: 2.858	Val Loss: 2.879
Train Epoch: [  146/  500], Batch [     1/     1 (100%)]	Learning rate: 1.00e-03	Loss: 2.862
Train Epoch: [  147/  500], Batch [     1/     1 (100%)]	Learning rate: 1.00e-03	Loss: 2.858
Train Epoch: [  148/  500], Batch [     1/     1 (100%)]	Learning rate: 1.00e-03	Loss: 2.857
Train Epoch: [  149/  500], Batch [     1/     1 (100%)]	Learning rate: 1.00e-03	Loss: 2.859
Train Epoch: [  150/  500], Batch [     1/     1 (100%)]	Learning rate: 1.00e-03	Loss: 2.861
Train Epoch: [  150/  500], Batch [     1/     1 (100%)]	Learning rate: 1.00e-03	Loss: 2.860	Val Loss: 2.878
Train Epoch: [  151/  500], Batch [     1/     1 (100%)]	Learning rate: 1.00e-03	Loss: 2.864
Train Epoch: [  152/  500], Batch [     1/     1 (100%)]	Learning rate: 1.00e-03	Loss: 2.856
Train Epoch: [  153/  500], Batch [     1/     1 (100%)]	Learning rate: 1.00e-03	Loss: 2.854
Train Epoch: [  154/  500], Batch [     1/     1 (100%)]	Learning rate: 1.00e-03	Loss: 2.858
Train Epoch: [  155/  500], Batch [     1/     1 (100%)]	Learning rate: 1.00e-03	Loss: 2.855
Train Epoch: [  155/  500], Batch [     1/     1 (100%)]	Learning rate: 1.00e-03	Loss: 2.858	Val Loss: 2.872
Train Epoch: [  156/  500], Batch [     1/     1 (100%)]	Learning rate: 1.00e-03	Loss: 2.856
Train Epoch: [  157/  500], Batch [     1/     1 (100%)]	Learning rate: 1.00e-03	Loss: 2.855
Train Epoch: [  158/  500], Batch [     1/     1 (100%)]	Learning rate: 1.00e-03	Loss: 2.853
Train Epoch: [  159/  500], Batch [     1/     1 (100%)]	Learning rate: 1.00e-03	Loss: 2.851
Train Epoch: [  160/  500], Batch [     1/     1 (100%)]	Learning rate: 1.00e-03	Loss: 2.853
Train Epoch: [  160/  500], Batch [     1/     1 (100%)]	Learning rate: 1.00e-03	Loss: 2.853	Val Loss: 2.857
Train Epoch: [  161/  500], Batch [     1/     1 (100%)]	Learning rate: 1.00e-03	Loss: 2.855
Train Epoch: [  162/  500], Batch [     1/     1 (100%)]	Learning rate: 1.00e-03	Loss: 2.859
Train Epoch: [  163/  500], Batch [     1/     1 (100%)]	Learning rate: 1.00e-03	Loss: 2.849
Train Epoch: [  164/  500], Batch [     1/     1 (100%)]	Learning rate: 1.00e-03	Loss: 2.844
Train Epoch: [  165/  500], Batch [     1/     1 (100%)]	Learning rate: 1.00e-03	Loss: 2.855
Train Epoch: [  165/  500], Batch [     1/     1 (100%)]	Learning rate: 1.00e-03	Loss: 2.848	Val Loss: 2.862
Train Epoch: [  166/  500], Batch [     1/     1 (100%)]	Learning rate: 1.00e-03	Loss: 2.851
Train Epoch: [  167/  500], Batch [     1/     1 (100%)]	Learning rate: 1.00e-03	Loss: 2.853
Train Epoch: [  168/  500], Batch [     1/     1 (100%)]	Learning rate: 1.00e-03	Loss: 2.843
Train Epoch: [  169/  500], Batch [     1/     1 (100%)]	Learning rate: 1.00e-03	Loss: 2.849
Train Epoch: [  170/  500], Batch [     1/     1 (100%)]	Learning rate: 1.00e-03	Loss: 2.849
Train Epoch: [  170/  500], Batch [     1/     1 (100%)]	Learning rate: 1.00e-03	Loss: 2.849	Val Loss: 2.870
Train Epoch: [  171/  500], Batch [     1/     1 (100%)]	Learning rate: 1.00e-03	Loss: 2.853
Train Epoch: [  172/  500], Batch [     1/     1 (100%)]	Learning rate: 1.00e-03	Loss: 2.850
Train Epoch: [  173/  500], Batch [     1/     1 (100%)]	Learning rate: 1.00e-03	Loss: 2.848
Train Epoch: [  174/  500], Batch [     1/     1 (100%)]	Learning rate: 1.00e-03	Loss: 2.855
Train Epoch: [  175/  500], Batch [     1/     1 (100%)]	Learning rate: 1.00e-03	Loss: 2.844
Train Epoch: [  175/  500], Batch [     1/     1 (100%)]	Learning rate: 1.00e-03	Loss: 2.848	Val Loss: 2.864
Train Epoch: [  176/  500], Batch [     1/     1 (100%)]	Learning rate: 1.00e-03	Loss: 2.850
Train Epoch: [  177/  500], Batch [     1/     1 (100%)]	Learning rate: 1.00e-03	Loss: 2.845
Train Epoch: [  178/  500], Batch [     1/     1 (100%)]	Learning rate: 1.00e-03	Loss: 2.851
Train Epoch: [  179/  500], Batch [     1/     1 (100%)]	Learning rate: 1.00e-03	Loss: 2.841
Train Epoch: [  180/  500], Batch [     1/     1 (100%)]	Learning rate: 1.00e-03	Loss: 2.842
Train Epoch: [  180/  500], Batch [     1/     1 (100%)]	Learning rate: 1.00e-03	Loss: 2.844	Val Loss: 2.858
Train Epoch: [  181/  500], Batch [     1/     1 (100%)]	Learning rate: 1.00e-03	Loss: 2.841
Train Epoch: [  182/  500], Batch [     1/     1 (100%)]	Learning rate: 1.00e-03	Loss: 2.840
Train Epoch: [  183/  500], Batch [     1/     1 (100%)]	Learning rate: 1.00e-03	Loss: 2.843
Train Epoch: [  184/  500], Batch [     1/     1 (100%)]	Learning rate: 1.00e-03	Loss: 2.840
Train Epoch: [  185/  500], Batch [     1/     1 (100%)]	Learning rate: 1.00e-03	Loss: 2.839
Train Epoch: [  185/  500], Batch [     1/     1 (100%)]	Learning rate: 1.00e-03	Loss: 2.837	Val Loss: 2.860
Train Epoch: [  186/  500], Batch [     1/     1 (100%)]	Learning rate: 1.00e-03	Loss: 2.842
Train Epoch: [  187/  500], Batch [     1/     1 (100%)]	Learning rate: 1.00e-03	Loss: 2.842
Train Epoch: [  188/  500], Batch [     1/     1 (100%)]	Learning rate: 1.00e-03	Loss: 2.838
Train Epoch: [  189/  500], Batch [     1/     1 (100%)]	Learning rate: 1.00e-03	Loss: 2.843
Train Epoch: [  190/  500], Batch [     1/     1 (100%)]	Learning rate: 1.00e-03	Loss: 2.843
Train Epoch: [  190/  500], Batch [     1/     1 (100%)]	Learning rate: 1.00e-03	Loss: 2.831	Val Loss: 2.859
Model parameters: 27262
Train Epoch: [    0/  500], Batch [     1/     1 (100%)]	Learning rate: 1.00e-03	Loss: 3.085
Train Epoch: [    0/  500], Batch [     1/     1 (100%)]	Learning rate: 1.00e-03	Loss: 3.049	Val Loss: 3.120
Train Epoch: [    1/  500], Batch [     1/     1 (100%)]	Learning rate: 1.00e-03	Loss: 3.049
Train Epoch: [    2/  500], Batch [     1/     1 (100%)]	Learning rate: 1.00e-03	Loss: 3.016
Train Epoch: [    3/  500], Batch [     1/     1 (100%)]	Learning rate: 1.00e-03	Loss: 2.985
Train Epoch: [    4/  500], Batch [     1/     1 (100%)]	Learning rate: 1.00e-03	Loss: 2.957
Train Epoch: [    5/  500], Batch [     1/     1 (100%)]	Learning rate: 1.00e-03	Loss: 2.926
Train Epoch: [    5/  500], Batch [     1/     1 (100%)]	Learning rate: 1.00e-03	Loss: 2.896	Val Loss: 2.959
Train Epoch: [    6/  500], Batch [     1/     1 (100%)]	Learning rate: 1.00e-03	Loss: 2.895
Train Epoch: [    7/  500], Batch [     1/     1 (100%)]	Learning rate: 1.00e-03	Loss: 2.862
Train Epoch: [    8/  500], Batch [     1/     1 (100%)]	Learning rate: 1.00e-03	Loss: 2.828
Train Epoch: [    9/  500], Batch [     1/     1 (100%)]	Learning rate: 1.00e-03	Loss: 2.792
Train Epoch: [   10/  500], Batch [     1/     1 (100%)]	Learning rate: 1.00e-03	Loss: 2.755
Train Epoch: [   10/  500], Batch [     1/     1 (100%)]	Learning rate: 1.00e-03	Loss: 2.722	Val Loss: 2.775
Train Epoch: [   11/  500], Batch [     1/     1 (100%)]	Learning rate: 1.00e-03	Loss: 2.719
Train Epoch: [   12/  500], Batch [     1/     1 (100%)]	Learning rate: 1.00e-03	Loss: 2.682
Train Epoch: [   13/  500], Batch [     1/     1 (100%)]	Learning rate: 1.00e-03	Loss: 2.639
Train Epoch: [   14/  500], Batch [     1/     1 (100%)]	Learning rate: 1.00e-03	Loss: 2.597
Train Epoch: [   15/  500], Batch [     1/     1 (100%)]	Learning rate: 1.00e-03	Loss: 2.557
Train Epoch: [   15/  500], Batch [     1/     1 (100%)]	Learning rate: 1.00e-03	Loss: 2.511	Val Loss: 2.562
Train Epoch: [   16/  500], Batch [     1/     1 (100%)]	Learning rate: 1.00e-03	Loss: 2.519
Train Epoch: [   17/  500], Batch [     1/     1 (100%)]	Learning rate: 1.00e-03	Loss: 2.469
Train Epoch: [   18/  500], Batch [     1/     1 (100%)]	Learning rate: 1.00e-03	Loss: 2.424
Train Epoch: [   19/  500], Batch [     1/     1 (100%)]	Learning rate: 1.00e-03	Loss: 2.380
Train Epoch: [   20/  500], Batch [     1/     1 (100%)]	Learning rate: 1.00e-03	Loss: 2.345
Train Epoch: [   20/  500], Batch [     1/     1 (100%)]	Learning rate: 1.00e-03	Loss: 2.296	Val Loss: 2.339
Train Epoch: [   21/  500], Batch [     1/     1 (100%)]	Learning rate: 1.00e-03	Loss: 2.296
Train Epoch: [   22/  500], Batch [     1/     1 (100%)]	Learning rate: 1.00e-03	Loss: 2.265
Train Epoch: [   23/  500], Batch [     1/     1 (100%)]	Learning rate: 1.00e-03	Loss: 2.233
Train Epoch: [   24/  500], Batch [     1/     1 (100%)]	Learning rate: 1.00e-03	Loss: 2.203
Train Epoch: [   25/  500], Batch [     1/     1 (100%)]	Learning rate: 1.00e-03	Loss: 2.187
Train Epoch: [   25/  500], Batch [     1/     1 (100%)]	Learning rate: 1.00e-03	Loss: 2.174	Val Loss: 2.206
Train Epoch: [   26/  500], Batch [     1/     1 (100%)]	Learning rate: 1.00e-03	Loss: 2.174
Train Epoch: [   27/  500], Batch [     1/     1 (100%)]	Learning rate: 1.00e-03	Loss: 2.172
Train Epoch: [   28/  500], Batch [     1/     1 (100%)]	Learning rate: 1.00e-03	Loss: 2.169
Train Epoch: [   29/  500], Batch [     1/     1 (100%)]	Learning rate: 1.00e-03	Loss: 2.178
Train Epoch: [   30/  500], Batch [     1/     1 (100%)]	Learning rate: 1.00e-03	Loss: 2.181
Train Epoch: [   30/  500], Batch [     1/     1 (100%)]	Learning rate: 1.00e-03	Loss: 2.190	Val Loss: 2.191
Train Epoch: [   31/  500], Batch [     1/     1 (100%)]	Learning rate: 1.00e-03	Loss: 2.181
Train Epoch: [   32/  500], Batch [     1/     1 (100%)]	Learning rate: 1.00e-03	Loss: 2.191
Train Epoch: [   33/  500], Batch [     1/     1 (100%)]	Learning rate: 1.00e-03	Loss: 2.196
Train Epoch: [   34/  500], Batch [     1/     1 (100%)]	Learning rate: 1.00e-03	Loss: 2.192
Train Epoch: [   35/  500], Batch [     1/     1 (100%)]	Learning rate: 1.00e-03	Loss: 2.188
Train Epoch: [   35/  500], Batch [     1/     1 (100%)]	Learning rate: 1.00e-03	Loss: 2.185	Val Loss: 2.202
Train Epoch: [   36/  500], Batch [     1/     1 (100%)]	Learning rate: 1.00e-03	Loss: 2.181
Train Epoch: [   37/  500], Batch [     1/     1 (100%)]	Learning rate: 1.00e-03	Loss: 2.184
Train Epoch: [   38/  500], Batch [     1/     1 (100%)]	Learning rate: 1.00e-03	Loss: 2.174
Train Epoch: [   39/  500], Batch [     1/     1 (100%)]	Learning rate: 1.00e-03	Loss: 2.169
Train Epoch: [   40/  500], Batch [     1/     1 (100%)]	Learning rate: 1.00e-03	Loss: 2.166
Train Epoch: [   40/  500], Batch [     1/     1 (100%)]	Learning rate: 1.00e-03	Loss: 2.166	Val Loss: 2.186
Train Epoch: [   41/  500], Batch [     1/     1 (100%)]	Learning rate: 1.00e-03	Loss: 2.164
Train Epoch: [   42/  500], Batch [     1/     1 (100%)]	Learning rate: 1.00e-03	Loss: 2.164
Train Epoch: [   43/  500], Batch [     1/     1 (100%)]	Learning rate: 1.00e-03	Loss: 2.163
Train Epoch: [   44/  500], Batch [     1/     1 (100%)]	Learning rate: 1.00e-03	Loss: 2.157
Train Epoch: [   45/  500], Batch [     1/     1 (100%)]	Learning rate: 1.00e-03	Loss: 2.153
Train Epoch: [   45/  500], Batch [     1/     1 (100%)]	Learning rate: 1.00e-03	Loss: 2.162	Val Loss: 2.191
Train Epoch: [   46/  500], Batch [     1/     1 (100%)]	Learning rate: 1.00e-03	Loss: 2.160
Train Epoch: [   47/  500], Batch [     1/     1 (100%)]	Learning rate: 1.00e-03	Loss: 2.160
Train Epoch: [   48/  500], Batch [     1/     1 (100%)]	Learning rate: 1.00e-03	Loss: 2.158
Train Epoch: [   49/  500], Batch [     1/     1 (100%)]	Learning rate: 1.00e-03	Loss: 2.161
Train Epoch: [   50/  500], Batch [     1/     1 (100%)]	Learning rate: 1.00e-03	Loss: 2.155
Train Epoch: [   50/  500], Batch [     1/     1 (100%)]	Learning rate: 1.00e-03	Loss: 2.160	Val Loss: 2.182
Train Epoch: [   51/  500], Batch [     1/     1 (100%)]	Learning rate: 1.00e-03	Loss: 2.158
Train Epoch: [   52/  500], Batch [     1/     1 (100%)]	Learning rate: 1.00e-03	Loss: 2.156
Train Epoch: [   53/  500], Batch [     1/     1 (100%)]	Learning rate: 1.00e-03	Loss: 2.155
Train Epoch: [   54/  500], Batch [     1/     1 (100%)]	Learning rate: 1.00e-03	Loss: 2.157
Train Epoch: [   55/  500], Batch [     1/     1 (100%)]	Learning rate: 1.00e-03	Loss: 2.158
Train Epoch: [   55/  500], Batch [     1/     1 (100%)]	Learning rate: 1.00e-03	Loss: 2.156	Val Loss: 2.180
Train Epoch: [   56/  500], Batch [     1/     1 (100%)]	Learning rate: 1.00e-03	Loss: 2.153
Train Epoch: [   57/  500], Batch [     1/     1 (100%)]	Learning rate: 1.00e-03	Loss: 2.153
Train Epoch: [   58/  500], Batch [     1/     1 (100%)]	Learning rate: 1.00e-03	Loss: 2.153
Train Epoch: [   59/  500], Batch [     1/     1 (100%)]	Learning rate: 1.00e-03	Loss: 2.149
Train Epoch: [   60/  500], Batch [     1/     1 (100%)]	Learning rate: 1.00e-03	Loss: 2.145
Train Epoch: [   60/  500], Batch [     1/     1 (100%)]	Learning rate: 1.00e-03	Loss: 2.154	Val Loss: 2.181
Train Epoch: [   61/  500], Batch [     1/     1 (100%)]	Learning rate: 1.00e-03	Loss: 2.148
Train Epoch: [   62/  500], Batch [     1/     1 (100%)]	Learning rate: 1.00e-03	Loss: 2.147
Train Epoch: [   63/  500], Batch [     1/     1 (100%)]	Learning rate: 1.00e-03	Loss: 2.152
Train Epoch: [   64/  500], Batch [     1/     1 (100%)]	Learning rate: 1.00e-03	Loss: 2.148
Train Epoch: [   65/  500], Batch [     1/     1 (100%)]	Learning rate: 1.00e-03	Loss: 2.143
Train Epoch: [   65/  500], Batch [     1/     1 (100%)]	Learning rate: 1.00e-03	Loss: 2.145	Val Loss: 2.166
Train Epoch: [   66/  500], Batch [     1/     1 (100%)]	Learning rate: 1.00e-03	Loss: 2.149
Train Epoch: [   67/  500], Batch [     1/     1 (100%)]	Learning rate: 1.00e-03	Loss: 2.146
Train Epoch: [   68/  500], Batch [     1/     1 (100%)]	Learning rate: 1.00e-03	Loss: 2.142
Train Epoch: [   69/  500], Batch [     1/     1 (100%)]	Learning rate: 1.00e-03	Loss: 2.138
Train Epoch: [   70/  500], Batch [     1/     1 (100%)]	Learning rate: 1.00e-03	Loss: 2.147
Train Epoch: [   70/  500], Batch [     1/     1 (100%)]	Learning rate: 1.00e-03	Loss: 2.143	Val Loss: 2.166
Train Epoch: [   71/  500], Batch [     1/     1 (100%)]	Learning rate: 1.00e-03	Loss: 2.143
Train Epoch: [   72/  500], Batch [     1/     1 (100%)]	Learning rate: 1.00e-03	Loss: 2.140
Train Epoch: [   73/  500], Batch [     1/     1 (100%)]	Learning rate: 1.00e-03	Loss: 2.139
Train Epoch: [   74/  500], Batch [     1/     1 (100%)]	Learning rate: 1.00e-03	Loss: 2.138
Train Epoch: [   75/  500], Batch [     1/     1 (100%)]	Learning rate: 1.00e-03	Loss: 2.137
Train Epoch: [   75/  500], Batch [     1/     1 (100%)]	Learning rate: 1.00e-03	Loss: 2.136	Val Loss: 2.159
Train Epoch: [   76/  500], Batch [     1/     1 (100%)]	Learning rate: 1.00e-03	Loss: 2.138
Train Epoch: [   77/  500], Batch [     1/     1 (100%)]	Learning rate: 1.00e-03	Loss: 2.132
Train Epoch: [   78/  500], Batch [     1/     1 (100%)]	Learning rate: 1.00e-03	Loss: 2.135
Train Epoch: [   79/  500], Batch [     1/     1 (100%)]	Learning rate: 1.00e-03	Loss: 2.130
Train Epoch: [   80/  500], Batch [     1/     1 (100%)]	Learning rate: 1.00e-03	Loss: 2.132
Train Epoch: [   80/  500], Batch [     1/     1 (100%)]	Learning rate: 1.00e-03	Loss: 2.127	Val Loss: 2.152
Train Epoch: [   81/  500], Batch [     1/     1 (100%)]	Learning rate: 1.00e-03	Loss: 2.129
Train Epoch: [   82/  500], Batch [     1/     1 (100%)]	Learning rate: 1.00e-03	Loss: 2.129
Train Epoch: [   83/  500], Batch [     1/     1 (100%)]	Learning rate: 1.00e-03	Loss: 2.126
Train Epoch: [   84/  500], Batch [     1/     1 (100%)]	Learning rate: 1.00e-03	Loss: 2.121
Train Epoch: [   85/  500], Batch [     1/     1 (100%)]	Learning rate: 1.00e-03	Loss: 2.121
Train Epoch: [   85/  500], Batch [     1/     1 (100%)]	Learning rate: 1.00e-03	Loss: 2.118	Val Loss: 2.143
Train Epoch: [   86/  500], Batch [     1/     1 (100%)]	Learning rate: 1.00e-03	Loss: 2.120
Train Epoch: [   87/  500], Batch [     1/     1 (100%)]	Learning rate: 1.00e-03	Loss: 2.119
Train Epoch: [   88/  500], Batch [     1/     1 (100%)]	Learning rate: 1.00e-03	Loss: 2.114
Train Epoch: [   89/  500], Batch [     1/     1 (100%)]	Learning rate: 1.00e-03	Loss: 2.113
Train Epoch: [   90/  500], Batch [     1/     1 (100%)]	Learning rate: 1.00e-03	Loss: 2.114
Train Epoch: [   90/  500], Batch [     1/     1 (100%)]	Learning rate: 1.00e-03	Loss: 2.110	Val Loss: 2.137
Train Epoch: [   91/  500], Batch [     1/     1 (100%)]	Learning rate: 1.00e-03	Loss: 2.113
Train Epoch: [   92/  500], Batch [     1/     1 (100%)]	Learning rate: 1.00e-03	Loss: 2.105
Train Epoch: [   93/  500], Batch [     1/     1 (100%)]	Learning rate: 1.00e-03	Loss: 2.100
Train Epoch: [   94/  500], Batch [     1/     1 (100%)]	Learning rate: 1.00e-03	Loss: 2.103
Train Epoch: [   95/  500], Batch [     1/     1 (100%)]	Learning rate: 1.00e-03	Loss: 2.100
Train Epoch: [   95/  500], Batch [     1/     1 (100%)]	Learning rate: 1.00e-03	Loss: 2.094	Val Loss: 2.130
Train Epoch: [   96/  500], Batch [     1/     1 (100%)]	Learning rate: 1.00e-03	Loss: 2.101
Train Epoch: [   97/  500], Batch [     1/     1 (100%)]	Learning rate: 1.00e-03	Loss: 2.089
Train Epoch: [   98/  500], Batch [     1/     1 (100%)]	Learning rate: 1.00e-03	Loss: 2.093
Train Epoch: [   99/  500], Batch [     1/     1 (100%)]	Learning rate: 1.00e-03	Loss: 2.089
Train Epoch: [  100/  500], Batch [     1/     1 (100%)]	Learning rate: 1.00e-03	Loss: 2.087
Train Epoch: [  100/  500], Batch [     1/     1 (100%)]	Learning rate: 1.00e-03	Loss: 2.087	Val Loss: 2.116
Train Epoch: [  101/  500], Batch [     1/     1 (100%)]	Learning rate: 1.00e-03	Loss: 2.081
Train Epoch: [  102/  500], Batch [     1/     1 (100%)]	Learning rate: 1.00e-03	Loss: 2.082
Train Epoch: [  103/  500], Batch [     1/     1 (100%)]	Learning rate: 1.00e-03	Loss: 2.081
Train Epoch: [  104/  500], Batch [     1/     1 (100%)]	Learning rate: 1.00e-03	Loss: 2.078
Train Epoch: [  105/  500], Batch [     1/     1 (100%)]	Learning rate: 1.00e-03	Loss: 2.074
Train Epoch: [  105/  500], Batch [     1/     1 (100%)]	Learning rate: 1.00e-03	Loss: 2.072	Val Loss: 2.109
Train Epoch: [  106/  500], Batch [     1/     1 (100%)]	Learning rate: 1.00e-03	Loss: 2.072
Train Epoch: [  107/  500], Batch [     1/     1 (100%)]	Learning rate: 1.00e-03	Loss: 2.074
Train Epoch: [  108/  500], Batch [     1/     1 (100%)]	Learning rate: 1.00e-03	Loss: 2.074
Train Epoch: [  109/  500], Batch [     1/     1 (100%)]	Learning rate: 1.00e-03	Loss: 2.070
Train Epoch: [  110/  500], Batch [     1/     1 (100%)]	Learning rate: 1.00e-03	Loss: 2.067
Train Epoch: [  110/  500], Batch [     1/     1 (100%)]	Learning rate: 1.00e-03	Loss: 2.065	Val Loss: 2.103
Train Epoch: [  111/  500], Batch [     1/     1 (100%)]	Learning rate: 1.00e-03	Loss: 2.064
Train Epoch: [  112/  500], Batch [     1/     1 (100%)]	Learning rate: 1.00e-03	Loss: 2.063
Train Epoch: [  113/  500], Batch [     1/     1 (100%)]	Learning rate: 1.00e-03	Loss: 2.065
Train Epoch: [  114/  500], Batch [     1/     1 (100%)]	Learning rate: 1.00e-03	Loss: 2.060
Train Epoch: [  115/  500], Batch [     1/     1 (100%)]	Learning rate: 1.00e-03	Loss: 2.055
Train Epoch: [  115/  500], Batch [     1/     1 (100%)]	Learning rate: 1.00e-03	Loss: 2.053	Val Loss: 2.097
Train Epoch: [  116/  500], Batch [     1/     1 (100%)]	Learning rate: 1.00e-03	Loss: 2.056
Train Epoch: [  117/  500], Batch [     1/     1 (100%)]	Learning rate: 1.00e-03	Loss: 2.051
Train Epoch: [  118/  500], Batch [     1/     1 (100%)]	Learning rate: 1.00e-03	Loss: 2.049
Train Epoch: [  119/  500], Batch [     1/     1 (100%)]	Learning rate: 1.00e-03	Loss: 2.045
Train Epoch: [  120/  500], Batch [     1/     1 (100%)]	Learning rate: 1.00e-03	Loss: 2.041
Train Epoch: [  120/  500], Batch [     1/     1 (100%)]	Learning rate: 1.00e-03	Loss: 2.037	Val Loss: 2.081
Train Epoch: [  121/  500], Batch [     1/     1 (100%)]	Learning rate: 1.00e-03	Loss: 2.036
Train Epoch: [  122/  500], Batch [     1/     1 (100%)]	Learning rate: 1.00e-03	Loss: 2.033
Train Epoch: [  123/  500], Batch [     1/     1 (100%)]	Learning rate: 1.00e-03	Loss: 2.027
Train Epoch: [  124/  500], Batch [     1/     1 (100%)]	Learning rate: 1.00e-03	Loss: 2.021
Train Epoch: [  125/  500], Batch [     1/     1 (100%)]	Learning rate: 1.00e-03	Loss: 2.017
Train Epoch: [  125/  500], Batch [     1/     1 (100%)]	Learning rate: 1.00e-03	Loss: 2.012	Val Loss: 2.055
Train Epoch: [  126/  500], Batch [     1/     1 (100%)]	Learning rate: 1.00e-03	Loss: 2.010
Train Epoch: [  127/  500], Batch [     1/     1 (100%)]	Learning rate: 1.00e-03	Loss: 2.002
Train Epoch: [  128/  500], Batch [     1/     1 (100%)]	Learning rate: 1.00e-03	Loss: 1.991
Train Epoch: [  129/  500], Batch [     1/     1 (100%)]	Learning rate: 1.00e-03	Loss: 1.989
Train Epoch: [  130/  500], Batch [     1/     1 (100%)]	Learning rate: 1.00e-03	Loss: 1.986
Train Epoch: [  130/  500], Batch [     1/     1 (100%)]	Learning rate: 1.00e-03	Loss: 1.975	Val Loss: 2.013
Train Epoch: [  131/  500], Batch [     1/     1 (100%)]	Learning rate: 1.00e-03	Loss: 1.981
Train Epoch: [  132/  500], Batch [     1/     1 (100%)]	Learning rate: 1.00e-03	Loss: 1.975
Train Epoch: [  133/  500], Batch [     1/     1 (100%)]	Learning rate: 1.00e-03	Loss: 1.978
Train Epoch: [  134/  500], Batch [     1/     1 (100%)]	Learning rate: 1.00e-03	Loss: 1.975
Train Epoch: [  135/  500], Batch [     1/     1 (100%)]	Learning rate: 1.00e-03	Loss: 1.975
Train Epoch: [  135/  500], Batch [     1/     1 (100%)]	Learning rate: 1.00e-03	Loss: 1.970	Val Loss: 2.004
Train Epoch: [  136/  500], Batch [     1/     1 (100%)]	Learning rate: 1.00e-03	Loss: 1.972
Train Epoch: [  137/  500], Batch [     1/     1 (100%)]	Learning rate: 1.00e-03	Loss: 1.969
Train Epoch: [  138/  500], Batch [     1/     1 (100%)]	Learning rate: 1.00e-03	Loss: 1.969
Train Epoch: [  139/  500], Batch [     1/     1 (100%)]	Learning rate: 1.00e-03	Loss: 1.964
Train Epoch: [  140/  500], Batch [     1/     1 (100%)]	Learning rate: 1.00e-03	Loss: 1.963
Train Epoch: [  140/  500], Batch [     1/     1 (100%)]	Learning rate: 1.00e-03	Loss: 1.962	Val Loss: 1.997
Train Epoch: [  141/  500], Batch [     1/     1 (100%)]	Learning rate: 1.00e-03	Loss: 1.951
Train Epoch: [  142/  500], Batch [     1/     1 (100%)]	Learning rate: 1.00e-03	Loss: 1.953
Train Epoch: [  143/  500], Batch [     1/     1 (100%)]	Learning rate: 1.00e-03	Loss: 1.949
Train Epoch: [  144/  500], Batch [     1/     1 (100%)]	Learning rate: 1.00e-03	Loss: 1.951
Train Epoch: [  145/  500], Batch [     1/     1 (100%)]	Learning rate: 1.00e-03	Loss: 1.945
Train Epoch: [  145/  500], Batch [     1/     1 (100%)]	Learning rate: 1.00e-03	Loss: 1.937	Val Loss: 1.978
Train Epoch: [  146/  500], Batch [     1/     1 (100%)]	Learning rate: 1.00e-03	Loss: 1.938
Train Epoch: [  147/  500], Batch [     1/     1 (100%)]	Learning rate: 1.00e-03	Loss: 1.938
Train Epoch: [  148/  500], Batch [     1/     1 (100%)]	Learning rate: 1.00e-03	Loss: 1.929
Train Epoch: [  149/  500], Batch [     1/     1 (100%)]	Learning rate: 1.00e-03	Loss: 1.935
Train Epoch: [  150/  500], Batch [     1/     1 (100%)]	Learning rate: 1.00e-03	Loss: 1.930
Train Epoch: [  150/  500], Batch [     1/     1 (100%)]	Learning rate: 1.00e-03	Loss: 1.929	Val Loss: 1.968
Train Epoch: [  151/  500], Batch [     1/     1 (100%)]	Learning rate: 1.00e-03	Loss: 1.930
Train Epoch: [  152/  500], Batch [     1/     1 (100%)]	Learning rate: 1.00e-03	Loss: 1.923
Train Epoch: [  153/  500], Batch [     1/     1 (100%)]	Learning rate: 1.00e-03	Loss: 1.923
Train Epoch: [  154/  500], Batch [     1/     1 (100%)]	Learning rate: 1.00e-03	Loss: 1.914
Train Epoch: [  155/  500], Batch [     1/     1 (100%)]	Learning rate: 1.00e-03	Loss: 1.910
Train Epoch: [  155/  500], Batch [     1/     1 (100%)]	Learning rate: 1.00e-03	Loss: 1.906	Val Loss: 1.937
Train Epoch: [  156/  500], Batch [     1/     1 (100%)]	Learning rate: 1.00e-03	Loss: 1.910
Train Epoch: [  157/  500], Batch [     1/     1 (100%)]	Learning rate: 1.00e-03	Loss: 1.898
Train Epoch: [  158/  500], Batch [     1/     1 (100%)]	Learning rate: 1.00e-03	Loss: 1.901
Train Epoch: [  159/  500], Batch [     1/     1 (100%)]	Learning rate: 1.00e-03	Loss: 1.890
Train Epoch: [  160/  500], Batch [     1/     1 (100%)]	Learning rate: 1.00e-03	Loss: 1.887
Train Epoch: [  160/  500], Batch [     1/     1 (100%)]	Learning rate: 1.00e-03	Loss: 1.889	Val Loss: 1.923
Train Epoch: [  161/  500], Batch [     1/     1 (100%)]	Learning rate: 1.00e-03	Loss: 1.880
Train Epoch: [  162/  500], Batch [     1/     1 (100%)]	Learning rate: 1.00e-03	Loss: 1.881
Train Epoch: [  163/  500], Batch [     1/     1 (100%)]	Learning rate: 1.00e-03	Loss: 1.877
Train Epoch: [  164/  500], Batch [     1/     1 (100%)]	Learning rate: 1.00e-03	Loss: 1.873
Train Epoch: [  165/  500], Batch [     1/     1 (100%)]	Learning rate: 1.00e-03	Loss: 1.869
Train Epoch: [  165/  500], Batch [     1/     1 (100%)]	Learning rate: 1.00e-03	Loss: 1.877	Val Loss: 1.897
Train Epoch: [  166/  500], Batch [     1/     1 (100%)]	Learning rate: 1.00e-03	Loss: 1.860
Train Epoch: [  167/  500], Batch [     1/     1 (100%)]	Learning rate: 1.00e-03	Loss: 1.863
Train Epoch: [  168/  500], Batch [     1/     1 (100%)]	Learning rate: 1.00e-03	Loss: 1.858
Train Epoch: [  169/  500], Batch [     1/     1 (100%)]	Learning rate: 1.00e-03	Loss: 1.854
Train Epoch: [  170/  500], Batch [     1/     1 (100%)]	Learning rate: 1.00e-03	Loss: 1.856
Train Epoch: [  170/  500], Batch [     1/     1 (100%)]	Learning rate: 1.00e-03	Loss: 1.852	Val Loss: 1.888
Train Epoch: [  171/  500], Batch [     1/     1 (100%)]	Learning rate: 1.00e-03	Loss: 1.855
Train Epoch: [  172/  500], Batch [     1/     1 (100%)]	Learning rate: 1.00e-03	Loss: 1.850
Train Epoch: [  173/  500], Batch [     1/     1 (100%)]	Learning rate: 1.00e-03	Loss: 1.840
Train Epoch: [  174/  500], Batch [     1/     1 (100%)]	Learning rate: 1.00e-03	Loss: 1.842
Train Epoch: [  175/  500], Batch [     1/     1 (100%)]	Learning rate: 1.00e-03	Loss: 1.832
Train Epoch: [  175/  500], Batch [     1/     1 (100%)]	Learning rate: 1.00e-03	Loss: 1.831	Val Loss: 1.876
Train Epoch: [  176/  500], Batch [     1/     1 (100%)]	Learning rate: 1.00e-03	Loss: 1.829
Train Epoch: [  177/  500], Batch [     1/     1 (100%)]	Learning rate: 1.00e-03	Loss: 1.828
Train Epoch: [  178/  500], Batch [     1/     1 (100%)]	Learning rate: 1.00e-03	Loss: 1.829
Train Epoch: [  179/  500], Batch [     1/     1 (100%)]	Learning rate: 1.00e-03	Loss: 1.826
Train Epoch: [  180/  500], Batch [     1/     1 (100%)]	Learning rate: 1.00e-03	Loss: 1.824
Train Epoch: [  180/  500], Batch [     1/     1 (100%)]	Learning rate: 1.00e-03	Loss: 1.818	Val Loss: 1.862
Train Epoch: [  181/  500], Batch [     1/     1 (100%)]	Learning rate: 1.00e-03	Loss: 1.822
Train Epoch: [  182/  500], Batch [     1/     1 (100%)]	Learning rate: 1.00e-03	Loss: 1.817
Train Epoch: [  183/  500], Batch [     1/     1 (100%)]	Learning rate: 1.00e-03	Loss: 1.821
Train Epoch: [  184/  500], Batch [     1/     1 (100%)]	Learning rate: 1.00e-03	Loss: 1.815
Train Epoch: [  185/  500], Batch [     1/     1 (100%)]	Learning rate: 1.00e-03	Loss: 1.816
Train Epoch: [  185/  500], Batch [     1/     1 (100%)]	Learning rate: 1.00e-03	Loss: 1.808	Val Loss: 1.851
Train Epoch: [  186/  500], Batch [     1/     1 (100%)]	Learning rate: 1.00e-03	Loss: 1.807
Train Epoch: [  187/  500], Batch [     1/     1 (100%)]	Learning rate: 1.00e-03	Loss: 1.804
Train Epoch: [  188/  500], Batch [     1/     1 (100%)]	Learning rate: 1.00e-03	Loss: 1.808
Train Epoch: [  189/  500], Batch [     1/     1 (100%)]	Learning rate: 1.00e-03	Loss: 1.805
Train Epoch: [  190/  500], Batch [     1/     1 (100%)]	Learning rate: 1.00e-03	Loss: 1.804
Train Epoch: [  190/  500], Batch [     1/     1 (100%)]	Learning rate: 1.00e-03	Loss: 1.799	Val Loss: 1.845
Train Epoch: [  191/  500], Batch [     1/     1 (100%)]	Learning rate: 1.00e-03	Loss: 1.799
Train Epoch: [  192/  500], Batch [     1/     1 (100%)]	Learning rate: 1.00e-03	Loss: 1.802
Train Epoch: [  193/  500], Batch [     1/     1 (100%)]	Learning rate: 1.00e-03	Loss: 1.797
Train Epoch: [  194/  500], Batch [     1/     1 (100%)]	Learning rate: 1.00e-03	Loss: 1.793
Train Epoch: [  195/  500], Batch [     1/     1 (100%)]	Learning rate: 1.00e-03	Loss: 1.792
Train Epoch: [  195/  500], Batch [     1/     1 (100%)]	Learning rate: 1.00e-03	Loss: 1.792	Val Loss: 1.849
Train Epoch: [  196/  500], Batch [     1/     1 (100%)]	Learning rate: 1.00e-03	Loss: 1.790
Train Epoch: [  197/  500], Batch [     1/     1 (100%)]	Learning rate: 1.00e-03	Loss: 1.792
Train Epoch: [  198/  500], Batch [     1/     1 (100%)]	Learning rate: 1.00e-03	Loss: 1.792
Train Epoch: [  199/  500], Batch [     1/     1 (100%)]	Learning rate: 1.00e-03	Loss: 1.781
Train Epoch: [  200/  500], Batch [     1/     1 (100%)]	Learning rate: 1.00e-03	Loss: 1.784
Train Epoch: [  200/  500], Batch [     1/     1 (100%)]	Learning rate: 1.00e-03	Loss: 1.779	Val Loss: 1.835
Train Epoch: [  201/  500], Batch [     1/     1 (100%)]	Learning rate: 1.00e-03	Loss: 1.779
Train Epoch: [  202/  500], Batch [     1/     1 (100%)]	Learning rate: 1.00e-03	Loss: 1.784
Train Epoch: [  203/  500], Batch [     1/     1 (100%)]	Learning rate: 1.00e-03	Loss: 1.777
Train Epoch: [  204/  500], Batch [     1/     1 (100%)]	Learning rate: 1.00e-03	Loss: 1.776
Train Epoch: [  205/  500], Batch [     1/     1 (100%)]	Learning rate: 1.00e-03	Loss: 1.768
Train Epoch: [  205/  500], Batch [     1/     1 (100%)]	Learning rate: 1.00e-03	Loss: 1.780	Val Loss: 1.838
Train Epoch: [  206/  500], Batch [     1/     1 (100%)]	Learning rate: 1.00e-03	Loss: 1.782
Train Epoch: [  207/  500], Batch [     1/     1 (100%)]	Learning rate: 1.00e-03	Loss: 1.776
Train Epoch: [  208/  500], Batch [     1/     1 (100%)]	Learning rate: 1.00e-03	Loss: 1.776
Train Epoch: [  209/  500], Batch [     1/     1 (100%)]	Learning rate: 1.00e-03	Loss: 1.773
Train Epoch: [  210/  500], Batch [     1/     1 (100%)]	Learning rate: 1.00e-03	Loss: 1.769
Train Epoch: [  210/  500], Batch [     1/     1 (100%)]	Learning rate: 1.00e-03	Loss: 1.769	Val Loss: 1.822
Train Epoch: [  211/  500], Batch [     1/     1 (100%)]	Learning rate: 1.00e-03	Loss: 1.768
Train Epoch: [  212/  500], Batch [     1/     1 (100%)]	Learning rate: 1.00e-03	Loss: 1.766
Train Epoch: [  213/  500], Batch [     1/     1 (100%)]	Learning rate: 1.00e-03	Loss: 1.767
Train Epoch: [  214/  500], Batch [     1/     1 (100%)]	Learning rate: 1.00e-03	Loss: 1.765
Train Epoch: [  215/  500], Batch [     1/     1 (100%)]	Learning rate: 1.00e-03	Loss: 1.766
Train Epoch: [  215/  500], Batch [     1/     1 (100%)]	Learning rate: 1.00e-03	Loss: 1.763	Val Loss: 1.817
Train Epoch: [  216/  500], Batch [     1/     1 (100%)]	Learning rate: 1.00e-03	Loss: 1.761
Train Epoch: [  217/  500], Batch [     1/     1 (100%)]	Learning rate: 1.00e-03	Loss: 1.759
Train Epoch: [  218/  500], Batch [     1/     1 (100%)]	Learning rate: 1.00e-03	Loss: 1.763
Train Epoch: [  219/  500], Batch [     1/     1 (100%)]	Learning rate: 1.00e-03	Loss: 1.759
Train Epoch: [  220/  500], Batch [     1/     1 (100%)]	Learning rate: 1.00e-03	Loss: 1.756
Train Epoch: [  220/  500], Batch [     1/     1 (100%)]	Learning rate: 1.00e-03	Loss: 1.746	Val Loss: 1.814
Train Epoch: [  221/  500], Batch [     1/     1 (100%)]	Learning rate: 1.00e-03	Loss: 1.753
Train Epoch: [  222/  500], Batch [     1/     1 (100%)]	Learning rate: 1.00e-03	Loss: 1.755
Train Epoch: [  223/  500], Batch [     1/     1 (100%)]	Learning rate: 1.00e-03	Loss: 1.755
Train Epoch: [  224/  500], Batch [     1/     1 (100%)]	Learning rate: 1.00e-03	Loss: 1.742
Train Epoch: [  225/  500], Batch [     1/     1 (100%)]	Learning rate: 1.00e-03	Loss: 1.752
Train Epoch: [  225/  500], Batch [     1/     1 (100%)]	Learning rate: 1.00e-03	Loss: 1.751	Val Loss: 1.799
Train Epoch: [  226/  500], Batch [     1/     1 (100%)]	Learning rate: 1.00e-03	Loss: 1.748
Train Epoch: [  227/  500], Batch [     1/     1 (100%)]	Learning rate: 1.00e-03	Loss: 1.746
Train Epoch: [  228/  500], Batch [     1/     1 (100%)]	Learning rate: 1.00e-03	Loss: 1.747
Train Epoch: [  229/  500], Batch [     1/     1 (100%)]	Learning rate: 1.00e-03	Loss: 1.746
Train Epoch: [  230/  500], Batch [     1/     1 (100%)]	Learning rate: 1.00e-03	Loss: 1.745
Train Epoch: [  230/  500], Batch [     1/     1 (100%)]	Learning rate: 1.00e-03	Loss: 1.744	Val Loss: 1.823
Train Epoch: [  231/  500], Batch [     1/     1 (100%)]	Learning rate: 1.00e-03	Loss: 1.742
Train Epoch: [  232/  500], Batch [     1/     1 (100%)]	Learning rate: 1.00e-03	Loss: 1.742
Train Epoch: [  233/  500], Batch [     1/     1 (100%)]	Learning rate: 1.00e-03	Loss: 1.742
Train Epoch: [  234/  500], Batch [     1/     1 (100%)]	Learning rate: 1.00e-03	Loss: 1.744
Train Epoch: [  235/  500], Batch [     1/     1 (100%)]	Learning rate: 1.00e-03	Loss: 1.745
Train Epoch: [  235/  500], Batch [     1/     1 (100%)]	Learning rate: 1.00e-03	Loss: 1.740	Val Loss: 1.803
Train Epoch: [  236/  500], Batch [     1/     1 (100%)]	Learning rate: 1.00e-03	Loss: 1.742
Train Epoch: [  237/  500], Batch [     1/     1 (100%)]	Learning rate: 1.00e-03	Loss: 1.739
Train Epoch: [  238/  500], Batch [     1/     1 (100%)]	Learning rate: 1.00e-03	Loss: 1.732
Train Epoch: [  239/  500], Batch [     1/     1 (100%)]	Learning rate: 1.00e-03	Loss: 1.730
Train Epoch: [  240/  500], Batch [     1/     1 (100%)]	Learning rate: 1.00e-03	Loss: 1.735
Train Epoch: [  240/  500], Batch [     1/     1 (100%)]	Learning rate: 1.00e-03	Loss: 1.738	Val Loss: 1.801
Train Epoch: [  241/  500], Batch [     1/     1 (100%)]	Learning rate: 1.00e-03	Loss: 1.733
Train Epoch: [  242/  500], Batch [     1/     1 (100%)]	Learning rate: 1.00e-03	Loss: 1.725
Train Epoch: [  243/  500], Batch [     1/     1 (100%)]	Learning rate: 1.00e-03	Loss: 1.731
Train Epoch: [  244/  500], Batch [     1/     1 (100%)]	Learning rate: 1.00e-03	Loss: 1.729
Train Epoch: [  245/  500], Batch [     1/     1 (100%)]	Learning rate: 1.00e-03	Loss: 1.734
Train Epoch: [  245/  500], Batch [     1/     1 (100%)]	Learning rate: 1.00e-03	Loss: 1.729	Val Loss: 1.810
Train Epoch: [  246/  500], Batch [     1/     1 (100%)]	Learning rate: 1.00e-03	Loss: 1.725
Train Epoch: [  247/  500], Batch [     1/     1 (100%)]	Learning rate: 1.00e-03	Loss: 1.721
Train Epoch: [  248/  500], Batch [     1/     1 (100%)]	Learning rate: 1.00e-03	Loss: 1.719
Train Epoch: [  249/  500], Batch [     1/     1 (100%)]	Learning rate: 1.00e-03	Loss: 1.720
Train Epoch: [  250/  500], Batch [     1/     1 (100%)]	Learning rate: 1.00e-03	Loss: 1.718
Train Epoch: [  250/  500], Batch [     1/     1 (100%)]	Learning rate: 1.00e-03	Loss: 1.721	Val Loss: 1.809
Train Epoch: [  251/  500], Batch [     1/     1 (100%)]	Learning rate: 1.00e-03	Loss: 1.721
Train Epoch: [  252/  500], Batch [     1/     1 (100%)]	Learning rate: 1.00e-03	Loss: 1.714
Train Epoch: [  253/  500], Batch [     1/     1 (100%)]	Learning rate: 1.00e-03	Loss: 1.711
Train Epoch: [  254/  500], Batch [     1/     1 (100%)]	Learning rate: 1.00e-03	Loss: 1.715
Train Epoch: [  255/  500], Batch [     1/     1 (100%)]	Learning rate: 1.00e-03	Loss: 1.710
Train Epoch: [  255/  500], Batch [     1/     1 (100%)]	Learning rate: 1.00e-03	Loss: 1.708	Val Loss: 1.811
Model parameters: 27262
