Train Epoch: [    0/  500], Batch [     1/     1 (100%)]	Learning rate: 1.00e-03	Loss: 3.293
Train Epoch: [    0/  500], Batch [     1/     1 (100%)]	Learning rate: 1.00e-03	Loss: 3.258	Val Loss: 3.127
Train Epoch: [    1/  500], Batch [     1/     1 (100%)]	Learning rate: 1.00e-03	Loss: 3.258
Train Epoch: [    2/  500], Batch [     1/     1 (100%)]	Learning rate: 1.00e-03	Loss: 3.228
Train Epoch: [    3/  500], Batch [     1/     1 (100%)]	Learning rate: 1.00e-03	Loss: 3.205
Train Epoch: [    4/  500], Batch [     1/     1 (100%)]	Learning rate: 1.00e-03	Loss: 3.188
Train Epoch: [    5/  500], Batch [     1/     1 (100%)]	Learning rate: 1.00e-03	Loss: 3.176
Train Epoch: [    5/  500], Batch [     1/     1 (100%)]	Learning rate: 1.00e-03	Loss: 3.168	Val Loss: 3.042
Train Epoch: [    6/  500], Batch [     1/     1 (100%)]	Learning rate: 1.00e-03	Loss: 3.168
Train Epoch: [    7/  500], Batch [     1/     1 (100%)]	Learning rate: 1.00e-03	Loss: 3.164
Train Epoch: [    8/  500], Batch [     1/     1 (100%)]	Learning rate: 1.00e-03	Loss: 3.160
Train Epoch: [    9/  500], Batch [     1/     1 (100%)]	Learning rate: 1.00e-03	Loss: 3.157
Train Epoch: [   10/  500], Batch [     1/     1 (100%)]	Learning rate: 1.00e-03	Loss: 3.155
Train Epoch: [   10/  500], Batch [     1/     1 (100%)]	Learning rate: 1.00e-03	Loss: 3.154	Val Loss: 3.027
Train Epoch: [   11/  500], Batch [     1/     1 (100%)]	Learning rate: 1.00e-03	Loss: 3.154
Train Epoch: [   12/  500], Batch [     1/     1 (100%)]	Learning rate: 1.00e-03	Loss: 3.152
Train Epoch: [   13/  500], Batch [     1/     1 (100%)]	Learning rate: 1.00e-03	Loss: 3.151
Train Epoch: [   14/  500], Batch [     1/     1 (100%)]	Learning rate: 1.00e-03	Loss: 3.150
Train Epoch: [   15/  500], Batch [     1/     1 (100%)]	Learning rate: 1.00e-03	Loss: 3.148
Train Epoch: [   15/  500], Batch [     1/     1 (100%)]	Learning rate: 1.00e-03	Loss: 3.145	Val Loss: 3.021
Train Epoch: [   16/  500], Batch [     1/     1 (100%)]	Learning rate: 1.00e-03	Loss: 3.147
Train Epoch: [   17/  500], Batch [     1/     1 (100%)]	Learning rate: 1.00e-03	Loss: 3.144
Train Epoch: [   18/  500], Batch [     1/     1 (100%)]	Learning rate: 1.00e-03	Loss: 3.144
Train Epoch: [   19/  500], Batch [     1/     1 (100%)]	Learning rate: 1.00e-03	Loss: 3.143
Train Epoch: [   20/  500], Batch [     1/     1 (100%)]	Learning rate: 1.00e-03	Loss: 3.142
Train Epoch: [   20/  500], Batch [     1/     1 (100%)]	Learning rate: 1.00e-03	Loss: 3.143	Val Loss: 3.019
Train Epoch: [   21/  500], Batch [     1/     1 (100%)]	Learning rate: 1.00e-03	Loss: 3.143
Train Epoch: [   22/  500], Batch [     1/     1 (100%)]	Learning rate: 1.00e-03	Loss: 3.139
Train Epoch: [   23/  500], Batch [     1/     1 (100%)]	Learning rate: 1.00e-03	Loss: 3.138
Train Epoch: [   24/  500], Batch [     1/     1 (100%)]	Learning rate: 1.00e-03	Loss: 3.140
Train Epoch: [   25/  500], Batch [     1/     1 (100%)]	Learning rate: 1.00e-03	Loss: 3.138
Train Epoch: [   25/  500], Batch [     1/     1 (100%)]	Learning rate: 1.00e-03	Loss: 3.133	Val Loss: 3.013
Train Epoch: [   26/  500], Batch [     1/     1 (100%)]	Learning rate: 1.00e-03	Loss: 3.135
Train Epoch: [   27/  500], Batch [     1/     1 (100%)]	Learning rate: 1.00e-03	Loss: 3.134
Train Epoch: [   28/  500], Batch [     1/     1 (100%)]	Learning rate: 1.00e-03	Loss: 3.128
Train Epoch: [   29/  500], Batch [     1/     1 (100%)]	Learning rate: 1.00e-03	Loss: 3.119
Train Epoch: [   30/  500], Batch [     1/     1 (100%)]	Learning rate: 1.00e-03	Loss: 3.114
Train Epoch: [   30/  500], Batch [     1/     1 (100%)]	Learning rate: 1.00e-03	Loss: 3.112	Val Loss: 2.987
Train Epoch: [   31/  500], Batch [     1/     1 (100%)]	Learning rate: 1.00e-03	Loss: 3.108
Train Epoch: [   32/  500], Batch [     1/     1 (100%)]	Learning rate: 1.00e-03	Loss: 3.100
Train Epoch: [   33/  500], Batch [     1/     1 (100%)]	Learning rate: 1.00e-03	Loss: 3.084
Train Epoch: [   34/  500], Batch [     1/     1 (100%)]	Learning rate: 1.00e-03	Loss: 3.069
Train Epoch: [   35/  500], Batch [     1/     1 (100%)]	Learning rate: 1.00e-03	Loss: 3.031
Train Epoch: [   35/  500], Batch [     1/     1 (100%)]	Learning rate: 1.00e-03	Loss: 2.995	Val Loss: 2.912
Train Epoch: [   36/  500], Batch [     1/     1 (100%)]	Learning rate: 1.00e-03	Loss: 3.008
Train Epoch: [   37/  500], Batch [     1/     1 (100%)]	Learning rate: 1.00e-03	Loss: 2.954
Train Epoch: [   38/  500], Batch [     1/     1 (100%)]	Learning rate: 1.00e-03	Loss: 2.904
Train Epoch: [   39/  500], Batch [     1/     1 (100%)]	Learning rate: 1.00e-03	Loss: 2.796
Train Epoch: [   40/  500], Batch [     1/     1 (100%)]	Learning rate: 1.00e-03	Loss: 2.715
Train Epoch: [   40/  500], Batch [     1/     1 (100%)]	Learning rate: 1.00e-03	Loss: 2.656	Val Loss: 2.595
Train Epoch: [   41/  500], Batch [     1/     1 (100%)]	Learning rate: 1.00e-03	Loss: 2.670
Train Epoch: [   42/  500], Batch [     1/     1 (100%)]	Learning rate: 1.00e-03	Loss: 2.609
Train Epoch: [   43/  500], Batch [     1/     1 (100%)]	Learning rate: 1.00e-03	Loss: 2.547
Train Epoch: [   44/  500], Batch [     1/     1 (100%)]	Learning rate: 1.00e-03	Loss: 2.498
Train Epoch: [   45/  500], Batch [     1/     1 (100%)]	Learning rate: 1.00e-03	Loss: 2.442
Train Epoch: [   45/  500], Batch [     1/     1 (100%)]	Learning rate: 1.00e-03	Loss: 2.422	Val Loss: 2.369
Train Epoch: [   46/  500], Batch [     1/     1 (100%)]	Learning rate: 1.00e-03	Loss: 2.420
Train Epoch: [   47/  500], Batch [     1/     1 (100%)]	Learning rate: 1.00e-03	Loss: 2.396
Train Epoch: [   48/  500], Batch [     1/     1 (100%)]	Learning rate: 1.00e-03	Loss: 2.373
Train Epoch: [   49/  500], Batch [     1/     1 (100%)]	Learning rate: 1.00e-03	Loss: 2.348
Train Epoch: [   50/  500], Batch [     1/     1 (100%)]	Learning rate: 1.00e-03	Loss: 2.320
Train Epoch: [   50/  500], Batch [     1/     1 (100%)]	Learning rate: 1.00e-03	Loss: 2.310	Val Loss: 2.253
Train Epoch: [   51/  500], Batch [     1/     1 (100%)]	Learning rate: 1.00e-03	Loss: 2.291
Train Epoch: [   52/  500], Batch [     1/     1 (100%)]	Learning rate: 1.00e-03	Loss: 2.292
Train Epoch: [   53/  500], Batch [     1/     1 (100%)]	Learning rate: 1.00e-03	Loss: 2.279
Train Epoch: [   54/  500], Batch [     1/     1 (100%)]	Learning rate: 1.00e-03	Loss: 2.257
Train Epoch: [   55/  500], Batch [     1/     1 (100%)]	Learning rate: 1.00e-03	Loss: 2.237
Train Epoch: [   55/  500], Batch [     1/     1 (100%)]	Learning rate: 1.00e-03	Loss: 2.231	Val Loss: 2.209
Train Epoch: [   56/  500], Batch [     1/     1 (100%)]	Learning rate: 1.00e-03	Loss: 2.227
Train Epoch: [   57/  500], Batch [     1/     1 (100%)]	Learning rate: 1.00e-03	Loss: 2.222
Train Epoch: [   58/  500], Batch [     1/     1 (100%)]	Learning rate: 1.00e-03	Loss: 2.215
Train Epoch: [   59/  500], Batch [     1/     1 (100%)]	Learning rate: 1.00e-03	Loss: 2.204
Train Epoch: [   60/  500], Batch [     1/     1 (100%)]	Learning rate: 1.00e-03	Loss: 2.203
Train Epoch: [   60/  500], Batch [     1/     1 (100%)]	Learning rate: 1.00e-03	Loss: 2.198	Val Loss: 2.173
Train Epoch: [   61/  500], Batch [     1/     1 (100%)]	Learning rate: 1.00e-03	Loss: 2.199
Train Epoch: [   62/  500], Batch [     1/     1 (100%)]	Learning rate: 1.00e-03	Loss: 2.194
Train Epoch: [   63/  500], Batch [     1/     1 (100%)]	Learning rate: 1.00e-03	Loss: 2.190
Train Epoch: [   64/  500], Batch [     1/     1 (100%)]	Learning rate: 1.00e-03	Loss: 2.185
Train Epoch: [   65/  500], Batch [     1/     1 (100%)]	Learning rate: 1.00e-03	Loss: 2.182
Train Epoch: [   65/  500], Batch [     1/     1 (100%)]	Learning rate: 1.00e-03	Loss: 2.185	Val Loss: 2.150
Train Epoch: [   66/  500], Batch [     1/     1 (100%)]	Learning rate: 1.00e-03	Loss: 2.182
Train Epoch: [   67/  500], Batch [     1/     1 (100%)]	Learning rate: 1.00e-03	Loss: 2.178
Train Epoch: [   68/  500], Batch [     1/     1 (100%)]	Learning rate: 1.00e-03	Loss: 2.183
Train Epoch: [   69/  500], Batch [     1/     1 (100%)]	Learning rate: 1.00e-03	Loss: 2.179
Train Epoch: [   70/  500], Batch [     1/     1 (100%)]	Learning rate: 1.00e-03	Loss: 2.184
Train Epoch: [   70/  500], Batch [     1/     1 (100%)]	Learning rate: 1.00e-03	Loss: 2.181	Val Loss: 2.141
Train Epoch: [   71/  500], Batch [     1/     1 (100%)]	Learning rate: 1.00e-03	Loss: 2.185
Train Epoch: [   72/  500], Batch [     1/     1 (100%)]	Learning rate: 1.00e-03	Loss: 2.173
Train Epoch: [   73/  500], Batch [     1/     1 (100%)]	Learning rate: 1.00e-03	Loss: 2.182
Train Epoch: [   74/  500], Batch [     1/     1 (100%)]	Learning rate: 1.00e-03	Loss: 2.185
Train Epoch: [   75/  500], Batch [     1/     1 (100%)]	Learning rate: 1.00e-03	Loss: 2.181
Train Epoch: [   75/  500], Batch [     1/     1 (100%)]	Learning rate: 1.00e-03	Loss: 2.181	Val Loss: 2.141
Train Epoch: [   76/  500], Batch [     1/     1 (100%)]	Learning rate: 1.00e-03	Loss: 2.182
Train Epoch: [   77/  500], Batch [     1/     1 (100%)]	Learning rate: 1.00e-03	Loss: 2.176
Train Epoch: [   78/  500], Batch [     1/     1 (100%)]	Learning rate: 1.00e-03	Loss: 2.169
Train Epoch: [   79/  500], Batch [     1/     1 (100%)]	Learning rate: 1.00e-03	Loss: 2.171
Train Epoch: [   80/  500], Batch [     1/     1 (100%)]	Learning rate: 1.00e-03	Loss: 2.173
Train Epoch: [   80/  500], Batch [     1/     1 (100%)]	Learning rate: 1.00e-03	Loss: 2.176	Val Loss: 2.146
Train Epoch: [   81/  500], Batch [     1/     1 (100%)]	Learning rate: 1.00e-03	Loss: 2.173
Train Epoch: [   82/  500], Batch [     1/     1 (100%)]	Learning rate: 1.00e-03	Loss: 2.176
Train Epoch: [   83/  500], Batch [     1/     1 (100%)]	Learning rate: 1.00e-03	Loss: 2.174
Train Epoch: [   84/  500], Batch [     1/     1 (100%)]	Learning rate: 1.00e-03	Loss: 2.172
Train Epoch: [   85/  500], Batch [     1/     1 (100%)]	Learning rate: 1.00e-03	Loss: 2.176
Train Epoch: [   85/  500], Batch [     1/     1 (100%)]	Learning rate: 1.00e-03	Loss: 2.173	Val Loss: 2.145
Train Epoch: [   86/  500], Batch [     1/     1 (100%)]	Learning rate: 1.00e-03	Loss: 2.172
Train Epoch: [   87/  500], Batch [     1/     1 (100%)]	Learning rate: 1.00e-03	Loss: 2.174
Train Epoch: [   88/  500], Batch [     1/     1 (100%)]	Learning rate: 1.00e-03	Loss: 2.174
Train Epoch: [   89/  500], Batch [     1/     1 (100%)]	Learning rate: 1.00e-03	Loss: 2.171
Train Epoch: [   90/  500], Batch [     1/     1 (100%)]	Learning rate: 1.00e-03	Loss: 2.174
Train Epoch: [   90/  500], Batch [     1/     1 (100%)]	Learning rate: 1.00e-03	Loss: 2.176	Val Loss: 2.138
Train Epoch: [   91/  500], Batch [     1/     1 (100%)]	Learning rate: 1.00e-03	Loss: 2.167
Train Epoch: [   92/  500], Batch [     1/     1 (100%)]	Learning rate: 1.00e-03	Loss: 2.170
Train Epoch: [   93/  500], Batch [     1/     1 (100%)]	Learning rate: 1.00e-03	Loss: 2.169
Train Epoch: [   94/  500], Batch [     1/     1 (100%)]	Learning rate: 1.00e-03	Loss: 2.168
Train Epoch: [   95/  500], Batch [     1/     1 (100%)]	Learning rate: 1.00e-03	Loss: 2.171
Train Epoch: [   95/  500], Batch [     1/     1 (100%)]	Learning rate: 1.00e-03	Loss: 2.169	Val Loss: 2.138
Train Epoch: [   96/  500], Batch [     1/     1 (100%)]	Learning rate: 1.00e-03	Loss: 2.169
Train Epoch: [   97/  500], Batch [     1/     1 (100%)]	Learning rate: 1.00e-03	Loss: 2.167
Train Epoch: [   98/  500], Batch [     1/     1 (100%)]	Learning rate: 1.00e-03	Loss: 2.172
Train Epoch: [   99/  500], Batch [     1/     1 (100%)]	Learning rate: 1.00e-03	Loss: 2.171
Train Epoch: [  100/  500], Batch [     1/     1 (100%)]	Learning rate: 1.00e-03	Loss: 2.170
Train Epoch: [  100/  500], Batch [     1/     1 (100%)]	Learning rate: 1.00e-03	Loss: 2.167	Val Loss: 2.140
Train Epoch: [  101/  500], Batch [     1/     1 (100%)]	Learning rate: 1.00e-03	Loss: 2.170
Train Epoch: [  102/  500], Batch [     1/     1 (100%)]	Learning rate: 1.00e-03	Loss: 2.170
Train Epoch: [  103/  500], Batch [     1/     1 (100%)]	Learning rate: 1.00e-03	Loss: 2.168
Train Epoch: [  104/  500], Batch [     1/     1 (100%)]	Learning rate: 1.00e-03	Loss: 2.167
Train Epoch: [  105/  500], Batch [     1/     1 (100%)]	Learning rate: 1.00e-03	Loss: 2.168
Train Epoch: [  105/  500], Batch [     1/     1 (100%)]	Learning rate: 1.00e-03	Loss: 2.169	Val Loss: 2.141
Train Epoch: [  106/  500], Batch [     1/     1 (100%)]	Learning rate: 1.00e-03	Loss: 2.173
Train Epoch: [  107/  500], Batch [     1/     1 (100%)]	Learning rate: 1.00e-03	Loss: 2.167
Train Epoch: [  108/  500], Batch [     1/     1 (100%)]	Learning rate: 1.00e-03	Loss: 2.169
Train Epoch: [  109/  500], Batch [     1/     1 (100%)]	Learning rate: 1.00e-03	Loss: 2.164
Train Epoch: [  110/  500], Batch [     1/     1 (100%)]	Learning rate: 1.00e-03	Loss: 2.169
Train Epoch: [  110/  500], Batch [     1/     1 (100%)]	Learning rate: 1.00e-03	Loss: 2.166	Val Loss: 2.139
Train Epoch: [  111/  500], Batch [     1/     1 (100%)]	Learning rate: 1.00e-03	Loss: 2.170
Train Epoch: [  112/  500], Batch [     1/     1 (100%)]	Learning rate: 1.00e-03	Loss: 2.165
Train Epoch: [  113/  500], Batch [     1/     1 (100%)]	Learning rate: 1.00e-03	Loss: 2.169
Train Epoch: [  114/  500], Batch [     1/     1 (100%)]	Learning rate: 1.00e-03	Loss: 2.167
Train Epoch: [  115/  500], Batch [     1/     1 (100%)]	Learning rate: 1.00e-03	Loss: 2.169
Train Epoch: [  115/  500], Batch [     1/     1 (100%)]	Learning rate: 1.00e-03	Loss: 2.176	Val Loss: 2.142

Learning rate adapted! New learning rate 1.000e-04

Train Epoch: [  116/  500], Batch [     1/     1 (100%)]	Learning rate: 1.00e-04	Loss: 2.168
Train Epoch: [  117/  500], Batch [     1/     1 (100%)]	Learning rate: 1.00e-04	Loss: 2.164
Train Epoch: [  118/  500], Batch [     1/     1 (100%)]	Learning rate: 1.00e-04	Loss: 2.172
Train Epoch: [  119/  500], Batch [     1/     1 (100%)]	Learning rate: 1.00e-04	Loss: 2.166
Train Epoch: [  120/  500], Batch [     1/     1 (100%)]	Learning rate: 1.00e-04	Loss: 2.167
Train Epoch: [  120/  500], Batch [     1/     1 (100%)]	Learning rate: 1.00e-04	Loss: 2.163	Val Loss: 2.139
Model parameters: 151042
Train Epoch: [    0/  500], Batch [     1/     1 (100%)]	Learning rate: 1.00e-03	Loss: 3.387
Train Epoch: [    0/  500], Batch [     1/     1 (100%)]	Learning rate: 1.00e-03	Loss: 3.153	Val Loss: 3.112
Train Epoch: [    1/  500], Batch [     1/     1 (100%)]	Learning rate: 1.00e-03	Loss: 3.155
Train Epoch: [    2/  500], Batch [     1/     1 (100%)]	Learning rate: 1.00e-03	Loss: 2.984
Train Epoch: [    3/  500], Batch [     1/     1 (100%)]	Learning rate: 1.00e-03	Loss: 2.858
Train Epoch: [    4/  500], Batch [     1/     1 (100%)]	Learning rate: 1.00e-03	Loss: 2.768
Train Epoch: [    5/  500], Batch [     1/     1 (100%)]	Learning rate: 1.00e-03	Loss: 2.692
Train Epoch: [    5/  500], Batch [     1/     1 (100%)]	Learning rate: 1.00e-03	Loss: 2.622	Val Loss: 2.595
Train Epoch: [    6/  500], Batch [     1/     1 (100%)]	Learning rate: 1.00e-03	Loss: 2.621
Train Epoch: [    7/  500], Batch [     1/     1 (100%)]	Learning rate: 1.00e-03	Loss: 2.561
Train Epoch: [    8/  500], Batch [     1/     1 (100%)]	Learning rate: 1.00e-03	Loss: 2.498
Train Epoch: [    9/  500], Batch [     1/     1 (100%)]	Learning rate: 1.00e-03	Loss: 2.439
Train Epoch: [   10/  500], Batch [     1/     1 (100%)]	Learning rate: 1.00e-03	Loss: 2.384
Train Epoch: [   10/  500], Batch [     1/     1 (100%)]	Learning rate: 1.00e-03	Loss: 2.343	Val Loss: 2.310
Train Epoch: [   11/  500], Batch [     1/     1 (100%)]	Learning rate: 1.00e-03	Loss: 2.338
Train Epoch: [   12/  500], Batch [     1/     1 (100%)]	Learning rate: 1.00e-03	Loss: 2.295
Train Epoch: [   13/  500], Batch [     1/     1 (100%)]	Learning rate: 1.00e-03	Loss: 2.257
Train Epoch: [   14/  500], Batch [     1/     1 (100%)]	Learning rate: 1.00e-03	Loss: 2.224
Train Epoch: [   15/  500], Batch [     1/     1 (100%)]	Learning rate: 1.00e-03	Loss: 2.202
Train Epoch: [   15/  500], Batch [     1/     1 (100%)]	Learning rate: 1.00e-03	Loss: 2.183	Val Loss: 2.163
Train Epoch: [   16/  500], Batch [     1/     1 (100%)]	Learning rate: 1.00e-03	Loss: 2.184
Train Epoch: [   17/  500], Batch [     1/     1 (100%)]	Learning rate: 1.00e-03	Loss: 2.176
Train Epoch: [   18/  500], Batch [     1/     1 (100%)]	Learning rate: 1.00e-03	Loss: 2.168
Train Epoch: [   19/  500], Batch [     1/     1 (100%)]	Learning rate: 1.00e-03	Loss: 2.165
Train Epoch: [   20/  500], Batch [     1/     1 (100%)]	Learning rate: 1.00e-03	Loss: 2.172
Train Epoch: [   20/  500], Batch [     1/     1 (100%)]	Learning rate: 1.00e-03	Loss: 2.179	Val Loss: 2.175
Train Epoch: [   21/  500], Batch [     1/     1 (100%)]	Learning rate: 1.00e-03	Loss: 2.183
Train Epoch: [   22/  500], Batch [     1/     1 (100%)]	Learning rate: 1.00e-03	Loss: 2.184
Train Epoch: [   23/  500], Batch [     1/     1 (100%)]	Learning rate: 1.00e-03	Loss: 2.194
Train Epoch: [   24/  500], Batch [     1/     1 (100%)]	Learning rate: 1.00e-03	Loss: 2.198
Train Epoch: [   25/  500], Batch [     1/     1 (100%)]	Learning rate: 1.00e-03	Loss: 2.199
Train Epoch: [   25/  500], Batch [     1/     1 (100%)]	Learning rate: 1.00e-03	Loss: 2.195	Val Loss: 2.188
Train Epoch: [   26/  500], Batch [     1/     1 (100%)]	Learning rate: 1.00e-03	Loss: 2.199
Train Epoch: [   27/  500], Batch [     1/     1 (100%)]	Learning rate: 1.00e-03	Loss: 2.191
Train Epoch: [   28/  500], Batch [     1/     1 (100%)]	Learning rate: 1.00e-03	Loss: 2.187
Train Epoch: [   29/  500], Batch [     1/     1 (100%)]	Learning rate: 1.00e-03	Loss: 2.182
Train Epoch: [   30/  500], Batch [     1/     1 (100%)]	Learning rate: 1.00e-03	Loss: 2.183
Train Epoch: [   30/  500], Batch [     1/     1 (100%)]	Learning rate: 1.00e-03	Loss: 2.173	Val Loss: 2.165
Train Epoch: [   31/  500], Batch [     1/     1 (100%)]	Learning rate: 1.00e-03	Loss: 2.171
Train Epoch: [   32/  500], Batch [     1/     1 (100%)]	Learning rate: 1.00e-03	Loss: 2.171
Train Epoch: [   33/  500], Batch [     1/     1 (100%)]	Learning rate: 1.00e-03	Loss: 2.169
Train Epoch: [   34/  500], Batch [     1/     1 (100%)]	Learning rate: 1.00e-03	Loss: 2.161
Train Epoch: [   35/  500], Batch [     1/     1 (100%)]	Learning rate: 1.00e-03	Loss: 2.158
Train Epoch: [   35/  500], Batch [     1/     1 (100%)]	Learning rate: 1.00e-03	Loss: 2.161	Val Loss: 2.147
Train Epoch: [   36/  500], Batch [     1/     1 (100%)]	Learning rate: 1.00e-03	Loss: 2.157
Train Epoch: [   37/  500], Batch [     1/     1 (100%)]	Learning rate: 1.00e-03	Loss: 2.161
Train Epoch: [   38/  500], Batch [     1/     1 (100%)]	Learning rate: 1.00e-03	Loss: 2.160
Train Epoch: [   39/  500], Batch [     1/     1 (100%)]	Learning rate: 1.00e-03	Loss: 2.162
Train Epoch: [   40/  500], Batch [     1/     1 (100%)]	Learning rate: 1.00e-03	Loss: 2.155
Train Epoch: [   40/  500], Batch [     1/     1 (100%)]	Learning rate: 1.00e-03	Loss: 2.163	Val Loss: 2.151
Train Epoch: [   41/  500], Batch [     1/     1 (100%)]	Learning rate: 1.00e-03	Loss: 2.161
Train Epoch: [   42/  500], Batch [     1/     1 (100%)]	Learning rate: 1.00e-03	Loss: 2.162
Train Epoch: [   43/  500], Batch [     1/     1 (100%)]	Learning rate: 1.00e-03	Loss: 2.161
Train Epoch: [   44/  500], Batch [     1/     1 (100%)]	Learning rate: 1.00e-03	Loss: 2.162
Train Epoch: [   45/  500], Batch [     1/     1 (100%)]	Learning rate: 1.00e-03	Loss: 2.167
Train Epoch: [   45/  500], Batch [     1/     1 (100%)]	Learning rate: 1.00e-03	Loss: 2.162	Val Loss: 2.147
Train Epoch: [   46/  500], Batch [     1/     1 (100%)]	Learning rate: 1.00e-03	Loss: 2.162
Train Epoch: [   47/  500], Batch [     1/     1 (100%)]	Learning rate: 1.00e-03	Loss: 2.162
Train Epoch: [   48/  500], Batch [     1/     1 (100%)]	Learning rate: 1.00e-03	Loss: 2.165
Train Epoch: [   49/  500], Batch [     1/     1 (100%)]	Learning rate: 1.00e-03	Loss: 2.161
Train Epoch: [   50/  500], Batch [     1/     1 (100%)]	Learning rate: 1.00e-03	Loss: 2.159
Train Epoch: [   50/  500], Batch [     1/     1 (100%)]	Learning rate: 1.00e-03	Loss: 2.159	Val Loss: 2.146
Train Epoch: [   51/  500], Batch [     1/     1 (100%)]	Learning rate: 1.00e-03	Loss: 2.155
Train Epoch: [   52/  500], Batch [     1/     1 (100%)]	Learning rate: 1.00e-03	Loss: 2.159
Train Epoch: [   53/  500], Batch [     1/     1 (100%)]	Learning rate: 1.00e-03	Loss: 2.157
Train Epoch: [   54/  500], Batch [     1/     1 (100%)]	Learning rate: 1.00e-03	Loss: 2.157
Train Epoch: [   55/  500], Batch [     1/     1 (100%)]	Learning rate: 1.00e-03	Loss: 2.157
Train Epoch: [   55/  500], Batch [     1/     1 (100%)]	Learning rate: 1.00e-03	Loss: 2.156	Val Loss: 2.146
Train Epoch: [   56/  500], Batch [     1/     1 (100%)]	Learning rate: 1.00e-03	Loss: 2.156
Train Epoch: [   57/  500], Batch [     1/     1 (100%)]	Learning rate: 1.00e-03	Loss: 2.157
Train Epoch: [   58/  500], Batch [     1/     1 (100%)]	Learning rate: 1.00e-03	Loss: 2.155
Train Epoch: [   59/  500], Batch [     1/     1 (100%)]	Learning rate: 1.00e-03	Loss: 2.156
Train Epoch: [   60/  500], Batch [     1/     1 (100%)]	Learning rate: 1.00e-03	Loss: 2.158
Train Epoch: [   60/  500], Batch [     1/     1 (100%)]	Learning rate: 1.00e-03	Loss: 2.157	Val Loss: 2.144
Train Epoch: [   61/  500], Batch [     1/     1 (100%)]	Learning rate: 1.00e-03	Loss: 2.155
Train Epoch: [   62/  500], Batch [     1/     1 (100%)]	Learning rate: 1.00e-03	Loss: 2.160
Train Epoch: [   63/  500], Batch [     1/     1 (100%)]	Learning rate: 1.00e-03	Loss: 2.156
Train Epoch: [   64/  500], Batch [     1/     1 (100%)]	Learning rate: 1.00e-03	Loss: 2.154
Train Epoch: [   65/  500], Batch [     1/     1 (100%)]	Learning rate: 1.00e-03	Loss: 2.158
Train Epoch: [   65/  500], Batch [     1/     1 (100%)]	Learning rate: 1.00e-03	Loss: 2.158	Val Loss: 2.145
Train Epoch: [   66/  500], Batch [     1/     1 (100%)]	Learning rate: 1.00e-03	Loss: 2.155
Train Epoch: [   67/  500], Batch [     1/     1 (100%)]	Learning rate: 1.00e-03	Loss: 2.157
Train Epoch: [   68/  500], Batch [     1/     1 (100%)]	Learning rate: 1.00e-03	Loss: 2.156
Train Epoch: [   69/  500], Batch [     1/     1 (100%)]	Learning rate: 1.00e-03	Loss: 2.156
Train Epoch: [   70/  500], Batch [     1/     1 (100%)]	Learning rate: 1.00e-03	Loss: 2.155
Train Epoch: [   70/  500], Batch [     1/     1 (100%)]	Learning rate: 1.00e-03	Loss: 2.156	Val Loss: 2.146
Train Epoch: [   71/  500], Batch [     1/     1 (100%)]	Learning rate: 1.00e-03	Loss: 2.157
Train Epoch: [   72/  500], Batch [     1/     1 (100%)]	Learning rate: 1.00e-03	Loss: 2.156
Train Epoch: [   73/  500], Batch [     1/     1 (100%)]	Learning rate: 1.00e-03	Loss: 2.157
Train Epoch: [   74/  500], Batch [     1/     1 (100%)]	Learning rate: 1.00e-03	Loss: 2.160
Train Epoch: [   75/  500], Batch [     1/     1 (100%)]	Learning rate: 1.00e-03	Loss: 2.151
Train Epoch: [   75/  500], Batch [     1/     1 (100%)]	Learning rate: 1.00e-03	Loss: 2.156	Val Loss: 2.147

Learning rate adapted! New learning rate 1.000e-04

Train Epoch: [   76/  500], Batch [     1/     1 (100%)]	Learning rate: 1.00e-04	Loss: 2.158
Train Epoch: [   77/  500], Batch [     1/     1 (100%)]	Learning rate: 1.00e-04	Loss: 2.158
Train Epoch: [   78/  500], Batch [     1/     1 (100%)]	Learning rate: 1.00e-04	Loss: 2.158
Train Epoch: [   79/  500], Batch [     1/     1 (100%)]	Learning rate: 1.00e-04	Loss: 2.153
Train Epoch: [   80/  500], Batch [     1/     1 (100%)]	Learning rate: 1.00e-04	Loss: 2.155
Train Epoch: [   80/  500], Batch [     1/     1 (100%)]	Learning rate: 1.00e-04	Loss: 2.154	Val Loss: 2.142
Train Epoch: [   81/  500], Batch [     1/     1 (100%)]	Learning rate: 1.00e-04	Loss: 2.160
Train Epoch: [   82/  500], Batch [     1/     1 (100%)]	Learning rate: 1.00e-04	Loss: 2.156
Train Epoch: [   83/  500], Batch [     1/     1 (100%)]	Learning rate: 1.00e-04	Loss: 2.157
Train Epoch: [   84/  500], Batch [     1/     1 (100%)]	Learning rate: 1.00e-04	Loss: 2.153
Train Epoch: [   85/  500], Batch [     1/     1 (100%)]	Learning rate: 1.00e-04	Loss: 2.157
Train Epoch: [   85/  500], Batch [     1/     1 (100%)]	Learning rate: 1.00e-04	Loss: 2.156	Val Loss: 2.146
Train Epoch: [   86/  500], Batch [     1/     1 (100%)]	Learning rate: 1.00e-04	Loss: 2.154
Train Epoch: [   87/  500], Batch [     1/     1 (100%)]	Learning rate: 1.00e-04	Loss: 2.155
Train Epoch: [   88/  500], Batch [     1/     1 (100%)]	Learning rate: 1.00e-04	Loss: 2.161
Train Epoch: [   89/  500], Batch [     1/     1 (100%)]	Learning rate: 1.00e-04	Loss: 2.158
Train Epoch: [   90/  500], Batch [     1/     1 (100%)]	Learning rate: 1.00e-04	Loss: 2.156
Train Epoch: [   90/  500], Batch [     1/     1 (100%)]	Learning rate: 1.00e-04	Loss: 2.155	Val Loss: 2.146
Train Epoch: [   91/  500], Batch [     1/     1 (100%)]	Learning rate: 1.00e-04	Loss: 2.158
Train Epoch: [   92/  500], Batch [     1/     1 (100%)]	Learning rate: 1.00e-04	Loss: 2.155
Train Epoch: [   93/  500], Batch [     1/     1 (100%)]	Learning rate: 1.00e-04	Loss: 2.158
Train Epoch: [   94/  500], Batch [     1/     1 (100%)]	Learning rate: 1.00e-04	Loss: 2.155
Train Epoch: [   95/  500], Batch [     1/     1 (100%)]	Learning rate: 1.00e-04	Loss: 2.157
Train Epoch: [   95/  500], Batch [     1/     1 (100%)]	Learning rate: 1.00e-04	Loss: 2.154	Val Loss: 2.146
Train Epoch: [   96/  500], Batch [     1/     1 (100%)]	Learning rate: 1.00e-04	Loss: 2.154
Train Epoch: [   97/  500], Batch [     1/     1 (100%)]	Learning rate: 1.00e-04	Loss: 2.156
Train Epoch: [   98/  500], Batch [     1/     1 (100%)]	Learning rate: 1.00e-04	Loss: 2.155
Train Epoch: [   99/  500], Batch [     1/     1 (100%)]	Learning rate: 1.00e-04	Loss: 2.155
Train Epoch: [  100/  500], Batch [     1/     1 (100%)]	Learning rate: 1.00e-04	Loss: 2.155
Train Epoch: [  100/  500], Batch [     1/     1 (100%)]	Learning rate: 1.00e-04	Loss: 2.157	Val Loss: 2.146
Train Epoch: [  101/  500], Batch [     1/     1 (100%)]	Learning rate: 1.00e-04	Loss: 2.155
Train Epoch: [  102/  500], Batch [     1/     1 (100%)]	Learning rate: 1.00e-04	Loss: 2.160
Train Epoch: [  103/  500], Batch [     1/     1 (100%)]	Learning rate: 1.00e-04	Loss: 2.155
Train Epoch: [  104/  500], Batch [     1/     1 (100%)]	Learning rate: 1.00e-04	Loss: 2.159
Train Epoch: [  105/  500], Batch [     1/     1 (100%)]	Learning rate: 1.00e-04	Loss: 2.151
Train Epoch: [  105/  500], Batch [     1/     1 (100%)]	Learning rate: 1.00e-04	Loss: 2.156	Val Loss: 2.150

Learning rate adapted! New learning rate 1.000e-05

Train Epoch: [  106/  500], Batch [     1/     1 (100%)]	Learning rate: 1.00e-05	Loss: 2.154
Train Epoch: [  107/  500], Batch [     1/     1 (100%)]	Learning rate: 1.00e-05	Loss: 2.155
Train Epoch: [  108/  500], Batch [     1/     1 (100%)]	Learning rate: 1.00e-05	Loss: 2.155
Train Epoch: [  109/  500], Batch [     1/     1 (100%)]	Learning rate: 1.00e-05	Loss: 2.157
Train Epoch: [  110/  500], Batch [     1/     1 (100%)]	Learning rate: 1.00e-05	Loss: 2.158
Train Epoch: [  110/  500], Batch [     1/     1 (100%)]	Learning rate: 1.00e-05	Loss: 2.156	Val Loss: 2.142
Train Epoch: [  111/  500], Batch [     1/     1 (100%)]	Learning rate: 1.00e-05	Loss: 2.159
Train Epoch: [  112/  500], Batch [     1/     1 (100%)]	Learning rate: 1.00e-05	Loss: 2.151
Train Epoch: [  113/  500], Batch [     1/     1 (100%)]	Learning rate: 1.00e-05	Loss: 2.152
Train Epoch: [  114/  500], Batch [     1/     1 (100%)]	Learning rate: 1.00e-05	Loss: 2.158
Train Epoch: [  115/  500], Batch [     1/     1 (100%)]	Learning rate: 1.00e-05	Loss: 2.154
Train Epoch: [  115/  500], Batch [     1/     1 (100%)]	Learning rate: 1.00e-05	Loss: 2.154	Val Loss: 2.149
Train Epoch: [  116/  500], Batch [     1/     1 (100%)]	Learning rate: 1.00e-05	Loss: 2.157
Train Epoch: [  117/  500], Batch [     1/     1 (100%)]	Learning rate: 1.00e-05	Loss: 2.156
Train Epoch: [  118/  500], Batch [     1/     1 (100%)]	Learning rate: 1.00e-05	Loss: 2.153
Train Epoch: [  119/  500], Batch [     1/     1 (100%)]	Learning rate: 1.00e-05	Loss: 2.152
Train Epoch: [  120/  500], Batch [     1/     1 (100%)]	Learning rate: 1.00e-05	Loss: 2.156
Train Epoch: [  120/  500], Batch [     1/     1 (100%)]	Learning rate: 1.00e-05	Loss: 2.156	Val Loss: 2.147
Train Epoch: [  121/  500], Batch [     1/     1 (100%)]	Learning rate: 1.00e-05	Loss: 2.155
Train Epoch: [  122/  500], Batch [     1/     1 (100%)]	Learning rate: 1.00e-05	Loss: 2.156
Train Epoch: [  123/  500], Batch [     1/     1 (100%)]	Learning rate: 1.00e-05	Loss: 2.158
Train Epoch: [  124/  500], Batch [     1/     1 (100%)]	Learning rate: 1.00e-05	Loss: 2.155
Train Epoch: [  125/  500], Batch [     1/     1 (100%)]	Learning rate: 1.00e-05	Loss: 2.159
Train Epoch: [  125/  500], Batch [     1/     1 (100%)]	Learning rate: 1.00e-05	Loss: 2.155	Val Loss: 2.143
Train Epoch: [  126/  500], Batch [     1/     1 (100%)]	Learning rate: 1.00e-05	Loss: 2.157
Train Epoch: [  127/  500], Batch [     1/     1 (100%)]	Learning rate: 1.00e-05	Loss: 2.155
Train Epoch: [  128/  500], Batch [     1/     1 (100%)]	Learning rate: 1.00e-05	Loss: 2.155
Train Epoch: [  129/  500], Batch [     1/     1 (100%)]	Learning rate: 1.00e-05	Loss: 2.157
Train Epoch: [  130/  500], Batch [     1/     1 (100%)]	Learning rate: 1.00e-05	Loss: 2.152
Train Epoch: [  130/  500], Batch [     1/     1 (100%)]	Learning rate: 1.00e-05	Loss: 2.156	Val Loss: 2.148
Train Epoch: [  131/  500], Batch [     1/     1 (100%)]	Learning rate: 1.00e-05	Loss: 2.156
Train Epoch: [  132/  500], Batch [     1/     1 (100%)]	Learning rate: 1.00e-05	Loss: 2.155
Train Epoch: [  133/  500], Batch [     1/     1 (100%)]	Learning rate: 1.00e-05	Loss: 2.153
Train Epoch: [  134/  500], Batch [     1/     1 (100%)]	Learning rate: 1.00e-05	Loss: 2.152
Train Epoch: [  135/  500], Batch [     1/     1 (100%)]	Learning rate: 1.00e-05	Loss: 2.156
Train Epoch: [  135/  500], Batch [     1/     1 (100%)]	Learning rate: 1.00e-05	Loss: 2.157	Val Loss: 2.143
Train Epoch: [  136/  500], Batch [     1/     1 (100%)]	Learning rate: 1.00e-05	Loss: 2.154
Train Epoch: [  137/  500], Batch [     1/     1 (100%)]	Learning rate: 1.00e-05	Loss: 2.155
Train Epoch: [  138/  500], Batch [     1/     1 (100%)]	Learning rate: 1.00e-05	Loss: 2.155
Train Epoch: [  139/  500], Batch [     1/     1 (100%)]	Learning rate: 1.00e-05	Loss: 2.152
Train Epoch: [  140/  500], Batch [     1/     1 (100%)]	Learning rate: 1.00e-05	Loss: 2.159
Train Epoch: [  140/  500], Batch [     1/     1 (100%)]	Learning rate: 1.00e-05	Loss: 2.156	Val Loss: 2.144
Model parameters: 136402
