Train Epoch: [    0/  500], Batch [     1/     1 (100%)]	Learning rate: 1.00e-03	Loss: 242.758
Train Epoch: [    0/  500], Batch [     1/     1 (100%)]	Learning rate: 1.00e-03	Loss: 240.912	Val Loss: 228.656
Train Epoch: [    1/  500], Batch [     1/     1 (100%)]	Learning rate: 1.00e-03	Loss: 240.912
Train Epoch: [    2/  500], Batch [     1/     1 (100%)]	Learning rate: 1.00e-03	Loss: 239.106
Train Epoch: [    3/  500], Batch [     1/     1 (100%)]	Learning rate: 1.00e-03	Loss: 237.452
Train Epoch: [    4/  500], Batch [     1/     1 (100%)]	Learning rate: 1.00e-03	Loss: 235.751
Train Epoch: [    5/  500], Batch [     1/     1 (100%)]	Learning rate: 1.00e-03	Loss: 233.968
Train Epoch: [    5/  500], Batch [     1/     1 (100%)]	Learning rate: 1.00e-03	Loss: 232.019	Val Loss: 220.639
Model parameters: 271361
Train Epoch: [    0/  500], Batch [     1/     1 (100%)]	Learning rate: 1.00e-03	Loss: 3.214
Train Epoch: [    0/  500], Batch [     1/     1 (100%)]	Learning rate: 1.00e-03	Loss: 3.167	Val Loss: 3.213
Train Epoch: [    1/  500], Batch [     1/     1 (100%)]	Learning rate: 1.00e-03	Loss: 3.167
Train Epoch: [    2/  500], Batch [     1/     1 (100%)]	Learning rate: 1.00e-03	Loss: 3.125
Train Epoch: [    3/  500], Batch [     1/     1 (100%)]	Learning rate: 1.00e-03	Loss: 3.085
Train Epoch: [    4/  500], Batch [     1/     1 (100%)]	Learning rate: 1.00e-03	Loss: 3.047
Train Epoch: [    5/  500], Batch [     1/     1 (100%)]	Learning rate: 1.00e-03	Loss: 3.008
Train Epoch: [    5/  500], Batch [     1/     1 (100%)]	Learning rate: 1.00e-03	Loss: 2.969	Val Loss: 3.011
Train Epoch: [    6/  500], Batch [     1/     1 (100%)]	Learning rate: 1.00e-03	Loss: 2.969
Train Epoch: [    7/  500], Batch [     1/     1 (100%)]	Learning rate: 1.00e-03	Loss: 2.926
Train Epoch: [    8/  500], Batch [     1/     1 (100%)]	Learning rate: 1.00e-03	Loss: 2.878
Train Epoch: [    9/  500], Batch [     1/     1 (100%)]	Learning rate: 1.00e-03	Loss: 2.820
Train Epoch: [   10/  500], Batch [     1/     1 (100%)]	Learning rate: 1.00e-03	Loss: 2.752
Train Epoch: [   10/  500], Batch [     1/     1 (100%)]	Learning rate: 1.00e-03	Loss: 2.669	Val Loss: 2.702
Train Epoch: [   11/  500], Batch [     1/     1 (100%)]	Learning rate: 1.00e-03	Loss: 2.669
Train Epoch: [   12/  500], Batch [     1/     1 (100%)]	Learning rate: 1.00e-03	Loss: 2.572
Train Epoch: [   13/  500], Batch [     1/     1 (100%)]	Learning rate: 1.00e-03	Loss: 2.464
Train Epoch: [   14/  500], Batch [     1/     1 (100%)]	Learning rate: 1.00e-03	Loss: 2.355
Train Epoch: [   15/  500], Batch [     1/     1 (100%)]	Learning rate: 1.00e-03	Loss: 2.262
Train Epoch: [   15/  500], Batch [     1/     1 (100%)]	Learning rate: 1.00e-03	Loss: 2.203	Val Loss: 2.216
Train Epoch: [   16/  500], Batch [     1/     1 (100%)]	Learning rate: 1.00e-03	Loss: 2.203
Train Epoch: [   17/  500], Batch [     1/     1 (100%)]	Learning rate: 1.00e-03	Loss: 2.190
Train Epoch: [   18/  500], Batch [     1/     1 (100%)]	Learning rate: 1.00e-03	Loss: 2.218
Train Epoch: [   19/  500], Batch [     1/     1 (100%)]	Learning rate: 1.00e-03	Loss: 2.253
Train Epoch: [   20/  500], Batch [     1/     1 (100%)]	Learning rate: 1.00e-03	Loss: 2.269
Train Epoch: [   20/  500], Batch [     1/     1 (100%)]	Learning rate: 1.00e-03	Loss: 2.261	Val Loss: 2.268
Train Epoch: [   21/  500], Batch [     1/     1 (100%)]	Learning rate: 1.00e-03	Loss: 2.261
Train Epoch: [   22/  500], Batch [     1/     1 (100%)]	Learning rate: 1.00e-03	Loss: 2.238
Train Epoch: [   23/  500], Batch [     1/     1 (100%)]	Learning rate: 1.00e-03	Loss: 2.209
Train Epoch: [   24/  500], Batch [     1/     1 (100%)]	Learning rate: 1.00e-03	Loss: 2.183
Train Epoch: [   25/  500], Batch [     1/     1 (100%)]	Learning rate: 1.00e-03	Loss: 2.166
Train Epoch: [   25/  500], Batch [     1/     1 (100%)]	Learning rate: 1.00e-03	Loss: 2.159	Val Loss: 2.171
Train Epoch: [   26/  500], Batch [     1/     1 (100%)]	Learning rate: 1.00e-03	Loss: 2.159
Train Epoch: [   27/  500], Batch [     1/     1 (100%)]	Learning rate: 1.00e-03	Loss: 2.159
Train Epoch: [   28/  500], Batch [     1/     1 (100%)]	Learning rate: 1.00e-03	Loss: 2.164
Train Epoch: [   29/  500], Batch [     1/     1 (100%)]	Learning rate: 1.00e-03	Loss: 2.171
Train Epoch: [   30/  500], Batch [     1/     1 (100%)]	Learning rate: 1.00e-03	Loss: 2.175
Train Epoch: [   30/  500], Batch [     1/     1 (100%)]	Learning rate: 1.00e-03	Loss: 2.178	Val Loss: 2.194
Train Epoch: [   31/  500], Batch [     1/     1 (100%)]	Learning rate: 1.00e-03	Loss: 2.178
Train Epoch: [   32/  500], Batch [     1/     1 (100%)]	Learning rate: 1.00e-03	Loss: 2.177
Train Epoch: [   33/  500], Batch [     1/     1 (100%)]	Learning rate: 1.00e-03	Loss: 2.173
Train Epoch: [   34/  500], Batch [     1/     1 (100%)]	Learning rate: 1.00e-03	Loss: 2.168
Train Epoch: [   35/  500], Batch [     1/     1 (100%)]	Learning rate: 1.00e-03	Loss: 2.161
Train Epoch: [   35/  500], Batch [     1/     1 (100%)]	Learning rate: 1.00e-03	Loss: 2.156	Val Loss: 2.169
Train Epoch: [   36/  500], Batch [     1/     1 (100%)]	Learning rate: 1.00e-03	Loss: 2.156
Train Epoch: [   37/  500], Batch [     1/     1 (100%)]	Learning rate: 1.00e-03	Loss: 2.151
Train Epoch: [   38/  500], Batch [     1/     1 (100%)]	Learning rate: 1.00e-03	Loss: 2.148
Train Epoch: [   39/  500], Batch [     1/     1 (100%)]	Learning rate: 1.00e-03	Loss: 2.147
Train Epoch: [   40/  500], Batch [     1/     1 (100%)]	Learning rate: 1.00e-03	Loss: 2.148
Train Epoch: [   40/  500], Batch [     1/     1 (100%)]	Learning rate: 1.00e-03	Loss: 2.149	Val Loss: 2.159
Train Epoch: [   41/  500], Batch [     1/     1 (100%)]	Learning rate: 1.00e-03	Loss: 2.149
Train Epoch: [   42/  500], Batch [     1/     1 (100%)]	Learning rate: 1.00e-03	Loss: 2.151
Train Epoch: [   43/  500], Batch [     1/     1 (100%)]	Learning rate: 1.00e-03	Loss: 2.151
Train Epoch: [   44/  500], Batch [     1/     1 (100%)]	Learning rate: 1.00e-03	Loss: 2.150
Train Epoch: [   45/  500], Batch [     1/     1 (100%)]	Learning rate: 1.00e-03	Loss: 2.148
Train Epoch: [   45/  500], Batch [     1/     1 (100%)]	Learning rate: 1.00e-03	Loss: 2.145	Val Loss: 2.155
Train Epoch: [   46/  500], Batch [     1/     1 (100%)]	Learning rate: 1.00e-03	Loss: 2.145
Train Epoch: [   47/  500], Batch [     1/     1 (100%)]	Learning rate: 1.00e-03	Loss: 2.142
Train Epoch: [   48/  500], Batch [     1/     1 (100%)]	Learning rate: 1.00e-03	Loss: 2.140
Train Epoch: [   49/  500], Batch [     1/     1 (100%)]	Learning rate: 1.00e-03	Loss: 2.138
Train Epoch: [   50/  500], Batch [     1/     1 (100%)]	Learning rate: 1.00e-03	Loss: 2.137
Train Epoch: [   50/  500], Batch [     1/     1 (100%)]	Learning rate: 1.00e-03	Loss: 2.137	Val Loss: 2.148
Train Epoch: [   51/  500], Batch [     1/     1 (100%)]	Learning rate: 1.00e-03	Loss: 2.137
Train Epoch: [   52/  500], Batch [     1/     1 (100%)]	Learning rate: 1.00e-03	Loss: 2.137
Train Epoch: [   53/  500], Batch [     1/     1 (100%)]	Learning rate: 1.00e-03	Loss: 2.136
Train Epoch: [   54/  500], Batch [     1/     1 (100%)]	Learning rate: 1.00e-03	Loss: 2.135
Train Epoch: [   55/  500], Batch [     1/     1 (100%)]	Learning rate: 1.00e-03	Loss: 2.134
Train Epoch: [   55/  500], Batch [     1/     1 (100%)]	Learning rate: 1.00e-03	Loss: 2.132	Val Loss: 2.144
Train Epoch: [   56/  500], Batch [     1/     1 (100%)]	Learning rate: 1.00e-03	Loss: 2.132
Train Epoch: [   57/  500], Batch [     1/     1 (100%)]	Learning rate: 1.00e-03	Loss: 2.130
Train Epoch: [   58/  500], Batch [     1/     1 (100%)]	Learning rate: 1.00e-03	Loss: 2.128
Train Epoch: [   59/  500], Batch [     1/     1 (100%)]	Learning rate: 1.00e-03	Loss: 2.127
Train Epoch: [   60/  500], Batch [     1/     1 (100%)]	Learning rate: 1.00e-03	Loss: 2.125
Train Epoch: [   60/  500], Batch [     1/     1 (100%)]	Learning rate: 1.00e-03	Loss: 2.124	Val Loss: 2.133
Train Epoch: [   61/  500], Batch [     1/     1 (100%)]	Learning rate: 1.00e-03	Loss: 2.124
Train Epoch: [   62/  500], Batch [     1/     1 (100%)]	Learning rate: 1.00e-03	Loss: 2.123
Train Epoch: [   63/  500], Batch [     1/     1 (100%)]	Learning rate: 1.00e-03	Loss: 2.122
Train Epoch: [   64/  500], Batch [     1/     1 (100%)]	Learning rate: 1.00e-03	Loss: 2.120
Train Epoch: [   65/  500], Batch [     1/     1 (100%)]	Learning rate: 1.00e-03	Loss: 2.119
Train Epoch: [   65/  500], Batch [     1/     1 (100%)]	Learning rate: 1.00e-03	Loss: 2.117	Val Loss: 2.126
Train Epoch: [   66/  500], Batch [     1/     1 (100%)]	Learning rate: 1.00e-03	Loss: 2.117
Train Epoch: [   67/  500], Batch [     1/     1 (100%)]	Learning rate: 1.00e-03	Loss: 2.115
Train Epoch: [   68/  500], Batch [     1/     1 (100%)]	Learning rate: 1.00e-03	Loss: 2.113
Train Epoch: [   69/  500], Batch [     1/     1 (100%)]	Learning rate: 1.00e-03	Loss: 2.112
Train Epoch: [   70/  500], Batch [     1/     1 (100%)]	Learning rate: 1.00e-03	Loss: 2.111
Train Epoch: [   70/  500], Batch [     1/     1 (100%)]	Learning rate: 1.00e-03	Loss: 2.109	Val Loss: 2.119
Train Epoch: [   71/  500], Batch [     1/     1 (100%)]	Learning rate: 1.00e-03	Loss: 2.110
Train Epoch: [   72/  500], Batch [     1/     1 (100%)]	Learning rate: 1.00e-03	Loss: 2.108
Train Epoch: [   73/  500], Batch [     1/     1 (100%)]	Learning rate: 1.00e-03	Loss: 2.106
Train Epoch: [   74/  500], Batch [     1/     1 (100%)]	Learning rate: 1.00e-03	Loss: 2.105
Train Epoch: [   75/  500], Batch [     1/     1 (100%)]	Learning rate: 1.00e-03	Loss: 2.103
Train Epoch: [   75/  500], Batch [     1/     1 (100%)]	Learning rate: 1.00e-03	Loss: 2.102	Val Loss: 2.111
Train Epoch: [   76/  500], Batch [     1/     1 (100%)]	Learning rate: 1.00e-03	Loss: 2.102
Train Epoch: [   77/  500], Batch [     1/     1 (100%)]	Learning rate: 1.00e-03	Loss: 2.101
Train Epoch: [   78/  500], Batch [     1/     1 (100%)]	Learning rate: 1.00e-03	Loss: 2.100
Train Epoch: [   79/  500], Batch [     1/     1 (100%)]	Learning rate: 1.00e-03	Loss: 2.099
Train Epoch: [   80/  500], Batch [     1/     1 (100%)]	Learning rate: 1.00e-03	Loss: 2.099
Train Epoch: [   80/  500], Batch [     1/     1 (100%)]	Learning rate: 1.00e-03	Loss: 2.098	Val Loss: 2.107
Train Epoch: [   81/  500], Batch [     1/     1 (100%)]	Learning rate: 1.00e-03	Loss: 2.098
Train Epoch: [   82/  500], Batch [     1/     1 (100%)]	Learning rate: 1.00e-03	Loss: 2.097
Train Epoch: [   83/  500], Batch [     1/     1 (100%)]	Learning rate: 1.00e-03	Loss: 2.097
Train Epoch: [   84/  500], Batch [     1/     1 (100%)]	Learning rate: 1.00e-03	Loss: 2.096
Train Epoch: [   85/  500], Batch [     1/     1 (100%)]	Learning rate: 1.00e-03	Loss: 2.095
Train Epoch: [   85/  500], Batch [     1/     1 (100%)]	Learning rate: 1.00e-03	Loss: 2.095	Val Loss: 2.104
Train Epoch: [   86/  500], Batch [     1/     1 (100%)]	Learning rate: 1.00e-03	Loss: 2.095
Train Epoch: [   87/  500], Batch [     1/     1 (100%)]	Learning rate: 1.00e-03	Loss: 2.094
Train Epoch: [   88/  500], Batch [     1/     1 (100%)]	Learning rate: 1.00e-03	Loss: 2.094
Train Epoch: [   89/  500], Batch [     1/     1 (100%)]	Learning rate: 1.00e-03	Loss: 2.093
Train Epoch: [   90/  500], Batch [     1/     1 (100%)]	Learning rate: 1.00e-03	Loss: 2.092
Train Epoch: [   90/  500], Batch [     1/     1 (100%)]	Learning rate: 1.00e-03	Loss: 2.092	Val Loss: 2.102
Train Epoch: [   91/  500], Batch [     1/     1 (100%)]	Learning rate: 1.00e-03	Loss: 2.092
Train Epoch: [   92/  500], Batch [     1/     1 (100%)]	Learning rate: 1.00e-03	Loss: 2.091
Train Epoch: [   93/  500], Batch [     1/     1 (100%)]	Learning rate: 1.00e-03	Loss: 2.091
Train Epoch: [   94/  500], Batch [     1/     1 (100%)]	Learning rate: 1.00e-03	Loss: 2.090
Train Epoch: [   95/  500], Batch [     1/     1 (100%)]	Learning rate: 1.00e-03	Loss: 2.090
Train Epoch: [   95/  500], Batch [     1/     1 (100%)]	Learning rate: 1.00e-03	Loss: 2.089	Val Loss: 2.099
Train Epoch: [   96/  500], Batch [     1/     1 (100%)]	Learning rate: 1.00e-03	Loss: 2.089
Train Epoch: [   97/  500], Batch [     1/     1 (100%)]	Learning rate: 1.00e-03	Loss: 2.089
Train Epoch: [   98/  500], Batch [     1/     1 (100%)]	Learning rate: 1.00e-03	Loss: 2.088
Train Epoch: [   99/  500], Batch [     1/     1 (100%)]	Learning rate: 1.00e-03	Loss: 2.088
Train Epoch: [  100/  500], Batch [     1/     1 (100%)]	Learning rate: 1.00e-03	Loss: 2.087
Train Epoch: [  100/  500], Batch [     1/     1 (100%)]	Learning rate: 1.00e-03	Loss: 2.086	Val Loss: 2.096
Train Epoch: [  101/  500], Batch [     1/     1 (100%)]	Learning rate: 1.00e-03	Loss: 2.087
Train Epoch: [  102/  500], Batch [     1/     1 (100%)]	Learning rate: 1.00e-03	Loss: 2.086
Train Epoch: [  103/  500], Batch [     1/     1 (100%)]	Learning rate: 1.00e-03	Loss: 2.085
Train Epoch: [  104/  500], Batch [     1/     1 (100%)]	Learning rate: 1.00e-03	Loss: 2.084
Train Epoch: [  105/  500], Batch [     1/     1 (100%)]	Learning rate: 1.00e-03	Loss: 2.083
Train Epoch: [  105/  500], Batch [     1/     1 (100%)]	Learning rate: 1.00e-03	Loss: 2.081	Val Loss: 2.091
Train Epoch: [  106/  500], Batch [     1/     1 (100%)]	Learning rate: 1.00e-03	Loss: 2.081
Train Epoch: [  107/  500], Batch [     1/     1 (100%)]	Learning rate: 1.00e-03	Loss: 2.079
Train Epoch: [  108/  500], Batch [     1/     1 (100%)]	Learning rate: 1.00e-03	Loss: 2.077
Train Epoch: [  109/  500], Batch [     1/     1 (100%)]	Learning rate: 1.00e-03	Loss: 2.075
Train Epoch: [  110/  500], Batch [     1/     1 (100%)]	Learning rate: 1.00e-03	Loss: 2.072
Train Epoch: [  110/  500], Batch [     1/     1 (100%)]	Learning rate: 1.00e-03	Loss: 2.068	Val Loss: 2.077
Train Epoch: [  111/  500], Batch [     1/     1 (100%)]	Learning rate: 1.00e-03	Loss: 2.068
Train Epoch: [  112/  500], Batch [     1/     1 (100%)]	Learning rate: 1.00e-03	Loss: 2.064
Train Epoch: [  113/  500], Batch [     1/     1 (100%)]	Learning rate: 1.00e-03	Loss: 2.058
Train Epoch: [  114/  500], Batch [     1/     1 (100%)]	Learning rate: 1.00e-03	Loss: 2.051
Train Epoch: [  115/  500], Batch [     1/     1 (100%)]	Learning rate: 1.00e-03	Loss: 2.042
Train Epoch: [  115/  500], Batch [     1/     1 (100%)]	Learning rate: 1.00e-03	Loss: 2.033	Val Loss: 2.041
Train Epoch: [  116/  500], Batch [     1/     1 (100%)]	Learning rate: 1.00e-03	Loss: 2.033
Train Epoch: [  117/  500], Batch [     1/     1 (100%)]	Learning rate: 1.00e-03	Loss: 2.022
Train Epoch: [  118/  500], Batch [     1/     1 (100%)]	Learning rate: 1.00e-03	Loss: 2.011
Train Epoch: [  119/  500], Batch [     1/     1 (100%)]	Learning rate: 1.00e-03	Loss: 1.999
Train Epoch: [  120/  500], Batch [     1/     1 (100%)]	Learning rate: 1.00e-03	Loss: 1.988
Train Epoch: [  120/  500], Batch [     1/     1 (100%)]	Learning rate: 1.00e-03	Loss: 1.977	Val Loss: 1.981
Train Epoch: [  121/  500], Batch [     1/     1 (100%)]	Learning rate: 1.00e-03	Loss: 1.977
Train Epoch: [  122/  500], Batch [     1/     1 (100%)]	Learning rate: 1.00e-03	Loss: 1.968
Train Epoch: [  123/  500], Batch [     1/     1 (100%)]	Learning rate: 1.00e-03	Loss: 1.961
Train Epoch: [  124/  500], Batch [     1/     1 (100%)]	Learning rate: 1.00e-03	Loss: 1.956
Train Epoch: [  125/  500], Batch [     1/     1 (100%)]	Learning rate: 1.00e-03	Loss: 1.953
Train Epoch: [  125/  500], Batch [     1/     1 (100%)]	Learning rate: 1.00e-03	Loss: 1.952	Val Loss: 1.958
Train Epoch: [  126/  500], Batch [     1/     1 (100%)]	Learning rate: 1.00e-03	Loss: 1.952
Train Epoch: [  127/  500], Batch [     1/     1 (100%)]	Learning rate: 1.00e-03	Loss: 1.950
Train Epoch: [  128/  500], Batch [     1/     1 (100%)]	Learning rate: 1.00e-03	Loss: 1.946
Train Epoch: [  129/  500], Batch [     1/     1 (100%)]	Learning rate: 1.00e-03	Loss: 1.941
Train Epoch: [  130/  500], Batch [     1/     1 (100%)]	Learning rate: 1.00e-03	Loss: 1.934
Train Epoch: [  130/  500], Batch [     1/     1 (100%)]	Learning rate: 1.00e-03	Loss: 1.927	Val Loss: 1.938
Train Epoch: [  131/  500], Batch [     1/     1 (100%)]	Learning rate: 1.00e-03	Loss: 1.927
Train Epoch: [  132/  500], Batch [     1/     1 (100%)]	Learning rate: 1.00e-03	Loss: 1.920
Train Epoch: [  133/  500], Batch [     1/     1 (100%)]	Learning rate: 1.00e-03	Loss: 1.914
Train Epoch: [  134/  500], Batch [     1/     1 (100%)]	Learning rate: 1.00e-03	Loss: 1.911
Train Epoch: [  135/  500], Batch [     1/     1 (100%)]	Learning rate: 1.00e-03	Loss: 1.908
Train Epoch: [  135/  500], Batch [     1/     1 (100%)]	Learning rate: 1.00e-03	Loss: 1.905	Val Loss: 1.919
Train Epoch: [  136/  500], Batch [     1/     1 (100%)]	Learning rate: 1.00e-03	Loss: 1.905
Train Epoch: [  137/  500], Batch [     1/     1 (100%)]	Learning rate: 1.00e-03	Loss: 1.901
Train Epoch: [  138/  500], Batch [     1/     1 (100%)]	Learning rate: 1.00e-03	Loss: 1.897
Train Epoch: [  139/  500], Batch [     1/     1 (100%)]	Learning rate: 1.00e-03	Loss: 1.892
Train Epoch: [  140/  500], Batch [     1/     1 (100%)]	Learning rate: 1.00e-03	Loss: 1.887
Train Epoch: [  140/  500], Batch [     1/     1 (100%)]	Learning rate: 1.00e-03	Loss: 1.881	Val Loss: 1.896
Train Epoch: [  141/  500], Batch [     1/     1 (100%)]	Learning rate: 1.00e-03	Loss: 1.881
Train Epoch: [  142/  500], Batch [     1/     1 (100%)]	Learning rate: 1.00e-03	Loss: 1.876
Train Epoch: [  143/  500], Batch [     1/     1 (100%)]	Learning rate: 1.00e-03	Loss: 1.871
Train Epoch: [  144/  500], Batch [     1/     1 (100%)]	Learning rate: 1.00e-03	Loss: 1.867
Train Epoch: [  145/  500], Batch [     1/     1 (100%)]	Learning rate: 1.00e-03	Loss: 1.864
Train Epoch: [  145/  500], Batch [     1/     1 (100%)]	Learning rate: 1.00e-03	Loss: 1.860	Val Loss: 1.871
Train Epoch: [  146/  500], Batch [     1/     1 (100%)]	Learning rate: 1.00e-03	Loss: 1.860
Train Epoch: [  147/  500], Batch [     1/     1 (100%)]	Learning rate: 1.00e-03	Loss: 1.856
Train Epoch: [  148/  500], Batch [     1/     1 (100%)]	Learning rate: 1.00e-03	Loss: 1.853
Train Epoch: [  149/  500], Batch [     1/     1 (100%)]	Learning rate: 1.00e-03	Loss: 1.852
Train Epoch: [  150/  500], Batch [     1/     1 (100%)]	Learning rate: 1.00e-03	Loss: 1.851
Train Epoch: [  150/  500], Batch [     1/     1 (100%)]	Learning rate: 1.00e-03	Loss: 1.846	Val Loss: 1.858
Train Epoch: [  151/  500], Batch [     1/     1 (100%)]	Learning rate: 1.00e-03	Loss: 1.846
Train Epoch: [  152/  500], Batch [     1/     1 (100%)]	Learning rate: 1.00e-03	Loss: 1.841
Train Epoch: [  153/  500], Batch [     1/     1 (100%)]	Learning rate: 1.00e-03	Loss: 1.840
Train Epoch: [  154/  500], Batch [     1/     1 (100%)]	Learning rate: 1.00e-03	Loss: 1.836
Train Epoch: [  155/  500], Batch [     1/     1 (100%)]	Learning rate: 1.00e-03	Loss: 1.833
Train Epoch: [  155/  500], Batch [     1/     1 (100%)]	Learning rate: 1.00e-03	Loss: 1.830	Val Loss: 1.843
Train Epoch: [  156/  500], Batch [     1/     1 (100%)]	Learning rate: 1.00e-03	Loss: 1.830
Train Epoch: [  157/  500], Batch [     1/     1 (100%)]	Learning rate: 1.00e-03	Loss: 1.826
Train Epoch: [  158/  500], Batch [     1/     1 (100%)]	Learning rate: 1.00e-03	Loss: 1.824
Train Epoch: [  159/  500], Batch [     1/     1 (100%)]	Learning rate: 1.00e-03	Loss: 1.820
Train Epoch: [  160/  500], Batch [     1/     1 (100%)]	Learning rate: 1.00e-03	Loss: 1.818
Train Epoch: [  160/  500], Batch [     1/     1 (100%)]	Learning rate: 1.00e-03	Loss: 1.815	Val Loss: 1.830
Train Epoch: [  161/  500], Batch [     1/     1 (100%)]	Learning rate: 1.00e-03	Loss: 1.815
Train Epoch: [  162/  500], Batch [     1/     1 (100%)]	Learning rate: 1.00e-03	Loss: 1.813
Train Epoch: [  163/  500], Batch [     1/     1 (100%)]	Learning rate: 1.00e-03	Loss: 1.809
Train Epoch: [  164/  500], Batch [     1/     1 (100%)]	Learning rate: 1.00e-03	Loss: 1.806
Train Epoch: [  165/  500], Batch [     1/     1 (100%)]	Learning rate: 1.00e-03	Loss: 1.803
Train Epoch: [  165/  500], Batch [     1/     1 (100%)]	Learning rate: 1.00e-03	Loss: 1.800	Val Loss: 1.816
Train Epoch: [  166/  500], Batch [     1/     1 (100%)]	Learning rate: 1.00e-03	Loss: 1.800
Train Epoch: [  167/  500], Batch [     1/     1 (100%)]	Learning rate: 1.00e-03	Loss: 1.798
Train Epoch: [  168/  500], Batch [     1/     1 (100%)]	Learning rate: 1.00e-03	Loss: 1.795
Train Epoch: [  169/  500], Batch [     1/     1 (100%)]	Learning rate: 1.00e-03	Loss: 1.791
Train Epoch: [  170/  500], Batch [     1/     1 (100%)]	Learning rate: 1.00e-03	Loss: 1.789
Train Epoch: [  170/  500], Batch [     1/     1 (100%)]	Learning rate: 1.00e-03	Loss: 1.786	Val Loss: 1.803
Train Epoch: [  171/  500], Batch [     1/     1 (100%)]	Learning rate: 1.00e-03	Loss: 1.786
Train Epoch: [  172/  500], Batch [     1/     1 (100%)]	Learning rate: 1.00e-03	Loss: 1.784
Train Epoch: [  173/  500], Batch [     1/     1 (100%)]	Learning rate: 1.00e-03	Loss: 1.781
Train Epoch: [  174/  500], Batch [     1/     1 (100%)]	Learning rate: 1.00e-03	Loss: 1.779
Train Epoch: [  175/  500], Batch [     1/     1 (100%)]	Learning rate: 1.00e-03	Loss: 1.777
Train Epoch: [  175/  500], Batch [     1/     1 (100%)]	Learning rate: 1.00e-03	Loss: 1.775	Val Loss: 1.791
Train Epoch: [  176/  500], Batch [     1/     1 (100%)]	Learning rate: 1.00e-03	Loss: 1.775
Train Epoch: [  177/  500], Batch [     1/     1 (100%)]	Learning rate: 1.00e-03	Loss: 1.773
Train Epoch: [  178/  500], Batch [     1/     1 (100%)]	Learning rate: 1.00e-03	Loss: 1.771
Train Epoch: [  179/  500], Batch [     1/     1 (100%)]	Learning rate: 1.00e-03	Loss: 1.770
Train Epoch: [  180/  500], Batch [     1/     1 (100%)]	Learning rate: 1.00e-03	Loss: 1.772
Train Epoch: [  180/  500], Batch [     1/     1 (100%)]	Learning rate: 1.00e-03	Loss: 1.780	Val Loss: 1.792
Train Epoch: [  181/  500], Batch [     1/     1 (100%)]	Learning rate: 1.00e-03	Loss: 1.780
Train Epoch: [  182/  500], Batch [     1/     1 (100%)]	Learning rate: 1.00e-03	Loss: 1.769
Train Epoch: [  183/  500], Batch [     1/     1 (100%)]	Learning rate: 1.00e-03	Loss: 1.766
Train Epoch: [  184/  500], Batch [     1/     1 (100%)]	Learning rate: 1.00e-03	Loss: 1.770
Train Epoch: [  185/  500], Batch [     1/     1 (100%)]	Learning rate: 1.00e-03	Loss: 1.762
Train Epoch: [  185/  500], Batch [     1/     1 (100%)]	Learning rate: 1.00e-03	Loss: 1.767	Val Loss: 1.786
Train Epoch: [  186/  500], Batch [     1/     1 (100%)]	Learning rate: 1.00e-03	Loss: 1.767
Train Epoch: [  187/  500], Batch [     1/     1 (100%)]	Learning rate: 1.00e-03	Loss: 1.763
Train Epoch: [  188/  500], Batch [     1/     1 (100%)]	Learning rate: 1.00e-03	Loss: 1.762
Train Epoch: [  189/  500], Batch [     1/     1 (100%)]	Learning rate: 1.00e-03	Loss: 1.762
Train Epoch: [  190/  500], Batch [     1/     1 (100%)]	Learning rate: 1.00e-03	Loss: 1.758
Train Epoch: [  190/  500], Batch [     1/     1 (100%)]	Learning rate: 1.00e-03	Loss: 1.760	Val Loss: 1.775
Train Epoch: [  191/  500], Batch [     1/     1 (100%)]	Learning rate: 1.00e-03	Loss: 1.760
Train Epoch: [  192/  500], Batch [     1/     1 (100%)]	Learning rate: 1.00e-03	Loss: 1.755
Train Epoch: [  193/  500], Batch [     1/     1 (100%)]	Learning rate: 1.00e-03	Loss: 1.758
Train Epoch: [  194/  500], Batch [     1/     1 (100%)]	Learning rate: 1.00e-03	Loss: 1.754
Train Epoch: [  195/  500], Batch [     1/     1 (100%)]	Learning rate: 1.00e-03	Loss: 1.755
Train Epoch: [  195/  500], Batch [     1/     1 (100%)]	Learning rate: 1.00e-03	Loss: 1.752	Val Loss: 1.770
Train Epoch: [  196/  500], Batch [     1/     1 (100%)]	Learning rate: 1.00e-03	Loss: 1.752
Train Epoch: [  197/  500], Batch [     1/     1 (100%)]	Learning rate: 1.00e-03	Loss: 1.752
Train Epoch: [  198/  500], Batch [     1/     1 (100%)]	Learning rate: 1.00e-03	Loss: 1.751
Train Epoch: [  199/  500], Batch [     1/     1 (100%)]	Learning rate: 1.00e-03	Loss: 1.749
Train Epoch: [  200/  500], Batch [     1/     1 (100%)]	Learning rate: 1.00e-03	Loss: 1.749
Train Epoch: [  200/  500], Batch [     1/     1 (100%)]	Learning rate: 1.00e-03	Loss: 1.747	Val Loss: 1.763
Train Epoch: [  201/  500], Batch [     1/     1 (100%)]	Learning rate: 1.00e-03	Loss: 1.747
Train Epoch: [  202/  500], Batch [     1/     1 (100%)]	Learning rate: 1.00e-03	Loss: 1.747
Train Epoch: [  203/  500], Batch [     1/     1 (100%)]	Learning rate: 1.00e-03	Loss: 1.745
Train Epoch: [  204/  500], Batch [     1/     1 (100%)]	Learning rate: 1.00e-03	Loss: 1.744
Train Epoch: [  205/  500], Batch [     1/     1 (100%)]	Learning rate: 1.00e-03	Loss: 1.743
Train Epoch: [  205/  500], Batch [     1/     1 (100%)]	Learning rate: 1.00e-03	Loss: 1.742	Val Loss: 1.758
Train Epoch: [  206/  500], Batch [     1/     1 (100%)]	Learning rate: 1.00e-03	Loss: 1.742
Train Epoch: [  207/  500], Batch [     1/     1 (100%)]	Learning rate: 1.00e-03	Loss: 1.741
Train Epoch: [  208/  500], Batch [     1/     1 (100%)]	Learning rate: 1.00e-03	Loss: 1.740
Train Epoch: [  209/  500], Batch [     1/     1 (100%)]	Learning rate: 1.00e-03	Loss: 1.739
Train Epoch: [  210/  500], Batch [     1/     1 (100%)]	Learning rate: 1.00e-03	Loss: 1.738
Train Epoch: [  210/  500], Batch [     1/     1 (100%)]	Learning rate: 1.00e-03	Loss: 1.736	Val Loss: 1.752
Train Epoch: [  211/  500], Batch [     1/     1 (100%)]	Learning rate: 1.00e-03	Loss: 1.736
Train Epoch: [  212/  500], Batch [     1/     1 (100%)]	Learning rate: 1.00e-03	Loss: 1.736
Train Epoch: [  213/  500], Batch [     1/     1 (100%)]	Learning rate: 1.00e-03	Loss: 1.734
Train Epoch: [  214/  500], Batch [     1/     1 (100%)]	Learning rate: 1.00e-03	Loss: 1.733
Train Epoch: [  215/  500], Batch [     1/     1 (100%)]	Learning rate: 1.00e-03	Loss: 1.732
Train Epoch: [  215/  500], Batch [     1/     1 (100%)]	Learning rate: 1.00e-03	Loss: 1.731	Val Loss: 1.747
Train Epoch: [  216/  500], Batch [     1/     1 (100%)]	Learning rate: 1.00e-03	Loss: 1.731
Train Epoch: [  217/  500], Batch [     1/     1 (100%)]	Learning rate: 1.00e-03	Loss: 1.730
Train Epoch: [  218/  500], Batch [     1/     1 (100%)]	Learning rate: 1.00e-03	Loss: 1.729
Train Epoch: [  219/  500], Batch [     1/     1 (100%)]	Learning rate: 1.00e-03	Loss: 1.728
Train Epoch: [  220/  500], Batch [     1/     1 (100%)]	Learning rate: 1.00e-03	Loss: 1.726
Train Epoch: [  220/  500], Batch [     1/     1 (100%)]	Learning rate: 1.00e-03	Loss: 1.726	Val Loss: 1.743
Train Epoch: [  221/  500], Batch [     1/     1 (100%)]	Learning rate: 1.00e-03	Loss: 1.725
Train Epoch: [  222/  500], Batch [     1/     1 (100%)]	Learning rate: 1.00e-03	Loss: 1.724
Train Epoch: [  223/  500], Batch [     1/     1 (100%)]	Learning rate: 1.00e-03	Loss: 1.723
Train Epoch: [  224/  500], Batch [     1/     1 (100%)]	Learning rate: 1.00e-03	Loss: 1.723
Train Epoch: [  225/  500], Batch [     1/     1 (100%)]	Learning rate: 1.00e-03	Loss: 1.725
Train Epoch: [  225/  500], Batch [     1/     1 (100%)]	Learning rate: 1.00e-03	Loss: 1.734	Val Loss: 1.744
Train Epoch: [  226/  500], Batch [     1/     1 (100%)]	Learning rate: 1.00e-03	Loss: 1.734
Train Epoch: [  227/  500], Batch [     1/     1 (100%)]	Learning rate: 1.00e-03	Loss: 1.725
Train Epoch: [  228/  500], Batch [     1/     1 (100%)]	Learning rate: 1.00e-03	Loss: 1.718
Train Epoch: [  229/  500], Batch [     1/     1 (100%)]	Learning rate: 1.00e-03	Loss: 1.723
Train Epoch: [  230/  500], Batch [     1/     1 (100%)]	Learning rate: 1.00e-03	Loss: 1.718
Train Epoch: [  230/  500], Batch [     1/     1 (100%)]	Learning rate: 1.00e-03	Loss: 1.717	Val Loss: 1.737
Train Epoch: [  231/  500], Batch [     1/     1 (100%)]	Learning rate: 1.00e-03	Loss: 1.717
Train Epoch: [  232/  500], Batch [     1/     1 (100%)]	Learning rate: 1.00e-03	Loss: 1.719
Train Epoch: [  233/  500], Batch [     1/     1 (100%)]	Learning rate: 1.00e-03	Loss: 1.714
Train Epoch: [  234/  500], Batch [     1/     1 (100%)]	Learning rate: 1.00e-03	Loss: 1.716
Train Epoch: [  235/  500], Batch [     1/     1 (100%)]	Learning rate: 1.00e-03	Loss: 1.715
Train Epoch: [  235/  500], Batch [     1/     1 (100%)]	Learning rate: 1.00e-03	Loss: 1.711	Val Loss: 1.729
Train Epoch: [  236/  500], Batch [     1/     1 (100%)]	Learning rate: 1.00e-03	Loss: 1.711
Train Epoch: [  237/  500], Batch [     1/     1 (100%)]	Learning rate: 1.00e-03	Loss: 1.714
Train Epoch: [  238/  500], Batch [     1/     1 (100%)]	Learning rate: 1.00e-03	Loss: 1.711
Train Epoch: [  239/  500], Batch [     1/     1 (100%)]	Learning rate: 1.00e-03	Loss: 1.708
Train Epoch: [  240/  500], Batch [     1/     1 (100%)]	Learning rate: 1.00e-03	Loss: 1.711
Train Epoch: [  240/  500], Batch [     1/     1 (100%)]	Learning rate: 1.00e-03	Loss: 1.708	Val Loss: 1.724
Train Epoch: [  241/  500], Batch [     1/     1 (100%)]	Learning rate: 1.00e-03	Loss: 1.708
Train Epoch: [  242/  500], Batch [     1/     1 (100%)]	Learning rate: 1.00e-03	Loss: 1.706
Train Epoch: [  243/  500], Batch [     1/     1 (100%)]	Learning rate: 1.00e-03	Loss: 1.708
Train Epoch: [  244/  500], Batch [     1/     1 (100%)]	Learning rate: 1.00e-03	Loss: 1.705
Train Epoch: [  245/  500], Batch [     1/     1 (100%)]	Learning rate: 1.00e-03	Loss: 1.703
Train Epoch: [  245/  500], Batch [     1/     1 (100%)]	Learning rate: 1.00e-03	Loss: 1.704	Val Loss: 1.727
Train Epoch: [  246/  500], Batch [     1/     1 (100%)]	Learning rate: 1.00e-03	Loss: 1.704
Train Epoch: [  247/  500], Batch [     1/     1 (100%)]	Learning rate: 1.00e-03	Loss: 1.702
Train Epoch: [  248/  500], Batch [     1/     1 (100%)]	Learning rate: 1.00e-03	Loss: 1.701
Train Epoch: [  249/  500], Batch [     1/     1 (100%)]	Learning rate: 1.00e-03	Loss: 1.702
Train Epoch: [  250/  500], Batch [     1/     1 (100%)]	Learning rate: 1.00e-03	Loss: 1.699
Train Epoch: [  250/  500], Batch [     1/     1 (100%)]	Learning rate: 1.00e-03	Loss: 1.698	Val Loss: 1.718
Train Epoch: [  251/  500], Batch [     1/     1 (100%)]	Learning rate: 1.00e-03	Loss: 1.698
Train Epoch: [  252/  500], Batch [     1/     1 (100%)]	Learning rate: 1.00e-03	Loss: 1.698
Train Epoch: [  253/  500], Batch [     1/     1 (100%)]	Learning rate: 1.00e-03	Loss: 1.699
Train Epoch: [  254/  500], Batch [     1/     1 (100%)]	Learning rate: 1.00e-03	Loss: 1.698
Train Epoch: [  255/  500], Batch [     1/     1 (100%)]	Learning rate: 1.00e-03	Loss: 1.702
Train Epoch: [  255/  500], Batch [     1/     1 (100%)]	Learning rate: 1.00e-03	Loss: 1.701	Val Loss: 1.723
Train Epoch: [  256/  500], Batch [     1/     1 (100%)]	Learning rate: 1.00e-03	Loss: 1.700
Train Epoch: [  257/  500], Batch [     1/     1 (100%)]	Learning rate: 1.00e-03	Loss: 1.694
Train Epoch: [  258/  500], Batch [     1/     1 (100%)]	Learning rate: 1.00e-03	Loss: 1.695
Train Epoch: [  259/  500], Batch [     1/     1 (100%)]	Learning rate: 1.00e-03	Loss: 1.696
Train Epoch: [  260/  500], Batch [     1/     1 (100%)]	Learning rate: 1.00e-03	Loss: 1.692
Train Epoch: [  260/  500], Batch [     1/     1 (100%)]	Learning rate: 1.00e-03	Loss: 1.694	Val Loss: 1.720
Train Epoch: [  261/  500], Batch [     1/     1 (100%)]	Learning rate: 1.00e-03	Loss: 1.694
Train Epoch: [  262/  500], Batch [     1/     1 (100%)]	Learning rate: 1.00e-03	Loss: 1.693
Train Epoch: [  263/  500], Batch [     1/     1 (100%)]	Learning rate: 1.00e-03	Loss: 1.688
Train Epoch: [  264/  500], Batch [     1/     1 (100%)]	Learning rate: 1.00e-03	Loss: 1.692
Train Epoch: [  265/  500], Batch [     1/     1 (100%)]	Learning rate: 1.00e-03	Loss: 1.691
Train Epoch: [  265/  500], Batch [     1/     1 (100%)]	Learning rate: 1.00e-03	Loss: 1.688	Val Loss: 1.712
Train Epoch: [  266/  500], Batch [     1/     1 (100%)]	Learning rate: 1.00e-03	Loss: 1.688
Train Epoch: [  267/  500], Batch [     1/     1 (100%)]	Learning rate: 1.00e-03	Loss: 1.691
Train Epoch: [  268/  500], Batch [     1/     1 (100%)]	Learning rate: 1.00e-03	Loss: 1.686
Train Epoch: [  269/  500], Batch [     1/     1 (100%)]	Learning rate: 1.00e-03	Loss: 1.688
Train Epoch: [  270/  500], Batch [     1/     1 (100%)]	Learning rate: 1.00e-03	Loss: 1.688
Train Epoch: [  270/  500], Batch [     1/     1 (100%)]	Learning rate: 1.00e-03	Loss: 1.683	Val Loss: 1.705
Train Epoch: [  271/  500], Batch [     1/     1 (100%)]	Learning rate: 1.00e-03	Loss: 1.683
Train Epoch: [  272/  500], Batch [     1/     1 (100%)]	Learning rate: 1.00e-03	Loss: 1.686
Train Epoch: [  273/  500], Batch [     1/     1 (100%)]	Learning rate: 1.00e-03	Loss: 1.683
Train Epoch: [  274/  500], Batch [     1/     1 (100%)]	Learning rate: 1.00e-03	Loss: 1.684
Train Epoch: [  275/  500], Batch [     1/     1 (100%)]	Learning rate: 1.00e-03	Loss: 1.684
Train Epoch: [  275/  500], Batch [     1/     1 (100%)]	Learning rate: 1.00e-03	Loss: 1.679	Val Loss: 1.703
Train Epoch: [  276/  500], Batch [     1/     1 (100%)]	Learning rate: 1.00e-03	Loss: 1.679
Train Epoch: [  277/  500], Batch [     1/     1 (100%)]	Learning rate: 1.00e-03	Loss: 1.683
Train Epoch: [  278/  500], Batch [     1/     1 (100%)]	Learning rate: 1.00e-03	Loss: 1.681
Train Epoch: [  279/  500], Batch [     1/     1 (100%)]	Learning rate: 1.00e-03	Loss: 1.682
Train Epoch: [  280/  500], Batch [     1/     1 (100%)]	Learning rate: 1.00e-03	Loss: 1.680
Train Epoch: [  280/  500], Batch [     1/     1 (100%)]	Learning rate: 1.00e-03	Loss: 1.676	Val Loss: 1.701
Train Epoch: [  281/  500], Batch [     1/     1 (100%)]	Learning rate: 1.00e-03	Loss: 1.676
Train Epoch: [  282/  500], Batch [     1/     1 (100%)]	Learning rate: 1.00e-03	Loss: 1.679
Train Epoch: [  283/  500], Batch [     1/     1 (100%)]	Learning rate: 1.00e-03	Loss: 1.677
Train Epoch: [  284/  500], Batch [     1/     1 (100%)]	Learning rate: 1.00e-03	Loss: 1.678
Train Epoch: [  285/  500], Batch [     1/     1 (100%)]	Learning rate: 1.00e-03	Loss: 1.675
Train Epoch: [  285/  500], Batch [     1/     1 (100%)]	Learning rate: 1.00e-03	Loss: 1.673	Val Loss: 1.697
Train Epoch: [  286/  500], Batch [     1/     1 (100%)]	Learning rate: 1.00e-03	Loss: 1.673
Train Epoch: [  287/  500], Batch [     1/     1 (100%)]	Learning rate: 1.00e-03	Loss: 1.675
Train Epoch: [  288/  500], Batch [     1/     1 (100%)]	Learning rate: 1.00e-03	Loss: 1.673
Train Epoch: [  289/  500], Batch [     1/     1 (100%)]	Learning rate: 1.00e-03	Loss: 1.674
Train Epoch: [  290/  500], Batch [     1/     1 (100%)]	Learning rate: 1.00e-03	Loss: 1.671
Train Epoch: [  290/  500], Batch [     1/     1 (100%)]	Learning rate: 1.00e-03	Loss: 1.671	Val Loss: 1.698
Train Epoch: [  291/  500], Batch [     1/     1 (100%)]	Learning rate: 1.00e-03	Loss: 1.670
Train Epoch: [  292/  500], Batch [     1/     1 (100%)]	Learning rate: 1.00e-03	Loss: 1.670
Train Epoch: [  293/  500], Batch [     1/     1 (100%)]	Learning rate: 1.00e-03	Loss: 1.669
Train Epoch: [  294/  500], Batch [     1/     1 (100%)]	Learning rate: 1.00e-03	Loss: 1.670
Train Epoch: [  295/  500], Batch [     1/     1 (100%)]	Learning rate: 1.00e-03	Loss: 1.668
Train Epoch: [  295/  500], Batch [     1/     1 (100%)]	Learning rate: 1.00e-03	Loss: 1.668	Val Loss: 1.698
Train Epoch: [  296/  500], Batch [     1/     1 (100%)]	Learning rate: 1.00e-03	Loss: 1.667
Train Epoch: [  297/  500], Batch [     1/     1 (100%)]	Learning rate: 1.00e-03	Loss: 1.666
Train Epoch: [  298/  500], Batch [     1/     1 (100%)]	Learning rate: 1.00e-03	Loss: 1.665
Train Epoch: [  299/  500], Batch [     1/     1 (100%)]	Learning rate: 1.00e-03	Loss: 1.665
Train Epoch: [  300/  500], Batch [     1/     1 (100%)]	Learning rate: 1.00e-03	Loss: 1.664
Train Epoch: [  300/  500], Batch [     1/     1 (100%)]	Learning rate: 1.00e-03	Loss: 1.666	Val Loss: 1.698
Train Epoch: [  301/  500], Batch [     1/     1 (100%)]	Learning rate: 1.00e-03	Loss: 1.665
Train Epoch: [  302/  500], Batch [     1/     1 (100%)]	Learning rate: 1.00e-03	Loss: 1.665
Train Epoch: [  303/  500], Batch [     1/     1 (100%)]	Learning rate: 1.00e-03	Loss: 1.663
Train Epoch: [  304/  500], Batch [     1/     1 (100%)]	Learning rate: 1.00e-03	Loss: 1.663
Train Epoch: [  305/  500], Batch [     1/     1 (100%)]	Learning rate: 1.00e-03	Loss: 1.660
Train Epoch: [  305/  500], Batch [     1/     1 (100%)]	Learning rate: 1.00e-03	Loss: 1.660	Val Loss: 1.692
Train Epoch: [  306/  500], Batch [     1/     1 (100%)]	Learning rate: 1.00e-03	Loss: 1.660
Train Epoch: [  307/  500], Batch [     1/     1 (100%)]	Learning rate: 1.00e-03	Loss: 1.659
Train Epoch: [  308/  500], Batch [     1/     1 (100%)]	Learning rate: 1.00e-03	Loss: 1.660
Train Epoch: [  309/  500], Batch [     1/     1 (100%)]	Learning rate: 1.00e-03	Loss: 1.661
Train Epoch: [  310/  500], Batch [     1/     1 (100%)]	Learning rate: 1.00e-03	Loss: 1.659
Train Epoch: [  310/  500], Batch [     1/     1 (100%)]	Learning rate: 1.00e-03	Loss: 1.659	Val Loss: 1.689
Train Epoch: [  311/  500], Batch [     1/     1 (100%)]	Learning rate: 1.00e-03	Loss: 1.659
Train Epoch: [  312/  500], Batch [     1/     1 (100%)]	Learning rate: 1.00e-03	Loss: 1.656
Train Epoch: [  313/  500], Batch [     1/     1 (100%)]	Learning rate: 1.00e-03	Loss: 1.655
Train Epoch: [  314/  500], Batch [     1/     1 (100%)]	Learning rate: 1.00e-03	Loss: 1.654
Train Epoch: [  315/  500], Batch [     1/     1 (100%)]	Learning rate: 1.00e-03	Loss: 1.653
Train Epoch: [  315/  500], Batch [     1/     1 (100%)]	Learning rate: 1.00e-03	Loss: 1.654	Val Loss: 1.687
Train Epoch: [  316/  500], Batch [     1/     1 (100%)]	Learning rate: 1.00e-03	Loss: 1.654
Train Epoch: [  317/  500], Batch [     1/     1 (100%)]	Learning rate: 1.00e-03	Loss: 1.653
Train Epoch: [  318/  500], Batch [     1/     1 (100%)]	Learning rate: 1.00e-03	Loss: 1.654
Train Epoch: [  319/  500], Batch [     1/     1 (100%)]	Learning rate: 1.00e-03	Loss: 1.655
Train Epoch: [  320/  500], Batch [     1/     1 (100%)]	Learning rate: 1.00e-03	Loss: 1.657
Train Epoch: [  320/  500], Batch [     1/     1 (100%)]	Learning rate: 1.00e-03	Loss: 1.653	Val Loss: 1.689
Train Epoch: [  321/  500], Batch [     1/     1 (100%)]	Learning rate: 1.00e-03	Loss: 1.652
Train Epoch: [  322/  500], Batch [     1/     1 (100%)]	Learning rate: 1.00e-03	Loss: 1.650
Train Epoch: [  323/  500], Batch [     1/     1 (100%)]	Learning rate: 1.00e-03	Loss: 1.648
Train Epoch: [  324/  500], Batch [     1/     1 (100%)]	Learning rate: 1.00e-03	Loss: 1.649
Train Epoch: [  325/  500], Batch [     1/     1 (100%)]	Learning rate: 1.00e-03	Loss: 1.652
Train Epoch: [  325/  500], Batch [     1/     1 (100%)]	Learning rate: 1.00e-03	Loss: 1.649	Val Loss: 1.690
Train Epoch: [  326/  500], Batch [     1/     1 (100%)]	Learning rate: 1.00e-03	Loss: 1.648
Train Epoch: [  327/  500], Batch [     1/     1 (100%)]	Learning rate: 1.00e-03	Loss: 1.647
Train Epoch: [  328/  500], Batch [     1/     1 (100%)]	Learning rate: 1.00e-03	Loss: 1.645
Train Epoch: [  329/  500], Batch [     1/     1 (100%)]	Learning rate: 1.00e-03	Loss: 1.645
Train Epoch: [  330/  500], Batch [     1/     1 (100%)]	Learning rate: 1.00e-03	Loss: 1.647
Train Epoch: [  330/  500], Batch [     1/     1 (100%)]	Learning rate: 1.00e-03	Loss: 1.645	Val Loss: 1.689
Train Epoch: [  331/  500], Batch [     1/     1 (100%)]	Learning rate: 1.00e-03	Loss: 1.645
Train Epoch: [  332/  500], Batch [     1/     1 (100%)]	Learning rate: 1.00e-03	Loss: 1.646
Train Epoch: [  333/  500], Batch [     1/     1 (100%)]	Learning rate: 1.00e-03	Loss: 1.642
Train Epoch: [  334/  500], Batch [     1/     1 (100%)]	Learning rate: 1.00e-03	Loss: 1.640
Train Epoch: [  335/  500], Batch [     1/     1 (100%)]	Learning rate: 1.00e-03	Loss: 1.641
Train Epoch: [  335/  500], Batch [     1/     1 (100%)]	Learning rate: 1.00e-03	Loss: 1.641	Val Loss: 1.685
Train Epoch: [  336/  500], Batch [     1/     1 (100%)]	Learning rate: 1.00e-03	Loss: 1.641
Train Epoch: [  337/  500], Batch [     1/     1 (100%)]	Learning rate: 1.00e-03	Loss: 1.641
Train Epoch: [  338/  500], Batch [     1/     1 (100%)]	Learning rate: 1.00e-03	Loss: 1.641
Train Epoch: [  339/  500], Batch [     1/     1 (100%)]	Learning rate: 1.00e-03	Loss: 1.640
Train Epoch: [  340/  500], Batch [     1/     1 (100%)]	Learning rate: 1.00e-03	Loss: 1.638
Train Epoch: [  340/  500], Batch [     1/     1 (100%)]	Learning rate: 1.00e-03	Loss: 1.637	Val Loss: 1.679
Train Epoch: [  341/  500], Batch [     1/     1 (100%)]	Learning rate: 1.00e-03	Loss: 1.637
Train Epoch: [  342/  500], Batch [     1/     1 (100%)]	Learning rate: 1.00e-03	Loss: 1.636
Train Epoch: [  343/  500], Batch [     1/     1 (100%)]	Learning rate: 1.00e-03	Loss: 1.635
Train Epoch: [  344/  500], Batch [     1/     1 (100%)]	Learning rate: 1.00e-03	Loss: 1.635
Train Epoch: [  345/  500], Batch [     1/     1 (100%)]	Learning rate: 1.00e-03	Loss: 1.636
Train Epoch: [  345/  500], Batch [     1/     1 (100%)]	Learning rate: 1.00e-03	Loss: 1.638	Val Loss: 1.680
Train Epoch: [  346/  500], Batch [     1/     1 (100%)]	Learning rate: 1.00e-03	Loss: 1.638
Train Epoch: [  347/  500], Batch [     1/     1 (100%)]	Learning rate: 1.00e-03	Loss: 1.637
Train Epoch: [  348/  500], Batch [     1/     1 (100%)]	Learning rate: 1.00e-03	Loss: 1.637
Train Epoch: [  349/  500], Batch [     1/     1 (100%)]	Learning rate: 1.00e-03	Loss: 1.631
Train Epoch: [  350/  500], Batch [     1/     1 (100%)]	Learning rate: 1.00e-03	Loss: 1.630
Train Epoch: [  350/  500], Batch [     1/     1 (100%)]	Learning rate: 1.00e-03	Loss: 1.632	Val Loss: 1.680
Train Epoch: [  351/  500], Batch [     1/     1 (100%)]	Learning rate: 1.00e-03	Loss: 1.632
Train Epoch: [  352/  500], Batch [     1/     1 (100%)]	Learning rate: 1.00e-03	Loss: 1.632
Train Epoch: [  353/  500], Batch [     1/     1 (100%)]	Learning rate: 1.00e-03	Loss: 1.634
Train Epoch: [  354/  500], Batch [     1/     1 (100%)]	Learning rate: 1.00e-03	Loss: 1.629
Train Epoch: [  355/  500], Batch [     1/     1 (100%)]	Learning rate: 1.00e-03	Loss: 1.627
Train Epoch: [  355/  500], Batch [     1/     1 (100%)]	Learning rate: 1.00e-03	Loss: 1.627	Val Loss: 1.676
Train Epoch: [  356/  500], Batch [     1/     1 (100%)]	Learning rate: 1.00e-03	Loss: 1.627
Train Epoch: [  357/  500], Batch [     1/     1 (100%)]	Learning rate: 1.00e-03	Loss: 1.628
Train Epoch: [  358/  500], Batch [     1/     1 (100%)]	Learning rate: 1.00e-03	Loss: 1.630
Train Epoch: [  359/  500], Batch [     1/     1 (100%)]	Learning rate: 1.00e-03	Loss: 1.625
Train Epoch: [  360/  500], Batch [     1/     1 (100%)]	Learning rate: 1.00e-03	Loss: 1.623
Train Epoch: [  360/  500], Batch [     1/     1 (100%)]	Learning rate: 1.00e-03	Loss: 1.622	Val Loss: 1.678
Train Epoch: [  361/  500], Batch [     1/     1 (100%)]	Learning rate: 1.00e-03	Loss: 1.622
Train Epoch: [  362/  500], Batch [     1/     1 (100%)]	Learning rate: 1.00e-03	Loss: 1.624
Train Epoch: [  363/  500], Batch [     1/     1 (100%)]	Learning rate: 1.00e-03	Loss: 1.628
Train Epoch: [  364/  500], Batch [     1/     1 (100%)]	Learning rate: 1.00e-03	Loss: 1.624
Train Epoch: [  365/  500], Batch [     1/     1 (100%)]	Learning rate: 1.00e-03	Loss: 1.622
Train Epoch: [  365/  500], Batch [     1/     1 (100%)]	Learning rate: 1.00e-03	Loss: 1.619	Val Loss: 1.679
Train Epoch: [  366/  500], Batch [     1/     1 (100%)]	Learning rate: 1.00e-03	Loss: 1.619
Train Epoch: [  367/  500], Batch [     1/     1 (100%)]	Learning rate: 1.00e-03	Loss: 1.618
Train Epoch: [  368/  500], Batch [     1/     1 (100%)]	Learning rate: 1.00e-03	Loss: 1.619
Train Epoch: [  369/  500], Batch [     1/     1 (100%)]	Learning rate: 1.00e-03	Loss: 1.620
Train Epoch: [  370/  500], Batch [     1/     1 (100%)]	Learning rate: 1.00e-03	Loss: 1.622
Train Epoch: [  370/  500], Batch [     1/     1 (100%)]	Learning rate: 1.00e-03	Loss: 1.618	Val Loss: 1.683

Learning rate adapted! New learning rate 1.000e-04

Train Epoch: [  371/  500], Batch [     1/     1 (100%)]	Learning rate: 1.00e-04	Loss: 1.619
Train Epoch: [  372/  500], Batch [     1/     1 (100%)]	Learning rate: 1.00e-04	Loss: 1.618
Train Epoch: [  373/  500], Batch [     1/     1 (100%)]	Learning rate: 1.00e-04	Loss: 1.615
Train Epoch: [  374/  500], Batch [     1/     1 (100%)]	Learning rate: 1.00e-04	Loss: 1.615
Train Epoch: [  375/  500], Batch [     1/     1 (100%)]	Learning rate: 1.00e-04	Loss: 1.616
Train Epoch: [  375/  500], Batch [     1/     1 (100%)]	Learning rate: 1.00e-04	Loss: 1.617	Val Loss: 1.676
Train Epoch: [  376/  500], Batch [     1/     1 (100%)]	Learning rate: 1.00e-04	Loss: 1.617
Train Epoch: [  377/  500], Batch [     1/     1 (100%)]	Learning rate: 1.00e-04	Loss: 1.616
Train Epoch: [  378/  500], Batch [     1/     1 (100%)]	Learning rate: 1.00e-04	Loss: 1.615
Train Epoch: [  379/  500], Batch [     1/     1 (100%)]	Learning rate: 1.00e-04	Loss: 1.615
Train Epoch: [  380/  500], Batch [     1/     1 (100%)]	Learning rate: 1.00e-04	Loss: 1.615
Train Epoch: [  380/  500], Batch [     1/     1 (100%)]	Learning rate: 1.00e-04	Loss: 1.616	Val Loss: 1.679
Train Epoch: [  381/  500], Batch [     1/     1 (100%)]	Learning rate: 1.00e-04	Loss: 1.616
Train Epoch: [  382/  500], Batch [     1/     1 (100%)]	Learning rate: 1.00e-04	Loss: 1.614
Train Epoch: [  383/  500], Batch [     1/     1 (100%)]	Learning rate: 1.00e-04	Loss: 1.614
Train Epoch: [  384/  500], Batch [     1/     1 (100%)]	Learning rate: 1.00e-04	Loss: 1.615
Train Epoch: [  385/  500], Batch [     1/     1 (100%)]	Learning rate: 1.00e-04	Loss: 1.615
Train Epoch: [  385/  500], Batch [     1/     1 (100%)]	Learning rate: 1.00e-04	Loss: 1.615	Val Loss: 1.675
Train Epoch: [  386/  500], Batch [     1/     1 (100%)]	Learning rate: 1.00e-04	Loss: 1.615
Train Epoch: [  387/  500], Batch [     1/     1 (100%)]	Learning rate: 1.00e-04	Loss: 1.614
Train Epoch: [  388/  500], Batch [     1/     1 (100%)]	Learning rate: 1.00e-04	Loss: 1.615
Train Epoch: [  389/  500], Batch [     1/     1 (100%)]	Learning rate: 1.00e-04	Loss: 1.614
Train Epoch: [  390/  500], Batch [     1/     1 (100%)]	Learning rate: 1.00e-04	Loss: 1.614
Train Epoch: [  390/  500], Batch [     1/     1 (100%)]	Learning rate: 1.00e-04	Loss: 1.614	Val Loss: 1.680
Train Epoch: [  391/  500], Batch [     1/     1 (100%)]	Learning rate: 1.00e-04	Loss: 1.614
Train Epoch: [  392/  500], Batch [     1/     1 (100%)]	Learning rate: 1.00e-04	Loss: 1.614
Train Epoch: [  393/  500], Batch [     1/     1 (100%)]	Learning rate: 1.00e-04	Loss: 1.614
Train Epoch: [  394/  500], Batch [     1/     1 (100%)]	Learning rate: 1.00e-04	Loss: 1.613
Train Epoch: [  395/  500], Batch [     1/     1 (100%)]	Learning rate: 1.00e-04	Loss: 1.614
Train Epoch: [  395/  500], Batch [     1/     1 (100%)]	Learning rate: 1.00e-04	Loss: 1.613	Val Loss: 1.676
Train Epoch: [  396/  500], Batch [     1/     1 (100%)]	Learning rate: 1.00e-04	Loss: 1.613
Train Epoch: [  397/  500], Batch [     1/     1 (100%)]	Learning rate: 1.00e-04	Loss: 1.613
Train Epoch: [  398/  500], Batch [     1/     1 (100%)]	Learning rate: 1.00e-04	Loss: 1.613
Train Epoch: [  399/  500], Batch [     1/     1 (100%)]	Learning rate: 1.00e-04	Loss: 1.613
Train Epoch: [  400/  500], Batch [     1/     1 (100%)]	Learning rate: 1.00e-04	Loss: 1.613
Train Epoch: [  400/  500], Batch [     1/     1 (100%)]	Learning rate: 1.00e-04	Loss: 1.613	Val Loss: 1.676
Train Epoch: [  401/  500], Batch [     1/     1 (100%)]	Learning rate: 1.00e-04	Loss: 1.614
Train Epoch: [  402/  500], Batch [     1/     1 (100%)]	Learning rate: 1.00e-04	Loss: 1.613
Train Epoch: [  403/  500], Batch [     1/     1 (100%)]	Learning rate: 1.00e-04	Loss: 1.613
Train Epoch: [  404/  500], Batch [     1/     1 (100%)]	Learning rate: 1.00e-04	Loss: 1.613
Train Epoch: [  405/  500], Batch [     1/     1 (100%)]	Learning rate: 1.00e-04	Loss: 1.613
Train Epoch: [  405/  500], Batch [     1/     1 (100%)]	Learning rate: 1.00e-04	Loss: 1.613	Val Loss: 1.675
Train Epoch: [  406/  500], Batch [     1/     1 (100%)]	Learning rate: 1.00e-04	Loss: 1.613
Train Epoch: [  407/  500], Batch [     1/     1 (100%)]	Learning rate: 1.00e-04	Loss: 1.613
Train Epoch: [  408/  500], Batch [     1/     1 (100%)]	Learning rate: 1.00e-04	Loss: 1.612
Train Epoch: [  409/  500], Batch [     1/     1 (100%)]	Learning rate: 1.00e-04	Loss: 1.612
Train Epoch: [  410/  500], Batch [     1/     1 (100%)]	Learning rate: 1.00e-04	Loss: 1.612
Train Epoch: [  410/  500], Batch [     1/     1 (100%)]	Learning rate: 1.00e-04	Loss: 1.612	Val Loss: 1.677
Train Epoch: [  411/  500], Batch [     1/     1 (100%)]	Learning rate: 1.00e-04	Loss: 1.612
Train Epoch: [  412/  500], Batch [     1/     1 (100%)]	Learning rate: 1.00e-04	Loss: 1.612
Train Epoch: [  413/  500], Batch [     1/     1 (100%)]	Learning rate: 1.00e-04	Loss: 1.612
Train Epoch: [  414/  500], Batch [     1/     1 (100%)]	Learning rate: 1.00e-04	Loss: 1.611
Train Epoch: [  415/  500], Batch [     1/     1 (100%)]	Learning rate: 1.00e-04	Loss: 1.612
Train Epoch: [  415/  500], Batch [     1/     1 (100%)]	Learning rate: 1.00e-04	Loss: 1.612	Val Loss: 1.677
Train Epoch: [  416/  500], Batch [     1/     1 (100%)]	Learning rate: 1.00e-04	Loss: 1.612
Train Epoch: [  417/  500], Batch [     1/     1 (100%)]	Learning rate: 1.00e-04	Loss: 1.612
Train Epoch: [  418/  500], Batch [     1/     1 (100%)]	Learning rate: 1.00e-04	Loss: 1.612
Train Epoch: [  419/  500], Batch [     1/     1 (100%)]	Learning rate: 1.00e-04	Loss: 1.612
Train Epoch: [  420/  500], Batch [     1/     1 (100%)]	Learning rate: 1.00e-04	Loss: 1.612
Train Epoch: [  420/  500], Batch [     1/     1 (100%)]	Learning rate: 1.00e-04	Loss: 1.611	Val Loss: 1.677

Learning rate adapted! New learning rate 1.000e-05

Train Epoch: [  421/  500], Batch [     1/     1 (100%)]	Learning rate: 1.00e-05	Loss: 1.612
Train Epoch: [  422/  500], Batch [     1/     1 (100%)]	Learning rate: 1.00e-05	Loss: 1.611
Train Epoch: [  423/  500], Batch [     1/     1 (100%)]	Learning rate: 1.00e-05	Loss: 1.611
Train Epoch: [  424/  500], Batch [     1/     1 (100%)]	Learning rate: 1.00e-05	Loss: 1.611
Train Epoch: [  425/  500], Batch [     1/     1 (100%)]	Learning rate: 1.00e-05	Loss: 1.612
Train Epoch: [  425/  500], Batch [     1/     1 (100%)]	Learning rate: 1.00e-05	Loss: 1.612	Val Loss: 1.676
Train Epoch: [  426/  500], Batch [     1/     1 (100%)]	Learning rate: 1.00e-05	Loss: 1.611
Train Epoch: [  427/  500], Batch [     1/     1 (100%)]	Learning rate: 1.00e-05	Loss: 1.611
Train Epoch: [  428/  500], Batch [     1/     1 (100%)]	Learning rate: 1.00e-05	Loss: 1.611
Train Epoch: [  429/  500], Batch [     1/     1 (100%)]	Learning rate: 1.00e-05	Loss: 1.611
Train Epoch: [  430/  500], Batch [     1/     1 (100%)]	Learning rate: 1.00e-05	Loss: 1.611
Train Epoch: [  430/  500], Batch [     1/     1 (100%)]	Learning rate: 1.00e-05	Loss: 1.611	Val Loss: 1.675
Train Epoch: [  431/  500], Batch [     1/     1 (100%)]	Learning rate: 1.00e-05	Loss: 1.611
Train Epoch: [  432/  500], Batch [     1/     1 (100%)]	Learning rate: 1.00e-05	Loss: 1.611
Train Epoch: [  433/  500], Batch [     1/     1 (100%)]	Learning rate: 1.00e-05	Loss: 1.611
Train Epoch: [  434/  500], Batch [     1/     1 (100%)]	Learning rate: 1.00e-05	Loss: 1.612
Train Epoch: [  435/  500], Batch [     1/     1 (100%)]	Learning rate: 1.00e-05	Loss: 1.611
Train Epoch: [  435/  500], Batch [     1/     1 (100%)]	Learning rate: 1.00e-05	Loss: 1.611	Val Loss: 1.677

Learning rate adapted! New learning rate 1.000e-06

Train Epoch: [  436/  500], Batch [     1/     1 (100%)]	Learning rate: 1.00e-06	Loss: 1.611
Train Epoch: [  437/  500], Batch [     1/     1 (100%)]	Learning rate: 1.00e-06	Loss: 1.611
Train Epoch: [  438/  500], Batch [     1/     1 (100%)]	Learning rate: 1.00e-06	Loss: 1.612
Train Epoch: [  439/  500], Batch [     1/     1 (100%)]	Learning rate: 1.00e-06	Loss: 1.611
Train Epoch: [  440/  500], Batch [     1/     1 (100%)]	Learning rate: 1.00e-06	Loss: 1.611
Train Epoch: [  440/  500], Batch [     1/     1 (100%)]	Learning rate: 1.00e-06	Loss: 1.611	Val Loss: 1.677
Train Epoch: [  441/  500], Batch [     1/     1 (100%)]	Learning rate: 1.00e-06	Loss: 1.611
Train Epoch: [  442/  500], Batch [     1/     1 (100%)]	Learning rate: 1.00e-06	Loss: 1.611
Train Epoch: [  443/  500], Batch [     1/     1 (100%)]	Learning rate: 1.00e-06	Loss: 1.611
Train Epoch: [  444/  500], Batch [     1/     1 (100%)]	Learning rate: 1.00e-06	Loss: 1.611
Train Epoch: [  445/  500], Batch [     1/     1 (100%)]	Learning rate: 1.00e-06	Loss: 1.611
Train Epoch: [  445/  500], Batch [     1/     1 (100%)]	Learning rate: 1.00e-06	Loss: 1.611	Val Loss: 1.675
Train Epoch: [  446/  500], Batch [     1/     1 (100%)]	Learning rate: 1.00e-06	Loss: 1.611
Train Epoch: [  447/  500], Batch [     1/     1 (100%)]	Learning rate: 1.00e-06	Loss: 1.611
Train Epoch: [  448/  500], Batch [     1/     1 (100%)]	Learning rate: 1.00e-06	Loss: 1.612
Train Epoch: [  449/  500], Batch [     1/     1 (100%)]	Learning rate: 1.00e-06	Loss: 1.612
Train Epoch: [  450/  500], Batch [     1/     1 (100%)]	Learning rate: 1.00e-06	Loss: 1.611
Train Epoch: [  450/  500], Batch [     1/     1 (100%)]	Learning rate: 1.00e-06	Loss: 1.611	Val Loss: 1.676
Train Epoch: [  451/  500], Batch [     1/     1 (100%)]	Learning rate: 1.00e-06	Loss: 1.611
Train Epoch: [  452/  500], Batch [     1/     1 (100%)]	Learning rate: 1.00e-06	Loss: 1.611
Train Epoch: [  453/  500], Batch [     1/     1 (100%)]	Learning rate: 1.00e-06	Loss: 1.612
Train Epoch: [  454/  500], Batch [     1/     1 (100%)]	Learning rate: 1.00e-06	Loss: 1.611
Train Epoch: [  455/  500], Batch [     1/     1 (100%)]	Learning rate: 1.00e-06	Loss: 1.611
Train Epoch: [  455/  500], Batch [     1/     1 (100%)]	Learning rate: 1.00e-06	Loss: 1.611	Val Loss: 1.676
Train Epoch: [  456/  500], Batch [     1/     1 (100%)]	Learning rate: 1.00e-06	Loss: 1.611
Train Epoch: [  457/  500], Batch [     1/     1 (100%)]	Learning rate: 1.00e-06	Loss: 1.612
Train Epoch: [  458/  500], Batch [     1/     1 (100%)]	Learning rate: 1.00e-06	Loss: 1.611
Train Epoch: [  459/  500], Batch [     1/     1 (100%)]	Learning rate: 1.00e-06	Loss: 1.611
Train Epoch: [  460/  500], Batch [     1/     1 (100%)]	Learning rate: 1.00e-06	Loss: 1.611
Train Epoch: [  460/  500], Batch [     1/     1 (100%)]	Learning rate: 1.00e-06	Loss: 1.611	Val Loss: 1.676
Model parameters: 264962
