Train Epoch: [    0/  500], Batch [     1/     1 (100%)]	Learning rate: 1.00e-03	Loss: 3.052
Train Epoch: [    0/  500], Batch [     1/     1 (100%)]	Learning rate: 1.00e-03	Loss: 2.905	Val Loss: 2.778
Train Epoch: [    1/  500], Batch [     1/     1 (100%)]	Learning rate: 1.00e-03	Loss: 2.906
Train Epoch: [    2/  500], Batch [     1/     1 (100%)]	Learning rate: 1.00e-03	Loss: 2.795
Train Epoch: [    3/  500], Batch [     1/     1 (100%)]	Learning rate: 1.00e-03	Loss: 2.703
Train Epoch: [    4/  500], Batch [     1/     1 (100%)]	Learning rate: 1.00e-03	Loss: 2.620
Train Epoch: [    5/  500], Batch [     1/     1 (100%)]	Learning rate: 1.00e-03	Loss: 2.545
Train Epoch: [    5/  500], Batch [     1/     1 (100%)]	Learning rate: 1.00e-03	Loss: 2.475	Val Loss: 2.391
Train Epoch: [    6/  500], Batch [     1/     1 (100%)]	Learning rate: 1.00e-03	Loss: 2.475
Train Epoch: [    7/  500], Batch [     1/     1 (100%)]	Learning rate: 1.00e-03	Loss: 2.409
Train Epoch: [    8/  500], Batch [     1/     1 (100%)]	Learning rate: 1.00e-03	Loss: 2.349
Train Epoch: [    9/  500], Batch [     1/     1 (100%)]	Learning rate: 1.00e-03	Loss: 2.297
Train Epoch: [   10/  500], Batch [     1/     1 (100%)]	Learning rate: 1.00e-03	Loss: 2.253
Train Epoch: [   10/  500], Batch [     1/     1 (100%)]	Learning rate: 1.00e-03	Loss: 2.217	Val Loss: 2.165
Train Epoch: [   11/  500], Batch [     1/     1 (100%)]	Learning rate: 1.00e-03	Loss: 2.217
Train Epoch: [   12/  500], Batch [     1/     1 (100%)]	Learning rate: 1.00e-03	Loss: 2.190
Train Epoch: [   13/  500], Batch [     1/     1 (100%)]	Learning rate: 1.00e-03	Loss: 2.171
Train Epoch: [   14/  500], Batch [     1/     1 (100%)]	Learning rate: 1.00e-03	Loss: 2.159
Train Epoch: [   15/  500], Batch [     1/     1 (100%)]	Learning rate: 1.00e-03	Loss: 2.152
Train Epoch: [   15/  500], Batch [     1/     1 (100%)]	Learning rate: 1.00e-03	Loss: 2.151	Val Loss: 2.114
Train Epoch: [   16/  500], Batch [     1/     1 (100%)]	Learning rate: 1.00e-03	Loss: 2.151
Train Epoch: [   17/  500], Batch [     1/     1 (100%)]	Learning rate: 1.00e-03	Loss: 2.151
Train Epoch: [   18/  500], Batch [     1/     1 (100%)]	Learning rate: 1.00e-03	Loss: 2.153
Train Epoch: [   19/  500], Batch [     1/     1 (100%)]	Learning rate: 1.00e-03	Loss: 2.155
Train Epoch: [   20/  500], Batch [     1/     1 (100%)]	Learning rate: 1.00e-03	Loss: 2.155
Train Epoch: [   20/  500], Batch [     1/     1 (100%)]	Learning rate: 1.00e-03	Loss: 2.154	Val Loss: 2.118
Train Epoch: [   21/  500], Batch [     1/     1 (100%)]	Learning rate: 1.00e-03	Loss: 2.154
Train Epoch: [   22/  500], Batch [     1/     1 (100%)]	Learning rate: 1.00e-03	Loss: 2.152
Train Epoch: [   23/  500], Batch [     1/     1 (100%)]	Learning rate: 1.00e-03	Loss: 2.149
Train Epoch: [   24/  500], Batch [     1/     1 (100%)]	Learning rate: 1.00e-03	Loss: 2.145
Train Epoch: [   25/  500], Batch [     1/     1 (100%)]	Learning rate: 1.00e-03	Loss: 2.141
Train Epoch: [   25/  500], Batch [     1/     1 (100%)]	Learning rate: 1.00e-03	Loss: 2.135	Val Loss: 2.094
Train Epoch: [   26/  500], Batch [     1/     1 (100%)]	Learning rate: 1.00e-03	Loss: 2.135
Train Epoch: [   27/  500], Batch [     1/     1 (100%)]	Learning rate: 1.00e-03	Loss: 2.129
Train Epoch: [   28/  500], Batch [     1/     1 (100%)]	Learning rate: 1.00e-03	Loss: 2.121
Train Epoch: [   29/  500], Batch [     1/     1 (100%)]	Learning rate: 1.00e-03	Loss: 2.112
Train Epoch: [   30/  500], Batch [     1/     1 (100%)]	Learning rate: 1.00e-03	Loss: 2.104
Train Epoch: [   30/  500], Batch [     1/     1 (100%)]	Learning rate: 1.00e-03	Loss: 2.095	Val Loss: 2.051
Train Epoch: [   31/  500], Batch [     1/     1 (100%)]	Learning rate: 1.00e-03	Loss: 2.095
Train Epoch: [   32/  500], Batch [     1/     1 (100%)]	Learning rate: 1.00e-03	Loss: 2.086
Train Epoch: [   33/  500], Batch [     1/     1 (100%)]	Learning rate: 1.00e-03	Loss: 2.078
Train Epoch: [   34/  500], Batch [     1/     1 (100%)]	Learning rate: 1.00e-03	Loss: 2.070
Train Epoch: [   35/  500], Batch [     1/     1 (100%)]	Learning rate: 1.00e-03	Loss: 2.063
Train Epoch: [   35/  500], Batch [     1/     1 (100%)]	Learning rate: 1.00e-03	Loss: 2.056	Val Loss: 2.010
Train Epoch: [   36/  500], Batch [     1/     1 (100%)]	Learning rate: 1.00e-03	Loss: 2.056
Train Epoch: [   37/  500], Batch [     1/     1 (100%)]	Learning rate: 1.00e-03	Loss: 2.049
Train Epoch: [   38/  500], Batch [     1/     1 (100%)]	Learning rate: 1.00e-03	Loss: 2.042
Train Epoch: [   39/  500], Batch [     1/     1 (100%)]	Learning rate: 1.00e-03	Loss: 2.036
Train Epoch: [   40/  500], Batch [     1/     1 (100%)]	Learning rate: 1.00e-03	Loss: 2.030
Train Epoch: [   40/  500], Batch [     1/     1 (100%)]	Learning rate: 1.00e-03	Loss: 2.025	Val Loss: 1.973
Train Epoch: [   41/  500], Batch [     1/     1 (100%)]	Learning rate: 1.00e-03	Loss: 2.025
Train Epoch: [   42/  500], Batch [     1/     1 (100%)]	Learning rate: 1.00e-03	Loss: 2.020
Train Epoch: [   43/  500], Batch [     1/     1 (100%)]	Learning rate: 1.00e-03	Loss: 2.016
Train Epoch: [   44/  500], Batch [     1/     1 (100%)]	Learning rate: 1.00e-03	Loss: 2.012
Train Epoch: [   45/  500], Batch [     1/     1 (100%)]	Learning rate: 1.00e-03	Loss: 2.008
Train Epoch: [   45/  500], Batch [     1/     1 (100%)]	Learning rate: 1.00e-03	Loss: 2.006	Val Loss: 1.954
Train Epoch: [   46/  500], Batch [     1/     1 (100%)]	Learning rate: 1.00e-03	Loss: 2.005
Train Epoch: [   47/  500], Batch [     1/     1 (100%)]	Learning rate: 1.00e-03	Loss: 2.003
Train Epoch: [   48/  500], Batch [     1/     1 (100%)]	Learning rate: 1.00e-03	Loss: 2.000
Train Epoch: [   49/  500], Batch [     1/     1 (100%)]	Learning rate: 1.00e-03	Loss: 1.998
Train Epoch: [   50/  500], Batch [     1/     1 (100%)]	Learning rate: 1.00e-03	Loss: 1.996
Train Epoch: [   50/  500], Batch [     1/     1 (100%)]	Learning rate: 1.00e-03	Loss: 1.993	Val Loss: 1.945
Train Epoch: [   51/  500], Batch [     1/     1 (100%)]	Learning rate: 1.00e-03	Loss: 1.993
Train Epoch: [   52/  500], Batch [     1/     1 (100%)]	Learning rate: 1.00e-03	Loss: 1.990
Train Epoch: [   53/  500], Batch [     1/     1 (100%)]	Learning rate: 1.00e-03	Loss: 1.987
Train Epoch: [   54/  500], Batch [     1/     1 (100%)]	Learning rate: 1.00e-03	Loss: 1.984
Train Epoch: [   55/  500], Batch [     1/     1 (100%)]	Learning rate: 1.00e-03	Loss: 1.981
Train Epoch: [   55/  500], Batch [     1/     1 (100%)]	Learning rate: 1.00e-03	Loss: 1.978	Val Loss: 1.935
Train Epoch: [   56/  500], Batch [     1/     1 (100%)]	Learning rate: 1.00e-03	Loss: 1.978
Train Epoch: [   57/  500], Batch [     1/     1 (100%)]	Learning rate: 1.00e-03	Loss: 1.975
Train Epoch: [   58/  500], Batch [     1/     1 (100%)]	Learning rate: 1.00e-03	Loss: 1.971
Train Epoch: [   59/  500], Batch [     1/     1 (100%)]	Learning rate: 1.00e-03	Loss: 1.969
Train Epoch: [   60/  500], Batch [     1/     1 (100%)]	Learning rate: 1.00e-03	Loss: 1.965
Train Epoch: [   60/  500], Batch [     1/     1 (100%)]	Learning rate: 1.00e-03	Loss: 1.963	Val Loss: 1.923
Train Epoch: [   61/  500], Batch [     1/     1 (100%)]	Learning rate: 1.00e-03	Loss: 1.963
Train Epoch: [   62/  500], Batch [     1/     1 (100%)]	Learning rate: 1.00e-03	Loss: 1.960
Train Epoch: [   63/  500], Batch [     1/     1 (100%)]	Learning rate: 1.00e-03	Loss: 1.958
Train Epoch: [   64/  500], Batch [     1/     1 (100%)]	Learning rate: 1.00e-03	Loss: 1.956
Train Epoch: [   65/  500], Batch [     1/     1 (100%)]	Learning rate: 1.00e-03	Loss: 1.954
Train Epoch: [   65/  500], Batch [     1/     1 (100%)]	Learning rate: 1.00e-03	Loss: 1.951	Val Loss: 1.912
Train Epoch: [   66/  500], Batch [     1/     1 (100%)]	Learning rate: 1.00e-03	Loss: 1.951
Train Epoch: [   67/  500], Batch [     1/     1 (100%)]	Learning rate: 1.00e-03	Loss: 1.948
Train Epoch: [   68/  500], Batch [     1/     1 (100%)]	Learning rate: 1.00e-03	Loss: 1.945
Train Epoch: [   69/  500], Batch [     1/     1 (100%)]	Learning rate: 1.00e-03	Loss: 1.942
Train Epoch: [   70/  500], Batch [     1/     1 (100%)]	Learning rate: 1.00e-03	Loss: 1.939
Train Epoch: [   70/  500], Batch [     1/     1 (100%)]	Learning rate: 1.00e-03	Loss: 1.936	Val Loss: 1.898
Train Epoch: [   71/  500], Batch [     1/     1 (100%)]	Learning rate: 1.00e-03	Loss: 1.936
Train Epoch: [   72/  500], Batch [     1/     1 (100%)]	Learning rate: 1.00e-03	Loss: 1.932
Train Epoch: [   73/  500], Batch [     1/     1 (100%)]	Learning rate: 1.00e-03	Loss: 1.929
Train Epoch: [   74/  500], Batch [     1/     1 (100%)]	Learning rate: 1.00e-03	Loss: 1.926
Train Epoch: [   75/  500], Batch [     1/     1 (100%)]	Learning rate: 1.00e-03	Loss: 1.923
Train Epoch: [   75/  500], Batch [     1/     1 (100%)]	Learning rate: 1.00e-03	Loss: 1.920	Val Loss: 1.882
Train Epoch: [   76/  500], Batch [     1/     1 (100%)]	Learning rate: 1.00e-03	Loss: 1.920
Train Epoch: [   77/  500], Batch [     1/     1 (100%)]	Learning rate: 1.00e-03	Loss: 1.917
Train Epoch: [   78/  500], Batch [     1/     1 (100%)]	Learning rate: 1.00e-03	Loss: 1.914
Train Epoch: [   79/  500], Batch [     1/     1 (100%)]	Learning rate: 1.00e-03	Loss: 1.911
Train Epoch: [   80/  500], Batch [     1/     1 (100%)]	Learning rate: 1.00e-03	Loss: 1.908
Train Epoch: [   80/  500], Batch [     1/     1 (100%)]	Learning rate: 1.00e-03	Loss: 1.905	Val Loss: 1.863
Train Epoch: [   81/  500], Batch [     1/     1 (100%)]	Learning rate: 1.00e-03	Loss: 1.906
Train Epoch: [   82/  500], Batch [     1/     1 (100%)]	Learning rate: 1.00e-03	Loss: 1.903
Train Epoch: [   83/  500], Batch [     1/     1 (100%)]	Learning rate: 1.00e-03	Loss: 1.900
Train Epoch: [   84/  500], Batch [     1/     1 (100%)]	Learning rate: 1.00e-03	Loss: 1.898
Train Epoch: [   85/  500], Batch [     1/     1 (100%)]	Learning rate: 1.00e-03	Loss: 1.895
Train Epoch: [   85/  500], Batch [     1/     1 (100%)]	Learning rate: 1.00e-03	Loss: 1.894	Val Loss: 1.851
Train Epoch: [   86/  500], Batch [     1/     1 (100%)]	Learning rate: 1.00e-03	Loss: 1.893
Train Epoch: [   87/  500], Batch [     1/     1 (100%)]	Learning rate: 1.00e-03	Loss: 1.892
Train Epoch: [   88/  500], Batch [     1/     1 (100%)]	Learning rate: 1.00e-03	Loss: 1.890
Train Epoch: [   89/  500], Batch [     1/     1 (100%)]	Learning rate: 1.00e-03	Loss: 1.887
Train Epoch: [   90/  500], Batch [     1/     1 (100%)]	Learning rate: 1.00e-03	Loss: 1.886
Train Epoch: [   90/  500], Batch [     1/     1 (100%)]	Learning rate: 1.00e-03	Loss: 1.883	Val Loss: 1.841
Train Epoch: [   91/  500], Batch [     1/     1 (100%)]	Learning rate: 1.00e-03	Loss: 1.885
Train Epoch: [   92/  500], Batch [     1/     1 (100%)]	Learning rate: 1.00e-03	Loss: 1.882
Train Epoch: [   93/  500], Batch [     1/     1 (100%)]	Learning rate: 1.00e-03	Loss: 1.879
Train Epoch: [   94/  500], Batch [     1/     1 (100%)]	Learning rate: 1.00e-03	Loss: 1.877
Train Epoch: [   95/  500], Batch [     1/     1 (100%)]	Learning rate: 1.00e-03	Loss: 1.876
Train Epoch: [   95/  500], Batch [     1/     1 (100%)]	Learning rate: 1.00e-03	Loss: 1.875	Val Loss: 1.834
Train Epoch: [   96/  500], Batch [     1/     1 (100%)]	Learning rate: 1.00e-03	Loss: 1.875
Train Epoch: [   97/  500], Batch [     1/     1 (100%)]	Learning rate: 1.00e-03	Loss: 1.873
Train Epoch: [   98/  500], Batch [     1/     1 (100%)]	Learning rate: 1.00e-03	Loss: 1.872
Train Epoch: [   99/  500], Batch [     1/     1 (100%)]	Learning rate: 1.00e-03	Loss: 1.870
Train Epoch: [  100/  500], Batch [     1/     1 (100%)]	Learning rate: 1.00e-03	Loss: 1.868
Train Epoch: [  100/  500], Batch [     1/     1 (100%)]	Learning rate: 1.00e-03	Loss: 1.867	Val Loss: 1.827
Train Epoch: [  101/  500], Batch [     1/     1 (100%)]	Learning rate: 1.00e-03	Loss: 1.866
Train Epoch: [  102/  500], Batch [     1/     1 (100%)]	Learning rate: 1.00e-03	Loss: 1.865
Train Epoch: [  103/  500], Batch [     1/     1 (100%)]	Learning rate: 1.00e-03	Loss: 1.864
Train Epoch: [  104/  500], Batch [     1/     1 (100%)]	Learning rate: 1.00e-03	Loss: 1.862
Train Epoch: [  105/  500], Batch [     1/     1 (100%)]	Learning rate: 1.00e-03	Loss: 1.860
Train Epoch: [  105/  500], Batch [     1/     1 (100%)]	Learning rate: 1.00e-03	Loss: 1.858	Val Loss: 1.821
Train Epoch: [  106/  500], Batch [     1/     1 (100%)]	Learning rate: 1.00e-03	Loss: 1.858
Train Epoch: [  107/  500], Batch [     1/     1 (100%)]	Learning rate: 1.00e-03	Loss: 1.856
Train Epoch: [  108/  500], Batch [     1/     1 (100%)]	Learning rate: 1.00e-03	Loss: 1.855
Train Epoch: [  109/  500], Batch [     1/     1 (100%)]	Learning rate: 1.00e-03	Loss: 1.853
Train Epoch: [  110/  500], Batch [     1/     1 (100%)]	Learning rate: 1.00e-03	Loss: 1.850
Train Epoch: [  110/  500], Batch [     1/     1 (100%)]	Learning rate: 1.00e-03	Loss: 1.848	Val Loss: 1.811
Train Epoch: [  111/  500], Batch [     1/     1 (100%)]	Learning rate: 1.00e-03	Loss: 1.848
Train Epoch: [  112/  500], Batch [     1/     1 (100%)]	Learning rate: 1.00e-03	Loss: 1.847
Train Epoch: [  113/  500], Batch [     1/     1 (100%)]	Learning rate: 1.00e-03	Loss: 1.844
Train Epoch: [  114/  500], Batch [     1/     1 (100%)]	Learning rate: 1.00e-03	Loss: 1.842
Train Epoch: [  115/  500], Batch [     1/     1 (100%)]	Learning rate: 1.00e-03	Loss: 1.840
Train Epoch: [  115/  500], Batch [     1/     1 (100%)]	Learning rate: 1.00e-03	Loss: 1.837	Val Loss: 1.799
Train Epoch: [  116/  500], Batch [     1/     1 (100%)]	Learning rate: 1.00e-03	Loss: 1.837
Train Epoch: [  117/  500], Batch [     1/     1 (100%)]	Learning rate: 1.00e-03	Loss: 1.836
Train Epoch: [  118/  500], Batch [     1/     1 (100%)]	Learning rate: 1.00e-03	Loss: 1.833
Train Epoch: [  119/  500], Batch [     1/     1 (100%)]	Learning rate: 1.00e-03	Loss: 1.831
Train Epoch: [  120/  500], Batch [     1/     1 (100%)]	Learning rate: 1.00e-03	Loss: 1.828
Train Epoch: [  120/  500], Batch [     1/     1 (100%)]	Learning rate: 1.00e-03	Loss: 1.825	Val Loss: 1.789
Train Epoch: [  121/  500], Batch [     1/     1 (100%)]	Learning rate: 1.00e-03	Loss: 1.826
Train Epoch: [  122/  500], Batch [     1/     1 (100%)]	Learning rate: 1.00e-03	Loss: 1.822
Train Epoch: [  123/  500], Batch [     1/     1 (100%)]	Learning rate: 1.00e-03	Loss: 1.820
Train Epoch: [  124/  500], Batch [     1/     1 (100%)]	Learning rate: 1.00e-03	Loss: 1.818
Train Epoch: [  125/  500], Batch [     1/     1 (100%)]	Learning rate: 1.00e-03	Loss: 1.816
Train Epoch: [  125/  500], Batch [     1/     1 (100%)]	Learning rate: 1.00e-03	Loss: 1.813	Val Loss: 1.780
Train Epoch: [  126/  500], Batch [     1/     1 (100%)]	Learning rate: 1.00e-03	Loss: 1.814
Train Epoch: [  127/  500], Batch [     1/     1 (100%)]	Learning rate: 1.00e-03	Loss: 1.811
Train Epoch: [  128/  500], Batch [     1/     1 (100%)]	Learning rate: 1.00e-03	Loss: 1.809
Train Epoch: [  129/  500], Batch [     1/     1 (100%)]	Learning rate: 1.00e-03	Loss: 1.808
Train Epoch: [  130/  500], Batch [     1/     1 (100%)]	Learning rate: 1.00e-03	Loss: 1.805
Train Epoch: [  130/  500], Batch [     1/     1 (100%)]	Learning rate: 1.00e-03	Loss: 1.801	Val Loss: 1.768
Train Epoch: [  131/  500], Batch [     1/     1 (100%)]	Learning rate: 1.00e-03	Loss: 1.802
Train Epoch: [  132/  500], Batch [     1/     1 (100%)]	Learning rate: 1.00e-03	Loss: 1.799
Train Epoch: [  133/  500], Batch [     1/     1 (100%)]	Learning rate: 1.00e-03	Loss: 1.798
Train Epoch: [  134/  500], Batch [     1/     1 (100%)]	Learning rate: 1.00e-03	Loss: 1.794
Train Epoch: [  135/  500], Batch [     1/     1 (100%)]	Learning rate: 1.00e-03	Loss: 1.794
Train Epoch: [  135/  500], Batch [     1/     1 (100%)]	Learning rate: 1.00e-03	Loss: 1.790	Val Loss: 1.761
Train Epoch: [  136/  500], Batch [     1/     1 (100%)]	Learning rate: 1.00e-03	Loss: 1.792
Train Epoch: [  137/  500], Batch [     1/     1 (100%)]	Learning rate: 1.00e-03	Loss: 1.789
Train Epoch: [  138/  500], Batch [     1/     1 (100%)]	Learning rate: 1.00e-03	Loss: 1.786
Train Epoch: [  139/  500], Batch [     1/     1 (100%)]	Learning rate: 1.00e-03	Loss: 1.784
Train Epoch: [  140/  500], Batch [     1/     1 (100%)]	Learning rate: 1.00e-03	Loss: 1.783
Train Epoch: [  140/  500], Batch [     1/     1 (100%)]	Learning rate: 1.00e-03	Loss: 1.781	Val Loss: 1.756
Train Epoch: [  141/  500], Batch [     1/     1 (100%)]	Learning rate: 1.00e-03	Loss: 1.782
Train Epoch: [  142/  500], Batch [     1/     1 (100%)]	Learning rate: 1.00e-03	Loss: 1.778
Train Epoch: [  143/  500], Batch [     1/     1 (100%)]	Learning rate: 1.00e-03	Loss: 1.777
Train Epoch: [  144/  500], Batch [     1/     1 (100%)]	Learning rate: 1.00e-03	Loss: 1.775
Train Epoch: [  145/  500], Batch [     1/     1 (100%)]	Learning rate: 1.00e-03	Loss: 1.773
Train Epoch: [  145/  500], Batch [     1/     1 (100%)]	Learning rate: 1.00e-03	Loss: 1.771	Val Loss: 1.750
Train Epoch: [  146/  500], Batch [     1/     1 (100%)]	Learning rate: 1.00e-03	Loss: 1.771
Train Epoch: [  147/  500], Batch [     1/     1 (100%)]	Learning rate: 1.00e-03	Loss: 1.770
Train Epoch: [  148/  500], Batch [     1/     1 (100%)]	Learning rate: 1.00e-03	Loss: 1.768
Train Epoch: [  149/  500], Batch [     1/     1 (100%)]	Learning rate: 1.00e-03	Loss: 1.765
Train Epoch: [  150/  500], Batch [     1/     1 (100%)]	Learning rate: 1.00e-03	Loss: 1.764
Train Epoch: [  150/  500], Batch [     1/     1 (100%)]	Learning rate: 1.00e-03	Loss: 1.763	Val Loss: 1.743
Train Epoch: [  151/  500], Batch [     1/     1 (100%)]	Learning rate: 1.00e-03	Loss: 1.762
Train Epoch: [  152/  500], Batch [     1/     1 (100%)]	Learning rate: 1.00e-03	Loss: 1.759
Train Epoch: [  153/  500], Batch [     1/     1 (100%)]	Learning rate: 1.00e-03	Loss: 1.758
Train Epoch: [  154/  500], Batch [     1/     1 (100%)]	Learning rate: 1.00e-03	Loss: 1.757
Train Epoch: [  155/  500], Batch [     1/     1 (100%)]	Learning rate: 1.00e-03	Loss: 1.754
Train Epoch: [  155/  500], Batch [     1/     1 (100%)]	Learning rate: 1.00e-03	Loss: 1.753	Val Loss: 1.734
Train Epoch: [  156/  500], Batch [     1/     1 (100%)]	Learning rate: 1.00e-03	Loss: 1.753
Train Epoch: [  157/  500], Batch [     1/     1 (100%)]	Learning rate: 1.00e-03	Loss: 1.751
Train Epoch: [  158/  500], Batch [     1/     1 (100%)]	Learning rate: 1.00e-03	Loss: 1.749
Train Epoch: [  159/  500], Batch [     1/     1 (100%)]	Learning rate: 1.00e-03	Loss: 1.747
Train Epoch: [  160/  500], Batch [     1/     1 (100%)]	Learning rate: 1.00e-03	Loss: 1.746
Train Epoch: [  160/  500], Batch [     1/     1 (100%)]	Learning rate: 1.00e-03	Loss: 1.744	Val Loss: 1.727
Train Epoch: [  161/  500], Batch [     1/     1 (100%)]	Learning rate: 1.00e-03	Loss: 1.744
Train Epoch: [  162/  500], Batch [     1/     1 (100%)]	Learning rate: 1.00e-03	Loss: 1.743
Train Epoch: [  163/  500], Batch [     1/     1 (100%)]	Learning rate: 1.00e-03	Loss: 1.742
Train Epoch: [  164/  500], Batch [     1/     1 (100%)]	Learning rate: 1.00e-03	Loss: 1.741
Train Epoch: [  165/  500], Batch [     1/     1 (100%)]	Learning rate: 1.00e-03	Loss: 1.739
Train Epoch: [  165/  500], Batch [     1/     1 (100%)]	Learning rate: 1.00e-03	Loss: 1.737	Val Loss: 1.722
Train Epoch: [  166/  500], Batch [     1/     1 (100%)]	Learning rate: 1.00e-03	Loss: 1.736
Train Epoch: [  167/  500], Batch [     1/     1 (100%)]	Learning rate: 1.00e-03	Loss: 1.735
Train Epoch: [  168/  500], Batch [     1/     1 (100%)]	Learning rate: 1.00e-03	Loss: 1.734
Train Epoch: [  169/  500], Batch [     1/     1 (100%)]	Learning rate: 1.00e-03	Loss: 1.734
Train Epoch: [  170/  500], Batch [     1/     1 (100%)]	Learning rate: 1.00e-03	Loss: 1.733
Train Epoch: [  170/  500], Batch [     1/     1 (100%)]	Learning rate: 1.00e-03	Loss: 1.731	Val Loss: 1.715
Train Epoch: [  171/  500], Batch [     1/     1 (100%)]	Learning rate: 1.00e-03	Loss: 1.730
Train Epoch: [  172/  500], Batch [     1/     1 (100%)]	Learning rate: 1.00e-03	Loss: 1.728
Train Epoch: [  173/  500], Batch [     1/     1 (100%)]	Learning rate: 1.00e-03	Loss: 1.727
Train Epoch: [  174/  500], Batch [     1/     1 (100%)]	Learning rate: 1.00e-03	Loss: 1.726
Train Epoch: [  175/  500], Batch [     1/     1 (100%)]	Learning rate: 1.00e-03	Loss: 1.726
Train Epoch: [  175/  500], Batch [     1/     1 (100%)]	Learning rate: 1.00e-03	Loss: 1.726	Val Loss: 1.709
Train Epoch: [  176/  500], Batch [     1/     1 (100%)]	Learning rate: 1.00e-03	Loss: 1.725
Train Epoch: [  177/  500], Batch [     1/     1 (100%)]	Learning rate: 1.00e-03	Loss: 1.722
Train Epoch: [  178/  500], Batch [     1/     1 (100%)]	Learning rate: 1.00e-03	Loss: 1.721
Train Epoch: [  179/  500], Batch [     1/     1 (100%)]	Learning rate: 1.00e-03	Loss: 1.720
Train Epoch: [  180/  500], Batch [     1/     1 (100%)]	Learning rate: 1.00e-03	Loss: 1.719
Train Epoch: [  180/  500], Batch [     1/     1 (100%)]	Learning rate: 1.00e-03	Loss: 1.718	Val Loss: 1.708
Train Epoch: [  181/  500], Batch [     1/     1 (100%)]	Learning rate: 1.00e-03	Loss: 1.718
Train Epoch: [  182/  500], Batch [     1/     1 (100%)]	Learning rate: 1.00e-03	Loss: 1.717
Train Epoch: [  183/  500], Batch [     1/     1 (100%)]	Learning rate: 1.00e-03	Loss: 1.715
Train Epoch: [  184/  500], Batch [     1/     1 (100%)]	Learning rate: 1.00e-03	Loss: 1.715
Train Epoch: [  185/  500], Batch [     1/     1 (100%)]	Learning rate: 1.00e-03	Loss: 1.715
Train Epoch: [  185/  500], Batch [     1/     1 (100%)]	Learning rate: 1.00e-03	Loss: 1.713	Val Loss: 1.702
Train Epoch: [  186/  500], Batch [     1/     1 (100%)]	Learning rate: 1.00e-03	Loss: 1.712
Train Epoch: [  187/  500], Batch [     1/     1 (100%)]	Learning rate: 1.00e-03	Loss: 1.712
Train Epoch: [  188/  500], Batch [     1/     1 (100%)]	Learning rate: 1.00e-03	Loss: 1.707
Train Epoch: [  189/  500], Batch [     1/     1 (100%)]	Learning rate: 1.00e-03	Loss: 1.707
Train Epoch: [  190/  500], Batch [     1/     1 (100%)]	Learning rate: 1.00e-03	Loss: 1.706
Train Epoch: [  190/  500], Batch [     1/     1 (100%)]	Learning rate: 1.00e-03	Loss: 1.706	Val Loss: 1.697
Train Epoch: [  191/  500], Batch [     1/     1 (100%)]	Learning rate: 1.00e-03	Loss: 1.705
Train Epoch: [  192/  500], Batch [     1/     1 (100%)]	Learning rate: 1.00e-03	Loss: 1.703
Train Epoch: [  193/  500], Batch [     1/     1 (100%)]	Learning rate: 1.00e-03	Loss: 1.703
Train Epoch: [  194/  500], Batch [     1/     1 (100%)]	Learning rate: 1.00e-03	Loss: 1.702
Train Epoch: [  195/  500], Batch [     1/     1 (100%)]	Learning rate: 1.00e-03	Loss: 1.699
Train Epoch: [  195/  500], Batch [     1/     1 (100%)]	Learning rate: 1.00e-03	Loss: 1.698	Val Loss: 1.694
Train Epoch: [  196/  500], Batch [     1/     1 (100%)]	Learning rate: 1.00e-03	Loss: 1.697
Train Epoch: [  197/  500], Batch [     1/     1 (100%)]	Learning rate: 1.00e-03	Loss: 1.695
Train Epoch: [  198/  500], Batch [     1/     1 (100%)]	Learning rate: 1.00e-03	Loss: 1.696
Train Epoch: [  199/  500], Batch [     1/     1 (100%)]	Learning rate: 1.00e-03	Loss: 1.694
Train Epoch: [  200/  500], Batch [     1/     1 (100%)]	Learning rate: 1.00e-03	Loss: 1.694
Train Epoch: [  200/  500], Batch [     1/     1 (100%)]	Learning rate: 1.00e-03	Loss: 1.692	Val Loss: 1.690
Train Epoch: [  201/  500], Batch [     1/     1 (100%)]	Learning rate: 1.00e-03	Loss: 1.692
Train Epoch: [  202/  500], Batch [     1/     1 (100%)]	Learning rate: 1.00e-03	Loss: 1.691
Train Epoch: [  203/  500], Batch [     1/     1 (100%)]	Learning rate: 1.00e-03	Loss: 1.687
Train Epoch: [  204/  500], Batch [     1/     1 (100%)]	Learning rate: 1.00e-03	Loss: 1.688
Train Epoch: [  205/  500], Batch [     1/     1 (100%)]	Learning rate: 1.00e-03	Loss: 1.685
Train Epoch: [  205/  500], Batch [     1/     1 (100%)]	Learning rate: 1.00e-03	Loss: 1.682	Val Loss: 1.685
Train Epoch: [  206/  500], Batch [     1/     1 (100%)]	Learning rate: 1.00e-03	Loss: 1.683
Train Epoch: [  207/  500], Batch [     1/     1 (100%)]	Learning rate: 1.00e-03	Loss: 1.681
Train Epoch: [  208/  500], Batch [     1/     1 (100%)]	Learning rate: 1.00e-03	Loss: 1.680
Train Epoch: [  209/  500], Batch [     1/     1 (100%)]	Learning rate: 1.00e-03	Loss: 1.681
Train Epoch: [  210/  500], Batch [     1/     1 (100%)]	Learning rate: 1.00e-03	Loss: 1.682
Train Epoch: [  210/  500], Batch [     1/     1 (100%)]	Learning rate: 1.00e-03	Loss: 1.685	Val Loss: 1.683
Train Epoch: [  211/  500], Batch [     1/     1 (100%)]	Learning rate: 1.00e-03	Loss: 1.683
Train Epoch: [  212/  500], Batch [     1/     1 (100%)]	Learning rate: 1.00e-03	Loss: 1.684
Train Epoch: [  213/  500], Batch [     1/     1 (100%)]	Learning rate: 1.00e-03	Loss: 1.675
Train Epoch: [  214/  500], Batch [     1/     1 (100%)]	Learning rate: 1.00e-03	Loss: 1.679
Train Epoch: [  215/  500], Batch [     1/     1 (100%)]	Learning rate: 1.00e-03	Loss: 1.681
Train Epoch: [  215/  500], Batch [     1/     1 (100%)]	Learning rate: 1.00e-03	Loss: 1.672	Val Loss: 1.682
Train Epoch: [  216/  500], Batch [     1/     1 (100%)]	Learning rate: 1.00e-03	Loss: 1.672
Train Epoch: [  217/  500], Batch [     1/     1 (100%)]	Learning rate: 1.00e-03	Loss: 1.678
Train Epoch: [  218/  500], Batch [     1/     1 (100%)]	Learning rate: 1.00e-03	Loss: 1.674
Train Epoch: [  219/  500], Batch [     1/     1 (100%)]	Learning rate: 1.00e-03	Loss: 1.675
Train Epoch: [  220/  500], Batch [     1/     1 (100%)]	Learning rate: 1.00e-03	Loss: 1.667
Train Epoch: [  220/  500], Batch [     1/     1 (100%)]	Learning rate: 1.00e-03	Loss: 1.671	Val Loss: 1.688
Train Epoch: [  221/  500], Batch [     1/     1 (100%)]	Learning rate: 1.00e-03	Loss: 1.673
Train Epoch: [  222/  500], Batch [     1/     1 (100%)]	Learning rate: 1.00e-03	Loss: 1.663
Train Epoch: [  223/  500], Batch [     1/     1 (100%)]	Learning rate: 1.00e-03	Loss: 1.667
Train Epoch: [  224/  500], Batch [     1/     1 (100%)]	Learning rate: 1.00e-03	Loss: 1.661
Train Epoch: [  225/  500], Batch [     1/     1 (100%)]	Learning rate: 1.00e-03	Loss: 1.665
Train Epoch: [  225/  500], Batch [     1/     1 (100%)]	Learning rate: 1.00e-03	Loss: 1.661	Val Loss: 1.681
Train Epoch: [  226/  500], Batch [     1/     1 (100%)]	Learning rate: 1.00e-03	Loss: 1.660
Train Epoch: [  227/  500], Batch [     1/     1 (100%)]	Learning rate: 1.00e-03	Loss: 1.661
Train Epoch: [  228/  500], Batch [     1/     1 (100%)]	Learning rate: 1.00e-03	Loss: 1.657
Train Epoch: [  229/  500], Batch [     1/     1 (100%)]	Learning rate: 1.00e-03	Loss: 1.657
Train Epoch: [  230/  500], Batch [     1/     1 (100%)]	Learning rate: 1.00e-03	Loss: 1.654
Train Epoch: [  230/  500], Batch [     1/     1 (100%)]	Learning rate: 1.00e-03	Loss: 1.655	Val Loss: 1.680
Train Epoch: [  231/  500], Batch [     1/     1 (100%)]	Learning rate: 1.00e-03	Loss: 1.654
Train Epoch: [  232/  500], Batch [     1/     1 (100%)]	Learning rate: 1.00e-03	Loss: 1.652
Train Epoch: [  233/  500], Batch [     1/     1 (100%)]	Learning rate: 1.00e-03	Loss: 1.651
Train Epoch: [  234/  500], Batch [     1/     1 (100%)]	Learning rate: 1.00e-03	Loss: 1.650
Train Epoch: [  235/  500], Batch [     1/     1 (100%)]	Learning rate: 1.00e-03	Loss: 1.649
Train Epoch: [  235/  500], Batch [     1/     1 (100%)]	Learning rate: 1.00e-03	Loss: 1.647	Val Loss: 1.688
Train Epoch: [  236/  500], Batch [     1/     1 (100%)]	Learning rate: 1.00e-03	Loss: 1.647
Train Epoch: [  237/  500], Batch [     1/     1 (100%)]	Learning rate: 1.00e-03	Loss: 1.647
Train Epoch: [  238/  500], Batch [     1/     1 (100%)]	Learning rate: 1.00e-03	Loss: 1.646
Train Epoch: [  239/  500], Batch [     1/     1 (100%)]	Learning rate: 1.00e-03	Loss: 1.641
Train Epoch: [  240/  500], Batch [     1/     1 (100%)]	Learning rate: 1.00e-03	Loss: 1.644
Train Epoch: [  240/  500], Batch [     1/     1 (100%)]	Learning rate: 1.00e-03	Loss: 1.643	Val Loss: 1.681
Train Epoch: [  241/  500], Batch [     1/     1 (100%)]	Learning rate: 1.00e-03	Loss: 1.640
Train Epoch: [  242/  500], Batch [     1/     1 (100%)]	Learning rate: 1.00e-03	Loss: 1.641
Train Epoch: [  243/  500], Batch [     1/     1 (100%)]	Learning rate: 1.00e-03	Loss: 1.637
Train Epoch: [  244/  500], Batch [     1/     1 (100%)]	Learning rate: 1.00e-03	Loss: 1.638
Train Epoch: [  245/  500], Batch [     1/     1 (100%)]	Learning rate: 1.00e-03	Loss: 1.635
Train Epoch: [  245/  500], Batch [     1/     1 (100%)]	Learning rate: 1.00e-03	Loss: 1.634	Val Loss: 1.687
Train Epoch: [  246/  500], Batch [     1/     1 (100%)]	Learning rate: 1.00e-03	Loss: 1.633
Train Epoch: [  247/  500], Batch [     1/     1 (100%)]	Learning rate: 1.00e-03	Loss: 1.636
Train Epoch: [  248/  500], Batch [     1/     1 (100%)]	Learning rate: 1.00e-03	Loss: 1.629
Train Epoch: [  249/  500], Batch [     1/     1 (100%)]	Learning rate: 1.00e-03	Loss: 1.627
Train Epoch: [  250/  500], Batch [     1/     1 (100%)]	Learning rate: 1.00e-03	Loss: 1.628
Train Epoch: [  250/  500], Batch [     1/     1 (100%)]	Learning rate: 1.00e-03	Loss: 1.626	Val Loss: 1.693

Learning rate adapted! New learning rate 1.000e-04

Train Epoch: [  251/  500], Batch [     1/     1 (100%)]	Learning rate: 1.00e-04	Loss: 1.627
Train Epoch: [  252/  500], Batch [     1/     1 (100%)]	Learning rate: 1.00e-04	Loss: 1.626
Train Epoch: [  253/  500], Batch [     1/     1 (100%)]	Learning rate: 1.00e-04	Loss: 1.628
Train Epoch: [  254/  500], Batch [     1/     1 (100%)]	Learning rate: 1.00e-04	Loss: 1.626
Train Epoch: [  255/  500], Batch [     1/     1 (100%)]	Learning rate: 1.00e-04	Loss: 1.625
Train Epoch: [  255/  500], Batch [     1/     1 (100%)]	Learning rate: 1.00e-04	Loss: 1.626	Val Loss: 1.688
Train Epoch: [  256/  500], Batch [     1/     1 (100%)]	Learning rate: 1.00e-04	Loss: 1.627
Train Epoch: [  257/  500], Batch [     1/     1 (100%)]	Learning rate: 1.00e-04	Loss: 1.626
Train Epoch: [  258/  500], Batch [     1/     1 (100%)]	Learning rate: 1.00e-04	Loss: 1.625
Train Epoch: [  259/  500], Batch [     1/     1 (100%)]	Learning rate: 1.00e-04	Loss: 1.623
Train Epoch: [  260/  500], Batch [     1/     1 (100%)]	Learning rate: 1.00e-04	Loss: 1.626
Train Epoch: [  260/  500], Batch [     1/     1 (100%)]	Learning rate: 1.00e-04	Loss: 1.624	Val Loss: 1.689
Model parameters: 115302
