Train Epoch: [    0/ 5000], Batch [     1/     1 (100%)]	Learning rate: 1.00e-03	Loss: 3.400
Train Epoch: [    0/ 5000], Batch [     1/     1 (100%)]	Learning rate: 1.00e-03	Loss: 3.334	Val Loss: 3.281
Train Epoch: [    1/ 5000], Batch [     1/     1 (100%)]	Learning rate: 1.00e-03	Loss: 3.334
Train Epoch: [    2/ 5000], Batch [     1/     1 (100%)]	Learning rate: 1.00e-03	Loss: 3.282
Train Epoch: [    0/ 5000], Batch [     1/    16 (  6%)]	Learning rate: 1.00e-03	Loss: 3.368
Train Epoch: [    0/ 5000], Batch [     2/    16 ( 12%)]	Learning rate: 1.00e-03	Loss: 3.336
Train Epoch: [    0/ 5000], Batch [     3/    16 ( 19%)]	Learning rate: 1.00e-03	Loss: 3.318
Train Epoch: [    0/ 5000], Batch [     4/    16 ( 25%)]	Learning rate: 1.00e-03	Loss: 3.289
Train Epoch: [    0/ 5000], Batch [     5/    16 ( 31%)]	Learning rate: 1.00e-03	Loss: 3.266
Train Epoch: [    0/ 5000], Batch [     6/    16 ( 38%)]	Learning rate: 1.00e-03	Loss: 3.238
Train Epoch: [    0/ 5000], Batch [     7/    16 ( 44%)]	Learning rate: 1.00e-03	Loss: 3.212
Train Epoch: [    0/ 5000], Batch [     8/    16 ( 50%)]	Learning rate: 1.00e-03	Loss: 3.182
Train Epoch: [    0/ 5000], Batch [     9/    16 ( 56%)]	Learning rate: 1.00e-03	Loss: 3.142
Train Epoch: [    0/ 5000], Batch [    10/    16 ( 62%)]	Learning rate: 1.00e-03	Loss: 3.095
Train Epoch: [    0/ 5000], Batch [    11/    16 ( 69%)]	Learning rate: 1.00e-03	Loss: 3.045
Train Epoch: [    0/ 5000], Batch [    12/    16 ( 75%)]	Learning rate: 1.00e-03	Loss: 3.012
Train Epoch: [    0/ 5000], Batch [    13/    16 ( 81%)]	Learning rate: 1.00e-03	Loss: 2.987
Train Epoch: [    0/ 5000], Batch [    14/    16 ( 88%)]	Learning rate: 1.00e-03	Loss: 2.954
Train Epoch: [    0/ 5000], Batch [    15/    16 ( 94%)]	Learning rate: 1.00e-03	Loss: 2.928
Train Epoch: [    0/ 5000], Batch [    16/    16 (100%)]	Learning rate: 1.00e-03	Loss: 2.921
Train Epoch: [    0/ 5000], Batch [    16/    16 (100%)]	Learning rate: 1.00e-03	Loss: 2.504	Val Loss: 2.527
Train Epoch: [    0/ 5000], Batch [     1/     8 ( 12%)]	Learning rate: 1.00e-03	Loss: 3.403
Train Epoch: [    0/ 5000], Batch [     2/     8 ( 25%)]	Learning rate: 1.00e-03	Loss: 3.366
Train Epoch: [    0/ 5000], Batch [     3/     8 ( 38%)]	Learning rate: 1.00e-03	Loss: 3.338
Train Epoch: [    0/ 5000], Batch [     4/     8 ( 50%)]	Learning rate: 1.00e-03	Loss: 3.302
Train Epoch: [    0/ 5000], Batch [     5/     8 ( 62%)]	Learning rate: 1.00e-03	Loss: 3.278
Train Epoch: [    0/ 5000], Batch [     6/     8 ( 75%)]	Learning rate: 1.00e-03	Loss: 3.250
Train Epoch: [    0/ 5000], Batch [     7/     8 ( 88%)]	Learning rate: 1.00e-03	Loss: 3.223
Train Epoch: [    0/ 5000], Batch [     8/     8 (100%)]	Learning rate: 1.00e-03	Loss: 3.202
Train Epoch: [    0/ 5000], Batch [     8/     8 (100%)]	Learning rate: 1.00e-03	Loss: 2.842	Val Loss: 2.876
