Train Epoch: [    0/  500], Batch [     1/     2 ( 50%)]	Learning rate: 1.00e-03	Loss: 3.154
Train Epoch: [    0/  500], Batch [     2/     2 (100%)]	Learning rate: 1.00e-03	Loss: 3.152
Train Epoch: [    0/  500], Batch [     2/     2 (100%)]	Learning rate: 1.00e-03	Loss: 2.998	Val Loss: 2.932
Train Epoch: [    1/  500], Batch [     1/     2 ( 50%)]	Learning rate: 1.00e-03	Loss: 2.978
Train Epoch: [    1/  500], Batch [     2/     2 (100%)]	Learning rate: 1.00e-03	Loss: 2.981
Train Epoch: [    2/  500], Batch [     1/     2 ( 50%)]	Learning rate: 1.00e-03	Loss: 2.842
Train Epoch: [    2/  500], Batch [     2/     2 (100%)]	Learning rate: 1.00e-03	Loss: 2.812
Train Epoch: [    3/  500], Batch [     1/     2 ( 50%)]	Learning rate: 1.00e-03	Loss: 2.681
Train Epoch: [    3/  500], Batch [     2/     2 (100%)]	Learning rate: 1.00e-03	Loss: 2.639
Train Epoch: [    4/  500], Batch [     1/     2 ( 50%)]	Learning rate: 1.00e-03	Loss: 2.478
Train Epoch: [    4/  500], Batch [     2/     2 (100%)]	Learning rate: 1.00e-03	Loss: 2.465
Train Epoch: [    5/  500], Batch [     1/     2 ( 50%)]	Learning rate: 1.00e-03	Loss: 2.328
Train Epoch: [    5/  500], Batch [     2/     2 (100%)]	Learning rate: 1.00e-03	Loss: 2.311
Train Epoch: [    5/  500], Batch [     2/     2 (100%)]	Learning rate: 1.00e-03	Loss: 2.205	Val Loss: 2.186
Train Epoch: [    6/  500], Batch [     1/     2 ( 50%)]	Learning rate: 1.00e-03	Loss: 2.204
Train Epoch: [    6/  500], Batch [     2/     2 (100%)]	Learning rate: 1.00e-03	Loss: 2.199
Train Epoch: [    7/  500], Batch [     1/     2 ( 50%)]	Learning rate: 1.00e-03	Loss: 2.151
Train Epoch: [    7/  500], Batch [     2/     2 (100%)]	Learning rate: 1.00e-03	Loss: 2.156
Train Epoch: [    8/  500], Batch [     1/     2 ( 50%)]	Learning rate: 1.00e-03	Loss: 2.170
Train Epoch: [    8/  500], Batch [     2/     2 (100%)]	Learning rate: 1.00e-03	Loss: 2.173
Train Epoch: [    9/  500], Batch [     1/     2 ( 50%)]	Learning rate: 1.00e-03	Loss: 2.200
Train Epoch: [    9/  500], Batch [     2/     2 (100%)]	Learning rate: 1.00e-03	Loss: 2.199
Train Epoch: [   10/  500], Batch [     1/     2 ( 50%)]	Learning rate: 1.00e-03	Loss: 2.195
Train Epoch: [   10/  500], Batch [     2/     2 (100%)]	Learning rate: 1.00e-03	Loss: 2.199
Train Epoch: [   10/  500], Batch [     2/     2 (100%)]	Learning rate: 1.00e-03	Loss: 2.175	Val Loss: 2.169
Train Epoch: [   11/  500], Batch [     1/     2 ( 50%)]	Learning rate: 1.00e-03	Loss: 2.171
Train Epoch: [   11/  500], Batch [     2/     2 (100%)]	Learning rate: 1.00e-03	Loss: 2.172
Train Epoch: [   12/  500], Batch [     1/     2 ( 50%)]	Learning rate: 1.00e-03	Loss: 2.136
Train Epoch: [   12/  500], Batch [     2/     2 (100%)]	Learning rate: 1.00e-03	Loss: 2.138
Train Epoch: [   13/  500], Batch [     1/     2 ( 50%)]	Learning rate: 1.00e-03	Loss: 2.101
Train Epoch: [   13/  500], Batch [     2/     2 (100%)]	Learning rate: 1.00e-03	Loss: 2.107
Train Epoch: [   14/  500], Batch [     1/     2 ( 50%)]	Learning rate: 1.00e-03	Loss: 2.081
Train Epoch: [   14/  500], Batch [     2/     2 (100%)]	Learning rate: 1.00e-03	Loss: 2.087
Train Epoch: [   15/  500], Batch [     1/     2 ( 50%)]	Learning rate: 1.00e-03	Loss: 2.078
Train Epoch: [   15/  500], Batch [     2/     2 (100%)]	Learning rate: 1.00e-03	Loss: 2.072
Train Epoch: [   15/  500], Batch [     2/     2 (100%)]	Learning rate: 1.00e-03	Loss: 2.061	Val Loss: 2.047
Train Epoch: [   16/  500], Batch [     1/     2 ( 50%)]	Learning rate: 1.00e-03	Loss: 2.066
Train Epoch: [   16/  500], Batch [     2/     2 (100%)]	Learning rate: 1.00e-03	Loss: 2.059
Train Epoch: [   17/  500], Batch [     1/     2 ( 50%)]	Learning rate: 1.00e-03	Loss: 2.043
Train Epoch: [   17/  500], Batch [     2/     2 (100%)]	Learning rate: 1.00e-03	Loss: 2.042
Train Epoch: [   18/  500], Batch [     1/     2 ( 50%)]	Learning rate: 1.00e-03	Loss: 2.017
Train Epoch: [   18/  500], Batch [     2/     2 (100%)]	Learning rate: 1.00e-03	Loss: 2.021
Train Epoch: [   19/  500], Batch [     1/     2 ( 50%)]	Learning rate: 1.00e-03	Loss: 2.002
Train Epoch: [   19/  500], Batch [     2/     2 (100%)]	Learning rate: 1.00e-03	Loss: 1.999
Train Epoch: [   20/  500], Batch [     1/     2 ( 50%)]	Learning rate: 1.00e-03	Loss: 1.977
Train Epoch: [   20/  500], Batch [     2/     2 (100%)]	Learning rate: 1.00e-03	Loss: 1.983
Train Epoch: [   20/  500], Batch [     2/     2 (100%)]	Learning rate: 1.00e-03	Loss: 1.974	Val Loss: 1.968
Train Epoch: [   21/  500], Batch [     1/     2 ( 50%)]	Learning rate: 1.00e-03	Loss: 1.970
Train Epoch: [   21/  500], Batch [     2/     2 (100%)]	Learning rate: 1.00e-03	Loss: 1.973
Train Epoch: [   22/  500], Batch [     1/     2 ( 50%)]	Learning rate: 1.00e-03	Loss: 1.973
Train Epoch: [   22/  500], Batch [     2/     2 (100%)]	Learning rate: 1.00e-03	Loss: 1.971
Train Epoch: [   23/  500], Batch [     1/     2 ( 50%)]	Learning rate: 1.00e-03	Loss: 1.972
Train Epoch: [   23/  500], Batch [     2/     2 (100%)]	Learning rate: 1.00e-03	Loss: 1.975
Train Epoch: [   24/  500], Batch [     1/     2 ( 50%)]	Learning rate: 1.00e-03	Loss: 1.972
Train Epoch: [   24/  500], Batch [     2/     2 (100%)]	Learning rate: 1.00e-03	Loss: 1.979
Train Epoch: [   25/  500], Batch [     1/     2 ( 50%)]	Learning rate: 1.00e-03	Loss: 1.977
Train Epoch: [   25/  500], Batch [     2/     2 (100%)]	Learning rate: 1.00e-03	Loss: 1.977
Train Epoch: [   25/  500], Batch [     2/     2 (100%)]	Learning rate: 1.00e-03	Loss: 1.972	Val Loss: 1.973
Train Epoch: [   26/  500], Batch [     1/     2 ( 50%)]	Learning rate: 1.00e-03	Loss: 1.972
Train Epoch: [   26/  500], Batch [     2/     2 (100%)]	Learning rate: 1.00e-03	Loss: 1.971
Train Epoch: [   27/  500], Batch [     1/     2 ( 50%)]	Learning rate: 1.00e-03	Loss: 1.960
Train Epoch: [   27/  500], Batch [     2/     2 (100%)]	Learning rate: 1.00e-03	Loss: 1.964
Train Epoch: [   28/  500], Batch [     1/     2 ( 50%)]	Learning rate: 1.00e-03	Loss: 1.952
Train Epoch: [   28/  500], Batch [     2/     2 (100%)]	Learning rate: 1.00e-03	Loss: 1.960
Train Epoch: [   29/  500], Batch [     1/     2 ( 50%)]	Learning rate: 1.00e-03	Loss: 1.959
Train Epoch: [   29/  500], Batch [     2/     2 (100%)]	Learning rate: 1.00e-03	Loss: 1.957
Train Epoch: [   30/  500], Batch [     1/     2 ( 50%)]	Learning rate: 1.00e-03	Loss: 1.958
Train Epoch: [   30/  500], Batch [     2/     2 (100%)]	Learning rate: 1.00e-03	Loss: 1.956
Train Epoch: [   30/  500], Batch [     2/     2 (100%)]	Learning rate: 1.00e-03	Loss: 1.954	Val Loss: 1.951
Train Epoch: [   31/  500], Batch [     1/     2 ( 50%)]	Learning rate: 1.00e-03	Loss: 1.956
Train Epoch: [   31/  500], Batch [     2/     2 (100%)]	Learning rate: 1.00e-03	Loss: 1.953
Train Epoch: [   32/  500], Batch [     1/     2 ( 50%)]	Learning rate: 1.00e-03	Loss: 1.960
Train Epoch: [   32/  500], Batch [     2/     2 (100%)]	Learning rate: 1.00e-03	Loss: 1.952
Train Epoch: [   33/  500], Batch [     1/     2 ( 50%)]	Learning rate: 1.00e-03	Loss: 1.946
Train Epoch: [   33/  500], Batch [     2/     2 (100%)]	Learning rate: 1.00e-03	Loss: 1.948
Train Epoch: [   34/  500], Batch [     1/     2 ( 50%)]	Learning rate: 1.00e-03	Loss: 1.951
Train Epoch: [   34/  500], Batch [     2/     2 (100%)]	Learning rate: 1.00e-03	Loss: 1.944
Train Epoch: [   35/  500], Batch [     1/     2 ( 50%)]	Learning rate: 1.00e-03	Loss: 1.938
Train Epoch: [   35/  500], Batch [     2/     2 (100%)]	Learning rate: 1.00e-03	Loss: 1.941
Train Epoch: [   35/  500], Batch [     2/     2 (100%)]	Learning rate: 1.00e-03	Loss: 1.938	Val Loss: 1.939
Train Epoch: [   36/  500], Batch [     1/     2 ( 50%)]	Learning rate: 1.00e-03	Loss: 1.929
Train Epoch: [   36/  500], Batch [     2/     2 (100%)]	Learning rate: 1.00e-03	Loss: 1.938
Train Epoch: [   37/  500], Batch [     1/     2 ( 50%)]	Learning rate: 1.00e-03	Loss: 1.934
Train Epoch: [   37/  500], Batch [     2/     2 (100%)]	Learning rate: 1.00e-03	Loss: 1.935
Train Epoch: [   38/  500], Batch [     1/     2 ( 50%)]	Learning rate: 1.00e-03	Loss: 1.932
Train Epoch: [   38/  500], Batch [     2/     2 (100%)]	Learning rate: 1.00e-03	Loss: 1.932
Train Epoch: [   39/  500], Batch [     1/     2 ( 50%)]	Learning rate: 1.00e-03	Loss: 1.930
Train Epoch: [   39/  500], Batch [     2/     2 (100%)]	Learning rate: 1.00e-03	Loss: 1.928
Train Epoch: [   40/  500], Batch [     1/     2 ( 50%)]	Learning rate: 1.00e-03	Loss: 1.925
Train Epoch: [   40/  500], Batch [     2/     2 (100%)]	Learning rate: 1.00e-03	Loss: 1.923
Train Epoch: [   40/  500], Batch [     2/     2 (100%)]	Learning rate: 1.00e-03	Loss: 1.919	Val Loss: 1.919
Train Epoch: [   41/  500], Batch [     1/     2 ( 50%)]	Learning rate: 1.00e-03	Loss: 1.921
Train Epoch: [   41/  500], Batch [     2/     2 (100%)]	Learning rate: 1.00e-03	Loss: 1.919
Train Epoch: [   42/  500], Batch [     1/     2 ( 50%)]	Learning rate: 1.00e-03	Loss: 1.922
Train Epoch: [   42/  500], Batch [     2/     2 (100%)]	Learning rate: 1.00e-03	Loss: 1.915
Train Epoch: [   43/  500], Batch [     1/     2 ( 50%)]	Learning rate: 1.00e-03	Loss: 1.906
Train Epoch: [   43/  500], Batch [     2/     2 (100%)]	Learning rate: 1.00e-03	Loss: 1.910
Train Epoch: [   44/  500], Batch [     1/     2 ( 50%)]	Learning rate: 1.00e-03	Loss: 1.907
Train Epoch: [   44/  500], Batch [     2/     2 (100%)]	Learning rate: 1.00e-03	Loss: 1.907
Train Epoch: [   45/  500], Batch [     1/     2 ( 50%)]	Learning rate: 1.00e-03	Loss: 1.899
Train Epoch: [   45/  500], Batch [     2/     2 (100%)]	Learning rate: 1.00e-03	Loss: 1.901
Train Epoch: [   45/  500], Batch [     2/     2 (100%)]	Learning rate: 1.00e-03	Loss: 1.898	Val Loss: 1.899
Train Epoch: [   46/  500], Batch [     1/     2 ( 50%)]	Learning rate: 1.00e-03	Loss: 1.890
Train Epoch: [   46/  500], Batch [     2/     2 (100%)]	Learning rate: 1.00e-03	Loss: 1.898
Train Epoch: [   47/  500], Batch [     1/     2 ( 50%)]	Learning rate: 1.00e-03	Loss: 1.892
Train Epoch: [   47/  500], Batch [     2/     2 (100%)]	Learning rate: 1.00e-03	Loss: 1.893
Train Epoch: [   48/  500], Batch [     1/     2 ( 50%)]	Learning rate: 1.00e-03	Loss: 1.896
Train Epoch: [   48/  500], Batch [     2/     2 (100%)]	Learning rate: 1.00e-03	Loss: 1.889
Train Epoch: [   49/  500], Batch [     1/     2 ( 50%)]	Learning rate: 1.00e-03	Loss: 1.892
Train Epoch: [   49/  500], Batch [     2/     2 (100%)]	Learning rate: 1.00e-03	Loss: 1.885
Train Epoch: [   50/  500], Batch [     1/     2 ( 50%)]	Learning rate: 1.00e-03	Loss: 1.883
Train Epoch: [   50/  500], Batch [     2/     2 (100%)]	Learning rate: 1.00e-03	Loss: 1.882
Train Epoch: [   50/  500], Batch [     2/     2 (100%)]	Learning rate: 1.00e-03	Loss: 1.878	Val Loss: 1.882
Train Epoch: [   51/  500], Batch [     1/     2 ( 50%)]	Learning rate: 1.00e-03	Loss: 1.876
Train Epoch: [   51/  500], Batch [     2/     2 (100%)]	Learning rate: 1.00e-03	Loss: 1.879
Train Epoch: [   52/  500], Batch [     1/     2 ( 50%)]	Learning rate: 1.00e-03	Loss: 1.873
Train Epoch: [   52/  500], Batch [     2/     2 (100%)]	Learning rate: 1.00e-03	Loss: 1.875
Train Epoch: [   53/  500], Batch [     1/     2 ( 50%)]	Learning rate: 1.00e-03	Loss: 1.877
Train Epoch: [   53/  500], Batch [     2/     2 (100%)]	Learning rate: 1.00e-03	Loss: 1.872
Train Epoch: [   54/  500], Batch [     1/     2 ( 50%)]	Learning rate: 1.00e-03	Loss: 1.871
Train Epoch: [   54/  500], Batch [     2/     2 (100%)]	Learning rate: 1.00e-03	Loss: 1.871
Train Epoch: [   55/  500], Batch [     1/     2 ( 50%)]	Learning rate: 1.00e-03	Loss: 1.871
Train Epoch: [   55/  500], Batch [     2/     2 (100%)]	Learning rate: 1.00e-03	Loss: 1.868
Train Epoch: [   55/  500], Batch [     2/     2 (100%)]	Learning rate: 1.00e-03	Loss: 1.865	Val Loss: 1.867
Train Epoch: [   56/  500], Batch [     1/     2 ( 50%)]	Learning rate: 1.00e-03	Loss: 1.868
Train Epoch: [   56/  500], Batch [     2/     2 (100%)]	Learning rate: 1.00e-03	Loss: 1.865
Train Epoch: [   57/  500], Batch [     1/     2 ( 50%)]	Learning rate: 1.00e-03	Loss: 1.857
Train Epoch: [   57/  500], Batch [     2/     2 (100%)]	Learning rate: 1.00e-03	Loss: 1.860
Train Epoch: [   58/  500], Batch [     1/     2 ( 50%)]	Learning rate: 1.00e-03	Loss: 1.866
Train Epoch: [   58/  500], Batch [     2/     2 (100%)]	Learning rate: 1.00e-03	Loss: 1.859
Train Epoch: [   59/  500], Batch [     1/     2 ( 50%)]	Learning rate: 1.00e-03	Loss: 1.852
Train Epoch: [   59/  500], Batch [     2/     2 (100%)]	Learning rate: 1.00e-03	Loss: 1.857
Train Epoch: [   60/  500], Batch [     1/     2 ( 50%)]	Learning rate: 1.00e-03	Loss: 1.854
Train Epoch: [   60/  500], Batch [     2/     2 (100%)]	Learning rate: 1.00e-03	Loss: 1.853
Train Epoch: [   60/  500], Batch [     2/     2 (100%)]	Learning rate: 1.00e-03	Loss: 1.852	Val Loss: 1.852
Train Epoch: [   61/  500], Batch [     1/     2 ( 50%)]	Learning rate: 1.00e-03	Loss: 1.850
Train Epoch: [   61/  500], Batch [     2/     2 (100%)]	Learning rate: 1.00e-03	Loss: 1.851
Train Epoch: [   62/  500], Batch [     1/     2 ( 50%)]	Learning rate: 1.00e-03	Loss: 1.851
Train Epoch: [   62/  500], Batch [     2/     2 (100%)]	Learning rate: 1.00e-03	Loss: 1.848
Train Epoch: [   63/  500], Batch [     1/     2 ( 50%)]	Learning rate: 1.00e-03	Loss: 1.840
Train Epoch: [   63/  500], Batch [     2/     2 (100%)]	Learning rate: 1.00e-03	Loss: 1.846
Train Epoch: [   64/  500], Batch [     1/     2 ( 50%)]	Learning rate: 1.00e-03	Loss: 1.836
Train Epoch: [   64/  500], Batch [     2/     2 (100%)]	Learning rate: 1.00e-03	Loss: 1.842
Train Epoch: [   65/  500], Batch [     1/     2 ( 50%)]	Learning rate: 1.00e-03	Loss: 1.843
Train Epoch: [   65/  500], Batch [     2/     2 (100%)]	Learning rate: 1.00e-03	Loss: 1.840
Train Epoch: [   65/  500], Batch [     2/     2 (100%)]	Learning rate: 1.00e-03	Loss: 1.837	Val Loss: 1.841
Train Epoch: [   66/  500], Batch [     1/     2 ( 50%)]	Learning rate: 1.00e-03	Loss: 1.833
Train Epoch: [   66/  500], Batch [     2/     2 (100%)]	Learning rate: 1.00e-03	Loss: 1.837
Train Epoch: [   67/  500], Batch [     1/     2 ( 50%)]	Learning rate: 1.00e-03	Loss: 1.838
Train Epoch: [   67/  500], Batch [     2/     2 (100%)]	Learning rate: 1.00e-03	Loss: 1.834
Train Epoch: [   68/  500], Batch [     1/     2 ( 50%)]	Learning rate: 1.00e-03	Loss: 1.832
Train Epoch: [   68/  500], Batch [     2/     2 (100%)]	Learning rate: 1.00e-03	Loss: 1.832
Train Epoch: [   69/  500], Batch [     1/     2 ( 50%)]	Learning rate: 1.00e-03	Loss: 1.830
Train Epoch: [   69/  500], Batch [     2/     2 (100%)]	Learning rate: 1.00e-03	Loss: 1.831
Train Epoch: [   70/  500], Batch [     1/     2 ( 50%)]	Learning rate: 1.00e-03	Loss: 1.829
Train Epoch: [   70/  500], Batch [     2/     2 (100%)]	Learning rate: 1.00e-03	Loss: 1.829
Train Epoch: [   70/  500], Batch [     2/     2 (100%)]	Learning rate: 1.00e-03	Loss: 1.824	Val Loss: 1.830
Train Epoch: [   71/  500], Batch [     1/     2 ( 50%)]	Learning rate: 1.00e-03	Loss: 1.838
Train Epoch: [   71/  500], Batch [     2/     2 (100%)]	Learning rate: 1.00e-03	Loss: 1.826
Train Epoch: [   72/  500], Batch [     1/     2 ( 50%)]	Learning rate: 1.00e-03	Loss: 1.830
Train Epoch: [   72/  500], Batch [     2/     2 (100%)]	Learning rate: 1.00e-03	Loss: 1.822
Train Epoch: [   73/  500], Batch [     1/     2 ( 50%)]	Learning rate: 1.00e-03	Loss: 1.818
Train Epoch: [   73/  500], Batch [     2/     2 (100%)]	Learning rate: 1.00e-03	Loss: 1.819
Train Epoch: [   74/  500], Batch [     1/     2 ( 50%)]	Learning rate: 1.00e-03	Loss: 1.817
Train Epoch: [   74/  500], Batch [     2/     2 (100%)]	Learning rate: 1.00e-03	Loss: 1.818
Train Epoch: [   75/  500], Batch [     1/     2 ( 50%)]	Learning rate: 1.00e-03	Loss: 1.816
Train Epoch: [   75/  500], Batch [     2/     2 (100%)]	Learning rate: 1.00e-03	Loss: 1.816
Train Epoch: [   75/  500], Batch [     2/     2 (100%)]	Learning rate: 1.00e-03	Loss: 1.813	Val Loss: 1.818
Train Epoch: [   76/  500], Batch [     1/     2 ( 50%)]	Learning rate: 1.00e-03	Loss: 1.809
Train Epoch: [   76/  500], Batch [     2/     2 (100%)]	Learning rate: 1.00e-03	Loss: 1.812
Train Epoch: [   77/  500], Batch [     1/     2 ( 50%)]	Learning rate: 1.00e-03	Loss: 1.819
Train Epoch: [   77/  500], Batch [     2/     2 (100%)]	Learning rate: 1.00e-03	Loss: 1.812
Train Epoch: [   78/  500], Batch [     1/     2 ( 50%)]	Learning rate: 1.00e-03	Loss: 1.807
Train Epoch: [   78/  500], Batch [     2/     2 (100%)]	Learning rate: 1.00e-03	Loss: 1.807
Train Epoch: [   79/  500], Batch [     1/     2 ( 50%)]	Learning rate: 1.00e-03	Loss: 1.808
Train Epoch: [   79/  500], Batch [     2/     2 (100%)]	Learning rate: 1.00e-03	Loss: 1.802
Train Epoch: [   80/  500], Batch [     1/     2 ( 50%)]	Learning rate: 1.00e-03	Loss: 1.798
Train Epoch: [   80/  500], Batch [     2/     2 (100%)]	Learning rate: 1.00e-03	Loss: 1.801
Train Epoch: [   80/  500], Batch [     2/     2 (100%)]	Learning rate: 1.00e-03	Loss: 1.797	Val Loss: 1.809
Train Epoch: [   81/  500], Batch [     1/     2 ( 50%)]	Learning rate: 1.00e-03	Loss: 1.795
Train Epoch: [   81/  500], Batch [     2/     2 (100%)]	Learning rate: 1.00e-03	Loss: 1.797
Train Epoch: [   82/  500], Batch [     1/     2 ( 50%)]	Learning rate: 1.00e-03	Loss: 1.794
Train Epoch: [   82/  500], Batch [     2/     2 (100%)]	Learning rate: 1.00e-03	Loss: 1.796
Train Epoch: [   83/  500], Batch [     1/     2 ( 50%)]	Learning rate: 1.00e-03	Loss: 1.787
Train Epoch: [   83/  500], Batch [     2/     2 (100%)]	Learning rate: 1.00e-03	Loss: 1.792
Train Epoch: [   84/  500], Batch [     1/     2 ( 50%)]	Learning rate: 1.00e-03	Loss: 1.787
Train Epoch: [   84/  500], Batch [     2/     2 (100%)]	Learning rate: 1.00e-03	Loss: 1.791
Train Epoch: [   85/  500], Batch [     1/     2 ( 50%)]	Learning rate: 1.00e-03	Loss: 1.791
Train Epoch: [   85/  500], Batch [     2/     2 (100%)]	Learning rate: 1.00e-03	Loss: 1.789
Train Epoch: [   85/  500], Batch [     2/     2 (100%)]	Learning rate: 1.00e-03	Loss: 1.787	Val Loss: 1.799
Train Epoch: [   86/  500], Batch [     1/     2 ( 50%)]	Learning rate: 1.00e-03	Loss: 1.799
Train Epoch: [   86/  500], Batch [     2/     2 (100%)]	Learning rate: 1.00e-03	Loss: 1.786
Train Epoch: [   87/  500], Batch [     1/     2 ( 50%)]	Learning rate: 1.00e-03	Loss: 1.798
Train Epoch: [   87/  500], Batch [     2/     2 (100%)]	Learning rate: 1.00e-03	Loss: 1.789
Train Epoch: [   88/  500], Batch [     1/     2 ( 50%)]	Learning rate: 1.00e-03	Loss: 1.789
Train Epoch: [   88/  500], Batch [     2/     2 (100%)]	Learning rate: 1.00e-03	Loss: 1.788
Train Epoch: [   89/  500], Batch [     1/     2 ( 50%)]	Learning rate: 1.00e-03	Loss: 1.781
Train Epoch: [   89/  500], Batch [     2/     2 (100%)]	Learning rate: 1.00e-03	Loss: 1.783
Train Epoch: [   90/  500], Batch [     1/     2 ( 50%)]	Learning rate: 1.00e-03	Loss: 1.769
Train Epoch: [   90/  500], Batch [     2/     2 (100%)]	Learning rate: 1.00e-03	Loss: 1.776
Train Epoch: [   90/  500], Batch [     2/     2 (100%)]	Learning rate: 1.00e-03	Loss: 1.777	Val Loss: 1.784
Train Epoch: [   91/  500], Batch [     1/     2 ( 50%)]	Learning rate: 1.00e-03	Loss: 1.773
Train Epoch: [   91/  500], Batch [     2/     2 (100%)]	Learning rate: 1.00e-03	Loss: 1.775
Train Epoch: [   92/  500], Batch [     1/     2 ( 50%)]	Learning rate: 1.00e-03	Loss: 1.774
Train Epoch: [   92/  500], Batch [     2/     2 (100%)]	Learning rate: 1.00e-03	Loss: 1.776
Train Epoch: [   93/  500], Batch [     1/     2 ( 50%)]	Learning rate: 1.00e-03	Loss: 1.779
Train Epoch: [   93/  500], Batch [     2/     2 (100%)]	Learning rate: 1.00e-03	Loss: 1.773
Train Epoch: [   94/  500], Batch [     1/     2 ( 50%)]	Learning rate: 1.00e-03	Loss: 1.766
Train Epoch: [   94/  500], Batch [     2/     2 (100%)]	Learning rate: 1.00e-03	Loss: 1.768
Train Epoch: [   95/  500], Batch [     1/     2 ( 50%)]	Learning rate: 1.00e-03	Loss: 1.769
Train Epoch: [   95/  500], Batch [     2/     2 (100%)]	Learning rate: 1.00e-03	Loss: 1.769
Train Epoch: [   95/  500], Batch [     2/     2 (100%)]	Learning rate: 1.00e-03	Loss: 1.769	Val Loss: 1.778
Train Epoch: [   96/  500], Batch [     1/     2 ( 50%)]	Learning rate: 1.00e-03	Loss: 1.764
Train Epoch: [   96/  500], Batch [     2/     2 (100%)]	Learning rate: 1.00e-03	Loss: 1.769
Train Epoch: [   97/  500], Batch [     1/     2 ( 50%)]	Learning rate: 1.00e-03	Loss: 1.760
Train Epoch: [   97/  500], Batch [     2/     2 (100%)]	Learning rate: 1.00e-03	Loss: 1.763
Train Epoch: [   98/  500], Batch [     1/     2 ( 50%)]	Learning rate: 1.00e-03	Loss: 1.755
Train Epoch: [   98/  500], Batch [     2/     2 (100%)]	Learning rate: 1.00e-03	Loss: 1.760
Train Epoch: [   99/  500], Batch [     1/     2 ( 50%)]	Learning rate: 1.00e-03	Loss: 1.752
Train Epoch: [   99/  500], Batch [     2/     2 (100%)]	Learning rate: 1.00e-03	Loss: 1.758
Train Epoch: [  100/  500], Batch [     1/     2 ( 50%)]	Learning rate: 1.00e-03	Loss: 1.763
Train Epoch: [  100/  500], Batch [     2/     2 (100%)]	Learning rate: 1.00e-03	Loss: 1.757
Train Epoch: [  100/  500], Batch [     2/     2 (100%)]	Learning rate: 1.00e-03	Loss: 1.757	Val Loss: 1.768
Train Epoch: [  101/  500], Batch [     1/     2 ( 50%)]	Learning rate: 1.00e-03	Loss: 1.765
Train Epoch: [  101/  500], Batch [     2/     2 (100%)]	Learning rate: 1.00e-03	Loss: 1.755
Train Epoch: [  102/  500], Batch [     1/     2 ( 50%)]	Learning rate: 1.00e-03	Loss: 1.754
Train Epoch: [  102/  500], Batch [     2/     2 (100%)]	Learning rate: 1.00e-03	Loss: 1.755
Train Epoch: [  103/  500], Batch [     1/     2 ( 50%)]	Learning rate: 1.00e-03	Loss: 1.757
Train Epoch: [  103/  500], Batch [     2/     2 (100%)]	Learning rate: 1.00e-03	Loss: 1.752
Train Epoch: [  104/  500], Batch [     1/     2 ( 50%)]	Learning rate: 1.00e-03	Loss: 1.759
Train Epoch: [  104/  500], Batch [     2/     2 (100%)]	Learning rate: 1.00e-03	Loss: 1.749
Train Epoch: [  105/  500], Batch [     1/     2 ( 50%)]	Learning rate: 1.00e-03	Loss: 1.745
Train Epoch: [  105/  500], Batch [     2/     2 (100%)]	Learning rate: 1.00e-03	Loss: 1.748
Train Epoch: [  105/  500], Batch [     2/     2 (100%)]	Learning rate: 1.00e-03	Loss: 1.748	Val Loss: 1.763
Train Epoch: [  106/  500], Batch [     1/     2 ( 50%)]	Learning rate: 1.00e-03	Loss: 1.738
Train Epoch: [  106/  500], Batch [     2/     2 (100%)]	Learning rate: 1.00e-03	Loss: 1.748
Train Epoch: [  107/  500], Batch [     1/     2 ( 50%)]	Learning rate: 1.00e-03	Loss: 1.749
Train Epoch: [  107/  500], Batch [     2/     2 (100%)]	Learning rate: 1.00e-03	Loss: 1.746
Train Epoch: [  108/  500], Batch [     1/     2 ( 50%)]	Learning rate: 1.00e-03	Loss: 1.752
Train Epoch: [  108/  500], Batch [     2/     2 (100%)]	Learning rate: 1.00e-03	Loss: 1.748
Train Epoch: [  109/  500], Batch [     1/     2 ( 50%)]	Learning rate: 1.00e-03	Loss: 1.762
Train Epoch: [  109/  500], Batch [     2/     2 (100%)]	Learning rate: 1.00e-03	Loss: 1.750
Train Epoch: [  110/  500], Batch [     1/     2 ( 50%)]	Learning rate: 1.00e-03	Loss: 1.760
Train Epoch: [  110/  500], Batch [     2/     2 (100%)]	Learning rate: 1.00e-03	Loss: 1.750
Train Epoch: [  110/  500], Batch [     2/     2 (100%)]	Learning rate: 1.00e-03	Loss: 1.741	Val Loss: 1.758
Train Epoch: [  111/  500], Batch [     1/     2 ( 50%)]	Learning rate: 1.00e-03	Loss: 1.745
Train Epoch: [  111/  500], Batch [     2/     2 (100%)]	Learning rate: 1.00e-03	Loss: 1.742
Train Epoch: [  112/  500], Batch [     1/     2 ( 50%)]	Learning rate: 1.00e-03	Loss: 1.745
Train Epoch: [  112/  500], Batch [     2/     2 (100%)]	Learning rate: 1.00e-03	Loss: 1.739
Train Epoch: [  113/  500], Batch [     1/     2 ( 50%)]	Learning rate: 1.00e-03	Loss: 1.756
Train Epoch: [  113/  500], Batch [     2/     2 (100%)]	Learning rate: 1.00e-03	Loss: 1.741
Train Epoch: [  114/  500], Batch [     1/     2 ( 50%)]	Learning rate: 1.00e-03	Loss: 1.743
Train Epoch: [  114/  500], Batch [     2/     2 (100%)]	Learning rate: 1.00e-03	Loss: 1.740
Train Epoch: [  115/  500], Batch [     1/     2 ( 50%)]	Learning rate: 1.00e-03	Loss: 1.746
Train Epoch: [  115/  500], Batch [     2/     2 (100%)]	Learning rate: 1.00e-03	Loss: 1.740
Train Epoch: [  115/  500], Batch [     2/     2 (100%)]	Learning rate: 1.00e-03	Loss: 1.737	Val Loss: 1.752
Train Epoch: [  116/  500], Batch [     1/     2 ( 50%)]	Learning rate: 1.00e-03	Loss: 1.738
Train Epoch: [  116/  500], Batch [     2/     2 (100%)]	Learning rate: 1.00e-03	Loss: 1.736
Train Epoch: [  117/  500], Batch [     1/     2 ( 50%)]	Learning rate: 1.00e-03	Loss: 1.744
Train Epoch: [  117/  500], Batch [     2/     2 (100%)]	Learning rate: 1.00e-03	Loss: 1.733
Train Epoch: [  118/  500], Batch [     1/     2 ( 50%)]	Learning rate: 1.00e-03	Loss: 1.747
Train Epoch: [  118/  500], Batch [     2/     2 (100%)]	Learning rate: 1.00e-03	Loss: 1.737
Train Epoch: [  119/  500], Batch [     1/     2 ( 50%)]	Learning rate: 1.00e-03	Loss: 1.734
Train Epoch: [  119/  500], Batch [     2/     2 (100%)]	Learning rate: 1.00e-03	Loss: 1.732
Train Epoch: [  120/  500], Batch [     1/     2 ( 50%)]	Learning rate: 1.00e-03	Loss: 1.724
Train Epoch: [  120/  500], Batch [     2/     2 (100%)]	Learning rate: 1.00e-03	Loss: 1.729
Train Epoch: [  120/  500], Batch [     2/     2 (100%)]	Learning rate: 1.00e-03	Loss: 1.727	Val Loss: 1.751
Train Epoch: [  121/  500], Batch [     1/     2 ( 50%)]	Learning rate: 1.00e-03	Loss: 1.722
Train Epoch: [  121/  500], Batch [     2/     2 (100%)]	Learning rate: 1.00e-03	Loss: 1.727
Train Epoch: [  122/  500], Batch [     1/     2 ( 50%)]	Learning rate: 1.00e-03	Loss: 1.722
Train Epoch: [  122/  500], Batch [     2/     2 (100%)]	Learning rate: 1.00e-03	Loss: 1.727
Train Epoch: [  123/  500], Batch [     1/     2 ( 50%)]	Learning rate: 1.00e-03	Loss: 1.737
Train Epoch: [  123/  500], Batch [     2/     2 (100%)]	Learning rate: 1.00e-03	Loss: 1.727
Train Epoch: [  124/  500], Batch [     1/     2 ( 50%)]	Learning rate: 1.00e-03	Loss: 1.709
Train Epoch: [  124/  500], Batch [     2/     2 (100%)]	Learning rate: 1.00e-03	Loss: 1.723
Train Epoch: [  125/  500], Batch [     1/     2 ( 50%)]	Learning rate: 1.00e-03	Loss: 1.733
Train Epoch: [  125/  500], Batch [     2/     2 (100%)]	Learning rate: 1.00e-03	Loss: 1.722
Train Epoch: [  125/  500], Batch [     2/     2 (100%)]	Learning rate: 1.00e-03	Loss: 1.723	Val Loss: 1.751
Train Epoch: [  126/  500], Batch [     1/     2 ( 50%)]	Learning rate: 1.00e-03	Loss: 1.729
Train Epoch: [  126/  500], Batch [     2/     2 (100%)]	Learning rate: 1.00e-03	Loss: 1.723
Train Epoch: [  127/  500], Batch [     1/     2 ( 50%)]	Learning rate: 1.00e-03	Loss: 1.725
Train Epoch: [  127/  500], Batch [     2/     2 (100%)]	Learning rate: 1.00e-03	Loss: 1.725
Train Epoch: [  128/  500], Batch [     1/     2 ( 50%)]	Learning rate: 1.00e-03	Loss: 1.732
Train Epoch: [  128/  500], Batch [     2/     2 (100%)]	Learning rate: 1.00e-03	Loss: 1.722
Train Epoch: [  129/  500], Batch [     1/     2 ( 50%)]	Learning rate: 1.00e-03	Loss: 1.725
Train Epoch: [  129/  500], Batch [     2/     2 (100%)]	Learning rate: 1.00e-03	Loss: 1.717
Train Epoch: [  130/  500], Batch [     1/     2 ( 50%)]	Learning rate: 1.00e-03	Loss: 1.722
Train Epoch: [  130/  500], Batch [     2/     2 (100%)]	Learning rate: 1.00e-03	Loss: 1.716
Train Epoch: [  130/  500], Batch [     2/     2 (100%)]	Learning rate: 1.00e-03	Loss: 1.721	Val Loss: 1.760
Train Epoch: [  131/  500], Batch [     1/     2 ( 50%)]	Learning rate: 1.00e-03	Loss: 1.724
Train Epoch: [  131/  500], Batch [     2/     2 (100%)]	Learning rate: 1.00e-03	Loss: 1.720
Train Epoch: [  132/  500], Batch [     1/     2 ( 50%)]	Learning rate: 1.00e-03	Loss: 1.727
Train Epoch: [  132/  500], Batch [     2/     2 (100%)]	Learning rate: 1.00e-03	Loss: 1.717
Train Epoch: [  133/  500], Batch [     1/     2 ( 50%)]	Learning rate: 1.00e-03	Loss: 1.702
Train Epoch: [  133/  500], Batch [     2/     2 (100%)]	Learning rate: 1.00e-03	Loss: 1.710
Train Epoch: [  134/  500], Batch [     1/     2 ( 50%)]	Learning rate: 1.00e-03	Loss: 1.708
Train Epoch: [  134/  500], Batch [     2/     2 (100%)]	Learning rate: 1.00e-03	Loss: 1.711
Train Epoch: [  135/  500], Batch [     1/     2 ( 50%)]	Learning rate: 1.00e-03	Loss: 1.726
Train Epoch: [  135/  500], Batch [     2/     2 (100%)]	Learning rate: 1.00e-03	Loss: 1.709
Train Epoch: [  135/  500], Batch [     2/     2 (100%)]	Learning rate: 1.00e-03	Loss: 1.707	Val Loss: 1.741
Train Epoch: [  136/  500], Batch [     1/     2 ( 50%)]	Learning rate: 1.00e-03	Loss: 1.713
Train Epoch: [  136/  500], Batch [     2/     2 (100%)]	Learning rate: 1.00e-03	Loss: 1.705
Train Epoch: [  137/  500], Batch [     1/     2 ( 50%)]	Learning rate: 1.00e-03	Loss: 1.697
Train Epoch: [  137/  500], Batch [     2/     2 (100%)]	Learning rate: 1.00e-03	Loss: 1.706
Train Epoch: [  138/  500], Batch [     1/     2 ( 50%)]	Learning rate: 1.00e-03	Loss: 1.719
Train Epoch: [  138/  500], Batch [     2/     2 (100%)]	Learning rate: 1.00e-03	Loss: 1.708
Train Epoch: [  139/  500], Batch [     1/     2 ( 50%)]	Learning rate: 1.00e-03	Loss: 1.712
Train Epoch: [  139/  500], Batch [     2/     2 (100%)]	Learning rate: 1.00e-03	Loss: 1.706
Train Epoch: [  140/  500], Batch [     1/     2 ( 50%)]	Learning rate: 1.00e-03	Loss: 1.706
Train Epoch: [  140/  500], Batch [     2/     2 (100%)]	Learning rate: 1.00e-03	Loss: 1.702
Train Epoch: [  140/  500], Batch [     2/     2 (100%)]	Learning rate: 1.00e-03	Loss: 1.702	Val Loss: 1.736
Train Epoch: [  141/  500], Batch [     1/     2 ( 50%)]	Learning rate: 1.00e-03	Loss: 1.702
Train Epoch: [  141/  500], Batch [     2/     2 (100%)]	Learning rate: 1.00e-03	Loss: 1.703
Train Epoch: [  142/  500], Batch [     1/     2 ( 50%)]	Learning rate: 1.00e-03	Loss: 1.697
Train Epoch: [  142/  500], Batch [     2/     2 (100%)]	Learning rate: 1.00e-03	Loss: 1.698
Train Epoch: [  143/  500], Batch [     1/     2 ( 50%)]	Learning rate: 1.00e-03	Loss: 1.699
Train Epoch: [  143/  500], Batch [     2/     2 (100%)]	Learning rate: 1.00e-03	Loss: 1.701
Train Epoch: [  144/  500], Batch [     1/     2 ( 50%)]	Learning rate: 1.00e-03	Loss: 1.692
Train Epoch: [  144/  500], Batch [     2/     2 (100%)]	Learning rate: 1.00e-03	Loss: 1.696
Train Epoch: [  145/  500], Batch [     1/     2 ( 50%)]	Learning rate: 1.00e-03	Loss: 1.704
Train Epoch: [  145/  500], Batch [     2/     2 (100%)]	Learning rate: 1.00e-03	Loss: 1.697
Train Epoch: [  145/  500], Batch [     2/     2 (100%)]	Learning rate: 1.00e-03	Loss: 1.692	Val Loss: 1.737
Train Epoch: [  146/  500], Batch [     1/     2 ( 50%)]	Learning rate: 1.00e-03	Loss: 1.688
Train Epoch: [  146/  500], Batch [     2/     2 (100%)]	Learning rate: 1.00e-03	Loss: 1.693
Train Epoch: [  147/  500], Batch [     1/     2 ( 50%)]	Learning rate: 1.00e-03	Loss: 1.689
Train Epoch: [  147/  500], Batch [     2/     2 (100%)]	Learning rate: 1.00e-03	Loss: 1.694
Train Epoch: [  148/  500], Batch [     1/     2 ( 50%)]	Learning rate: 1.00e-03	Loss: 1.682
Train Epoch: [  148/  500], Batch [     2/     2 (100%)]	Learning rate: 1.00e-03	Loss: 1.694
Train Epoch: [  149/  500], Batch [     1/     2 ( 50%)]	Learning rate: 1.00e-03	Loss: 1.694
Train Epoch: [  149/  500], Batch [     2/     2 (100%)]	Learning rate: 1.00e-03	Loss: 1.692
Train Epoch: [  150/  500], Batch [     1/     2 ( 50%)]	Learning rate: 1.00e-03	Loss: 1.683
Train Epoch: [  150/  500], Batch [     2/     2 (100%)]	Learning rate: 1.00e-03	Loss: 1.688
Train Epoch: [  150/  500], Batch [     2/     2 (100%)]	Learning rate: 1.00e-03	Loss: 1.685	Val Loss: 1.736
Train Epoch: [  151/  500], Batch [     1/     2 ( 50%)]	Learning rate: 1.00e-03	Loss: 1.696
Train Epoch: [  151/  500], Batch [     2/     2 (100%)]	Learning rate: 1.00e-03	Loss: 1.689
Train Epoch: [  152/  500], Batch [     1/     2 ( 50%)]	Learning rate: 1.00e-03	Loss: 1.679
Train Epoch: [  152/  500], Batch [     2/     2 (100%)]	Learning rate: 1.00e-03	Loss: 1.688
Train Epoch: [  153/  500], Batch [     1/     2 ( 50%)]	Learning rate: 1.00e-03	Loss: 1.691
Train Epoch: [  153/  500], Batch [     2/     2 (100%)]	Learning rate: 1.00e-03	Loss: 1.688
Train Epoch: [  154/  500], Batch [     1/     2 ( 50%)]	Learning rate: 1.00e-03	Loss: 1.693
Train Epoch: [  154/  500], Batch [     2/     2 (100%)]	Learning rate: 1.00e-03	Loss: 1.689
Train Epoch: [  155/  500], Batch [     1/     2 ( 50%)]	Learning rate: 1.00e-03	Loss: 1.681
Train Epoch: [  155/  500], Batch [     2/     2 (100%)]	Learning rate: 1.00e-03	Loss: 1.683
Train Epoch: [  155/  500], Batch [     2/     2 (100%)]	Learning rate: 1.00e-03	Loss: 1.680	Val Loss: 1.735
Train Epoch: [  156/  500], Batch [     1/     2 ( 50%)]	Learning rate: 1.00e-03	Loss: 1.680
Train Epoch: [  156/  500], Batch [     2/     2 (100%)]	Learning rate: 1.00e-03	Loss: 1.678
Train Epoch: [  157/  500], Batch [     1/     2 ( 50%)]	Learning rate: 1.00e-03	Loss: 1.685
Train Epoch: [  157/  500], Batch [     2/     2 (100%)]	Learning rate: 1.00e-03	Loss: 1.679
Train Epoch: [  158/  500], Batch [     1/     2 ( 50%)]	Learning rate: 1.00e-03	Loss: 1.668
Train Epoch: [  158/  500], Batch [     2/     2 (100%)]	Learning rate: 1.00e-03	Loss: 1.676
Train Epoch: [  159/  500], Batch [     1/     2 ( 50%)]	Learning rate: 1.00e-03	Loss: 1.674
Train Epoch: [  159/  500], Batch [     2/     2 (100%)]	Learning rate: 1.00e-03	Loss: 1.674
Train Epoch: [  160/  500], Batch [     1/     2 ( 50%)]	Learning rate: 1.00e-03	Loss: 1.660
Train Epoch: [  160/  500], Batch [     2/     2 (100%)]	Learning rate: 1.00e-03	Loss: 1.672
Train Epoch: [  160/  500], Batch [     2/     2 (100%)]	Learning rate: 1.00e-03	Loss: 1.676	Val Loss: 1.740
Train Epoch: [  161/  500], Batch [     1/     2 ( 50%)]	Learning rate: 1.00e-03	Loss: 1.685
Train Epoch: [  161/  500], Batch [     2/     2 (100%)]	Learning rate: 1.00e-03	Loss: 1.673
Train Epoch: [  162/  500], Batch [     1/     2 ( 50%)]	Learning rate: 1.00e-03	Loss: 1.669
Train Epoch: [  162/  500], Batch [     2/     2 (100%)]	Learning rate: 1.00e-03	Loss: 1.676
Train Epoch: [  163/  500], Batch [     1/     2 ( 50%)]	Learning rate: 1.00e-03	Loss: 1.685
Train Epoch: [  163/  500], Batch [     2/     2 (100%)]	Learning rate: 1.00e-03	Loss: 1.676
Train Epoch: [  164/  500], Batch [     1/     2 ( 50%)]	Learning rate: 1.00e-03	Loss: 1.694
Train Epoch: [  164/  500], Batch [     2/     2 (100%)]	Learning rate: 1.00e-03	Loss: 1.687
Train Epoch: [  165/  500], Batch [     1/     2 ( 50%)]	Learning rate: 1.00e-03	Loss: 1.687
Train Epoch: [  165/  500], Batch [     2/     2 (100%)]	Learning rate: 1.00e-03	Loss: 1.686
Train Epoch: [  165/  500], Batch [     2/     2 (100%)]	Learning rate: 1.00e-03	Loss: 1.687	Val Loss: 1.764

Learning rate adapted! New learning rate 1.000e-04

Train Epoch: [  166/  500], Batch [     1/     2 ( 50%)]	Learning rate: 1.00e-04	Loss: 1.686
Train Epoch: [  166/  500], Batch [     2/     2 (100%)]	Learning rate: 1.00e-04	Loss: 1.686
Train Epoch: [  167/  500], Batch [     1/     2 ( 50%)]	Learning rate: 1.00e-04	Loss: 1.689
Train Epoch: [  167/  500], Batch [     2/     2 (100%)]	Learning rate: 1.00e-04	Loss: 1.680
Train Epoch: [  168/  500], Batch [     1/     2 ( 50%)]	Learning rate: 1.00e-04	Loss: 1.675
Train Epoch: [  168/  500], Batch [     2/     2 (100%)]	Learning rate: 1.00e-04	Loss: 1.671
Train Epoch: [  169/  500], Batch [     1/     2 ( 50%)]	Learning rate: 1.00e-04	Loss: 1.668
Train Epoch: [  169/  500], Batch [     2/     2 (100%)]	Learning rate: 1.00e-04	Loss: 1.667
Train Epoch: [  170/  500], Batch [     1/     2 ( 50%)]	Learning rate: 1.00e-04	Loss: 1.668
Train Epoch: [  170/  500], Batch [     2/     2 (100%)]	Learning rate: 1.00e-04	Loss: 1.671
Train Epoch: [  170/  500], Batch [     2/     2 (100%)]	Learning rate: 1.00e-04	Loss: 1.673	Val Loss: 1.737
Train Epoch: [  171/  500], Batch [     1/     2 ( 50%)]	Learning rate: 1.00e-04	Loss: 1.665
Train Epoch: [  171/  500], Batch [     2/     2 (100%)]	Learning rate: 1.00e-04	Loss: 1.673
Train Epoch: [  172/  500], Batch [     1/     2 ( 50%)]	Learning rate: 1.00e-04	Loss: 1.677
Train Epoch: [  172/  500], Batch [     2/     2 (100%)]	Learning rate: 1.00e-04	Loss: 1.668
Train Epoch: [  173/  500], Batch [     1/     2 ( 50%)]	Learning rate: 1.00e-04	Loss: 1.678
Train Epoch: [  173/  500], Batch [     2/     2 (100%)]	Learning rate: 1.00e-04	Loss: 1.666
Train Epoch: [  174/  500], Batch [     1/     2 ( 50%)]	Learning rate: 1.00e-04	Loss: 1.654
Train Epoch: [  174/  500], Batch [     2/     2 (100%)]	Learning rate: 1.00e-04	Loss: 1.666
Train Epoch: [  175/  500], Batch [     1/     2 ( 50%)]	Learning rate: 1.00e-04	Loss: 1.668
Train Epoch: [  175/  500], Batch [     2/     2 (100%)]	Learning rate: 1.00e-04	Loss: 1.667
Train Epoch: [  175/  500], Batch [     2/     2 (100%)]	Learning rate: 1.00e-04	Loss: 1.666	Val Loss: 1.742
Train Epoch: [  176/  500], Batch [     1/     2 ( 50%)]	Learning rate: 1.00e-04	Loss: 1.662
Train Epoch: [  176/  500], Batch [     2/     2 (100%)]	Learning rate: 1.00e-04	Loss: 1.666
Train Epoch: [  177/  500], Batch [     1/     2 ( 50%)]	Learning rate: 1.00e-04	Loss: 1.661
Train Epoch: [  177/  500], Batch [     2/     2 (100%)]	Learning rate: 1.00e-04	Loss: 1.667
Train Epoch: [  178/  500], Batch [     1/     2 ( 50%)]	Learning rate: 1.00e-04	Loss: 1.674
Train Epoch: [  178/  500], Batch [     2/     2 (100%)]	Learning rate: 1.00e-04	Loss: 1.665
Train Epoch: [  179/  500], Batch [     1/     2 ( 50%)]	Learning rate: 1.00e-04	Loss: 1.664
Train Epoch: [  179/  500], Batch [     2/     2 (100%)]	Learning rate: 1.00e-04	Loss: 1.663
Train Epoch: [  180/  500], Batch [     1/     2 ( 50%)]	Learning rate: 1.00e-04	Loss: 1.665
Train Epoch: [  180/  500], Batch [     2/     2 (100%)]	Learning rate: 1.00e-04	Loss: 1.663
Train Epoch: [  180/  500], Batch [     2/     2 (100%)]	Learning rate: 1.00e-04	Loss: 1.665	Val Loss: 1.735
Train Epoch: [  181/  500], Batch [     1/     2 ( 50%)]	Learning rate: 1.00e-04	Loss: 1.668
Train Epoch: [  181/  500], Batch [     2/     2 (100%)]	Learning rate: 1.00e-04	Loss: 1.664
Train Epoch: [  182/  500], Batch [     1/     2 ( 50%)]	Learning rate: 1.00e-04	Loss: 1.659
Train Epoch: [  182/  500], Batch [     2/     2 (100%)]	Learning rate: 1.00e-04	Loss: 1.663
Train Epoch: [  183/  500], Batch [     1/     2 ( 50%)]	Learning rate: 1.00e-04	Loss: 1.669
Train Epoch: [  183/  500], Batch [     2/     2 (100%)]	Learning rate: 1.00e-04	Loss: 1.664
Train Epoch: [  184/  500], Batch [     1/     2 ( 50%)]	Learning rate: 1.00e-04	Loss: 1.671
Train Epoch: [  184/  500], Batch [     2/     2 (100%)]	Learning rate: 1.00e-04	Loss: 1.664
Train Epoch: [  185/  500], Batch [     1/     2 ( 50%)]	Learning rate: 1.00e-04	Loss: 1.655
Train Epoch: [  185/  500], Batch [     2/     2 (100%)]	Learning rate: 1.00e-04	Loss: 1.662
Train Epoch: [  185/  500], Batch [     2/     2 (100%)]	Learning rate: 1.00e-04	Loss: 1.664	Val Loss: 1.738
Model parameters: 88882
