Train Epoch: [    0/  500], Batch [     1/     2 ( 50%)]	Learning rate: 1.00e-03	Loss: 3.323
Train Epoch: [    0/  500], Batch [     2/     2 (100%)]	Learning rate: 1.00e-03	Loss: 3.298
Train Epoch: [    0/  500], Batch [     2/     2 (100%)]	Learning rate: 1.00e-03	Loss: 3.224	Val Loss: 3.148
Train Epoch: [    1/  500], Batch [     1/     2 ( 50%)]	Learning rate: 1.00e-03	Loss: 3.256
Train Epoch: [    1/  500], Batch [     2/     2 (100%)]	Learning rate: 1.00e-03	Loss: 3.213
Train Epoch: [    2/  500], Batch [     1/     2 ( 50%)]	Learning rate: 1.00e-03	Loss: 3.045
Train Epoch: [    2/  500], Batch [     2/     2 (100%)]	Learning rate: 1.00e-03	Loss: 3.029
Train Epoch: [    3/  500], Batch [     1/     2 ( 50%)]	Learning rate: 1.00e-03	Loss: 2.814
Train Epoch: [    3/  500], Batch [     2/     2 (100%)]	Learning rate: 1.00e-03	Loss: 2.781
Train Epoch: [    4/  500], Batch [     1/     2 ( 50%)]	Learning rate: 1.00e-03	Loss: 2.525
Train Epoch: [    4/  500], Batch [     2/     2 (100%)]	Learning rate: 1.00e-03	Loss: 2.514
Train Epoch: [    5/  500], Batch [     1/     2 ( 50%)]	Learning rate: 1.00e-03	Loss: 2.300
Train Epoch: [    5/  500], Batch [     2/     2 (100%)]	Learning rate: 1.00e-03	Loss: 2.295
Train Epoch: [    5/  500], Batch [     2/     2 (100%)]	Learning rate: 1.00e-03	Loss: 2.214	Val Loss: 2.194
Train Epoch: [    6/  500], Batch [     1/     2 ( 50%)]	Learning rate: 1.00e-03	Loss: 2.219
Train Epoch: [    6/  500], Batch [     2/     2 (100%)]	Learning rate: 1.00e-03	Loss: 2.216
Train Epoch: [    7/  500], Batch [     1/     2 ( 50%)]	Learning rate: 1.00e-03	Loss: 2.249
Train Epoch: [    7/  500], Batch [     2/     2 (100%)]	Learning rate: 1.00e-03	Loss: 2.251
Train Epoch: [    8/  500], Batch [     1/     2 ( 50%)]	Learning rate: 1.00e-03	Loss: 2.274
Train Epoch: [    8/  500], Batch [     2/     2 (100%)]	Learning rate: 1.00e-03	Loss: 2.271
Train Epoch: [    9/  500], Batch [     1/     2 ( 50%)]	Learning rate: 1.00e-03	Loss: 2.241
Train Epoch: [    9/  500], Batch [     2/     2 (100%)]	Learning rate: 1.00e-03	Loss: 2.240
Train Epoch: [   10/  500], Batch [     1/     2 ( 50%)]	Learning rate: 1.00e-03	Loss: 2.205
Train Epoch: [   10/  500], Batch [     2/     2 (100%)]	Learning rate: 1.00e-03	Loss: 2.195
Train Epoch: [   10/  500], Batch [     2/     2 (100%)]	Learning rate: 1.00e-03	Loss: 2.168	Val Loss: 2.159
Train Epoch: [   11/  500], Batch [     1/     2 ( 50%)]	Learning rate: 1.00e-03	Loss: 2.168
Train Epoch: [   11/  500], Batch [     2/     2 (100%)]	Learning rate: 1.00e-03	Loss: 2.167
Train Epoch: [   12/  500], Batch [     1/     2 ( 50%)]	Learning rate: 1.00e-03	Loss: 2.164
Train Epoch: [   12/  500], Batch [     2/     2 (100%)]	Learning rate: 1.00e-03	Loss: 2.163
Train Epoch: [   13/  500], Batch [     1/     2 ( 50%)]	Learning rate: 1.00e-03	Loss: 2.167
Train Epoch: [   13/  500], Batch [     2/     2 (100%)]	Learning rate: 1.00e-03	Loss: 2.165
Train Epoch: [   14/  500], Batch [     1/     2 ( 50%)]	Learning rate: 1.00e-03	Loss: 2.154
Train Epoch: [   14/  500], Batch [     2/     2 (100%)]	Learning rate: 1.00e-03	Loss: 2.155
Train Epoch: [   15/  500], Batch [     1/     2 ( 50%)]	Learning rate: 1.00e-03	Loss: 2.137
Train Epoch: [   15/  500], Batch [     2/     2 (100%)]	Learning rate: 1.00e-03	Loss: 2.132
Train Epoch: [   15/  500], Batch [     2/     2 (100%)]	Learning rate: 1.00e-03	Loss: 2.109	Val Loss: 2.100
Train Epoch: [   16/  500], Batch [     1/     2 ( 50%)]	Learning rate: 1.00e-03	Loss: 2.113
Train Epoch: [   16/  500], Batch [     2/     2 (100%)]	Learning rate: 1.00e-03	Loss: 2.107
Train Epoch: [   17/  500], Batch [     1/     2 ( 50%)]	Learning rate: 1.00e-03	Loss: 2.091
Train Epoch: [   17/  500], Batch [     2/     2 (100%)]	Learning rate: 1.00e-03	Loss: 2.086
Train Epoch: [   18/  500], Batch [     1/     2 ( 50%)]	Learning rate: 1.00e-03	Loss: 2.065
Train Epoch: [   18/  500], Batch [     2/     2 (100%)]	Learning rate: 1.00e-03	Loss: 2.064
Train Epoch: [   19/  500], Batch [     1/     2 ( 50%)]	Learning rate: 1.00e-03	Loss: 2.040
Train Epoch: [   19/  500], Batch [     2/     2 (100%)]	Learning rate: 1.00e-03	Loss: 2.038
Train Epoch: [   20/  500], Batch [     1/     2 ( 50%)]	Learning rate: 1.00e-03	Loss: 2.023
Train Epoch: [   20/  500], Batch [     2/     2 (100%)]	Learning rate: 1.00e-03	Loss: 2.015
Train Epoch: [   20/  500], Batch [     2/     2 (100%)]	Learning rate: 1.00e-03	Loss: 2.000	Val Loss: 1.992
Train Epoch: [   21/  500], Batch [     1/     2 ( 50%)]	Learning rate: 1.00e-03	Loss: 2.004
Train Epoch: [   21/  500], Batch [     2/     2 (100%)]	Learning rate: 1.00e-03	Loss: 1.999
Train Epoch: [   22/  500], Batch [     1/     2 ( 50%)]	Learning rate: 1.00e-03	Loss: 1.990
Train Epoch: [   22/  500], Batch [     2/     2 (100%)]	Learning rate: 1.00e-03	Loss: 1.993
Train Epoch: [   23/  500], Batch [     1/     2 ( 50%)]	Learning rate: 1.00e-03	Loss: 2.001
Train Epoch: [   23/  500], Batch [     2/     2 (100%)]	Learning rate: 1.00e-03	Loss: 1.996
Train Epoch: [   24/  500], Batch [     1/     2 ( 50%)]	Learning rate: 1.00e-03	Loss: 1.995
Train Epoch: [   24/  500], Batch [     2/     2 (100%)]	Learning rate: 1.00e-03	Loss: 1.997
Train Epoch: [   25/  500], Batch [     1/     2 ( 50%)]	Learning rate: 1.00e-03	Loss: 2.001
Train Epoch: [   25/  500], Batch [     2/     2 (100%)]	Learning rate: 1.00e-03	Loss: 1.988
Train Epoch: [   25/  500], Batch [     2/     2 (100%)]	Learning rate: 1.00e-03	Loss: 1.976	Val Loss: 1.977
Train Epoch: [   26/  500], Batch [     1/     2 ( 50%)]	Learning rate: 1.00e-03	Loss: 1.968
Train Epoch: [   26/  500], Batch [     2/     2 (100%)]	Learning rate: 1.00e-03	Loss: 1.975
Train Epoch: [   27/  500], Batch [     1/     2 ( 50%)]	Learning rate: 1.00e-03	Loss: 1.972
Train Epoch: [   27/  500], Batch [     2/     2 (100%)]	Learning rate: 1.00e-03	Loss: 1.967
Train Epoch: [   28/  500], Batch [     1/     2 ( 50%)]	Learning rate: 1.00e-03	Loss: 1.955
Train Epoch: [   28/  500], Batch [     2/     2 (100%)]	Learning rate: 1.00e-03	Loss: 1.961
Train Epoch: [   29/  500], Batch [     1/     2 ( 50%)]	Learning rate: 1.00e-03	Loss: 1.963
Train Epoch: [   29/  500], Batch [     2/     2 (100%)]	Learning rate: 1.00e-03	Loss: 1.958
Train Epoch: [   30/  500], Batch [     1/     2 ( 50%)]	Learning rate: 1.00e-03	Loss: 1.944
Train Epoch: [   30/  500], Batch [     2/     2 (100%)]	Learning rate: 1.00e-03	Loss: 1.951
Train Epoch: [   30/  500], Batch [     2/     2 (100%)]	Learning rate: 1.00e-03	Loss: 1.942	Val Loss: 1.941
Train Epoch: [   31/  500], Batch [     1/     2 ( 50%)]	Learning rate: 1.00e-03	Loss: 1.951
Train Epoch: [   31/  500], Batch [     2/     2 (100%)]	Learning rate: 1.00e-03	Loss: 1.941
Train Epoch: [   32/  500], Batch [     1/     2 ( 50%)]	Learning rate: 1.00e-03	Loss: 1.919
Train Epoch: [   32/  500], Batch [     2/     2 (100%)]	Learning rate: 1.00e-03	Loss: 1.930
Train Epoch: [   33/  500], Batch [     1/     2 ( 50%)]	Learning rate: 1.00e-03	Loss: 1.923
Train Epoch: [   33/  500], Batch [     2/     2 (100%)]	Learning rate: 1.00e-03	Loss: 1.921
Train Epoch: [   34/  500], Batch [     1/     2 ( 50%)]	Learning rate: 1.00e-03	Loss: 1.918
Train Epoch: [   34/  500], Batch [     2/     2 (100%)]	Learning rate: 1.00e-03	Loss: 1.914
Train Epoch: [   35/  500], Batch [     1/     2 ( 50%)]	Learning rate: 1.00e-03	Loss: 1.903
Train Epoch: [   35/  500], Batch [     2/     2 (100%)]	Learning rate: 1.00e-03	Loss: 1.907
Train Epoch: [   35/  500], Batch [     2/     2 (100%)]	Learning rate: 1.00e-03	Loss: 1.899	Val Loss: 1.904
Train Epoch: [   36/  500], Batch [     1/     2 ( 50%)]	Learning rate: 1.00e-03	Loss: 1.877
Train Epoch: [   36/  500], Batch [     2/     2 (100%)]	Learning rate: 1.00e-03	Loss: 1.900
Train Epoch: [   37/  500], Batch [     1/     2 ( 50%)]	Learning rate: 1.00e-03	Loss: 1.892
Train Epoch: [   37/  500], Batch [     2/     2 (100%)]	Learning rate: 1.00e-03	Loss: 1.891
Train Epoch: [   38/  500], Batch [     1/     2 ( 50%)]	Learning rate: 1.00e-03	Loss: 1.898
Train Epoch: [   38/  500], Batch [     2/     2 (100%)]	Learning rate: 1.00e-03	Loss: 1.887
Train Epoch: [   39/  500], Batch [     1/     2 ( 50%)]	Learning rate: 1.00e-03	Loss: 1.881
Train Epoch: [   39/  500], Batch [     2/     2 (100%)]	Learning rate: 1.00e-03	Loss: 1.882
Train Epoch: [   40/  500], Batch [     1/     2 ( 50%)]	Learning rate: 1.00e-03	Loss: 1.876
Train Epoch: [   40/  500], Batch [     2/     2 (100%)]	Learning rate: 1.00e-03	Loss: 1.878
Train Epoch: [   40/  500], Batch [     2/     2 (100%)]	Learning rate: 1.00e-03	Loss: 1.877	Val Loss: 1.875
Train Epoch: [   41/  500], Batch [     1/     2 ( 50%)]	Learning rate: 1.00e-03	Loss: 1.867
Train Epoch: [   41/  500], Batch [     2/     2 (100%)]	Learning rate: 1.00e-03	Loss: 1.876
Train Epoch: [   42/  500], Batch [     1/     2 ( 50%)]	Learning rate: 1.00e-03	Loss: 1.876
Train Epoch: [   42/  500], Batch [     2/     2 (100%)]	Learning rate: 1.00e-03	Loss: 1.880
Train Epoch: [   43/  500], Batch [     1/     2 ( 50%)]	Learning rate: 1.00e-03	Loss: 1.891
Train Epoch: [   43/  500], Batch [     2/     2 (100%)]	Learning rate: 1.00e-03	Loss: 1.888
Train Epoch: [   44/  500], Batch [     1/     2 ( 50%)]	Learning rate: 1.00e-03	Loss: 1.868
Train Epoch: [   44/  500], Batch [     2/     2 (100%)]	Learning rate: 1.00e-03	Loss: 1.868
Train Epoch: [   45/  500], Batch [     1/     2 ( 50%)]	Learning rate: 1.00e-03	Loss: 1.861
Train Epoch: [   45/  500], Batch [     2/     2 (100%)]	Learning rate: 1.00e-03	Loss: 1.862
Train Epoch: [   45/  500], Batch [     2/     2 (100%)]	Learning rate: 1.00e-03	Loss: 1.865	Val Loss: 1.863
Train Epoch: [   46/  500], Batch [     1/     2 ( 50%)]	Learning rate: 1.00e-03	Loss: 1.867
Train Epoch: [   46/  500], Batch [     2/     2 (100%)]	Learning rate: 1.00e-03	Loss: 1.865
Train Epoch: [   47/  500], Batch [     1/     2 ( 50%)]	Learning rate: 1.00e-03	Loss: 1.857
Train Epoch: [   47/  500], Batch [     2/     2 (100%)]	Learning rate: 1.00e-03	Loss: 1.854
Train Epoch: [   48/  500], Batch [     1/     2 ( 50%)]	Learning rate: 1.00e-03	Loss: 1.863
Train Epoch: [   48/  500], Batch [     2/     2 (100%)]	Learning rate: 1.00e-03	Loss: 1.855
Train Epoch: [   49/  500], Batch [     1/     2 ( 50%)]	Learning rate: 1.00e-03	Loss: 1.847
Train Epoch: [   49/  500], Batch [     2/     2 (100%)]	Learning rate: 1.00e-03	Loss: 1.844
Train Epoch: [   50/  500], Batch [     1/     2 ( 50%)]	Learning rate: 1.00e-03	Loss: 1.838
Train Epoch: [   50/  500], Batch [     2/     2 (100%)]	Learning rate: 1.00e-03	Loss: 1.846
Train Epoch: [   50/  500], Batch [     2/     2 (100%)]	Learning rate: 1.00e-03	Loss: 1.839	Val Loss: 1.844
Train Epoch: [   51/  500], Batch [     1/     2 ( 50%)]	Learning rate: 1.00e-03	Loss: 1.843
Train Epoch: [   51/  500], Batch [     2/     2 (100%)]	Learning rate: 1.00e-03	Loss: 1.837
Train Epoch: [   52/  500], Batch [     1/     2 ( 50%)]	Learning rate: 1.00e-03	Loss: 1.835
Train Epoch: [   52/  500], Batch [     2/     2 (100%)]	Learning rate: 1.00e-03	Loss: 1.837
Train Epoch: [   53/  500], Batch [     1/     2 ( 50%)]	Learning rate: 1.00e-03	Loss: 1.835
Train Epoch: [   53/  500], Batch [     2/     2 (100%)]	Learning rate: 1.00e-03	Loss: 1.832
Train Epoch: [   54/  500], Batch [     1/     2 ( 50%)]	Learning rate: 1.00e-03	Loss: 1.829
Train Epoch: [   54/  500], Batch [     2/     2 (100%)]	Learning rate: 1.00e-03	Loss: 1.830
Train Epoch: [   55/  500], Batch [     1/     2 ( 50%)]	Learning rate: 1.00e-03	Loss: 1.827
Train Epoch: [   55/  500], Batch [     2/     2 (100%)]	Learning rate: 1.00e-03	Loss: 1.823
Train Epoch: [   55/  500], Batch [     2/     2 (100%)]	Learning rate: 1.00e-03	Loss: 1.822	Val Loss: 1.834
Train Epoch: [   56/  500], Batch [     1/     2 ( 50%)]	Learning rate: 1.00e-03	Loss: 1.824
Train Epoch: [   56/  500], Batch [     2/     2 (100%)]	Learning rate: 1.00e-03	Loss: 1.819
Train Epoch: [   57/  500], Batch [     1/     2 ( 50%)]	Learning rate: 1.00e-03	Loss: 1.815
Train Epoch: [   57/  500], Batch [     2/     2 (100%)]	Learning rate: 1.00e-03	Loss: 1.815
Train Epoch: [   58/  500], Batch [     1/     2 ( 50%)]	Learning rate: 1.00e-03	Loss: 1.810
Train Epoch: [   58/  500], Batch [     2/     2 (100%)]	Learning rate: 1.00e-03	Loss: 1.812
Train Epoch: [   59/  500], Batch [     1/     2 ( 50%)]	Learning rate: 1.00e-03	Loss: 1.809
Train Epoch: [   59/  500], Batch [     2/     2 (100%)]	Learning rate: 1.00e-03	Loss: 1.807
Train Epoch: [   60/  500], Batch [     1/     2 ( 50%)]	Learning rate: 1.00e-03	Loss: 1.810
Train Epoch: [   60/  500], Batch [     2/     2 (100%)]	Learning rate: 1.00e-03	Loss: 1.803
Train Epoch: [   60/  500], Batch [     2/     2 (100%)]	Learning rate: 1.00e-03	Loss: 1.801	Val Loss: 1.815
Train Epoch: [   61/  500], Batch [     1/     2 ( 50%)]	Learning rate: 1.00e-03	Loss: 1.808
Train Epoch: [   61/  500], Batch [     2/     2 (100%)]	Learning rate: 1.00e-03	Loss: 1.800
Train Epoch: [   62/  500], Batch [     1/     2 ( 50%)]	Learning rate: 1.00e-03	Loss: 1.799
Train Epoch: [   62/  500], Batch [     2/     2 (100%)]	Learning rate: 1.00e-03	Loss: 1.795
Train Epoch: [   63/  500], Batch [     1/     2 ( 50%)]	Learning rate: 1.00e-03	Loss: 1.796
Train Epoch: [   63/  500], Batch [     2/     2 (100%)]	Learning rate: 1.00e-03	Loss: 1.793
Train Epoch: [   64/  500], Batch [     1/     2 ( 50%)]	Learning rate: 1.00e-03	Loss: 1.791
Train Epoch: [   64/  500], Batch [     2/     2 (100%)]	Learning rate: 1.00e-03	Loss: 1.792
Train Epoch: [   65/  500], Batch [     1/     2 ( 50%)]	Learning rate: 1.00e-03	Loss: 1.791
Train Epoch: [   65/  500], Batch [     2/     2 (100%)]	Learning rate: 1.00e-03	Loss: 1.789
Train Epoch: [   65/  500], Batch [     2/     2 (100%)]	Learning rate: 1.00e-03	Loss: 1.790	Val Loss: 1.809
Train Epoch: [   66/  500], Batch [     1/     2 ( 50%)]	Learning rate: 1.00e-03	Loss: 1.780
Train Epoch: [   66/  500], Batch [     2/     2 (100%)]	Learning rate: 1.00e-03	Loss: 1.788
Train Epoch: [   67/  500], Batch [     1/     2 ( 50%)]	Learning rate: 1.00e-03	Loss: 1.801
Train Epoch: [   67/  500], Batch [     2/     2 (100%)]	Learning rate: 1.00e-03	Loss: 1.787
Train Epoch: [   68/  500], Batch [     1/     2 ( 50%)]	Learning rate: 1.00e-03	Loss: 1.787
Train Epoch: [   68/  500], Batch [     2/     2 (100%)]	Learning rate: 1.00e-03	Loss: 1.781
Train Epoch: [   69/  500], Batch [     1/     2 ( 50%)]	Learning rate: 1.00e-03	Loss: 1.772
Train Epoch: [   69/  500], Batch [     2/     2 (100%)]	Learning rate: 1.00e-03	Loss: 1.776
Train Epoch: [   70/  500], Batch [     1/     2 ( 50%)]	Learning rate: 1.00e-03	Loss: 1.772
Train Epoch: [   70/  500], Batch [     2/     2 (100%)]	Learning rate: 1.00e-03	Loss: 1.774
Train Epoch: [   70/  500], Batch [     2/     2 (100%)]	Learning rate: 1.00e-03	Loss: 1.775	Val Loss: 1.805
Train Epoch: [   71/  500], Batch [     1/     2 ( 50%)]	Learning rate: 1.00e-03	Loss: 1.777
Train Epoch: [   71/  500], Batch [     2/     2 (100%)]	Learning rate: 1.00e-03	Loss: 1.772
Train Epoch: [   72/  500], Batch [     1/     2 ( 50%)]	Learning rate: 1.00e-03	Loss: 1.776
Train Epoch: [   72/  500], Batch [     2/     2 (100%)]	Learning rate: 1.00e-03	Loss: 1.768
Train Epoch: [   73/  500], Batch [     1/     2 ( 50%)]	Learning rate: 1.00e-03	Loss: 1.774
Train Epoch: [   73/  500], Batch [     2/     2 (100%)]	Learning rate: 1.00e-03	Loss: 1.768
Train Epoch: [   74/  500], Batch [     1/     2 ( 50%)]	Learning rate: 1.00e-03	Loss: 1.769
Train Epoch: [   74/  500], Batch [     2/     2 (100%)]	Learning rate: 1.00e-03	Loss: 1.765
Train Epoch: [   75/  500], Batch [     1/     2 ( 50%)]	Learning rate: 1.00e-03	Loss: 1.755
Train Epoch: [   75/  500], Batch [     2/     2 (100%)]	Learning rate: 1.00e-03	Loss: 1.762
Train Epoch: [   75/  500], Batch [     2/     2 (100%)]	Learning rate: 1.00e-03	Loss: 1.759	Val Loss: 1.794
Train Epoch: [   76/  500], Batch [     1/     2 ( 50%)]	Learning rate: 1.00e-03	Loss: 1.769
Train Epoch: [   76/  500], Batch [     2/     2 (100%)]	Learning rate: 1.00e-03	Loss: 1.760
Train Epoch: [   77/  500], Batch [     1/     2 ( 50%)]	Learning rate: 1.00e-03	Loss: 1.758
Train Epoch: [   77/  500], Batch [     2/     2 (100%)]	Learning rate: 1.00e-03	Loss: 1.758
Train Epoch: [   78/  500], Batch [     1/     2 ( 50%)]	Learning rate: 1.00e-03	Loss: 1.758
Train Epoch: [   78/  500], Batch [     2/     2 (100%)]	Learning rate: 1.00e-03	Loss: 1.758
Train Epoch: [   79/  500], Batch [     1/     2 ( 50%)]	Learning rate: 1.00e-03	Loss: 1.752
Train Epoch: [   79/  500], Batch [     2/     2 (100%)]	Learning rate: 1.00e-03	Loss: 1.757
Train Epoch: [   80/  500], Batch [     1/     2 ( 50%)]	Learning rate: 1.00e-03	Loss: 1.755
Train Epoch: [   80/  500], Batch [     2/     2 (100%)]	Learning rate: 1.00e-03	Loss: 1.752
Train Epoch: [   80/  500], Batch [     2/     2 (100%)]	Learning rate: 1.00e-03	Loss: 1.751	Val Loss: 1.788
Train Epoch: [   81/  500], Batch [     1/     2 ( 50%)]	Learning rate: 1.00e-03	Loss: 1.753
Train Epoch: [   81/  500], Batch [     2/     2 (100%)]	Learning rate: 1.00e-03	Loss: 1.749
Train Epoch: [   82/  500], Batch [     1/     2 ( 50%)]	Learning rate: 1.00e-03	Loss: 1.742
Train Epoch: [   82/  500], Batch [     2/     2 (100%)]	Learning rate: 1.00e-03	Loss: 1.746
Train Epoch: [   83/  500], Batch [     1/     2 ( 50%)]	Learning rate: 1.00e-03	Loss: 1.740
Train Epoch: [   83/  500], Batch [     2/     2 (100%)]	Learning rate: 1.00e-03	Loss: 1.744
Train Epoch: [   84/  500], Batch [     1/     2 ( 50%)]	Learning rate: 1.00e-03	Loss: 1.745
Train Epoch: [   84/  500], Batch [     2/     2 (100%)]	Learning rate: 1.00e-03	Loss: 1.745
Train Epoch: [   85/  500], Batch [     1/     2 ( 50%)]	Learning rate: 1.00e-03	Loss: 1.742
Train Epoch: [   85/  500], Batch [     2/     2 (100%)]	Learning rate: 1.00e-03	Loss: 1.743
Train Epoch: [   85/  500], Batch [     2/     2 (100%)]	Learning rate: 1.00e-03	Loss: 1.742	Val Loss: 1.783
Train Epoch: [   86/  500], Batch [     1/     2 ( 50%)]	Learning rate: 1.00e-03	Loss: 1.738
Train Epoch: [   86/  500], Batch [     2/     2 (100%)]	Learning rate: 1.00e-03	Loss: 1.739
Train Epoch: [   87/  500], Batch [     1/     2 ( 50%)]	Learning rate: 1.00e-03	Loss: 1.732
Train Epoch: [   87/  500], Batch [     2/     2 (100%)]	Learning rate: 1.00e-03	Loss: 1.738
Train Epoch: [   88/  500], Batch [     1/     2 ( 50%)]	Learning rate: 1.00e-03	Loss: 1.738
Train Epoch: [   88/  500], Batch [     2/     2 (100%)]	Learning rate: 1.00e-03	Loss: 1.736
Train Epoch: [   89/  500], Batch [     1/     2 ( 50%)]	Learning rate: 1.00e-03	Loss: 1.741
Train Epoch: [   89/  500], Batch [     2/     2 (100%)]	Learning rate: 1.00e-03	Loss: 1.731
Train Epoch: [   90/  500], Batch [     1/     2 ( 50%)]	Learning rate: 1.00e-03	Loss: 1.744
Train Epoch: [   90/  500], Batch [     2/     2 (100%)]	Learning rate: 1.00e-03	Loss: 1.731
Train Epoch: [   90/  500], Batch [     2/     2 (100%)]	Learning rate: 1.00e-03	Loss: 1.734	Val Loss: 1.781
Train Epoch: [   91/  500], Batch [     1/     2 ( 50%)]	Learning rate: 1.00e-03	Loss: 1.735
Train Epoch: [   91/  500], Batch [     2/     2 (100%)]	Learning rate: 1.00e-03	Loss: 1.731
Train Epoch: [   92/  500], Batch [     1/     2 ( 50%)]	Learning rate: 1.00e-03	Loss: 1.746
Train Epoch: [   92/  500], Batch [     2/     2 (100%)]	Learning rate: 1.00e-03	Loss: 1.742
Train Epoch: [   93/  500], Batch [     1/     2 ( 50%)]	Learning rate: 1.00e-03	Loss: 1.759
Train Epoch: [   93/  500], Batch [     2/     2 (100%)]	Learning rate: 1.00e-03	Loss: 1.752
Train Epoch: [   94/  500], Batch [     1/     2 ( 50%)]	Learning rate: 1.00e-03	Loss: 1.741
Train Epoch: [   94/  500], Batch [     2/     2 (100%)]	Learning rate: 1.00e-03	Loss: 1.742
Train Epoch: [   95/  500], Batch [     1/     2 ( 50%)]	Learning rate: 1.00e-03	Loss: 1.730
Train Epoch: [   95/  500], Batch [     2/     2 (100%)]	Learning rate: 1.00e-03	Loss: 1.730
Train Epoch: [   95/  500], Batch [     2/     2 (100%)]	Learning rate: 1.00e-03	Loss: 1.744	Val Loss: 1.791
Train Epoch: [   96/  500], Batch [     1/     2 ( 50%)]	Learning rate: 1.00e-03	Loss: 1.749
Train Epoch: [   96/  500], Batch [     2/     2 (100%)]	Learning rate: 1.00e-03	Loss: 1.742
Train Epoch: [   97/  500], Batch [     1/     2 ( 50%)]	Learning rate: 1.00e-03	Loss: 1.721
Train Epoch: [   97/  500], Batch [     2/     2 (100%)]	Learning rate: 1.00e-03	Loss: 1.718
Train Epoch: [   98/  500], Batch [     1/     2 ( 50%)]	Learning rate: 1.00e-03	Loss: 1.751
Train Epoch: [   98/  500], Batch [     2/     2 (100%)]	Learning rate: 1.00e-03	Loss: 1.739
Train Epoch: [   99/  500], Batch [     1/     2 ( 50%)]	Learning rate: 1.00e-03	Loss: 1.735
Train Epoch: [   99/  500], Batch [     2/     2 (100%)]	Learning rate: 1.00e-03	Loss: 1.737
Train Epoch: [  100/  500], Batch [     1/     2 ( 50%)]	Learning rate: 1.00e-03	Loss: 1.720
Train Epoch: [  100/  500], Batch [     2/     2 (100%)]	Learning rate: 1.00e-03	Loss: 1.721
Train Epoch: [  100/  500], Batch [     2/     2 (100%)]	Learning rate: 1.00e-03	Loss: 1.721	Val Loss: 1.781
Train Epoch: [  101/  500], Batch [     1/     2 ( 50%)]	Learning rate: 1.00e-03	Loss: 1.710
Train Epoch: [  101/  500], Batch [     2/     2 (100%)]	Learning rate: 1.00e-03	Loss: 1.719
Train Epoch: [  102/  500], Batch [     1/     2 ( 50%)]	Learning rate: 1.00e-03	Loss: 1.718
Train Epoch: [  102/  500], Batch [     2/     2 (100%)]	Learning rate: 1.00e-03	Loss: 1.717
Train Epoch: [  103/  500], Batch [     1/     2 ( 50%)]	Learning rate: 1.00e-03	Loss: 1.729
Train Epoch: [  103/  500], Batch [     2/     2 (100%)]	Learning rate: 1.00e-03	Loss: 1.715
Train Epoch: [  104/  500], Batch [     1/     2 ( 50%)]	Learning rate: 1.00e-03	Loss: 1.710
Train Epoch: [  104/  500], Batch [     2/     2 (100%)]	Learning rate: 1.00e-03	Loss: 1.707
Train Epoch: [  105/  500], Batch [     1/     2 ( 50%)]	Learning rate: 1.00e-03	Loss: 1.719
Train Epoch: [  105/  500], Batch [     2/     2 (100%)]	Learning rate: 1.00e-03	Loss: 1.711
Train Epoch: [  105/  500], Batch [     2/     2 (100%)]	Learning rate: 1.00e-03	Loss: 1.704	Val Loss: 1.771
Train Epoch: [  106/  500], Batch [     1/     2 ( 50%)]	Learning rate: 1.00e-03	Loss: 1.693
Train Epoch: [  106/  500], Batch [     2/     2 (100%)]	Learning rate: 1.00e-03	Loss: 1.704
Train Epoch: [  107/  500], Batch [     1/     2 ( 50%)]	Learning rate: 1.00e-03	Loss: 1.718
Train Epoch: [  107/  500], Batch [     2/     2 (100%)]	Learning rate: 1.00e-03	Loss: 1.706
Train Epoch: [  108/  500], Batch [     1/     2 ( 50%)]	Learning rate: 1.00e-03	Loss: 1.699
Train Epoch: [  108/  500], Batch [     2/     2 (100%)]	Learning rate: 1.00e-03	Loss: 1.704
Train Epoch: [  109/  500], Batch [     1/     2 ( 50%)]	Learning rate: 1.00e-03	Loss: 1.704
Train Epoch: [  109/  500], Batch [     2/     2 (100%)]	Learning rate: 1.00e-03	Loss: 1.703
Train Epoch: [  110/  500], Batch [     1/     2 ( 50%)]	Learning rate: 1.00e-03	Loss: 1.693
Train Epoch: [  110/  500], Batch [     2/     2 (100%)]	Learning rate: 1.00e-03	Loss: 1.699
Train Epoch: [  110/  500], Batch [     2/     2 (100%)]	Learning rate: 1.00e-03	Loss: 1.694	Val Loss: 1.770
Train Epoch: [  111/  500], Batch [     1/     2 ( 50%)]	Learning rate: 1.00e-03	Loss: 1.690
Train Epoch: [  111/  500], Batch [     2/     2 (100%)]	Learning rate: 1.00e-03	Loss: 1.694
Train Epoch: [  112/  500], Batch [     1/     2 ( 50%)]	Learning rate: 1.00e-03	Loss: 1.691
Train Epoch: [  112/  500], Batch [     2/     2 (100%)]	Learning rate: 1.00e-03	Loss: 1.693
Train Epoch: [  113/  500], Batch [     1/     2 ( 50%)]	Learning rate: 1.00e-03	Loss: 1.691
Train Epoch: [  113/  500], Batch [     2/     2 (100%)]	Learning rate: 1.00e-03	Loss: 1.694
Train Epoch: [  114/  500], Batch [     1/     2 ( 50%)]	Learning rate: 1.00e-03	Loss: 1.698
Train Epoch: [  114/  500], Batch [     2/     2 (100%)]	Learning rate: 1.00e-03	Loss: 1.693
Train Epoch: [  115/  500], Batch [     1/     2 ( 50%)]	Learning rate: 1.00e-03	Loss: 1.680
Train Epoch: [  115/  500], Batch [     2/     2 (100%)]	Learning rate: 1.00e-03	Loss: 1.690
Train Epoch: [  115/  500], Batch [     2/     2 (100%)]	Learning rate: 1.00e-03	Loss: 1.685	Val Loss: 1.768
Train Epoch: [  116/  500], Batch [     1/     2 ( 50%)]	Learning rate: 1.00e-03	Loss: 1.688
Train Epoch: [  116/  500], Batch [     2/     2 (100%)]	Learning rate: 1.00e-03	Loss: 1.685
Train Epoch: [  117/  500], Batch [     1/     2 ( 50%)]	Learning rate: 1.00e-03	Loss: 1.685
Train Epoch: [  117/  500], Batch [     2/     2 (100%)]	Learning rate: 1.00e-03	Loss: 1.684
Train Epoch: [  118/  500], Batch [     1/     2 ( 50%)]	Learning rate: 1.00e-03	Loss: 1.676
Train Epoch: [  118/  500], Batch [     2/     2 (100%)]	Learning rate: 1.00e-03	Loss: 1.679
Train Epoch: [  119/  500], Batch [     1/     2 ( 50%)]	Learning rate: 1.00e-03	Loss: 1.690
Train Epoch: [  119/  500], Batch [     2/     2 (100%)]	Learning rate: 1.00e-03	Loss: 1.682
Train Epoch: [  120/  500], Batch [     1/     2 ( 50%)]	Learning rate: 1.00e-03	Loss: 1.670
Train Epoch: [  120/  500], Batch [     2/     2 (100%)]	Learning rate: 1.00e-03	Loss: 1.681
Train Epoch: [  120/  500], Batch [     2/     2 (100%)]	Learning rate: 1.00e-03	Loss: 1.688	Val Loss: 1.789
Train Epoch: [  121/  500], Batch [     1/     2 ( 50%)]	Learning rate: 1.00e-03	Loss: 1.699
Train Epoch: [  121/  500], Batch [     2/     2 (100%)]	Learning rate: 1.00e-03	Loss: 1.690
Train Epoch: [  122/  500], Batch [     1/     2 ( 50%)]	Learning rate: 1.00e-03	Loss: 1.704
Train Epoch: [  122/  500], Batch [     2/     2 (100%)]	Learning rate: 1.00e-03	Loss: 1.697
Train Epoch: [  123/  500], Batch [     1/     2 ( 50%)]	Learning rate: 1.00e-03	Loss: 1.679
Train Epoch: [  123/  500], Batch [     2/     2 (100%)]	Learning rate: 1.00e-03	Loss: 1.679
Train Epoch: [  124/  500], Batch [     1/     2 ( 50%)]	Learning rate: 1.00e-03	Loss: 1.664
Train Epoch: [  124/  500], Batch [     2/     2 (100%)]	Learning rate: 1.00e-03	Loss: 1.672
Train Epoch: [  125/  500], Batch [     1/     2 ( 50%)]	Learning rate: 1.00e-03	Loss: 1.671
Train Epoch: [  125/  500], Batch [     2/     2 (100%)]	Learning rate: 1.00e-03	Loss: 1.671
Train Epoch: [  125/  500], Batch [     2/     2 (100%)]	Learning rate: 1.00e-03	Loss: 1.669	Val Loss: 1.780
Train Epoch: [  126/  500], Batch [     1/     2 ( 50%)]	Learning rate: 1.00e-03	Loss: 1.676
Train Epoch: [  126/  500], Batch [     2/     2 (100%)]	Learning rate: 1.00e-03	Loss: 1.669
Train Epoch: [  127/  500], Batch [     1/     2 ( 50%)]	Learning rate: 1.00e-03	Loss: 1.662
Train Epoch: [  127/  500], Batch [     2/     2 (100%)]	Learning rate: 1.00e-03	Loss: 1.665
Train Epoch: [  128/  500], Batch [     1/     2 ( 50%)]	Learning rate: 1.00e-03	Loss: 1.659
Train Epoch: [  128/  500], Batch [     2/     2 (100%)]	Learning rate: 1.00e-03	Loss: 1.661
Train Epoch: [  129/  500], Batch [     1/     2 ( 50%)]	Learning rate: 1.00e-03	Loss: 1.665
Train Epoch: [  129/  500], Batch [     2/     2 (100%)]	Learning rate: 1.00e-03	Loss: 1.660
Train Epoch: [  130/  500], Batch [     1/     2 ( 50%)]	Learning rate: 1.00e-03	Loss: 1.668
Train Epoch: [  130/  500], Batch [     2/     2 (100%)]	Learning rate: 1.00e-03	Loss: 1.660
Train Epoch: [  130/  500], Batch [     2/     2 (100%)]	Learning rate: 1.00e-03	Loss: 1.663	Val Loss: 1.784
Train Epoch: [  131/  500], Batch [     1/     2 ( 50%)]	Learning rate: 1.00e-03	Loss: 1.670
Train Epoch: [  131/  500], Batch [     2/     2 (100%)]	Learning rate: 1.00e-03	Loss: 1.664
Train Epoch: [  132/  500], Batch [     1/     2 ( 50%)]	Learning rate: 1.00e-03	Loss: 1.663
Train Epoch: [  132/  500], Batch [     2/     2 (100%)]	Learning rate: 1.00e-03	Loss: 1.661
Train Epoch: [  133/  500], Batch [     1/     2 ( 50%)]	Learning rate: 1.00e-03	Loss: 1.660
Train Epoch: [  133/  500], Batch [     2/     2 (100%)]	Learning rate: 1.00e-03	Loss: 1.653
Train Epoch: [  134/  500], Batch [     1/     2 ( 50%)]	Learning rate: 1.00e-03	Loss: 1.644
Train Epoch: [  134/  500], Batch [     2/     2 (100%)]	Learning rate: 1.00e-03	Loss: 1.650
Train Epoch: [  135/  500], Batch [     1/     2 ( 50%)]	Learning rate: 1.00e-03	Loss: 1.645
Train Epoch: [  135/  500], Batch [     2/     2 (100%)]	Learning rate: 1.00e-03	Loss: 1.649
Train Epoch: [  135/  500], Batch [     2/     2 (100%)]	Learning rate: 1.00e-03	Loss: 1.647	Val Loss: 1.780
Train Epoch: [  136/  500], Batch [     1/     2 ( 50%)]	Learning rate: 1.00e-03	Loss: 1.658
Train Epoch: [  136/  500], Batch [     2/     2 (100%)]	Learning rate: 1.00e-03	Loss: 1.648
Train Epoch: [  137/  500], Batch [     1/     2 ( 50%)]	Learning rate: 1.00e-03	Loss: 1.655
Train Epoch: [  137/  500], Batch [     2/     2 (100%)]	Learning rate: 1.00e-03	Loss: 1.646
Train Epoch: [  138/  500], Batch [     1/     2 ( 50%)]	Learning rate: 1.00e-03	Loss: 1.643
Train Epoch: [  138/  500], Batch [     2/     2 (100%)]	Learning rate: 1.00e-03	Loss: 1.649
Train Epoch: [  139/  500], Batch [     1/     2 ( 50%)]	Learning rate: 1.00e-03	Loss: 1.655
Train Epoch: [  139/  500], Batch [     2/     2 (100%)]	Learning rate: 1.00e-03	Loss: 1.650
Train Epoch: [  140/  500], Batch [     1/     2 ( 50%)]	Learning rate: 1.00e-03	Loss: 1.644
Train Epoch: [  140/  500], Batch [     2/     2 (100%)]	Learning rate: 1.00e-03	Loss: 1.638
Train Epoch: [  140/  500], Batch [     2/     2 (100%)]	Learning rate: 1.00e-03	Loss: 1.640	Val Loss: 1.782
Train Epoch: [  141/  500], Batch [     1/     2 ( 50%)]	Learning rate: 1.00e-03	Loss: 1.645
Train Epoch: [  141/  500], Batch [     2/     2 (100%)]	Learning rate: 1.00e-03	Loss: 1.639
Train Epoch: [  142/  500], Batch [     1/     2 ( 50%)]	Learning rate: 1.00e-03	Loss: 1.636
Train Epoch: [  142/  500], Batch [     2/     2 (100%)]	Learning rate: 1.00e-03	Loss: 1.643
Train Epoch: [  143/  500], Batch [     1/     2 ( 50%)]	Learning rate: 1.00e-03	Loss: 1.636
Train Epoch: [  143/  500], Batch [     2/     2 (100%)]	Learning rate: 1.00e-03	Loss: 1.644
Train Epoch: [  144/  500], Batch [     1/     2 ( 50%)]	Learning rate: 1.00e-03	Loss: 1.636
Train Epoch: [  144/  500], Batch [     2/     2 (100%)]	Learning rate: 1.00e-03	Loss: 1.643
Train Epoch: [  145/  500], Batch [     1/     2 ( 50%)]	Learning rate: 1.00e-03	Loss: 1.618
Train Epoch: [  145/  500], Batch [     2/     2 (100%)]	Learning rate: 1.00e-03	Loss: 1.628
Train Epoch: [  145/  500], Batch [     2/     2 (100%)]	Learning rate: 1.00e-03	Loss: 1.628	Val Loss: 1.793

Learning rate adapted! New learning rate 1.000e-08

Model parameters: 247842
