Train Epoch: [    0/  500], Batch [     1/     1 (100%)]	Learning rate: 1.00e-03	Loss: 3.335
Train Epoch: [    0/  500], Batch [     1/     1 (100%)]	Learning rate: 1.00e-03	Loss: 3.300	Val Loss: 3.234
Train Epoch: [    1/  500], Batch [     1/     1 (100%)]	Learning rate: 1.00e-03	Loss: 3.301
Train Epoch: [    2/  500], Batch [     1/     1 (100%)]	Learning rate: 1.00e-03	Loss: 3.271
Train Epoch: [    3/  500], Batch [     1/     1 (100%)]	Learning rate: 1.00e-03	Loss: 3.243
Train Epoch: [    4/  500], Batch [     1/     1 (100%)]	Learning rate: 1.00e-03	Loss: 3.213
Train Epoch: [    5/  500], Batch [     1/     1 (100%)]	Learning rate: 1.00e-03	Loss: 3.179
Train Epoch: [    5/  500], Batch [     1/     1 (100%)]	Learning rate: 1.00e-03	Loss: 3.142	Val Loss: 3.078
Train Epoch: [    6/  500], Batch [     1/     1 (100%)]	Learning rate: 1.00e-03	Loss: 3.142
Train Epoch: [    7/  500], Batch [     1/     1 (100%)]	Learning rate: 1.00e-03	Loss: 3.101
Train Epoch: [    8/  500], Batch [     1/     1 (100%)]	Learning rate: 1.00e-03	Loss: 3.057
Train Epoch: [    9/  500], Batch [     1/     1 (100%)]	Learning rate: 1.00e-03	Loss: 3.007
Train Epoch: [   10/  500], Batch [     1/     1 (100%)]	Learning rate: 1.00e-03	Loss: 2.954
Train Epoch: [   10/  500], Batch [     1/     1 (100%)]	Learning rate: 1.00e-03	Loss: 2.897	Val Loss: 2.832
Train Epoch: [   11/  500], Batch [     1/     1 (100%)]	Learning rate: 1.00e-03	Loss: 2.898
Train Epoch: [   12/  500], Batch [     1/     1 (100%)]	Learning rate: 1.00e-03	Loss: 2.837
Train Epoch: [   13/  500], Batch [     1/     1 (100%)]	Learning rate: 1.00e-03	Loss: 2.773
Train Epoch: [   14/  500], Batch [     1/     1 (100%)]	Learning rate: 1.00e-03	Loss: 2.711
Train Epoch: [   15/  500], Batch [     1/     1 (100%)]	Learning rate: 1.00e-03	Loss: 2.653
Train Epoch: [   15/  500], Batch [     1/     1 (100%)]	Learning rate: 1.00e-03	Loss: 2.603	Val Loss: 2.552
Train Epoch: [   16/  500], Batch [     1/     1 (100%)]	Learning rate: 1.00e-03	Loss: 2.604
Train Epoch: [   17/  500], Batch [     1/     1 (100%)]	Learning rate: 1.00e-03	Loss: 2.571
Train Epoch: [   18/  500], Batch [     1/     1 (100%)]	Learning rate: 1.00e-03	Loss: 2.554
Train Epoch: [   19/  500], Batch [     1/     1 (100%)]	Learning rate: 1.00e-03	Loss: 2.546
Train Epoch: [   20/  500], Batch [     1/     1 (100%)]	Learning rate: 1.00e-03	Loss: 2.533
Train Epoch: [   20/  500], Batch [     1/     1 (100%)]	Learning rate: 1.00e-03	Loss: 2.509	Val Loss: 2.488
Train Epoch: [   21/  500], Batch [     1/     1 (100%)]	Learning rate: 1.00e-03	Loss: 2.510
Train Epoch: [   22/  500], Batch [     1/     1 (100%)]	Learning rate: 1.00e-03	Loss: 2.480
Train Epoch: [   23/  500], Batch [     1/     1 (100%)]	Learning rate: 1.00e-03	Loss: 2.454
Train Epoch: [   24/  500], Batch [     1/     1 (100%)]	Learning rate: 1.00e-03	Loss: 2.441
Train Epoch: [   25/  500], Batch [     1/     1 (100%)]	Learning rate: 1.00e-03	Loss: 2.440
Train Epoch: [   25/  500], Batch [     1/     1 (100%)]	Learning rate: 1.00e-03	Loss: 2.445	Val Loss: 2.420
Train Epoch: [   26/  500], Batch [     1/     1 (100%)]	Learning rate: 1.00e-03	Loss: 2.445
Train Epoch: [   27/  500], Batch [     1/     1 (100%)]	Learning rate: 1.00e-03	Loss: 2.444
Train Epoch: [   28/  500], Batch [     1/     1 (100%)]	Learning rate: 1.00e-03	Loss: 2.434
Train Epoch: [   29/  500], Batch [     1/     1 (100%)]	Learning rate: 1.00e-03	Loss: 2.419
Train Epoch: [   30/  500], Batch [     1/     1 (100%)]	Learning rate: 1.00e-03	Loss: 2.406
Train Epoch: [   30/  500], Batch [     1/     1 (100%)]	Learning rate: 1.00e-03	Loss: 2.399	Val Loss: 2.380
Train Epoch: [   31/  500], Batch [     1/     1 (100%)]	Learning rate: 1.00e-03	Loss: 2.398
Train Epoch: [   32/  500], Batch [     1/     1 (100%)]	Learning rate: 1.00e-03	Loss: 2.393
Train Epoch: [   33/  500], Batch [     1/     1 (100%)]	Learning rate: 1.00e-03	Loss: 2.387
Train Epoch: [   34/  500], Batch [     1/     1 (100%)]	Learning rate: 1.00e-03	Loss: 2.376
Train Epoch: [   35/  500], Batch [     1/     1 (100%)]	Learning rate: 1.00e-03	Loss: 2.363
Train Epoch: [   35/  500], Batch [     1/     1 (100%)]	Learning rate: 1.00e-03	Loss: 2.352	Val Loss: 2.335
Train Epoch: [   36/  500], Batch [     1/     1 (100%)]	Learning rate: 1.00e-03	Loss: 2.351
Train Epoch: [   37/  500], Batch [     1/     1 (100%)]	Learning rate: 1.00e-03	Loss: 2.344
Train Epoch: [   38/  500], Batch [     1/     1 (100%)]	Learning rate: 1.00e-03	Loss: 2.341
Train Epoch: [   39/  500], Batch [     1/     1 (100%)]	Learning rate: 1.00e-03	Loss: 2.331
Train Epoch: [   40/  500], Batch [     1/     1 (100%)]	Learning rate: 1.00e-03	Loss: 2.321
Train Epoch: [   40/  500], Batch [     1/     1 (100%)]	Learning rate: 1.00e-03	Loss: 2.310	Val Loss: 2.290
Train Epoch: [   41/  500], Batch [     1/     1 (100%)]	Learning rate: 1.00e-03	Loss: 2.310
Train Epoch: [   42/  500], Batch [     1/     1 (100%)]	Learning rate: 1.00e-03	Loss: 2.303
Train Epoch: [   43/  500], Batch [     1/     1 (100%)]	Learning rate: 1.00e-03	Loss: 2.298
Train Epoch: [   44/  500], Batch [     1/     1 (100%)]	Learning rate: 1.00e-03	Loss: 2.291
Train Epoch: [   45/  500], Batch [     1/     1 (100%)]	Learning rate: 1.00e-03	Loss: 2.281
Train Epoch: [   45/  500], Batch [     1/     1 (100%)]	Learning rate: 1.00e-03	Loss: 2.276	Val Loss: 2.254
Train Epoch: [   46/  500], Batch [     1/     1 (100%)]	Learning rate: 1.00e-03	Loss: 2.275
Train Epoch: [   47/  500], Batch [     1/     1 (100%)]	Learning rate: 1.00e-03	Loss: 2.272
Train Epoch: [   48/  500], Batch [     1/     1 (100%)]	Learning rate: 1.00e-03	Loss: 2.268
Train Epoch: [   49/  500], Batch [     1/     1 (100%)]	Learning rate: 1.00e-03	Loss: 2.261
Train Epoch: [   50/  500], Batch [     1/     1 (100%)]	Learning rate: 1.00e-03	Loss: 2.257
Train Epoch: [   50/  500], Batch [     1/     1 (100%)]	Learning rate: 1.00e-03	Loss: 2.256	Val Loss: 2.236
Train Epoch: [   51/  500], Batch [     1/     1 (100%)]	Learning rate: 1.00e-03	Loss: 2.256
Train Epoch: [   52/  500], Batch [     1/     1 (100%)]	Learning rate: 1.00e-03	Loss: 2.253
Train Epoch: [   53/  500], Batch [     1/     1 (100%)]	Learning rate: 1.00e-03	Loss: 2.249
Train Epoch: [   54/  500], Batch [     1/     1 (100%)]	Learning rate: 1.00e-03	Loss: 2.246
Train Epoch: [   55/  500], Batch [     1/     1 (100%)]	Learning rate: 1.00e-03	Loss: 2.246
Train Epoch: [   55/  500], Batch [     1/     1 (100%)]	Learning rate: 1.00e-03	Loss: 2.245	Val Loss: 2.212
Train Epoch: [   56/  500], Batch [     1/     1 (100%)]	Learning rate: 1.00e-03	Loss: 2.243
Train Epoch: [   57/  500], Batch [     1/     1 (100%)]	Learning rate: 1.00e-03	Loss: 2.244
Train Epoch: [   58/  500], Batch [     1/     1 (100%)]	Learning rate: 1.00e-03	Loss: 2.238
Train Epoch: [   59/  500], Batch [     1/     1 (100%)]	Learning rate: 1.00e-03	Loss: 2.233
Train Epoch: [   60/  500], Batch [     1/     1 (100%)]	Learning rate: 1.00e-03	Loss: 2.233
Train Epoch: [   60/  500], Batch [     1/     1 (100%)]	Learning rate: 1.00e-03	Loss: 2.228	Val Loss: 2.203
Train Epoch: [   61/  500], Batch [     1/     1 (100%)]	Learning rate: 1.00e-03	Loss: 2.229
Train Epoch: [   62/  500], Batch [     1/     1 (100%)]	Learning rate: 1.00e-03	Loss: 2.227
Train Epoch: [   63/  500], Batch [     1/     1 (100%)]	Learning rate: 1.00e-03	Loss: 2.225
Train Epoch: [   64/  500], Batch [     1/     1 (100%)]	Learning rate: 1.00e-03	Loss: 2.222
Train Epoch: [   65/  500], Batch [     1/     1 (100%)]	Learning rate: 1.00e-03	Loss: 2.222
Train Epoch: [   65/  500], Batch [     1/     1 (100%)]	Learning rate: 1.00e-03	Loss: 2.217	Val Loss: 2.197
Train Epoch: [   66/  500], Batch [     1/     1 (100%)]	Learning rate: 1.00e-03	Loss: 2.217
Train Epoch: [   67/  500], Batch [     1/     1 (100%)]	Learning rate: 1.00e-03	Loss: 2.218
Train Epoch: [   68/  500], Batch [     1/     1 (100%)]	Learning rate: 1.00e-03	Loss: 2.214
Train Epoch: [   69/  500], Batch [     1/     1 (100%)]	Learning rate: 1.00e-03	Loss: 2.213
Train Epoch: [   70/  500], Batch [     1/     1 (100%)]	Learning rate: 1.00e-03	Loss: 2.211
Train Epoch: [   70/  500], Batch [     1/     1 (100%)]	Learning rate: 1.00e-03	Loss: 2.209	Val Loss: 2.194
Train Epoch: [   71/  500], Batch [     1/     1 (100%)]	Learning rate: 1.00e-03	Loss: 2.210
Train Epoch: [   72/  500], Batch [     1/     1 (100%)]	Learning rate: 1.00e-03	Loss: 2.208
Train Epoch: [   73/  500], Batch [     1/     1 (100%)]	Learning rate: 1.00e-03	Loss: 2.205
Train Epoch: [   74/  500], Batch [     1/     1 (100%)]	Learning rate: 1.00e-03	Loss: 2.204
Train Epoch: [   75/  500], Batch [     1/     1 (100%)]	Learning rate: 1.00e-03	Loss: 2.202
Train Epoch: [   75/  500], Batch [     1/     1 (100%)]	Learning rate: 1.00e-03	Loss: 2.201	Val Loss: 2.178
Train Epoch: [   76/  500], Batch [     1/     1 (100%)]	Learning rate: 1.00e-03	Loss: 2.200
Train Epoch: [   77/  500], Batch [     1/     1 (100%)]	Learning rate: 1.00e-03	Loss: 2.198
Train Epoch: [   78/  500], Batch [     1/     1 (100%)]	Learning rate: 1.00e-03	Loss: 2.196
Train Epoch: [   79/  500], Batch [     1/     1 (100%)]	Learning rate: 1.00e-03	Loss: 2.193
Train Epoch: [   80/  500], Batch [     1/     1 (100%)]	Learning rate: 1.00e-03	Loss: 2.192
Train Epoch: [   80/  500], Batch [     1/     1 (100%)]	Learning rate: 1.00e-03	Loss: 2.190	Val Loss: 2.175
Train Epoch: [   81/  500], Batch [     1/     1 (100%)]	Learning rate: 1.00e-03	Loss: 2.190
Train Epoch: [   82/  500], Batch [     1/     1 (100%)]	Learning rate: 1.00e-03	Loss: 2.188
Train Epoch: [   83/  500], Batch [     1/     1 (100%)]	Learning rate: 1.00e-03	Loss: 2.187
Train Epoch: [   84/  500], Batch [     1/     1 (100%)]	Learning rate: 1.00e-03	Loss: 2.183
Train Epoch: [   85/  500], Batch [     1/     1 (100%)]	Learning rate: 1.00e-03	Loss: 2.182
Train Epoch: [   85/  500], Batch [     1/     1 (100%)]	Learning rate: 1.00e-03	Loss: 2.180	Val Loss: 2.163
Train Epoch: [   86/  500], Batch [     1/     1 (100%)]	Learning rate: 1.00e-03	Loss: 2.180
Train Epoch: [   87/  500], Batch [     1/     1 (100%)]	Learning rate: 1.00e-03	Loss: 2.177
Train Epoch: [   88/  500], Batch [     1/     1 (100%)]	Learning rate: 1.00e-03	Loss: 2.174
Train Epoch: [   89/  500], Batch [     1/     1 (100%)]	Learning rate: 1.00e-03	Loss: 2.172
Train Epoch: [   90/  500], Batch [     1/     1 (100%)]	Learning rate: 1.00e-03	Loss: 2.170
Train Epoch: [   90/  500], Batch [     1/     1 (100%)]	Learning rate: 1.00e-03	Loss: 2.167	Val Loss: 2.149
Train Epoch: [   91/  500], Batch [     1/     1 (100%)]	Learning rate: 1.00e-03	Loss: 2.167
Train Epoch: [   92/  500], Batch [     1/     1 (100%)]	Learning rate: 1.00e-03	Loss: 2.165
Train Epoch: [   93/  500], Batch [     1/     1 (100%)]	Learning rate: 1.00e-03	Loss: 2.162
Train Epoch: [   94/  500], Batch [     1/     1 (100%)]	Learning rate: 1.00e-03	Loss: 2.160
Train Epoch: [   95/  500], Batch [     1/     1 (100%)]	Learning rate: 1.00e-03	Loss: 2.156
Train Epoch: [   95/  500], Batch [     1/     1 (100%)]	Learning rate: 1.00e-03	Loss: 2.155	Val Loss: 2.136
Train Epoch: [   96/  500], Batch [     1/     1 (100%)]	Learning rate: 1.00e-03	Loss: 2.154
Train Epoch: [   97/  500], Batch [     1/     1 (100%)]	Learning rate: 1.00e-03	Loss: 2.151
Train Epoch: [   98/  500], Batch [     1/     1 (100%)]	Learning rate: 1.00e-03	Loss: 2.149
Train Epoch: [   99/  500], Batch [     1/     1 (100%)]	Learning rate: 1.00e-03	Loss: 2.145
Train Epoch: [  100/  500], Batch [     1/     1 (100%)]	Learning rate: 1.00e-03	Loss: 2.142
Train Epoch: [  100/  500], Batch [     1/     1 (100%)]	Learning rate: 1.00e-03	Loss: 2.139	Val Loss: 2.126
Train Epoch: [  101/  500], Batch [     1/     1 (100%)]	Learning rate: 1.00e-03	Loss: 2.140
Train Epoch: [  102/  500], Batch [     1/     1 (100%)]	Learning rate: 1.00e-03	Loss: 2.136
Train Epoch: [  103/  500], Batch [     1/     1 (100%)]	Learning rate: 1.00e-03	Loss: 2.133
Train Epoch: [  104/  500], Batch [     1/     1 (100%)]	Learning rate: 1.00e-03	Loss: 2.130
Train Epoch: [  105/  500], Batch [     1/     1 (100%)]	Learning rate: 1.00e-03	Loss: 2.127
Train Epoch: [  105/  500], Batch [     1/     1 (100%)]	Learning rate: 1.00e-03	Loss: 2.126	Val Loss: 2.111
Train Epoch: [  106/  500], Batch [     1/     1 (100%)]	Learning rate: 1.00e-03	Loss: 2.125
Train Epoch: [  107/  500], Batch [     1/     1 (100%)]	Learning rate: 1.00e-03	Loss: 2.122
Train Epoch: [  108/  500], Batch [     1/     1 (100%)]	Learning rate: 1.00e-03	Loss: 2.119
Train Epoch: [  109/  500], Batch [     1/     1 (100%)]	Learning rate: 1.00e-03	Loss: 2.116
Train Epoch: [  110/  500], Batch [     1/     1 (100%)]	Learning rate: 1.00e-03	Loss: 2.114
Train Epoch: [  110/  500], Batch [     1/     1 (100%)]	Learning rate: 1.00e-03	Loss: 2.111	Val Loss: 2.102
Train Epoch: [  111/  500], Batch [     1/     1 (100%)]	Learning rate: 1.00e-03	Loss: 2.111
Train Epoch: [  112/  500], Batch [     1/     1 (100%)]	Learning rate: 1.00e-03	Loss: 2.108
Train Epoch: [  113/  500], Batch [     1/     1 (100%)]	Learning rate: 1.00e-03	Loss: 2.095
Train Epoch: [  114/  500], Batch [     1/     1 (100%)]	Learning rate: 1.00e-03	Loss: 2.057
Train Epoch: [  115/  500], Batch [     1/     1 (100%)]	Learning rate: 1.00e-03	Loss: 1.985
Train Epoch: [  115/  500], Batch [     1/     1 (100%)]	Learning rate: 1.00e-03	Loss: 1.912	Val Loss: 1.900
Train Epoch: [  116/  500], Batch [     1/     1 (100%)]	Learning rate: 1.00e-03	Loss: 1.913
Train Epoch: [  117/  500], Batch [     1/     1 (100%)]	Learning rate: 1.00e-03	Loss: 1.858
Train Epoch: [  118/  500], Batch [     1/     1 (100%)]	Learning rate: 1.00e-03	Loss: 1.829
Train Epoch: [  119/  500], Batch [     1/     1 (100%)]	Learning rate: 1.00e-03	Loss: 1.826
Train Epoch: [  120/  500], Batch [     1/     1 (100%)]	Learning rate: 1.00e-03	Loss: 1.838
Train Epoch: [  120/  500], Batch [     1/     1 (100%)]	Learning rate: 1.00e-03	Loss: 1.853	Val Loss: 1.843
Train Epoch: [  121/  500], Batch [     1/     1 (100%)]	Learning rate: 1.00e-03	Loss: 1.853
Train Epoch: [  122/  500], Batch [     1/     1 (100%)]	Learning rate: 1.00e-03	Loss: 1.862
Train Epoch: [  123/  500], Batch [     1/     1 (100%)]	Learning rate: 1.00e-03	Loss: 1.861
Train Epoch: [  124/  500], Batch [     1/     1 (100%)]	Learning rate: 1.00e-03	Loss: 1.854
Train Epoch: [  125/  500], Batch [     1/     1 (100%)]	Learning rate: 1.00e-03	Loss: 1.843
Train Epoch: [  125/  500], Batch [     1/     1 (100%)]	Learning rate: 1.00e-03	Loss: 1.833	Val Loss: 1.824
Train Epoch: [  126/  500], Batch [     1/     1 (100%)]	Learning rate: 1.00e-03	Loss: 1.832
Train Epoch: [  127/  500], Batch [     1/     1 (100%)]	Learning rate: 1.00e-03	Loss: 1.825
Train Epoch: [  128/  500], Batch [     1/     1 (100%)]	Learning rate: 1.00e-03	Loss: 1.820
Train Epoch: [  129/  500], Batch [     1/     1 (100%)]	Learning rate: 1.00e-03	Loss: 1.817
Train Epoch: [  130/  500], Batch [     1/     1 (100%)]	Learning rate: 1.00e-03	Loss: 1.815
Train Epoch: [  130/  500], Batch [     1/     1 (100%)]	Learning rate: 1.00e-03	Loss: 1.814	Val Loss: 1.807
Train Epoch: [  131/  500], Batch [     1/     1 (100%)]	Learning rate: 1.00e-03	Loss: 1.814
Train Epoch: [  132/  500], Batch [     1/     1 (100%)]	Learning rate: 1.00e-03	Loss: 1.815
Train Epoch: [  133/  500], Batch [     1/     1 (100%)]	Learning rate: 1.00e-03	Loss: 1.815
Train Epoch: [  134/  500], Batch [     1/     1 (100%)]	Learning rate: 1.00e-03	Loss: 1.816
Train Epoch: [  135/  500], Batch [     1/     1 (100%)]	Learning rate: 1.00e-03	Loss: 1.815
Train Epoch: [  135/  500], Batch [     1/     1 (100%)]	Learning rate: 1.00e-03	Loss: 1.813	Val Loss: 1.806
Train Epoch: [  136/  500], Batch [     1/     1 (100%)]	Learning rate: 1.00e-03	Loss: 1.813
Train Epoch: [  137/  500], Batch [     1/     1 (100%)]	Learning rate: 1.00e-03	Loss: 1.810
Train Epoch: [  138/  500], Batch [     1/     1 (100%)]	Learning rate: 1.00e-03	Loss: 1.807
Train Epoch: [  139/  500], Batch [     1/     1 (100%)]	Learning rate: 1.00e-03	Loss: 1.805
Train Epoch: [  140/  500], Batch [     1/     1 (100%)]	Learning rate: 1.00e-03	Loss: 1.803
Train Epoch: [  140/  500], Batch [     1/     1 (100%)]	Learning rate: 1.00e-03	Loss: 1.801	Val Loss: 1.794
Train Epoch: [  141/  500], Batch [     1/     1 (100%)]	Learning rate: 1.00e-03	Loss: 1.802
Train Epoch: [  142/  500], Batch [     1/     1 (100%)]	Learning rate: 1.00e-03	Loss: 1.800
Train Epoch: [  143/  500], Batch [     1/     1 (100%)]	Learning rate: 1.00e-03	Loss: 1.798
Train Epoch: [  144/  500], Batch [     1/     1 (100%)]	Learning rate: 1.00e-03	Loss: 1.799
Train Epoch: [  145/  500], Batch [     1/     1 (100%)]	Learning rate: 1.00e-03	Loss: 1.798
Train Epoch: [  145/  500], Batch [     1/     1 (100%)]	Learning rate: 1.00e-03	Loss: 1.797	Val Loss: 1.788
Train Epoch: [  146/  500], Batch [     1/     1 (100%)]	Learning rate: 1.00e-03	Loss: 1.797
Train Epoch: [  147/  500], Batch [     1/     1 (100%)]	Learning rate: 1.00e-03	Loss: 1.796
Train Epoch: [  148/  500], Batch [     1/     1 (100%)]	Learning rate: 1.00e-03	Loss: 1.794
Train Epoch: [  149/  500], Batch [     1/     1 (100%)]	Learning rate: 1.00e-03	Loss: 1.792
Train Epoch: [  150/  500], Batch [     1/     1 (100%)]	Learning rate: 1.00e-03	Loss: 1.790
Train Epoch: [  150/  500], Batch [     1/     1 (100%)]	Learning rate: 1.00e-03	Loss: 1.789	Val Loss: 1.780
Train Epoch: [  151/  500], Batch [     1/     1 (100%)]	Learning rate: 1.00e-03	Loss: 1.788
Train Epoch: [  152/  500], Batch [     1/     1 (100%)]	Learning rate: 1.00e-03	Loss: 1.787
Train Epoch: [  153/  500], Batch [     1/     1 (100%)]	Learning rate: 1.00e-03	Loss: 1.786
Train Epoch: [  154/  500], Batch [     1/     1 (100%)]	Learning rate: 1.00e-03	Loss: 1.785
Train Epoch: [  155/  500], Batch [     1/     1 (100%)]	Learning rate: 1.00e-03	Loss: 1.783
Train Epoch: [  155/  500], Batch [     1/     1 (100%)]	Learning rate: 1.00e-03	Loss: 1.782	Val Loss: 1.774
Train Epoch: [  156/  500], Batch [     1/     1 (100%)]	Learning rate: 1.00e-03	Loss: 1.782
Train Epoch: [  157/  500], Batch [     1/     1 (100%)]	Learning rate: 1.00e-03	Loss: 1.781
Train Epoch: [  158/  500], Batch [     1/     1 (100%)]	Learning rate: 1.00e-03	Loss: 1.779
Train Epoch: [  159/  500], Batch [     1/     1 (100%)]	Learning rate: 1.00e-03	Loss: 1.778
Train Epoch: [  160/  500], Batch [     1/     1 (100%)]	Learning rate: 1.00e-03	Loss: 1.777
Train Epoch: [  160/  500], Batch [     1/     1 (100%)]	Learning rate: 1.00e-03	Loss: 1.775	Val Loss: 1.770
Train Epoch: [  161/  500], Batch [     1/     1 (100%)]	Learning rate: 1.00e-03	Loss: 1.775
Train Epoch: [  162/  500], Batch [     1/     1 (100%)]	Learning rate: 1.00e-03	Loss: 1.774
Train Epoch: [  163/  500], Batch [     1/     1 (100%)]	Learning rate: 1.00e-03	Loss: 1.773
Train Epoch: [  164/  500], Batch [     1/     1 (100%)]	Learning rate: 1.00e-03	Loss: 1.771
Train Epoch: [  165/  500], Batch [     1/     1 (100%)]	Learning rate: 1.00e-03	Loss: 1.770
Train Epoch: [  165/  500], Batch [     1/     1 (100%)]	Learning rate: 1.00e-03	Loss: 1.769	Val Loss: 1.764
Train Epoch: [  166/  500], Batch [     1/     1 (100%)]	Learning rate: 1.00e-03	Loss: 1.769
Train Epoch: [  167/  500], Batch [     1/     1 (100%)]	Learning rate: 1.00e-03	Loss: 1.767
Train Epoch: [  168/  500], Batch [     1/     1 (100%)]	Learning rate: 1.00e-03	Loss: 1.766
Train Epoch: [  169/  500], Batch [     1/     1 (100%)]	Learning rate: 1.00e-03	Loss: 1.765
Train Epoch: [  170/  500], Batch [     1/     1 (100%)]	Learning rate: 1.00e-03	Loss: 1.764
Train Epoch: [  170/  500], Batch [     1/     1 (100%)]	Learning rate: 1.00e-03	Loss: 1.762	Val Loss: 1.759
Train Epoch: [  171/  500], Batch [     1/     1 (100%)]	Learning rate: 1.00e-03	Loss: 1.763
Train Epoch: [  172/  500], Batch [     1/     1 (100%)]	Learning rate: 1.00e-03	Loss: 1.761
Train Epoch: [  173/  500], Batch [     1/     1 (100%)]	Learning rate: 1.00e-03	Loss: 1.760
Train Epoch: [  174/  500], Batch [     1/     1 (100%)]	Learning rate: 1.00e-03	Loss: 1.759
Train Epoch: [  175/  500], Batch [     1/     1 (100%)]	Learning rate: 1.00e-03	Loss: 1.757
Train Epoch: [  175/  500], Batch [     1/     1 (100%)]	Learning rate: 1.00e-03	Loss: 1.756	Val Loss: 1.753
Train Epoch: [  176/  500], Batch [     1/     1 (100%)]	Learning rate: 1.00e-03	Loss: 1.756
Train Epoch: [  177/  500], Batch [     1/     1 (100%)]	Learning rate: 1.00e-03	Loss: 1.755
Train Epoch: [  178/  500], Batch [     1/     1 (100%)]	Learning rate: 1.00e-03	Loss: 1.754
Train Epoch: [  179/  500], Batch [     1/     1 (100%)]	Learning rate: 1.00e-03	Loss: 1.752
Train Epoch: [  180/  500], Batch [     1/     1 (100%)]	Learning rate: 1.00e-03	Loss: 1.751
Train Epoch: [  180/  500], Batch [     1/     1 (100%)]	Learning rate: 1.00e-03	Loss: 1.750	Val Loss: 1.750
Train Epoch: [  181/  500], Batch [     1/     1 (100%)]	Learning rate: 1.00e-03	Loss: 1.750
Train Epoch: [  182/  500], Batch [     1/     1 (100%)]	Learning rate: 1.00e-03	Loss: 1.749
Train Epoch: [  183/  500], Batch [     1/     1 (100%)]	Learning rate: 1.00e-03	Loss: 1.748
Train Epoch: [  184/  500], Batch [     1/     1 (100%)]	Learning rate: 1.00e-03	Loss: 1.747
Train Epoch: [  185/  500], Batch [     1/     1 (100%)]	Learning rate: 1.00e-03	Loss: 1.746
Train Epoch: [  185/  500], Batch [     1/     1 (100%)]	Learning rate: 1.00e-03	Loss: 1.745	Val Loss: 1.749
Train Epoch: [  186/  500], Batch [     1/     1 (100%)]	Learning rate: 1.00e-03	Loss: 1.745
Train Epoch: [  187/  500], Batch [     1/     1 (100%)]	Learning rate: 1.00e-03	Loss: 1.744
Train Epoch: [  188/  500], Batch [     1/     1 (100%)]	Learning rate: 1.00e-03	Loss: 1.743
Train Epoch: [  189/  500], Batch [     1/     1 (100%)]	Learning rate: 1.00e-03	Loss: 1.742
Train Epoch: [  190/  500], Batch [     1/     1 (100%)]	Learning rate: 1.00e-03	Loss: 1.741
Train Epoch: [  190/  500], Batch [     1/     1 (100%)]	Learning rate: 1.00e-03	Loss: 1.739	Val Loss: 1.743
Train Epoch: [  191/  500], Batch [     1/     1 (100%)]	Learning rate: 1.00e-03	Loss: 1.739
Train Epoch: [  192/  500], Batch [     1/     1 (100%)]	Learning rate: 1.00e-03	Loss: 1.738
Train Epoch: [  193/  500], Batch [     1/     1 (100%)]	Learning rate: 1.00e-03	Loss: 1.738
Train Epoch: [  194/  500], Batch [     1/     1 (100%)]	Learning rate: 1.00e-03	Loss: 1.737
Train Epoch: [  195/  500], Batch [     1/     1 (100%)]	Learning rate: 1.00e-03	Loss: 1.735
Train Epoch: [  195/  500], Batch [     1/     1 (100%)]	Learning rate: 1.00e-03	Loss: 1.736	Val Loss: 1.746
Train Epoch: [  196/  500], Batch [     1/     1 (100%)]	Learning rate: 1.00e-03	Loss: 1.735
Train Epoch: [  197/  500], Batch [     1/     1 (100%)]	Learning rate: 1.00e-03	Loss: 1.734
Train Epoch: [  198/  500], Batch [     1/     1 (100%)]	Learning rate: 1.00e-03	Loss: 1.734
Train Epoch: [  199/  500], Batch [     1/     1 (100%)]	Learning rate: 1.00e-03	Loss: 1.735
Train Epoch: [  200/  500], Batch [     1/     1 (100%)]	Learning rate: 1.00e-03	Loss: 1.734
Train Epoch: [  200/  500], Batch [     1/     1 (100%)]	Learning rate: 1.00e-03	Loss: 1.733	Val Loss: 1.739
Train Epoch: [  201/  500], Batch [     1/     1 (100%)]	Learning rate: 1.00e-03	Loss: 1.733
Train Epoch: [  202/  500], Batch [     1/     1 (100%)]	Learning rate: 1.00e-03	Loss: 1.730
Train Epoch: [  203/  500], Batch [     1/     1 (100%)]	Learning rate: 1.00e-03	Loss: 1.729
Train Epoch: [  204/  500], Batch [     1/     1 (100%)]	Learning rate: 1.00e-03	Loss: 1.729
Train Epoch: [  205/  500], Batch [     1/     1 (100%)]	Learning rate: 1.00e-03	Loss: 1.729
Train Epoch: [  205/  500], Batch [     1/     1 (100%)]	Learning rate: 1.00e-03	Loss: 1.726	Val Loss: 1.738
Train Epoch: [  206/  500], Batch [     1/     1 (100%)]	Learning rate: 1.00e-03	Loss: 1.727
Train Epoch: [  207/  500], Batch [     1/     1 (100%)]	Learning rate: 1.00e-03	Loss: 1.726
Train Epoch: [  208/  500], Batch [     1/     1 (100%)]	Learning rate: 1.00e-03	Loss: 1.725
Train Epoch: [  209/  500], Batch [     1/     1 (100%)]	Learning rate: 1.00e-03	Loss: 1.724
Train Epoch: [  210/  500], Batch [     1/     1 (100%)]	Learning rate: 1.00e-03	Loss: 1.723
Train Epoch: [  210/  500], Batch [     1/     1 (100%)]	Learning rate: 1.00e-03	Loss: 1.722	Val Loss: 1.736
Train Epoch: [  211/  500], Batch [     1/     1 (100%)]	Learning rate: 1.00e-03	Loss: 1.722
Train Epoch: [  212/  500], Batch [     1/     1 (100%)]	Learning rate: 1.00e-03	Loss: 1.722
Train Epoch: [  213/  500], Batch [     1/     1 (100%)]	Learning rate: 1.00e-03	Loss: 1.720
Train Epoch: [  214/  500], Batch [     1/     1 (100%)]	Learning rate: 1.00e-03	Loss: 1.720
Train Epoch: [  215/  500], Batch [     1/     1 (100%)]	Learning rate: 1.00e-03	Loss: 1.719
Train Epoch: [  215/  500], Batch [     1/     1 (100%)]	Learning rate: 1.00e-03	Loss: 1.718	Val Loss: 1.735
Train Epoch: [  216/  500], Batch [     1/     1 (100%)]	Learning rate: 1.00e-03	Loss: 1.718
Train Epoch: [  217/  500], Batch [     1/     1 (100%)]	Learning rate: 1.00e-03	Loss: 1.717
Train Epoch: [  218/  500], Batch [     1/     1 (100%)]	Learning rate: 1.00e-03	Loss: 1.716
Train Epoch: [  219/  500], Batch [     1/     1 (100%)]	Learning rate: 1.00e-03	Loss: 1.715
Train Epoch: [  220/  500], Batch [     1/     1 (100%)]	Learning rate: 1.00e-03	Loss: 1.714
Train Epoch: [  220/  500], Batch [     1/     1 (100%)]	Learning rate: 1.00e-03	Loss: 1.713	Val Loss: 1.732
Train Epoch: [  221/  500], Batch [     1/     1 (100%)]	Learning rate: 1.00e-03	Loss: 1.713
Train Epoch: [  222/  500], Batch [     1/     1 (100%)]	Learning rate: 1.00e-03	Loss: 1.713
Train Epoch: [  223/  500], Batch [     1/     1 (100%)]	Learning rate: 1.00e-03	Loss: 1.712
Train Epoch: [  224/  500], Batch [     1/     1 (100%)]	Learning rate: 1.00e-03	Loss: 1.711
Train Epoch: [  225/  500], Batch [     1/     1 (100%)]	Learning rate: 1.00e-03	Loss: 1.710
Train Epoch: [  225/  500], Batch [     1/     1 (100%)]	Learning rate: 1.00e-03	Loss: 1.709	Val Loss: 1.729
Train Epoch: [  226/  500], Batch [     1/     1 (100%)]	Learning rate: 1.00e-03	Loss: 1.709
Train Epoch: [  227/  500], Batch [     1/     1 (100%)]	Learning rate: 1.00e-03	Loss: 1.708
Train Epoch: [  228/  500], Batch [     1/     1 (100%)]	Learning rate: 1.00e-03	Loss: 1.707
Train Epoch: [  229/  500], Batch [     1/     1 (100%)]	Learning rate: 1.00e-03	Loss: 1.707
Train Epoch: [  230/  500], Batch [     1/     1 (100%)]	Learning rate: 1.00e-03	Loss: 1.706
Train Epoch: [  230/  500], Batch [     1/     1 (100%)]	Learning rate: 1.00e-03	Loss: 1.705	Val Loss: 1.726
Train Epoch: [  231/  500], Batch [     1/     1 (100%)]	Learning rate: 1.00e-03	Loss: 1.705
Train Epoch: [  232/  500], Batch [     1/     1 (100%)]	Learning rate: 1.00e-03	Loss: 1.704
Train Epoch: [  233/  500], Batch [     1/     1 (100%)]	Learning rate: 1.00e-03	Loss: 1.703
Train Epoch: [  234/  500], Batch [     1/     1 (100%)]	Learning rate: 1.00e-03	Loss: 1.702
Train Epoch: [  235/  500], Batch [     1/     1 (100%)]	Learning rate: 1.00e-03	Loss: 1.701
Train Epoch: [  235/  500], Batch [     1/     1 (100%)]	Learning rate: 1.00e-03	Loss: 1.701	Val Loss: 1.727
Train Epoch: [  236/  500], Batch [     1/     1 (100%)]	Learning rate: 1.00e-03	Loss: 1.700
Train Epoch: [  237/  500], Batch [     1/     1 (100%)]	Learning rate: 1.00e-03	Loss: 1.699
Train Epoch: [  238/  500], Batch [     1/     1 (100%)]	Learning rate: 1.00e-03	Loss: 1.699
Train Epoch: [  239/  500], Batch [     1/     1 (100%)]	Learning rate: 1.00e-03	Loss: 1.698
Train Epoch: [  240/  500], Batch [     1/     1 (100%)]	Learning rate: 1.00e-03	Loss: 1.698
Train Epoch: [  240/  500], Batch [     1/     1 (100%)]	Learning rate: 1.00e-03	Loss: 1.696	Val Loss: 1.725
Train Epoch: [  241/  500], Batch [     1/     1 (100%)]	Learning rate: 1.00e-03	Loss: 1.696
Train Epoch: [  242/  500], Batch [     1/     1 (100%)]	Learning rate: 1.00e-03	Loss: 1.696
Train Epoch: [  243/  500], Batch [     1/     1 (100%)]	Learning rate: 1.00e-03	Loss: 1.696
Train Epoch: [  244/  500], Batch [     1/     1 (100%)]	Learning rate: 1.00e-03	Loss: 1.697
Train Epoch: [  245/  500], Batch [     1/     1 (100%)]	Learning rate: 1.00e-03	Loss: 1.699
Train Epoch: [  245/  500], Batch [     1/     1 (100%)]	Learning rate: 1.00e-03	Loss: 1.702	Val Loss: 1.723
Train Epoch: [  246/  500], Batch [     1/     1 (100%)]	Learning rate: 1.00e-03	Loss: 1.702
Train Epoch: [  247/  500], Batch [     1/     1 (100%)]	Learning rate: 1.00e-03	Loss: 1.698
Train Epoch: [  248/  500], Batch [     1/     1 (100%)]	Learning rate: 1.00e-03	Loss: 1.692
Train Epoch: [  249/  500], Batch [     1/     1 (100%)]	Learning rate: 1.00e-03	Loss: 1.693
Train Epoch: [  250/  500], Batch [     1/     1 (100%)]	Learning rate: 1.00e-03	Loss: 1.695
Train Epoch: [  250/  500], Batch [     1/     1 (100%)]	Learning rate: 1.00e-03	Loss: 1.690	Val Loss: 1.723
Train Epoch: [  251/  500], Batch [     1/     1 (100%)]	Learning rate: 1.00e-03	Loss: 1.690
Train Epoch: [  252/  500], Batch [     1/     1 (100%)]	Learning rate: 1.00e-03	Loss: 1.690
Train Epoch: [  253/  500], Batch [     1/     1 (100%)]	Learning rate: 1.00e-03	Loss: 1.692
Train Epoch: [  254/  500], Batch [     1/     1 (100%)]	Learning rate: 1.00e-03	Loss: 1.687
Train Epoch: [  255/  500], Batch [     1/     1 (100%)]	Learning rate: 1.00e-03	Loss: 1.687
Train Epoch: [  255/  500], Batch [     1/     1 (100%)]	Learning rate: 1.00e-03	Loss: 1.688	Val Loss: 1.721
Train Epoch: [  256/  500], Batch [     1/     1 (100%)]	Learning rate: 1.00e-03	Loss: 1.688
Train Epoch: [  257/  500], Batch [     1/     1 (100%)]	Learning rate: 1.00e-03	Loss: 1.686
Train Epoch: [  258/  500], Batch [     1/     1 (100%)]	Learning rate: 1.00e-03	Loss: 1.685
Train Epoch: [  259/  500], Batch [     1/     1 (100%)]	Learning rate: 1.00e-03	Loss: 1.686
Train Epoch: [  260/  500], Batch [     1/     1 (100%)]	Learning rate: 1.00e-03	Loss: 1.684
Train Epoch: [  260/  500], Batch [     1/     1 (100%)]	Learning rate: 1.00e-03	Loss: 1.683	Val Loss: 1.716
Train Epoch: [  261/  500], Batch [     1/     1 (100%)]	Learning rate: 1.00e-03	Loss: 1.683
Train Epoch: [  262/  500], Batch [     1/     1 (100%)]	Learning rate: 1.00e-03	Loss: 1.683
Train Epoch: [  263/  500], Batch [     1/     1 (100%)]	Learning rate: 1.00e-03	Loss: 1.681
Train Epoch: [  264/  500], Batch [     1/     1 (100%)]	Learning rate: 1.00e-03	Loss: 1.681
Train Epoch: [  265/  500], Batch [     1/     1 (100%)]	Learning rate: 1.00e-03	Loss: 1.681
Train Epoch: [  265/  500], Batch [     1/     1 (100%)]	Learning rate: 1.00e-03	Loss: 1.680	Val Loss: 1.713
Train Epoch: [  266/  500], Batch [     1/     1 (100%)]	Learning rate: 1.00e-03	Loss: 1.679
Train Epoch: [  267/  500], Batch [     1/     1 (100%)]	Learning rate: 1.00e-03	Loss: 1.679
Train Epoch: [  268/  500], Batch [     1/     1 (100%)]	Learning rate: 1.00e-03	Loss: 1.678
Train Epoch: [  269/  500], Batch [     1/     1 (100%)]	Learning rate: 1.00e-03	Loss: 1.678
Train Epoch: [  270/  500], Batch [     1/     1 (100%)]	Learning rate: 1.00e-03	Loss: 1.677
Train Epoch: [  270/  500], Batch [     1/     1 (100%)]	Learning rate: 1.00e-03	Loss: 1.676	Val Loss: 1.710
Train Epoch: [  271/  500], Batch [     1/     1 (100%)]	Learning rate: 1.00e-03	Loss: 1.676
Train Epoch: [  272/  500], Batch [     1/     1 (100%)]	Learning rate: 1.00e-03	Loss: 1.676
Train Epoch: [  273/  500], Batch [     1/     1 (100%)]	Learning rate: 1.00e-03	Loss: 1.675
Train Epoch: [  274/  500], Batch [     1/     1 (100%)]	Learning rate: 1.00e-03	Loss: 1.674
Train Epoch: [  275/  500], Batch [     1/     1 (100%)]	Learning rate: 1.00e-03	Loss: 1.674
Train Epoch: [  275/  500], Batch [     1/     1 (100%)]	Learning rate: 1.00e-03	Loss: 1.673	Val Loss: 1.711
Train Epoch: [  276/  500], Batch [     1/     1 (100%)]	Learning rate: 1.00e-03	Loss: 1.673
Train Epoch: [  277/  500], Batch [     1/     1 (100%)]	Learning rate: 1.00e-03	Loss: 1.671
Train Epoch: [  278/  500], Batch [     1/     1 (100%)]	Learning rate: 1.00e-03	Loss: 1.671
Train Epoch: [  279/  500], Batch [     1/     1 (100%)]	Learning rate: 1.00e-03	Loss: 1.670
Train Epoch: [  280/  500], Batch [     1/     1 (100%)]	Learning rate: 1.00e-03	Loss: 1.670
Train Epoch: [  280/  500], Batch [     1/     1 (100%)]	Learning rate: 1.00e-03	Loss: 1.671	Val Loss: 1.712
Train Epoch: [  281/  500], Batch [     1/     1 (100%)]	Learning rate: 1.00e-03	Loss: 1.672
Train Epoch: [  282/  500], Batch [     1/     1 (100%)]	Learning rate: 1.00e-03	Loss: 1.673
Train Epoch: [  283/  500], Batch [     1/     1 (100%)]	Learning rate: 1.00e-03	Loss: 1.676
Train Epoch: [  284/  500], Batch [     1/     1 (100%)]	Learning rate: 1.00e-03	Loss: 1.670
Train Epoch: [  285/  500], Batch [     1/     1 (100%)]	Learning rate: 1.00e-03	Loss: 1.667
Train Epoch: [  285/  500], Batch [     1/     1 (100%)]	Learning rate: 1.00e-03	Loss: 1.671	Val Loss: 1.708
Train Epoch: [  286/  500], Batch [     1/     1 (100%)]	Learning rate: 1.00e-03	Loss: 1.671
Train Epoch: [  287/  500], Batch [     1/     1 (100%)]	Learning rate: 1.00e-03	Loss: 1.667
Train Epoch: [  288/  500], Batch [     1/     1 (100%)]	Learning rate: 1.00e-03	Loss: 1.666
Train Epoch: [  289/  500], Batch [     1/     1 (100%)]	Learning rate: 1.00e-03	Loss: 1.668
Train Epoch: [  290/  500], Batch [     1/     1 (100%)]	Learning rate: 1.00e-03	Loss: 1.665
Train Epoch: [  290/  500], Batch [     1/     1 (100%)]	Learning rate: 1.00e-03	Loss: 1.665	Val Loss: 1.711
Train Epoch: [  291/  500], Batch [     1/     1 (100%)]	Learning rate: 1.00e-03	Loss: 1.664
Train Epoch: [  292/  500], Batch [     1/     1 (100%)]	Learning rate: 1.00e-03	Loss: 1.666
Train Epoch: [  293/  500], Batch [     1/     1 (100%)]	Learning rate: 1.00e-03	Loss: 1.663
Train Epoch: [  294/  500], Batch [     1/     1 (100%)]	Learning rate: 1.00e-03	Loss: 1.662
Train Epoch: [  295/  500], Batch [     1/     1 (100%)]	Learning rate: 1.00e-03	Loss: 1.664
Train Epoch: [  295/  500], Batch [     1/     1 (100%)]	Learning rate: 1.00e-03	Loss: 1.661	Val Loss: 1.708
Train Epoch: [  296/  500], Batch [     1/     1 (100%)]	Learning rate: 1.00e-03	Loss: 1.662
Train Epoch: [  297/  500], Batch [     1/     1 (100%)]	Learning rate: 1.00e-03	Loss: 1.660
Train Epoch: [  298/  500], Batch [     1/     1 (100%)]	Learning rate: 1.00e-03	Loss: 1.662
Train Epoch: [  299/  500], Batch [     1/     1 (100%)]	Learning rate: 1.00e-03	Loss: 1.660
Train Epoch: [  300/  500], Batch [     1/     1 (100%)]	Learning rate: 1.00e-03	Loss: 1.659
Train Epoch: [  300/  500], Batch [     1/     1 (100%)]	Learning rate: 1.00e-03	Loss: 1.659	Val Loss: 1.706
Train Epoch: [  301/  500], Batch [     1/     1 (100%)]	Learning rate: 1.00e-03	Loss: 1.659
Train Epoch: [  302/  500], Batch [     1/     1 (100%)]	Learning rate: 1.00e-03	Loss: 1.658
Train Epoch: [  303/  500], Batch [     1/     1 (100%)]	Learning rate: 1.00e-03	Loss: 1.656
Train Epoch: [  304/  500], Batch [     1/     1 (100%)]	Learning rate: 1.00e-03	Loss: 1.657
Train Epoch: [  305/  500], Batch [     1/     1 (100%)]	Learning rate: 1.00e-03	Loss: 1.657
Train Epoch: [  305/  500], Batch [     1/     1 (100%)]	Learning rate: 1.00e-03	Loss: 1.656	Val Loss: 1.704
Train Epoch: [  306/  500], Batch [     1/     1 (100%)]	Learning rate: 1.00e-03	Loss: 1.655
Train Epoch: [  307/  500], Batch [     1/     1 (100%)]	Learning rate: 1.00e-03	Loss: 1.655
Train Epoch: [  308/  500], Batch [     1/     1 (100%)]	Learning rate: 1.00e-03	Loss: 1.654
Train Epoch: [  309/  500], Batch [     1/     1 (100%)]	Learning rate: 1.00e-03	Loss: 1.655
Train Epoch: [  310/  500], Batch [     1/     1 (100%)]	Learning rate: 1.00e-03	Loss: 1.654
Train Epoch: [  310/  500], Batch [     1/     1 (100%)]	Learning rate: 1.00e-03	Loss: 1.655	Val Loss: 1.696
Train Epoch: [  311/  500], Batch [     1/     1 (100%)]	Learning rate: 1.00e-03	Loss: 1.654
Train Epoch: [  312/  500], Batch [     1/     1 (100%)]	Learning rate: 1.00e-03	Loss: 1.655
Train Epoch: [  313/  500], Batch [     1/     1 (100%)]	Learning rate: 1.00e-03	Loss: 1.655
Train Epoch: [  314/  500], Batch [     1/     1 (100%)]	Learning rate: 1.00e-03	Loss: 1.653
Train Epoch: [  315/  500], Batch [     1/     1 (100%)]	Learning rate: 1.00e-03	Loss: 1.651
Train Epoch: [  315/  500], Batch [     1/     1 (100%)]	Learning rate: 1.00e-03	Loss: 1.650	Val Loss: 1.702
Train Epoch: [  316/  500], Batch [     1/     1 (100%)]	Learning rate: 1.00e-03	Loss: 1.650
Train Epoch: [  317/  500], Batch [     1/     1 (100%)]	Learning rate: 1.00e-03	Loss: 1.650
Train Epoch: [  318/  500], Batch [     1/     1 (100%)]	Learning rate: 1.00e-03	Loss: 1.651
Train Epoch: [  319/  500], Batch [     1/     1 (100%)]	Learning rate: 1.00e-03	Loss: 1.649
Train Epoch: [  320/  500], Batch [     1/     1 (100%)]	Learning rate: 1.00e-03	Loss: 1.649
Train Epoch: [  320/  500], Batch [     1/     1 (100%)]	Learning rate: 1.00e-03	Loss: 1.648	Val Loss: 1.703
Train Epoch: [  321/  500], Batch [     1/     1 (100%)]	Learning rate: 1.00e-03	Loss: 1.648
Train Epoch: [  322/  500], Batch [     1/     1 (100%)]	Learning rate: 1.00e-03	Loss: 1.648
Train Epoch: [  323/  500], Batch [     1/     1 (100%)]	Learning rate: 1.00e-03	Loss: 1.648
Train Epoch: [  324/  500], Batch [     1/     1 (100%)]	Learning rate: 1.00e-03	Loss: 1.646
Train Epoch: [  325/  500], Batch [     1/     1 (100%)]	Learning rate: 1.00e-03	Loss: 1.645
Train Epoch: [  325/  500], Batch [     1/     1 (100%)]	Learning rate: 1.00e-03	Loss: 1.644	Val Loss: 1.697
Train Epoch: [  326/  500], Batch [     1/     1 (100%)]	Learning rate: 1.00e-03	Loss: 1.643
Train Epoch: [  327/  500], Batch [     1/     1 (100%)]	Learning rate: 1.00e-03	Loss: 1.644
Train Epoch: [  328/  500], Batch [     1/     1 (100%)]	Learning rate: 1.00e-03	Loss: 1.643
Train Epoch: [  329/  500], Batch [     1/     1 (100%)]	Learning rate: 1.00e-03	Loss: 1.643
Train Epoch: [  330/  500], Batch [     1/     1 (100%)]	Learning rate: 1.00e-03	Loss: 1.643
Train Epoch: [  330/  500], Batch [     1/     1 (100%)]	Learning rate: 1.00e-03	Loss: 1.642	Val Loss: 1.693
Train Epoch: [  331/  500], Batch [     1/     1 (100%)]	Learning rate: 1.00e-03	Loss: 1.643
Train Epoch: [  332/  500], Batch [     1/     1 (100%)]	Learning rate: 1.00e-03	Loss: 1.643
Train Epoch: [  333/  500], Batch [     1/     1 (100%)]	Learning rate: 1.00e-03	Loss: 1.643
Train Epoch: [  334/  500], Batch [     1/     1 (100%)]	Learning rate: 1.00e-03	Loss: 1.644
Train Epoch: [  335/  500], Batch [     1/     1 (100%)]	Learning rate: 1.00e-03	Loss: 1.647
Train Epoch: [  335/  500], Batch [     1/     1 (100%)]	Learning rate: 1.00e-03	Loss: 1.645	Val Loss: 1.708

Learning rate adapted! New learning rate 1.000e-04

Train Epoch: [  336/  500], Batch [     1/     1 (100%)]	Learning rate: 1.00e-04	Loss: 1.645
Train Epoch: [  337/  500], Batch [     1/     1 (100%)]	Learning rate: 1.00e-04	Loss: 1.643
Train Epoch: [  338/  500], Batch [     1/     1 (100%)]	Learning rate: 1.00e-04	Loss: 1.639
Train Epoch: [  339/  500], Batch [     1/     1 (100%)]	Learning rate: 1.00e-04	Loss: 1.638
Train Epoch: [  340/  500], Batch [     1/     1 (100%)]	Learning rate: 1.00e-04	Loss: 1.640
Train Epoch: [  340/  500], Batch [     1/     1 (100%)]	Learning rate: 1.00e-04	Loss: 1.641	Val Loss: 1.693
Train Epoch: [  341/  500], Batch [     1/     1 (100%)]	Learning rate: 1.00e-04	Loss: 1.641
Train Epoch: [  342/  500], Batch [     1/     1 (100%)]	Learning rate: 1.00e-04	Loss: 1.642
Train Epoch: [  343/  500], Batch [     1/     1 (100%)]	Learning rate: 1.00e-04	Loss: 1.640
Train Epoch: [  344/  500], Batch [     1/     1 (100%)]	Learning rate: 1.00e-04	Loss: 1.638
Train Epoch: [  345/  500], Batch [     1/     1 (100%)]	Learning rate: 1.00e-04	Loss: 1.639
Train Epoch: [  345/  500], Batch [     1/     1 (100%)]	Learning rate: 1.00e-04	Loss: 1.640	Val Loss: 1.705
Train Epoch: [  346/  500], Batch [     1/     1 (100%)]	Learning rate: 1.00e-04	Loss: 1.639
Train Epoch: [  347/  500], Batch [     1/     1 (100%)]	Learning rate: 1.00e-04	Loss: 1.640
Train Epoch: [  348/  500], Batch [     1/     1 (100%)]	Learning rate: 1.00e-04	Loss: 1.639
Train Epoch: [  349/  500], Batch [     1/     1 (100%)]	Learning rate: 1.00e-04	Loss: 1.638
Train Epoch: [  350/  500], Batch [     1/     1 (100%)]	Learning rate: 1.00e-04	Loss: 1.638
Train Epoch: [  350/  500], Batch [     1/     1 (100%)]	Learning rate: 1.00e-04	Loss: 1.638	Val Loss: 1.695
Train Epoch: [  351/  500], Batch [     1/     1 (100%)]	Learning rate: 1.00e-04	Loss: 1.638
Train Epoch: [  352/  500], Batch [     1/     1 (100%)]	Learning rate: 1.00e-04	Loss: 1.638
Train Epoch: [  353/  500], Batch [     1/     1 (100%)]	Learning rate: 1.00e-04	Loss: 1.638
Train Epoch: [  354/  500], Batch [     1/     1 (100%)]	Learning rate: 1.00e-04	Loss: 1.638
Train Epoch: [  355/  500], Batch [     1/     1 (100%)]	Learning rate: 1.00e-04	Loss: 1.638
Train Epoch: [  355/  500], Batch [     1/     1 (100%)]	Learning rate: 1.00e-04	Loss: 1.639	Val Loss: 1.700
Train Epoch: [  356/  500], Batch [     1/     1 (100%)]	Learning rate: 1.00e-04	Loss: 1.637
Train Epoch: [  357/  500], Batch [     1/     1 (100%)]	Learning rate: 1.00e-04	Loss: 1.638
Train Epoch: [  358/  500], Batch [     1/     1 (100%)]	Learning rate: 1.00e-04	Loss: 1.637
Train Epoch: [  359/  500], Batch [     1/     1 (100%)]	Learning rate: 1.00e-04	Loss: 1.638
Train Epoch: [  360/  500], Batch [     1/     1 (100%)]	Learning rate: 1.00e-04	Loss: 1.637
Train Epoch: [  360/  500], Batch [     1/     1 (100%)]	Learning rate: 1.00e-04	Loss: 1.637	Val Loss: 1.694
Train Epoch: [  361/  500], Batch [     1/     1 (100%)]	Learning rate: 1.00e-04	Loss: 1.637
Train Epoch: [  362/  500], Batch [     1/     1 (100%)]	Learning rate: 1.00e-04	Loss: 1.638
Train Epoch: [  363/  500], Batch [     1/     1 (100%)]	Learning rate: 1.00e-04	Loss: 1.637
Train Epoch: [  364/  500], Batch [     1/     1 (100%)]	Learning rate: 1.00e-04	Loss: 1.637
Train Epoch: [  365/  500], Batch [     1/     1 (100%)]	Learning rate: 1.00e-04	Loss: 1.637
Train Epoch: [  365/  500], Batch [     1/     1 (100%)]	Learning rate: 1.00e-04	Loss: 1.637	Val Loss: 1.699
Train Epoch: [  366/  500], Batch [     1/     1 (100%)]	Learning rate: 1.00e-04	Loss: 1.637
Train Epoch: [  367/  500], Batch [     1/     1 (100%)]	Learning rate: 1.00e-04	Loss: 1.637
Train Epoch: [  368/  500], Batch [     1/     1 (100%)]	Learning rate: 1.00e-04	Loss: 1.637
Train Epoch: [  369/  500], Batch [     1/     1 (100%)]	Learning rate: 1.00e-04	Loss: 1.637
Train Epoch: [  370/  500], Batch [     1/     1 (100%)]	Learning rate: 1.00e-04	Loss: 1.637
Train Epoch: [  370/  500], Batch [     1/     1 (100%)]	Learning rate: 1.00e-04	Loss: 1.637	Val Loss: 1.694
Model parameters: 148802
Train Epoch: [    0/  500], Batch [     1/     2 ( 50%)]	Learning rate: 1.00e-03	Loss: 3.352
Train Epoch: [    0/  500], Batch [     2/     2 (100%)]	Learning rate: 1.00e-03	Loss: 3.335
Train Epoch: [    0/  500], Batch [     2/     2 (100%)]	Learning rate: 1.00e-03	Loss: 3.282	Val Loss: 3.285
Train Epoch: [    1/  500], Batch [     1/     2 ( 50%)]	Learning rate: 1.00e-03	Loss: 3.244
Train Epoch: [    1/  500], Batch [     2/     2 (100%)]	Learning rate: 1.00e-03	Loss: 3.278
Train Epoch: [    2/  500], Batch [     1/     2 ( 50%)]	Learning rate: 1.00e-03	Loss: 3.223
Train Epoch: [    2/  500], Batch [     2/     2 (100%)]	Learning rate: 1.00e-03	Loss: 3.229
Train Epoch: [    3/  500], Batch [     1/     2 ( 50%)]	Learning rate: 1.00e-03	Loss: 3.149
Train Epoch: [    3/  500], Batch [     2/     2 (100%)]	Learning rate: 1.00e-03	Loss: 3.171
Train Epoch: [    4/  500], Batch [     1/     2 ( 50%)]	Learning rate: 1.00e-03	Loss: 3.112
Train Epoch: [    4/  500], Batch [     2/     2 (100%)]	Learning rate: 1.00e-03	Loss: 3.104
Train Epoch: [    5/  500], Batch [     1/     2 ( 50%)]	Learning rate: 1.00e-03	Loss: 3.057
Train Epoch: [    5/  500], Batch [     2/     2 (100%)]	Learning rate: 1.00e-03	Loss: 3.023
Train Epoch: [    5/  500], Batch [     2/     2 (100%)]	Learning rate: 1.00e-03	Loss: 2.940	Val Loss: 2.942
Train Epoch: [    6/  500], Batch [     1/     2 ( 50%)]	Learning rate: 1.00e-03	Loss: 2.911
Train Epoch: [    6/  500], Batch [     2/     2 (100%)]	Learning rate: 1.00e-03	Loss: 2.930
Train Epoch: [    7/  500], Batch [     1/     2 ( 50%)]	Learning rate: 1.00e-03	Loss: 2.845
Train Epoch: [    7/  500], Batch [     2/     2 (100%)]	Learning rate: 1.00e-03	Loss: 2.828
Train Epoch: [    8/  500], Batch [     1/     2 ( 50%)]	Learning rate: 1.00e-03	Loss: 2.727
Train Epoch: [    8/  500], Batch [     2/     2 (100%)]	Learning rate: 1.00e-03	Loss: 2.722
Train Epoch: [    9/  500], Batch [     1/     2 ( 50%)]	Learning rate: 1.00e-03	Loss: 2.630
Train Epoch: [    9/  500], Batch [     2/     2 (100%)]	Learning rate: 1.00e-03	Loss: 2.623
Train Epoch: [   10/  500], Batch [     1/     2 ( 50%)]	Learning rate: 1.00e-03	Loss: 2.599
Train Epoch: [   10/  500], Batch [     2/     2 (100%)]	Learning rate: 1.00e-03	Loss: 2.577
Train Epoch: [   10/  500], Batch [     2/     2 (100%)]	Learning rate: 1.00e-03	Loss: 2.563	Val Loss: 2.575
Train Epoch: [   11/  500], Batch [     1/     2 ( 50%)]	Learning rate: 1.00e-03	Loss: 2.569
Train Epoch: [   11/  500], Batch [     2/     2 (100%)]	Learning rate: 1.00e-03	Loss: 2.561
Train Epoch: [   12/  500], Batch [     1/     2 ( 50%)]	Learning rate: 1.00e-03	Loss: 2.547
Train Epoch: [   12/  500], Batch [     2/     2 (100%)]	Learning rate: 1.00e-03	Loss: 2.528
Train Epoch: [   13/  500], Batch [     1/     2 ( 50%)]	Learning rate: 1.00e-03	Loss: 2.479
Train Epoch: [   13/  500], Batch [     2/     2 (100%)]	Learning rate: 1.00e-03	Loss: 2.483
Train Epoch: [   14/  500], Batch [     1/     2 ( 50%)]	Learning rate: 1.00e-03	Loss: 2.468
Train Epoch: [   14/  500], Batch [     2/     2 (100%)]	Learning rate: 1.00e-03	Loss: 2.459
Train Epoch: [   15/  500], Batch [     1/     2 ( 50%)]	Learning rate: 1.00e-03	Loss: 2.478
Train Epoch: [   15/  500], Batch [     2/     2 (100%)]	Learning rate: 1.00e-03	Loss: 2.458
Train Epoch: [   15/  500], Batch [     2/     2 (100%)]	Learning rate: 1.00e-03	Loss: 2.455	Val Loss: 2.462
Train Epoch: [   16/  500], Batch [     1/     2 ( 50%)]	Learning rate: 1.00e-03	Loss: 2.432
Train Epoch: [   16/  500], Batch [     2/     2 (100%)]	Learning rate: 1.00e-03	Loss: 2.451
Train Epoch: [   17/  500], Batch [     1/     2 ( 50%)]	Learning rate: 1.00e-03	Loss: 2.437
Train Epoch: [   17/  500], Batch [     2/     2 (100%)]	Learning rate: 1.00e-03	Loss: 2.433
Train Epoch: [   18/  500], Batch [     1/     2 ( 50%)]	Learning rate: 1.00e-03	Loss: 2.409
Train Epoch: [   18/  500], Batch [     2/     2 (100%)]	Learning rate: 1.00e-03	Loss: 2.414
Train Epoch: [   19/  500], Batch [     1/     2 ( 50%)]	Learning rate: 1.00e-03	Loss: 2.377
Train Epoch: [   19/  500], Batch [     2/     2 (100%)]	Learning rate: 1.00e-03	Loss: 2.404
Train Epoch: [   20/  500], Batch [     1/     2 ( 50%)]	Learning rate: 1.00e-03	Loss: 2.405
Train Epoch: [   20/  500], Batch [     2/     2 (100%)]	Learning rate: 1.00e-03	Loss: 2.387
Train Epoch: [   20/  500], Batch [     2/     2 (100%)]	Learning rate: 1.00e-03	Loss: 2.366	Val Loss: 2.373
Train Epoch: [   21/  500], Batch [     1/     2 ( 50%)]	Learning rate: 1.00e-03	Loss: 2.361
Train Epoch: [   21/  500], Batch [     2/     2 (100%)]	Learning rate: 1.00e-03	Loss: 2.367
Train Epoch: [   22/  500], Batch [     1/     2 ( 50%)]	Learning rate: 1.00e-03	Loss: 2.364
Train Epoch: [   22/  500], Batch [     2/     2 (100%)]	Learning rate: 1.00e-03	Loss: 2.356
Train Epoch: [   23/  500], Batch [     1/     2 ( 50%)]	Learning rate: 1.00e-03	Loss: 2.356
Train Epoch: [   23/  500], Batch [     2/     2 (100%)]	Learning rate: 1.00e-03	Loss: 2.345
Train Epoch: [   24/  500], Batch [     1/     2 ( 50%)]	Learning rate: 1.00e-03	Loss: 2.349
Train Epoch: [   24/  500], Batch [     2/     2 (100%)]	Learning rate: 1.00e-03	Loss: 2.337
Train Epoch: [   25/  500], Batch [     1/     2 ( 50%)]	Learning rate: 1.00e-03	Loss: 2.343
Train Epoch: [   25/  500], Batch [     2/     2 (100%)]	Learning rate: 1.00e-03	Loss: 2.328
Train Epoch: [   25/  500], Batch [     2/     2 (100%)]	Learning rate: 1.00e-03	Loss: 2.314	Val Loss: 2.316
Train Epoch: [   26/  500], Batch [     1/     2 ( 50%)]	Learning rate: 1.00e-03	Loss: 2.328
Train Epoch: [   26/  500], Batch [     2/     2 (100%)]	Learning rate: 1.00e-03	Loss: 2.310
Train Epoch: [   27/  500], Batch [     1/     2 ( 50%)]	Learning rate: 1.00e-03	Loss: 2.298
Train Epoch: [   27/  500], Batch [     2/     2 (100%)]	Learning rate: 1.00e-03	Loss: 2.296
Train Epoch: [   28/  500], Batch [     1/     2 ( 50%)]	Learning rate: 1.00e-03	Loss: 2.283
Train Epoch: [   28/  500], Batch [     2/     2 (100%)]	Learning rate: 1.00e-03	Loss: 2.293
Train Epoch: [   29/  500], Batch [     1/     2 ( 50%)]	Learning rate: 1.00e-03	Loss: 2.268
Train Epoch: [   29/  500], Batch [     2/     2 (100%)]	Learning rate: 1.00e-03	Loss: 2.291
Train Epoch: [   30/  500], Batch [     1/     2 ( 50%)]	Learning rate: 1.00e-03	Loss: 2.294
Train Epoch: [   30/  500], Batch [     2/     2 (100%)]	Learning rate: 1.00e-03	Loss: 2.286
Train Epoch: [   30/  500], Batch [     2/     2 (100%)]	Learning rate: 1.00e-03	Loss: 2.282	Val Loss: 2.281
Train Epoch: [   31/  500], Batch [     1/     2 ( 50%)]	Learning rate: 1.00e-03	Loss: 2.282
Train Epoch: [   31/  500], Batch [     2/     2 (100%)]	Learning rate: 1.00e-03	Loss: 2.279
Train Epoch: [   32/  500], Batch [     1/     2 ( 50%)]	Learning rate: 1.00e-03	Loss: 2.258
Train Epoch: [   32/  500], Batch [     2/     2 (100%)]	Learning rate: 1.00e-03	Loss: 2.272
Train Epoch: [   33/  500], Batch [     1/     2 ( 50%)]	Learning rate: 1.00e-03	Loss: 2.276
Train Epoch: [   33/  500], Batch [     2/     2 (100%)]	Learning rate: 1.00e-03	Loss: 2.267
Train Epoch: [   34/  500], Batch [     1/     2 ( 50%)]	Learning rate: 1.00e-03	Loss: 2.254
Train Epoch: [   34/  500], Batch [     2/     2 (100%)]	Learning rate: 1.00e-03	Loss: 2.267
Train Epoch: [   35/  500], Batch [     1/     2 ( 50%)]	Learning rate: 1.00e-03	Loss: 2.283
Train Epoch: [   35/  500], Batch [     2/     2 (100%)]	Learning rate: 1.00e-03	Loss: 2.264
Train Epoch: [   35/  500], Batch [     2/     2 (100%)]	Learning rate: 1.00e-03	Loss: 2.262	Val Loss: 2.268
Train Epoch: [   36/  500], Batch [     1/     2 ( 50%)]	Learning rate: 1.00e-03	Loss: 2.275
Train Epoch: [   36/  500], Batch [     2/     2 (100%)]	Learning rate: 1.00e-03	Loss: 2.263
Train Epoch: [   37/  500], Batch [     1/     2 ( 50%)]	Learning rate: 1.00e-03	Loss: 2.259
Train Epoch: [   37/  500], Batch [     2/     2 (100%)]	Learning rate: 1.00e-03	Loss: 2.257
Train Epoch: [   38/  500], Batch [     1/     2 ( 50%)]	Learning rate: 1.00e-03	Loss: 2.250
Train Epoch: [   38/  500], Batch [     2/     2 (100%)]	Learning rate: 1.00e-03	Loss: 2.254
Train Epoch: [   39/  500], Batch [     1/     2 ( 50%)]	Learning rate: 1.00e-03	Loss: 2.234
Train Epoch: [   39/  500], Batch [     2/     2 (100%)]	Learning rate: 1.00e-03	Loss: 2.251
Train Epoch: [   40/  500], Batch [     1/     2 ( 50%)]	Learning rate: 1.00e-03	Loss: 2.247
Train Epoch: [   40/  500], Batch [     2/     2 (100%)]	Learning rate: 1.00e-03	Loss: 2.251
Train Epoch: [   40/  500], Batch [     2/     2 (100%)]	Learning rate: 1.00e-03	Loss: 2.249	Val Loss: 2.244
Train Epoch: [   41/  500], Batch [     1/     2 ( 50%)]	Learning rate: 1.00e-03	Loss: 2.227
Train Epoch: [   41/  500], Batch [     2/     2 (100%)]	Learning rate: 1.00e-03	Loss: 2.249
Train Epoch: [   42/  500], Batch [     1/     2 ( 50%)]	Learning rate: 1.00e-03	Loss: 2.221
Train Epoch: [   42/  500], Batch [     2/     2 (100%)]	Learning rate: 1.00e-03	Loss: 2.243
Train Epoch: [   43/  500], Batch [     1/     2 ( 50%)]	Learning rate: 1.00e-03	Loss: 2.244
Train Epoch: [   43/  500], Batch [     2/     2 (100%)]	Learning rate: 1.00e-03	Loss: 2.243
Train Epoch: [   44/  500], Batch [     1/     2 ( 50%)]	Learning rate: 1.00e-03	Loss: 2.244
Train Epoch: [   44/  500], Batch [     2/     2 (100%)]	Learning rate: 1.00e-03	Loss: 2.241
Train Epoch: [   45/  500], Batch [     1/     2 ( 50%)]	Learning rate: 1.00e-03	Loss: 2.246
Train Epoch: [   45/  500], Batch [     2/     2 (100%)]	Learning rate: 1.00e-03	Loss: 2.242
Train Epoch: [   45/  500], Batch [     2/     2 (100%)]	Learning rate: 1.00e-03	Loss: 2.235	Val Loss: 2.232
Train Epoch: [   46/  500], Batch [     1/     2 ( 50%)]	Learning rate: 1.00e-03	Loss: 2.240
Train Epoch: [   46/  500], Batch [     2/     2 (100%)]	Learning rate: 1.00e-03	Loss: 2.235
Train Epoch: [   47/  500], Batch [     1/     2 ( 50%)]	Learning rate: 1.00e-03	Loss: 2.207
Train Epoch: [   47/  500], Batch [     2/     2 (100%)]	Learning rate: 1.00e-03	Loss: 2.232
Train Epoch: [   48/  500], Batch [     1/     2 ( 50%)]	Learning rate: 1.00e-03	Loss: 2.212
Train Epoch: [   48/  500], Batch [     2/     2 (100%)]	Learning rate: 1.00e-03	Loss: 2.227
Train Epoch: [   49/  500], Batch [     1/     2 ( 50%)]	Learning rate: 1.00e-03	Loss: 2.215
Train Epoch: [   49/  500], Batch [     2/     2 (100%)]	Learning rate: 1.00e-03	Loss: 2.225
Train Epoch: [   50/  500], Batch [     1/     2 ( 50%)]	Learning rate: 1.00e-03	Loss: 2.237
Train Epoch: [   50/  500], Batch [     2/     2 (100%)]	Learning rate: 1.00e-03	Loss: 2.223
Train Epoch: [   50/  500], Batch [     2/     2 (100%)]	Learning rate: 1.00e-03	Loss: 2.220	Val Loss: 2.218
Train Epoch: [   51/  500], Batch [     1/     2 ( 50%)]	Learning rate: 1.00e-03	Loss: 2.211
Train Epoch: [   51/  500], Batch [     2/     2 (100%)]	Learning rate: 1.00e-03	Loss: 2.220
Train Epoch: [   52/  500], Batch [     1/     2 ( 50%)]	Learning rate: 1.00e-03	Loss: 2.192
Train Epoch: [   52/  500], Batch [     2/     2 (100%)]	Learning rate: 1.00e-03	Loss: 2.219
Train Epoch: [   53/  500], Batch [     1/     2 ( 50%)]	Learning rate: 1.00e-03	Loss: 2.231
Train Epoch: [   53/  500], Batch [     2/     2 (100%)]	Learning rate: 1.00e-03	Loss: 2.216
Train Epoch: [   54/  500], Batch [     1/     2 ( 50%)]	Learning rate: 1.00e-03	Loss: 2.224
Train Epoch: [   54/  500], Batch [     2/     2 (100%)]	Learning rate: 1.00e-03	Loss: 2.214
Train Epoch: [   55/  500], Batch [     1/     2 ( 50%)]	Learning rate: 1.00e-03	Loss: 2.227
Train Epoch: [   55/  500], Batch [     2/     2 (100%)]	Learning rate: 1.00e-03	Loss: 2.214
Train Epoch: [   55/  500], Batch [     2/     2 (100%)]	Learning rate: 1.00e-03	Loss: 2.214	Val Loss: 2.211
Train Epoch: [   56/  500], Batch [     1/     2 ( 50%)]	Learning rate: 1.00e-03	Loss: 2.209
Train Epoch: [   56/  500], Batch [     2/     2 (100%)]	Learning rate: 1.00e-03	Loss: 2.211
Train Epoch: [   57/  500], Batch [     1/     2 ( 50%)]	Learning rate: 1.00e-03	Loss: 2.208
Train Epoch: [   57/  500], Batch [     2/     2 (100%)]	Learning rate: 1.00e-03	Loss: 2.205
Train Epoch: [   58/  500], Batch [     1/     2 ( 50%)]	Learning rate: 1.00e-03	Loss: 2.199
Train Epoch: [   58/  500], Batch [     2/     2 (100%)]	Learning rate: 1.00e-03	Loss: 2.197
Train Epoch: [   59/  500], Batch [     1/     2 ( 50%)]	Learning rate: 1.00e-03	Loss: 2.194
Train Epoch: [   59/  500], Batch [     2/     2 (100%)]	Learning rate: 1.00e-03	Loss: 2.195
Train Epoch: [   60/  500], Batch [     1/     2 ( 50%)]	Learning rate: 1.00e-03	Loss: 2.206
Train Epoch: [   60/  500], Batch [     2/     2 (100%)]	Learning rate: 1.00e-03	Loss: 2.194
Train Epoch: [   60/  500], Batch [     2/     2 (100%)]	Learning rate: 1.00e-03	Loss: 2.199	Val Loss: 2.192
Train Epoch: [   61/  500], Batch [     1/     2 ( 50%)]	Learning rate: 1.00e-03	Loss: 2.202
Train Epoch: [   61/  500], Batch [     2/     2 (100%)]	Learning rate: 1.00e-03	Loss: 2.195
Train Epoch: [   62/  500], Batch [     1/     2 ( 50%)]	Learning rate: 1.00e-03	Loss: 2.205
Train Epoch: [   62/  500], Batch [     2/     2 (100%)]	Learning rate: 1.00e-03	Loss: 2.196
Train Epoch: [   63/  500], Batch [     1/     2 ( 50%)]	Learning rate: 1.00e-03	Loss: 2.187
Train Epoch: [   63/  500], Batch [     2/     2 (100%)]	Learning rate: 1.00e-03	Loss: 2.185
Train Epoch: [   64/  500], Batch [     1/     2 ( 50%)]	Learning rate: 1.00e-03	Loss: 2.177
Train Epoch: [   64/  500], Batch [     2/     2 (100%)]	Learning rate: 1.00e-03	Loss: 2.178
Train Epoch: [   65/  500], Batch [     1/     2 ( 50%)]	Learning rate: 1.00e-03	Loss: 2.171
Train Epoch: [   65/  500], Batch [     2/     2 (100%)]	Learning rate: 1.00e-03	Loss: 2.171
Train Epoch: [   65/  500], Batch [     2/     2 (100%)]	Learning rate: 1.00e-03	Loss: 2.177	Val Loss: 2.167
Train Epoch: [   66/  500], Batch [     1/     2 ( 50%)]	Learning rate: 1.00e-03	Loss: 2.174
Train Epoch: [   66/  500], Batch [     2/     2 (100%)]	Learning rate: 1.00e-03	Loss: 2.175
Train Epoch: [   67/  500], Batch [     1/     2 ( 50%)]	Learning rate: 1.00e-03	Loss: 2.146
Train Epoch: [   67/  500], Batch [     2/     2 (100%)]	Learning rate: 1.00e-03	Loss: 2.171
Train Epoch: [   68/  500], Batch [     1/     2 ( 50%)]	Learning rate: 1.00e-03	Loss: 2.141
Train Epoch: [   68/  500], Batch [     2/     2 (100%)]	Learning rate: 1.00e-03	Loss: 2.164
Train Epoch: [   69/  500], Batch [     1/     2 ( 50%)]	Learning rate: 1.00e-03	Loss: 2.142
Train Epoch: [   69/  500], Batch [     2/     2 (100%)]	Learning rate: 1.00e-03	Loss: 2.157
Train Epoch: [   70/  500], Batch [     1/     2 ( 50%)]	Learning rate: 1.00e-03	Loss: 2.157
Train Epoch: [   70/  500], Batch [     2/     2 (100%)]	Learning rate: 1.00e-03	Loss: 2.154
Train Epoch: [   70/  500], Batch [     2/     2 (100%)]	Learning rate: 1.00e-03	Loss: 2.150	Val Loss: 2.139
Train Epoch: [   71/  500], Batch [     1/     2 ( 50%)]	Learning rate: 1.00e-03	Loss: 2.157
Train Epoch: [   71/  500], Batch [     2/     2 (100%)]	Learning rate: 1.00e-03	Loss: 2.147
Train Epoch: [   72/  500], Batch [     1/     2 ( 50%)]	Learning rate: 1.00e-03	Loss: 2.143
Train Epoch: [   72/  500], Batch [     2/     2 (100%)]	Learning rate: 1.00e-03	Loss: 2.145
Train Epoch: [   73/  500], Batch [     1/     2 ( 50%)]	Learning rate: 1.00e-03	Loss: 2.133
Train Epoch: [   73/  500], Batch [     2/     2 (100%)]	Learning rate: 1.00e-03	Loss: 2.140
Train Epoch: [   74/  500], Batch [     1/     2 ( 50%)]	Learning rate: 1.00e-03	Loss: 2.154
Train Epoch: [   74/  500], Batch [     2/     2 (100%)]	Learning rate: 1.00e-03	Loss: 2.136
Train Epoch: [   75/  500], Batch [     1/     2 ( 50%)]	Learning rate: 1.00e-03	Loss: 2.144
Train Epoch: [   75/  500], Batch [     2/     2 (100%)]	Learning rate: 1.00e-03	Loss: 2.132
Train Epoch: [   75/  500], Batch [     2/     2 (100%)]	Learning rate: 1.00e-03	Loss: 2.131	Val Loss: 2.121
Train Epoch: [   76/  500], Batch [     1/     2 ( 50%)]	Learning rate: 1.00e-03	Loss: 2.151
Train Epoch: [   76/  500], Batch [     2/     2 (100%)]	Learning rate: 1.00e-03	Loss: 2.132
Train Epoch: [   77/  500], Batch [     1/     2 ( 50%)]	Learning rate: 1.00e-03	Loss: 2.137
Train Epoch: [   77/  500], Batch [     2/     2 (100%)]	Learning rate: 1.00e-03	Loss: 2.128
Train Epoch: [   78/  500], Batch [     1/     2 ( 50%)]	Learning rate: 1.00e-03	Loss: 2.137
Train Epoch: [   78/  500], Batch [     2/     2 (100%)]	Learning rate: 1.00e-03	Loss: 2.127
Train Epoch: [   79/  500], Batch [     1/     2 ( 50%)]	Learning rate: 1.00e-03	Loss: 2.121
Train Epoch: [   79/  500], Batch [     2/     2 (100%)]	Learning rate: 1.00e-03	Loss: 2.136
Train Epoch: [   80/  500], Batch [     1/     2 ( 50%)]	Learning rate: 1.00e-03	Loss: 2.136
Train Epoch: [   80/  500], Batch [     2/     2 (100%)]	Learning rate: 1.00e-03	Loss: 2.148
Train Epoch: [   80/  500], Batch [     2/     2 (100%)]	Learning rate: 1.00e-03	Loss: 2.158	Val Loss: 2.156
Train Epoch: [   81/  500], Batch [     1/     2 ( 50%)]	Learning rate: 1.00e-03	Loss: 2.148
Train Epoch: [   81/  500], Batch [     2/     2 (100%)]	Learning rate: 1.00e-03	Loss: 2.152
Train Epoch: [   82/  500], Batch [     1/     2 ( 50%)]	Learning rate: 1.00e-03	Loss: 2.102
Train Epoch: [   82/  500], Batch [     2/     2 (100%)]	Learning rate: 1.00e-03	Loss: 2.123
Train Epoch: [   83/  500], Batch [     1/     2 ( 50%)]	Learning rate: 1.00e-03	Loss: 2.106
Train Epoch: [   83/  500], Batch [     2/     2 (100%)]	Learning rate: 1.00e-03	Loss: 2.113
Train Epoch: [   84/  500], Batch [     1/     2 ( 50%)]	Learning rate: 1.00e-03	Loss: 2.114
Train Epoch: [   84/  500], Batch [     2/     2 (100%)]	Learning rate: 1.00e-03	Loss: 2.119
Train Epoch: [   85/  500], Batch [     1/     2 ( 50%)]	Learning rate: 1.00e-03	Loss: 2.098
Train Epoch: [   85/  500], Batch [     2/     2 (100%)]	Learning rate: 1.00e-03	Loss: 2.115
Train Epoch: [   85/  500], Batch [     2/     2 (100%)]	Learning rate: 1.00e-03	Loss: 2.105	Val Loss: 2.097
Train Epoch: [   86/  500], Batch [     1/     2 ( 50%)]	Learning rate: 1.00e-03	Loss: 2.128
Train Epoch: [   86/  500], Batch [     2/     2 (100%)]	Learning rate: 1.00e-03	Loss: 2.104
Train Epoch: [   87/  500], Batch [     1/     2 ( 50%)]	Learning rate: 1.00e-03	Loss: 2.116
Train Epoch: [   87/  500], Batch [     2/     2 (100%)]	Learning rate: 1.00e-03	Loss: 2.106
Train Epoch: [   88/  500], Batch [     1/     2 ( 50%)]	Learning rate: 1.00e-03	Loss: 2.119
Train Epoch: [   88/  500], Batch [     2/     2 (100%)]	Learning rate: 1.00e-03	Loss: 2.103
Train Epoch: [   89/  500], Batch [     1/     2 ( 50%)]	Learning rate: 1.00e-03	Loss: 2.103
Train Epoch: [   89/  500], Batch [     2/     2 (100%)]	Learning rate: 1.00e-03	Loss: 2.096
Train Epoch: [   90/  500], Batch [     1/     2 ( 50%)]	Learning rate: 1.00e-03	Loss: 2.080
Train Epoch: [   90/  500], Batch [     2/     2 (100%)]	Learning rate: 1.00e-03	Loss: 2.096
Train Epoch: [   90/  500], Batch [     2/     2 (100%)]	Learning rate: 1.00e-03	Loss: 2.094	Val Loss: 2.087
Train Epoch: [   91/  500], Batch [     1/     2 ( 50%)]	Learning rate: 1.00e-03	Loss: 2.094
Train Epoch: [   91/  500], Batch [     2/     2 (100%)]	Learning rate: 1.00e-03	Loss: 2.093
Train Epoch: [   92/  500], Batch [     1/     2 ( 50%)]	Learning rate: 1.00e-03	Loss: 2.099
Train Epoch: [   92/  500], Batch [     2/     2 (100%)]	Learning rate: 1.00e-03	Loss: 2.088
Train Epoch: [   93/  500], Batch [     1/     2 ( 50%)]	Learning rate: 1.00e-03	Loss: 2.077
Train Epoch: [   93/  500], Batch [     2/     2 (100%)]	Learning rate: 1.00e-03	Loss: 2.086
Train Epoch: [   94/  500], Batch [     1/     2 ( 50%)]	Learning rate: 1.00e-03	Loss: 2.099
Train Epoch: [   94/  500], Batch [     2/     2 (100%)]	Learning rate: 1.00e-03	Loss: 2.083
Train Epoch: [   95/  500], Batch [     1/     2 ( 50%)]	Learning rate: 1.00e-03	Loss: 2.074
Train Epoch: [   95/  500], Batch [     2/     2 (100%)]	Learning rate: 1.00e-03	Loss: 2.081
Train Epoch: [   95/  500], Batch [     2/     2 (100%)]	Learning rate: 1.00e-03	Loss: 2.077	Val Loss: 2.080
Train Epoch: [   96/  500], Batch [     1/     2 ( 50%)]	Learning rate: 1.00e-03	Loss: 2.092
Train Epoch: [   96/  500], Batch [     2/     2 (100%)]	Learning rate: 1.00e-03	Loss: 2.077
Train Epoch: [   97/  500], Batch [     1/     2 ( 50%)]	Learning rate: 1.00e-03	Loss: 2.054
Train Epoch: [   97/  500], Batch [     2/     2 (100%)]	Learning rate: 1.00e-03	Loss: 2.075
Train Epoch: [   98/  500], Batch [     1/     2 ( 50%)]	Learning rate: 1.00e-03	Loss: 2.085
Train Epoch: [   98/  500], Batch [     2/     2 (100%)]	Learning rate: 1.00e-03	Loss: 2.072
Train Epoch: [   99/  500], Batch [     1/     2 ( 50%)]	Learning rate: 1.00e-03	Loss: 2.087
Train Epoch: [   99/  500], Batch [     2/     2 (100%)]	Learning rate: 1.00e-03	Loss: 2.071
Train Epoch: [  100/  500], Batch [     1/     2 ( 50%)]	Learning rate: 1.00e-03	Loss: 2.068
Train Epoch: [  100/  500], Batch [     2/     2 (100%)]	Learning rate: 1.00e-03	Loss: 2.069
Train Epoch: [  100/  500], Batch [     2/     2 (100%)]	Learning rate: 1.00e-03	Loss: 2.065	Val Loss: 2.077
Train Epoch: [  101/  500], Batch [     1/     2 ( 50%)]	Learning rate: 1.00e-03	Loss: 2.062
Train Epoch: [  101/  500], Batch [     2/     2 (100%)]	Learning rate: 1.00e-03	Loss: 2.065
Train Epoch: [  102/  500], Batch [     1/     2 ( 50%)]	Learning rate: 1.00e-03	Loss: 2.056
Train Epoch: [  102/  500], Batch [     2/     2 (100%)]	Learning rate: 1.00e-03	Loss: 2.063
Train Epoch: [  103/  500], Batch [     1/     2 ( 50%)]	Learning rate: 1.00e-03	Loss: 2.071
Train Epoch: [  103/  500], Batch [     2/     2 (100%)]	Learning rate: 1.00e-03	Loss: 2.067
Train Epoch: [  104/  500], Batch [     1/     2 ( 50%)]	Learning rate: 1.00e-03	Loss: 2.061
Train Epoch: [  104/  500], Batch [     2/     2 (100%)]	Learning rate: 1.00e-03	Loss: 2.069
Train Epoch: [  105/  500], Batch [     1/     2 ( 50%)]	Learning rate: 1.00e-03	Loss: 2.122
Train Epoch: [  105/  500], Batch [     2/     2 (100%)]	Learning rate: 1.00e-03	Loss: 2.086
Train Epoch: [  105/  500], Batch [     2/     2 (100%)]	Learning rate: 1.00e-03	Loss: 2.111	Val Loss: 2.117
Train Epoch: [  106/  500], Batch [     1/     2 ( 50%)]	Learning rate: 1.00e-03	Loss: 2.107
Train Epoch: [  106/  500], Batch [     2/     2 (100%)]	Learning rate: 1.00e-03	Loss: 2.094
Train Epoch: [  107/  500], Batch [     1/     2 ( 50%)]	Learning rate: 1.00e-03	Loss: 2.093
Train Epoch: [  107/  500], Batch [     2/     2 (100%)]	Learning rate: 1.00e-03	Loss: 2.082
Train Epoch: [  108/  500], Batch [     1/     2 ( 50%)]	Learning rate: 1.00e-03	Loss: 2.059
Train Epoch: [  108/  500], Batch [     2/     2 (100%)]	Learning rate: 1.00e-03	Loss: 2.042
Train Epoch: [  109/  500], Batch [     1/     2 ( 50%)]	Learning rate: 1.00e-03	Loss: 2.002
Train Epoch: [  109/  500], Batch [     2/     2 (100%)]	Learning rate: 1.00e-03	Loss: 1.994
Train Epoch: [  110/  500], Batch [     1/     2 ( 50%)]	Learning rate: 1.00e-03	Loss: 1.919
Train Epoch: [  110/  500], Batch [     2/     2 (100%)]	Learning rate: 1.00e-03	Loss: 1.913
Train Epoch: [  110/  500], Batch [     2/     2 (100%)]	Learning rate: 1.00e-03	Loss: 1.843	Val Loss: 1.864
Train Epoch: [  111/  500], Batch [     1/     2 ( 50%)]	Learning rate: 1.00e-03	Loss: 1.842
Train Epoch: [  111/  500], Batch [     2/     2 (100%)]	Learning rate: 1.00e-03	Loss: 1.838
Train Epoch: [  112/  500], Batch [     1/     2 ( 50%)]	Learning rate: 1.00e-03	Loss: 1.819
Train Epoch: [  112/  500], Batch [     2/     2 (100%)]	Learning rate: 1.00e-03	Loss: 1.807
Train Epoch: [  113/  500], Batch [     1/     2 ( 50%)]	Learning rate: 1.00e-03	Loss: 1.799
Train Epoch: [  113/  500], Batch [     2/     2 (100%)]	Learning rate: 1.00e-03	Loss: 1.806
Train Epoch: [  114/  500], Batch [     1/     2 ( 50%)]	Learning rate: 1.00e-03	Loss: 1.818
Train Epoch: [  114/  500], Batch [     2/     2 (100%)]	Learning rate: 1.00e-03	Loss: 1.817
Train Epoch: [  115/  500], Batch [     1/     2 ( 50%)]	Learning rate: 1.00e-03	Loss: 1.826
Train Epoch: [  115/  500], Batch [     2/     2 (100%)]	Learning rate: 1.00e-03	Loss: 1.823
Train Epoch: [  115/  500], Batch [     2/     2 (100%)]	Learning rate: 1.00e-03	Loss: 1.818	Val Loss: 1.840
Train Epoch: [  116/  500], Batch [     1/     2 ( 50%)]	Learning rate: 1.00e-03	Loss: 1.817
Train Epoch: [  116/  500], Batch [     2/     2 (100%)]	Learning rate: 1.00e-03	Loss: 1.818
Train Epoch: [  117/  500], Batch [     1/     2 ( 50%)]	Learning rate: 1.00e-03	Loss: 1.807
Train Epoch: [  117/  500], Batch [     2/     2 (100%)]	Learning rate: 1.00e-03	Loss: 1.809
Train Epoch: [  118/  500], Batch [     1/     2 ( 50%)]	Learning rate: 1.00e-03	Loss: 1.808
Train Epoch: [  118/  500], Batch [     2/     2 (100%)]	Learning rate: 1.00e-03	Loss: 1.801
Train Epoch: [  119/  500], Batch [     1/     2 ( 50%)]	Learning rate: 1.00e-03	Loss: 1.795
Train Epoch: [  119/  500], Batch [     2/     2 (100%)]	Learning rate: 1.00e-03	Loss: 1.796
Train Epoch: [  120/  500], Batch [     1/     2 ( 50%)]	Learning rate: 1.00e-03	Loss: 1.788
Train Epoch: [  120/  500], Batch [     2/     2 (100%)]	Learning rate: 1.00e-03	Loss: 1.790
Train Epoch: [  120/  500], Batch [     2/     2 (100%)]	Learning rate: 1.00e-03	Loss: 1.788	Val Loss: 1.812
Train Epoch: [  121/  500], Batch [     1/     2 ( 50%)]	Learning rate: 1.00e-03	Loss: 1.791
Train Epoch: [  121/  500], Batch [     2/     2 (100%)]	Learning rate: 1.00e-03	Loss: 1.787
Train Epoch: [  122/  500], Batch [     1/     2 ( 50%)]	Learning rate: 1.00e-03	Loss: 1.792
Train Epoch: [  122/  500], Batch [     2/     2 (100%)]	Learning rate: 1.00e-03	Loss: 1.785
Train Epoch: [  123/  500], Batch [     1/     2 ( 50%)]	Learning rate: 1.00e-03	Loss: 1.776
Train Epoch: [  123/  500], Batch [     2/     2 (100%)]	Learning rate: 1.00e-03	Loss: 1.786
Train Epoch: [  124/  500], Batch [     1/     2 ( 50%)]	Learning rate: 1.00e-03	Loss: 1.794
Train Epoch: [  124/  500], Batch [     2/     2 (100%)]	Learning rate: 1.00e-03	Loss: 1.782
Train Epoch: [  125/  500], Batch [     1/     2 ( 50%)]	Learning rate: 1.00e-03	Loss: 1.777
Train Epoch: [  125/  500], Batch [     2/     2 (100%)]	Learning rate: 1.00e-03	Loss: 1.779
Train Epoch: [  125/  500], Batch [     2/     2 (100%)]	Learning rate: 1.00e-03	Loss: 1.776	Val Loss: 1.800
Train Epoch: [  126/  500], Batch [     1/     2 ( 50%)]	Learning rate: 1.00e-03	Loss: 1.763
Train Epoch: [  126/  500], Batch [     2/     2 (100%)]	Learning rate: 1.00e-03	Loss: 1.776
Train Epoch: [  127/  500], Batch [     1/     2 ( 50%)]	Learning rate: 1.00e-03	Loss: 1.771
Train Epoch: [  127/  500], Batch [     2/     2 (100%)]	Learning rate: 1.00e-03	Loss: 1.772
Train Epoch: [  128/  500], Batch [     1/     2 ( 50%)]	Learning rate: 1.00e-03	Loss: 1.763
Train Epoch: [  128/  500], Batch [     2/     2 (100%)]	Learning rate: 1.00e-03	Loss: 1.769
Train Epoch: [  129/  500], Batch [     1/     2 ( 50%)]	Learning rate: 1.00e-03	Loss: 1.759
Train Epoch: [  129/  500], Batch [     2/     2 (100%)]	Learning rate: 1.00e-03	Loss: 1.766
Train Epoch: [  130/  500], Batch [     1/     2 ( 50%)]	Learning rate: 1.00e-03	Loss: 1.773
Train Epoch: [  130/  500], Batch [     2/     2 (100%)]	Learning rate: 1.00e-03	Loss: 1.764
Train Epoch: [  130/  500], Batch [     2/     2 (100%)]	Learning rate: 1.00e-03	Loss: 1.762	Val Loss: 1.789
Train Epoch: [  131/  500], Batch [     1/     2 ( 50%)]	Learning rate: 1.00e-03	Loss: 1.763
Train Epoch: [  131/  500], Batch [     2/     2 (100%)]	Learning rate: 1.00e-03	Loss: 1.762
Train Epoch: [  132/  500], Batch [     1/     2 ( 50%)]	Learning rate: 1.00e-03	Loss: 1.762
Train Epoch: [  132/  500], Batch [     2/     2 (100%)]	Learning rate: 1.00e-03	Loss: 1.757
Train Epoch: [  133/  500], Batch [     1/     2 ( 50%)]	Learning rate: 1.00e-03	Loss: 1.748
Train Epoch: [  133/  500], Batch [     2/     2 (100%)]	Learning rate: 1.00e-03	Loss: 1.755
Train Epoch: [  134/  500], Batch [     1/     2 ( 50%)]	Learning rate: 1.00e-03	Loss: 1.758
Train Epoch: [  134/  500], Batch [     2/     2 (100%)]	Learning rate: 1.00e-03	Loss: 1.753
Train Epoch: [  135/  500], Batch [     1/     2 ( 50%)]	Learning rate: 1.00e-03	Loss: 1.748
Train Epoch: [  135/  500], Batch [     2/     2 (100%)]	Learning rate: 1.00e-03	Loss: 1.751
Train Epoch: [  135/  500], Batch [     2/     2 (100%)]	Learning rate: 1.00e-03	Loss: 1.752	Val Loss: 1.783
Train Epoch: [  136/  500], Batch [     1/     2 ( 50%)]	Learning rate: 1.00e-03	Loss: 1.742
Train Epoch: [  136/  500], Batch [     2/     2 (100%)]	Learning rate: 1.00e-03	Loss: 1.751
Train Epoch: [  137/  500], Batch [     1/     2 ( 50%)]	Learning rate: 1.00e-03	Loss: 1.748
Train Epoch: [  137/  500], Batch [     2/     2 (100%)]	Learning rate: 1.00e-03	Loss: 1.749
Train Epoch: [  138/  500], Batch [     1/     2 ( 50%)]	Learning rate: 1.00e-03	Loss: 1.749
Train Epoch: [  138/  500], Batch [     2/     2 (100%)]	Learning rate: 1.00e-03	Loss: 1.747
Train Epoch: [  139/  500], Batch [     1/     2 ( 50%)]	Learning rate: 1.00e-03	Loss: 1.749
Train Epoch: [  139/  500], Batch [     2/     2 (100%)]	Learning rate: 1.00e-03	Loss: 1.744
Train Epoch: [  140/  500], Batch [     1/     2 ( 50%)]	Learning rate: 1.00e-03	Loss: 1.742
Train Epoch: [  140/  500], Batch [     2/     2 (100%)]	Learning rate: 1.00e-03	Loss: 1.743
Train Epoch: [  140/  500], Batch [     2/     2 (100%)]	Learning rate: 1.00e-03	Loss: 1.744	Val Loss: 1.781
Train Epoch: [  141/  500], Batch [     1/     2 ( 50%)]	Learning rate: 1.00e-03	Loss: 1.749
Train Epoch: [  141/  500], Batch [     2/     2 (100%)]	Learning rate: 1.00e-03	Loss: 1.744
Train Epoch: [  142/  500], Batch [     1/     2 ( 50%)]	Learning rate: 1.00e-03	Loss: 1.734
Train Epoch: [  142/  500], Batch [     2/     2 (100%)]	Learning rate: 1.00e-03	Loss: 1.742
Train Epoch: [  143/  500], Batch [     1/     2 ( 50%)]	Learning rate: 1.00e-03	Loss: 1.755
Train Epoch: [  143/  500], Batch [     2/     2 (100%)]	Learning rate: 1.00e-03	Loss: 1.740
Train Epoch: [  144/  500], Batch [     1/     2 ( 50%)]	Learning rate: 1.00e-03	Loss: 1.748
Train Epoch: [  144/  500], Batch [     2/     2 (100%)]	Learning rate: 1.00e-03	Loss: 1.739
Train Epoch: [  145/  500], Batch [     1/     2 ( 50%)]	Learning rate: 1.00e-03	Loss: 1.746
Train Epoch: [  145/  500], Batch [     2/     2 (100%)]	Learning rate: 1.00e-03	Loss: 1.737
Train Epoch: [  145/  500], Batch [     2/     2 (100%)]	Learning rate: 1.00e-03	Loss: 1.736	Val Loss: 1.776
Train Epoch: [  146/  500], Batch [     1/     2 ( 50%)]	Learning rate: 1.00e-03	Loss: 1.740
Train Epoch: [  146/  500], Batch [     2/     2 (100%)]	Learning rate: 1.00e-03	Loss: 1.736
Train Epoch: [  147/  500], Batch [     1/     2 ( 50%)]	Learning rate: 1.00e-03	Loss: 1.722
Train Epoch: [  147/  500], Batch [     2/     2 (100%)]	Learning rate: 1.00e-03	Loss: 1.733
Train Epoch: [  148/  500], Batch [     1/     2 ( 50%)]	Learning rate: 1.00e-03	Loss: 1.739
Train Epoch: [  148/  500], Batch [     2/     2 (100%)]	Learning rate: 1.00e-03	Loss: 1.734
Train Epoch: [  149/  500], Batch [     1/     2 ( 50%)]	Learning rate: 1.00e-03	Loss: 1.748
Train Epoch: [  149/  500], Batch [     2/     2 (100%)]	Learning rate: 1.00e-03	Loss: 1.732
Train Epoch: [  150/  500], Batch [     1/     2 ( 50%)]	Learning rate: 1.00e-03	Loss: 1.732
Train Epoch: [  150/  500], Batch [     2/     2 (100%)]	Learning rate: 1.00e-03	Loss: 1.730
Train Epoch: [  150/  500], Batch [     2/     2 (100%)]	Learning rate: 1.00e-03	Loss: 1.731	Val Loss: 1.775
Train Epoch: [  151/  500], Batch [     1/     2 ( 50%)]	Learning rate: 1.00e-03	Loss: 1.740
Train Epoch: [  151/  500], Batch [     2/     2 (100%)]	Learning rate: 1.00e-03	Loss: 1.731
Train Epoch: [  152/  500], Batch [     1/     2 ( 50%)]	Learning rate: 1.00e-03	Loss: 1.725
Train Epoch: [  152/  500], Batch [     2/     2 (100%)]	Learning rate: 1.00e-03	Loss: 1.729
Train Epoch: [  153/  500], Batch [     1/     2 ( 50%)]	Learning rate: 1.00e-03	Loss: 1.728
Train Epoch: [  153/  500], Batch [     2/     2 (100%)]	Learning rate: 1.00e-03	Loss: 1.725
Train Epoch: [  154/  500], Batch [     1/     2 ( 50%)]	Learning rate: 1.00e-03	Loss: 1.735
Train Epoch: [  154/  500], Batch [     2/     2 (100%)]	Learning rate: 1.00e-03	Loss: 1.726
Train Epoch: [  155/  500], Batch [     1/     2 ( 50%)]	Learning rate: 1.00e-03	Loss: 1.727
Train Epoch: [  155/  500], Batch [     2/     2 (100%)]	Learning rate: 1.00e-03	Loss: 1.723
Train Epoch: [  155/  500], Batch [     2/     2 (100%)]	Learning rate: 1.00e-03	Loss: 1.722	Val Loss: 1.769
Train Epoch: [  156/  500], Batch [     1/     2 ( 50%)]	Learning rate: 1.00e-03	Loss: 1.723
Train Epoch: [  156/  500], Batch [     2/     2 (100%)]	Learning rate: 1.00e-03	Loss: 1.722
Train Epoch: [  157/  500], Batch [     1/     2 ( 50%)]	Learning rate: 1.00e-03	Loss: 1.723
Train Epoch: [  157/  500], Batch [     2/     2 (100%)]	Learning rate: 1.00e-03	Loss: 1.720
Train Epoch: [  158/  500], Batch [     1/     2 ( 50%)]	Learning rate: 1.00e-03	Loss: 1.727
Train Epoch: [  158/  500], Batch [     2/     2 (100%)]	Learning rate: 1.00e-03	Loss: 1.719
Train Epoch: [  159/  500], Batch [     1/     2 ( 50%)]	Learning rate: 1.00e-03	Loss: 1.718
Train Epoch: [  159/  500], Batch [     2/     2 (100%)]	Learning rate: 1.00e-03	Loss: 1.718
Train Epoch: [  160/  500], Batch [     1/     2 ( 50%)]	Learning rate: 1.00e-03	Loss: 1.723
Train Epoch: [  160/  500], Batch [     2/     2 (100%)]	Learning rate: 1.00e-03	Loss: 1.720
Train Epoch: [  160/  500], Batch [     2/     2 (100%)]	Learning rate: 1.00e-03	Loss: 1.718	Val Loss: 1.765
Train Epoch: [  161/  500], Batch [     1/     2 ( 50%)]	Learning rate: 1.00e-03	Loss: 1.704
Train Epoch: [  161/  500], Batch [     2/     2 (100%)]	Learning rate: 1.00e-03	Loss: 1.715
Train Epoch: [  162/  500], Batch [     1/     2 ( 50%)]	Learning rate: 1.00e-03	Loss: 1.727
Train Epoch: [  162/  500], Batch [     2/     2 (100%)]	Learning rate: 1.00e-03	Loss: 1.716
Train Epoch: [  163/  500], Batch [     1/     2 ( 50%)]	Learning rate: 1.00e-03	Loss: 1.713
Train Epoch: [  163/  500], Batch [     2/     2 (100%)]	Learning rate: 1.00e-03	Loss: 1.720
Train Epoch: [  164/  500], Batch [     1/     2 ( 50%)]	Learning rate: 1.00e-03	Loss: 1.730
Train Epoch: [  164/  500], Batch [     2/     2 (100%)]	Learning rate: 1.00e-03	Loss: 1.719
Train Epoch: [  165/  500], Batch [     1/     2 ( 50%)]	Learning rate: 1.00e-03	Loss: 1.713
Train Epoch: [  165/  500], Batch [     2/     2 (100%)]	Learning rate: 1.00e-03	Loss: 1.714
Train Epoch: [  165/  500], Batch [     2/     2 (100%)]	Learning rate: 1.00e-03	Loss: 1.710	Val Loss: 1.763
Train Epoch: [  166/  500], Batch [     1/     2 ( 50%)]	Learning rate: 1.00e-03	Loss: 1.719
Train Epoch: [  166/  500], Batch [     2/     2 (100%)]	Learning rate: 1.00e-03	Loss: 1.711
Train Epoch: [  167/  500], Batch [     1/     2 ( 50%)]	Learning rate: 1.00e-03	Loss: 1.710
Train Epoch: [  167/  500], Batch [     2/     2 (100%)]	Learning rate: 1.00e-03	Loss: 1.707
Train Epoch: [  168/  500], Batch [     1/     2 ( 50%)]	Learning rate: 1.00e-03	Loss: 1.708
Train Epoch: [  168/  500], Batch [     2/     2 (100%)]	Learning rate: 1.00e-03	Loss: 1.705
Train Epoch: [  169/  500], Batch [     1/     2 ( 50%)]	Learning rate: 1.00e-03	Loss: 1.703
Train Epoch: [  169/  500], Batch [     2/     2 (100%)]	Learning rate: 1.00e-03	Loss: 1.704
Train Epoch: [  170/  500], Batch [     1/     2 ( 50%)]	Learning rate: 1.00e-03	Loss: 1.703
Train Epoch: [  170/  500], Batch [     2/     2 (100%)]	Learning rate: 1.00e-03	Loss: 1.703
Train Epoch: [  170/  500], Batch [     2/     2 (100%)]	Learning rate: 1.00e-03	Loss: 1.700	Val Loss: 1.760
Train Epoch: [  171/  500], Batch [     1/     2 ( 50%)]	Learning rate: 1.00e-03	Loss: 1.695
Train Epoch: [  171/  500], Batch [     2/     2 (100%)]	Learning rate: 1.00e-03	Loss: 1.701
Train Epoch: [  172/  500], Batch [     1/     2 ( 50%)]	Learning rate: 1.00e-03	Loss: 1.706
Train Epoch: [  172/  500], Batch [     2/     2 (100%)]	Learning rate: 1.00e-03	Loss: 1.699
Train Epoch: [  173/  500], Batch [     1/     2 ( 50%)]	Learning rate: 1.00e-03	Loss: 1.691
Train Epoch: [  173/  500], Batch [     2/     2 (100%)]	Learning rate: 1.00e-03	Loss: 1.697
Train Epoch: [  174/  500], Batch [     1/     2 ( 50%)]	Learning rate: 1.00e-03	Loss: 1.702
Train Epoch: [  174/  500], Batch [     2/     2 (100%)]	Learning rate: 1.00e-03	Loss: 1.694
Train Epoch: [  175/  500], Batch [     1/     2 ( 50%)]	Learning rate: 1.00e-03	Loss: 1.692
Train Epoch: [  175/  500], Batch [     2/     2 (100%)]	Learning rate: 1.00e-03	Loss: 1.694
Train Epoch: [  175/  500], Batch [     2/     2 (100%)]	Learning rate: 1.00e-03	Loss: 1.693	Val Loss: 1.756
Train Epoch: [  176/  500], Batch [     1/     2 ( 50%)]	Learning rate: 1.00e-03	Loss: 1.688
Train Epoch: [  176/  500], Batch [     2/     2 (100%)]	Learning rate: 1.00e-03	Loss: 1.692
Train Epoch: [  177/  500], Batch [     1/     2 ( 50%)]	Learning rate: 1.00e-03	Loss: 1.689
Train Epoch: [  177/  500], Batch [     2/     2 (100%)]	Learning rate: 1.00e-03	Loss: 1.689
Train Epoch: [  178/  500], Batch [     1/     2 ( 50%)]	Learning rate: 1.00e-03	Loss: 1.690
Train Epoch: [  178/  500], Batch [     2/     2 (100%)]	Learning rate: 1.00e-03	Loss: 1.689
Train Epoch: [  179/  500], Batch [     1/     2 ( 50%)]	Learning rate: 1.00e-03	Loss: 1.680
Train Epoch: [  179/  500], Batch [     2/     2 (100%)]	Learning rate: 1.00e-03	Loss: 1.688
Train Epoch: [  180/  500], Batch [     1/     2 ( 50%)]	Learning rate: 1.00e-03	Loss: 1.692
Train Epoch: [  180/  500], Batch [     2/     2 (100%)]	Learning rate: 1.00e-03	Loss: 1.690
Train Epoch: [  180/  500], Batch [     2/     2 (100%)]	Learning rate: 1.00e-03	Loss: 1.699	Val Loss: 1.777

Learning rate adapted! New learning rate 1.000e-04

Train Epoch: [  181/  500], Batch [     1/     2 ( 50%)]	Learning rate: 1.00e-04	Loss: 1.706
Train Epoch: [  181/  500], Batch [     2/     2 (100%)]	Learning rate: 1.00e-04	Loss: 1.698
Train Epoch: [  182/  500], Batch [     1/     2 ( 50%)]	Learning rate: 1.00e-04	Loss: 1.688
Train Epoch: [  182/  500], Batch [     2/     2 (100%)]	Learning rate: 1.00e-04	Loss: 1.688
Train Epoch: [  183/  500], Batch [     1/     2 ( 50%)]	Learning rate: 1.00e-04	Loss: 1.691
Train Epoch: [  183/  500], Batch [     2/     2 (100%)]	Learning rate: 1.00e-04	Loss: 1.685
Train Epoch: [  184/  500], Batch [     1/     2 ( 50%)]	Learning rate: 1.00e-04	Loss: 1.689
Train Epoch: [  184/  500], Batch [     2/     2 (100%)]	Learning rate: 1.00e-04	Loss: 1.687
Train Epoch: [  185/  500], Batch [     1/     2 ( 50%)]	Learning rate: 1.00e-04	Loss: 1.687
Train Epoch: [  185/  500], Batch [     2/     2 (100%)]	Learning rate: 1.00e-04	Loss: 1.689
Train Epoch: [  185/  500], Batch [     2/     2 (100%)]	Learning rate: 1.00e-04	Loss: 1.685	Val Loss: 1.751
Train Epoch: [  186/  500], Batch [     1/     2 ( 50%)]	Learning rate: 1.00e-04	Loss: 1.687
Train Epoch: [  186/  500], Batch [     2/     2 (100%)]	Learning rate: 1.00e-04	Loss: 1.686
Train Epoch: [  187/  500], Batch [     1/     2 ( 50%)]	Learning rate: 1.00e-04	Loss: 1.677
Train Epoch: [  187/  500], Batch [     2/     2 (100%)]	Learning rate: 1.00e-04	Loss: 1.681
Train Epoch: [  188/  500], Batch [     1/     2 ( 50%)]	Learning rate: 1.00e-04	Loss: 1.684
Train Epoch: [  188/  500], Batch [     2/     2 (100%)]	Learning rate: 1.00e-04	Loss: 1.682
Train Epoch: [  189/  500], Batch [     1/     2 ( 50%)]	Learning rate: 1.00e-04	Loss: 1.673
Train Epoch: [  189/  500], Batch [     2/     2 (100%)]	Learning rate: 1.00e-04	Loss: 1.683
Train Epoch: [  190/  500], Batch [     1/     2 ( 50%)]	Learning rate: 1.00e-04	Loss: 1.688
Train Epoch: [  190/  500], Batch [     2/     2 (100%)]	Learning rate: 1.00e-04	Loss: 1.685
Train Epoch: [  190/  500], Batch [     2/     2 (100%)]	Learning rate: 1.00e-04	Loss: 1.682	Val Loss: 1.753
Train Epoch: [  191/  500], Batch [     1/     2 ( 50%)]	Learning rate: 1.00e-04	Loss: 1.676
Train Epoch: [  191/  500], Batch [     2/     2 (100%)]	Learning rate: 1.00e-04	Loss: 1.681
Train Epoch: [  192/  500], Batch [     1/     2 ( 50%)]	Learning rate: 1.00e-04	Loss: 1.692
Train Epoch: [  192/  500], Batch [     2/     2 (100%)]	Learning rate: 1.00e-04	Loss: 1.681
Train Epoch: [  193/  500], Batch [     1/     2 ( 50%)]	Learning rate: 1.00e-04	Loss: 1.678
Train Epoch: [  193/  500], Batch [     2/     2 (100%)]	Learning rate: 1.00e-04	Loss: 1.681
Train Epoch: [  194/  500], Batch [     1/     2 ( 50%)]	Learning rate: 1.00e-04	Loss: 1.685
Train Epoch: [  194/  500], Batch [     2/     2 (100%)]	Learning rate: 1.00e-04	Loss: 1.682
Train Epoch: [  195/  500], Batch [     1/     2 ( 50%)]	Learning rate: 1.00e-04	Loss: 1.686
Train Epoch: [  195/  500], Batch [     2/     2 (100%)]	Learning rate: 1.00e-04	Loss: 1.681
Train Epoch: [  195/  500], Batch [     2/     2 (100%)]	Learning rate: 1.00e-04	Loss: 1.681	Val Loss: 1.750
Train Epoch: [  196/  500], Batch [     1/     2 ( 50%)]	Learning rate: 1.00e-04	Loss: 1.684
Train Epoch: [  196/  500], Batch [     2/     2 (100%)]	Learning rate: 1.00e-04	Loss: 1.679
Train Epoch: [  197/  500], Batch [     1/     2 ( 50%)]	Learning rate: 1.00e-04	Loss: 1.681
Train Epoch: [  197/  500], Batch [     2/     2 (100%)]	Learning rate: 1.00e-04	Loss: 1.680
Train Epoch: [  198/  500], Batch [     1/     2 ( 50%)]	Learning rate: 1.00e-04	Loss: 1.692
Train Epoch: [  198/  500], Batch [     2/     2 (100%)]	Learning rate: 1.00e-04	Loss: 1.681
Train Epoch: [  199/  500], Batch [     1/     2 ( 50%)]	Learning rate: 1.00e-04	Loss: 1.683
Train Epoch: [  199/  500], Batch [     2/     2 (100%)]	Learning rate: 1.00e-04	Loss: 1.682
Train Epoch: [  200/  500], Batch [     1/     2 ( 50%)]	Learning rate: 1.00e-04	Loss: 1.668
Train Epoch: [  200/  500], Batch [     2/     2 (100%)]	Learning rate: 1.00e-04	Loss: 1.679
Train Epoch: [  200/  500], Batch [     2/     2 (100%)]	Learning rate: 1.00e-04	Loss: 1.679	Val Loss: 1.752
Train Epoch: [  201/  500], Batch [     1/     2 ( 50%)]	Learning rate: 1.00e-04	Loss: 1.666
Train Epoch: [  201/  500], Batch [     2/     2 (100%)]	Learning rate: 1.00e-04	Loss: 1.679
Train Epoch: [  202/  500], Batch [     1/     2 ( 50%)]	Learning rate: 1.00e-04	Loss: 1.670
Train Epoch: [  202/  500], Batch [     2/     2 (100%)]	Learning rate: 1.00e-04	Loss: 1.680
Train Epoch: [  203/  500], Batch [     1/     2 ( 50%)]	Learning rate: 1.00e-04	Loss: 1.684
Train Epoch: [  203/  500], Batch [     2/     2 (100%)]	Learning rate: 1.00e-04	Loss: 1.678
Train Epoch: [  204/  500], Batch [     1/     2 ( 50%)]	Learning rate: 1.00e-04	Loss: 1.680
Train Epoch: [  204/  500], Batch [     2/     2 (100%)]	Learning rate: 1.00e-04	Loss: 1.680
Train Epoch: [  205/  500], Batch [     1/     2 ( 50%)]	Learning rate: 1.00e-04	Loss: 1.674
Train Epoch: [  205/  500], Batch [     2/     2 (100%)]	Learning rate: 1.00e-04	Loss: 1.679
Train Epoch: [  205/  500], Batch [     2/     2 (100%)]	Learning rate: 1.00e-04	Loss: 1.679	Val Loss: 1.753
Train Epoch: [  206/  500], Batch [     1/     2 ( 50%)]	Learning rate: 1.00e-04	Loss: 1.680
Train Epoch: [  206/  500], Batch [     2/     2 (100%)]	Learning rate: 1.00e-04	Loss: 1.677
Train Epoch: [  207/  500], Batch [     1/     2 ( 50%)]	Learning rate: 1.00e-04	Loss: 1.670
Train Epoch: [  207/  500], Batch [     2/     2 (100%)]	Learning rate: 1.00e-04	Loss: 1.677
Train Epoch: [  208/  500], Batch [     1/     2 ( 50%)]	Learning rate: 1.00e-04	Loss: 1.686
Train Epoch: [  208/  500], Batch [     2/     2 (100%)]	Learning rate: 1.00e-04	Loss: 1.678
Train Epoch: [  209/  500], Batch [     1/     2 ( 50%)]	Learning rate: 1.00e-04	Loss: 1.678
Train Epoch: [  209/  500], Batch [     2/     2 (100%)]	Learning rate: 1.00e-04	Loss: 1.679
Train Epoch: [  210/  500], Batch [     1/     2 ( 50%)]	Learning rate: 1.00e-04	Loss: 1.675
Train Epoch: [  210/  500], Batch [     2/     2 (100%)]	Learning rate: 1.00e-04	Loss: 1.679
Train Epoch: [  210/  500], Batch [     2/     2 (100%)]	Learning rate: 1.00e-04	Loss: 1.676	Val Loss: 1.753
Train Epoch: [  211/  500], Batch [     1/     2 ( 50%)]	Learning rate: 1.00e-04	Loss: 1.685
Train Epoch: [  211/  500], Batch [     2/     2 (100%)]	Learning rate: 1.00e-04	Loss: 1.677
Train Epoch: [  212/  500], Batch [     1/     2 ( 50%)]	Learning rate: 1.00e-04	Loss: 1.674
Train Epoch: [  212/  500], Batch [     2/     2 (100%)]	Learning rate: 1.00e-04	Loss: 1.677
Train Epoch: [  213/  500], Batch [     1/     2 ( 50%)]	Learning rate: 1.00e-04	Loss: 1.679
Train Epoch: [  213/  500], Batch [     2/     2 (100%)]	Learning rate: 1.00e-04	Loss: 1.676
Train Epoch: [  214/  500], Batch [     1/     2 ( 50%)]	Learning rate: 1.00e-04	Loss: 1.675
Train Epoch: [  214/  500], Batch [     2/     2 (100%)]	Learning rate: 1.00e-04	Loss: 1.677
Train Epoch: [  215/  500], Batch [     1/     2 ( 50%)]	Learning rate: 1.00e-04	Loss: 1.671
Train Epoch: [  215/  500], Batch [     2/     2 (100%)]	Learning rate: 1.00e-04	Loss: 1.677
Train Epoch: [  215/  500], Batch [     2/     2 (100%)]	Learning rate: 1.00e-04	Loss: 1.677	Val Loss: 1.748
Train Epoch: [  216/  500], Batch [     1/     2 ( 50%)]	Learning rate: 1.00e-04	Loss: 1.675
Train Epoch: [  216/  500], Batch [     2/     2 (100%)]	Learning rate: 1.00e-04	Loss: 1.676
Train Epoch: [  217/  500], Batch [     1/     2 ( 50%)]	Learning rate: 1.00e-04	Loss: 1.672
Train Epoch: [  217/  500], Batch [     2/     2 (100%)]	Learning rate: 1.00e-04	Loss: 1.677
Train Epoch: [  218/  500], Batch [     1/     2 ( 50%)]	Learning rate: 1.00e-04	Loss: 1.685
Train Epoch: [  218/  500], Batch [     2/     2 (100%)]	Learning rate: 1.00e-04	Loss: 1.677
Train Epoch: [  219/  500], Batch [     1/     2 ( 50%)]	Learning rate: 1.00e-04	Loss: 1.676
Train Epoch: [  219/  500], Batch [     2/     2 (100%)]	Learning rate: 1.00e-04	Loss: 1.676
Train Epoch: [  220/  500], Batch [     1/     2 ( 50%)]	Learning rate: 1.00e-04	Loss: 1.674
Train Epoch: [  220/  500], Batch [     2/     2 (100%)]	Learning rate: 1.00e-04	Loss: 1.676
Train Epoch: [  220/  500], Batch [     2/     2 (100%)]	Learning rate: 1.00e-04	Loss: 1.676	Val Loss: 1.750
Train Epoch: [  221/  500], Batch [     1/     2 ( 50%)]	Learning rate: 1.00e-04	Loss: 1.663
Train Epoch: [  221/  500], Batch [     2/     2 (100%)]	Learning rate: 1.00e-04	Loss: 1.675
Train Epoch: [  222/  500], Batch [     1/     2 ( 50%)]	Learning rate: 1.00e-04	Loss: 1.676
Train Epoch: [  222/  500], Batch [     2/     2 (100%)]	Learning rate: 1.00e-04	Loss: 1.674
Train Epoch: [  223/  500], Batch [     1/     2 ( 50%)]	Learning rate: 1.00e-04	Loss: 1.682
Train Epoch: [  223/  500], Batch [     2/     2 (100%)]	Learning rate: 1.00e-04	Loss: 1.674
Train Epoch: [  224/  500], Batch [     1/     2 ( 50%)]	Learning rate: 1.00e-04	Loss: 1.676
Train Epoch: [  224/  500], Batch [     2/     2 (100%)]	Learning rate: 1.00e-04	Loss: 1.675
Train Epoch: [  225/  500], Batch [     1/     2 ( 50%)]	Learning rate: 1.00e-04	Loss: 1.668
Train Epoch: [  225/  500], Batch [     2/     2 (100%)]	Learning rate: 1.00e-04	Loss: 1.675
Train Epoch: [  225/  500], Batch [     2/     2 (100%)]	Learning rate: 1.00e-04	Loss: 1.674	Val Loss: 1.750
Train Epoch: [  226/  500], Batch [     1/     2 ( 50%)]	Learning rate: 1.00e-04	Loss: 1.673
Train Epoch: [  226/  500], Batch [     2/     2 (100%)]	Learning rate: 1.00e-04	Loss: 1.674
Train Epoch: [  227/  500], Batch [     1/     2 ( 50%)]	Learning rate: 1.00e-04	Loss: 1.672
Train Epoch: [  227/  500], Batch [     2/     2 (100%)]	Learning rate: 1.00e-04	Loss: 1.675
Train Epoch: [  228/  500], Batch [     1/     2 ( 50%)]	Learning rate: 1.00e-04	Loss: 1.667
Train Epoch: [  228/  500], Batch [     2/     2 (100%)]	Learning rate: 1.00e-04	Loss: 1.673
Train Epoch: [  229/  500], Batch [     1/     2 ( 50%)]	Learning rate: 1.00e-04	Loss: 1.669
Train Epoch: [  229/  500], Batch [     2/     2 (100%)]	Learning rate: 1.00e-04	Loss: 1.674
Train Epoch: [  230/  500], Batch [     1/     2 ( 50%)]	Learning rate: 1.00e-04	Loss: 1.675
Train Epoch: [  230/  500], Batch [     2/     2 (100%)]	Learning rate: 1.00e-04	Loss: 1.674
Train Epoch: [  230/  500], Batch [     2/     2 (100%)]	Learning rate: 1.00e-04	Loss: 1.674	Val Loss: 1.753
Train Epoch: [  231/  500], Batch [     1/     2 ( 50%)]	Learning rate: 1.00e-04	Loss: 1.670
Train Epoch: [  231/  500], Batch [     2/     2 (100%)]	Learning rate: 1.00e-04	Loss: 1.672
Train Epoch: [  232/  500], Batch [     1/     2 ( 50%)]	Learning rate: 1.00e-04	Loss: 1.684
Train Epoch: [  232/  500], Batch [     2/     2 (100%)]	Learning rate: 1.00e-04	Loss: 1.674
Train Epoch: [  233/  500], Batch [     1/     2 ( 50%)]	Learning rate: 1.00e-04	Loss: 1.672
Train Epoch: [  233/  500], Batch [     2/     2 (100%)]	Learning rate: 1.00e-04	Loss: 1.673
Train Epoch: [  234/  500], Batch [     1/     2 ( 50%)]	Learning rate: 1.00e-04	Loss: 1.670
Train Epoch: [  234/  500], Batch [     2/     2 (100%)]	Learning rate: 1.00e-04	Loss: 1.674
Train Epoch: [  235/  500], Batch [     1/     2 ( 50%)]	Learning rate: 1.00e-04	Loss: 1.672
Train Epoch: [  235/  500], Batch [     2/     2 (100%)]	Learning rate: 1.00e-04	Loss: 1.673
Train Epoch: [  235/  500], Batch [     2/     2 (100%)]	Learning rate: 1.00e-04	Loss: 1.674	Val Loss: 1.753

Learning rate adapted! New learning rate 1.000e-05

Train Epoch: [  236/  500], Batch [     1/     2 ( 50%)]	Learning rate: 1.00e-05	Loss: 1.674
Train Epoch: [  236/  500], Batch [     2/     2 (100%)]	Learning rate: 1.00e-05	Loss: 1.670
Train Epoch: [  237/  500], Batch [     1/     2 ( 50%)]	Learning rate: 1.00e-05	Loss: 1.668
Train Epoch: [  237/  500], Batch [     2/     2 (100%)]	Learning rate: 1.00e-05	Loss: 1.672
Train Epoch: [  238/  500], Batch [     1/     2 ( 50%)]	Learning rate: 1.00e-05	Loss: 1.678
Train Epoch: [  238/  500], Batch [     2/     2 (100%)]	Learning rate: 1.00e-05	Loss: 1.672
Train Epoch: [  239/  500], Batch [     1/     2 ( 50%)]	Learning rate: 1.00e-05	Loss: 1.672
Train Epoch: [  239/  500], Batch [     2/     2 (100%)]	Learning rate: 1.00e-05	Loss: 1.672
Train Epoch: [  240/  500], Batch [     1/     2 ( 50%)]	Learning rate: 1.00e-05	Loss: 1.667
Train Epoch: [  240/  500], Batch [     2/     2 (100%)]	Learning rate: 1.00e-05	Loss: 1.673
Train Epoch: [  240/  500], Batch [     2/     2 (100%)]	Learning rate: 1.00e-05	Loss: 1.673	Val Loss: 1.753

Learning rate adapted! New learning rate 1.000e-06

Train Epoch: [  241/  500], Batch [     1/     2 ( 50%)]	Learning rate: 1.00e-06	Loss: 1.680
Train Epoch: [  241/  500], Batch [     2/     2 (100%)]	Learning rate: 1.00e-06	Loss: 1.671
Train Epoch: [  242/  500], Batch [     1/     2 ( 50%)]	Learning rate: 1.00e-06	Loss: 1.681
Train Epoch: [  242/  500], Batch [     2/     2 (100%)]	Learning rate: 1.00e-06	Loss: 1.673
Train Epoch: [  243/  500], Batch [     1/     2 ( 50%)]	Learning rate: 1.00e-06	Loss: 1.668
Train Epoch: [  243/  500], Batch [     2/     2 (100%)]	Learning rate: 1.00e-06	Loss: 1.671
Train Epoch: [  244/  500], Batch [     1/     2 ( 50%)]	Learning rate: 1.00e-06	Loss: 1.668
Train Epoch: [  244/  500], Batch [     2/     2 (100%)]	Learning rate: 1.00e-06	Loss: 1.672
Train Epoch: [  245/  500], Batch [     1/     2 ( 50%)]	Learning rate: 1.00e-06	Loss: 1.675
Train Epoch: [  245/  500], Batch [     2/     2 (100%)]	Learning rate: 1.00e-06	Loss: 1.673
Train Epoch: [  245/  500], Batch [     2/     2 (100%)]	Learning rate: 1.00e-06	Loss: 1.672	Val Loss: 1.750
Model parameters: 148802
