Train Epoch: [    0/  500], Batch [     1/     2 ( 50%)]	Learning rate: 1.00e-03	Loss: 3.330
Train Epoch: [    0/  500], Batch [     2/     2 (100%)]	Learning rate: 1.00e-03	Loss: 3.314
Train Epoch: [    0/  500], Batch [     2/     2 (100%)]	Learning rate: 1.00e-03	Loss: 3.257	Val Loss: 3.092
Train Epoch: [    1/  500], Batch [     1/     2 ( 50%)]	Learning rate: 1.00e-03	Loss: 3.288
Train Epoch: [    1/  500], Batch [     2/     2 (100%)]	Learning rate: 1.00e-03	Loss: 3.253
Train Epoch: [    2/  500], Batch [     1/     2 ( 50%)]	Learning rate: 1.00e-03	Loss: 3.207
Train Epoch: [    2/  500], Batch [     2/     2 (100%)]	Learning rate: 1.00e-03	Loss: 3.187
Train Epoch: [    3/  500], Batch [     1/     2 ( 50%)]	Learning rate: 1.00e-03	Loss: 3.073
Train Epoch: [    3/  500], Batch [     2/     2 (100%)]	Learning rate: 1.00e-03	Loss: 3.065
Train Epoch: [    4/  500], Batch [     1/     2 ( 50%)]	Learning rate: 1.00e-03	Loss: 2.936
Train Epoch: [    4/  500], Batch [     2/     2 (100%)]	Learning rate: 1.00e-03	Loss: 2.925
Train Epoch: [    5/  500], Batch [     1/     2 ( 50%)]	Learning rate: 1.00e-03	Loss: 2.810
Train Epoch: [    5/  500], Batch [     2/     2 (100%)]	Learning rate: 1.00e-03	Loss: 2.761
Train Epoch: [    5/  500], Batch [     2/     2 (100%)]	Learning rate: 1.00e-03	Loss: 2.592	Val Loss: 2.478
Train Epoch: [    6/  500], Batch [     1/     2 ( 50%)]	Learning rate: 1.00e-03	Loss: 2.602
Train Epoch: [    6/  500], Batch [     2/     2 (100%)]	Learning rate: 1.00e-03	Loss: 2.575
Train Epoch: [    7/  500], Batch [     1/     2 ( 50%)]	Learning rate: 1.00e-03	Loss: 2.396
Train Epoch: [    7/  500], Batch [     2/     2 (100%)]	Learning rate: 1.00e-03	Loss: 2.388
Train Epoch: [    8/  500], Batch [     1/     2 ( 50%)]	Learning rate: 1.00e-03	Loss: 2.267
Train Epoch: [    8/  500], Batch [     2/     2 (100%)]	Learning rate: 1.00e-03	Loss: 2.246
Train Epoch: [    9/  500], Batch [     1/     2 ( 50%)]	Learning rate: 1.00e-03	Loss: 2.193
Train Epoch: [    9/  500], Batch [     2/     2 (100%)]	Learning rate: 1.00e-03	Loss: 2.178
Train Epoch: [   10/  500], Batch [     1/     2 ( 50%)]	Learning rate: 1.00e-03	Loss: 2.181
Train Epoch: [   10/  500], Batch [     2/     2 (100%)]	Learning rate: 1.00e-03	Loss: 2.183
Train Epoch: [   10/  500], Batch [     2/     2 (100%)]	Learning rate: 1.00e-03	Loss: 2.202	Val Loss: 2.169
Train Epoch: [   11/  500], Batch [     1/     2 ( 50%)]	Learning rate: 1.00e-03	Loss: 2.201
Train Epoch: [   11/  500], Batch [     2/     2 (100%)]	Learning rate: 1.00e-03	Loss: 2.201
Train Epoch: [   12/  500], Batch [     1/     2 ( 50%)]	Learning rate: 1.00e-03	Loss: 2.200
Train Epoch: [   12/  500], Batch [     2/     2 (100%)]	Learning rate: 1.00e-03	Loss: 2.193
Train Epoch: [   13/  500], Batch [     1/     2 ( 50%)]	Learning rate: 1.00e-03	Loss: 2.159
Train Epoch: [   13/  500], Batch [     2/     2 (100%)]	Learning rate: 1.00e-03	Loss: 2.162
Train Epoch: [   14/  500], Batch [     1/     2 ( 50%)]	Learning rate: 1.00e-03	Loss: 2.123
Train Epoch: [   14/  500], Batch [     2/     2 (100%)]	Learning rate: 1.00e-03	Loss: 2.126
Train Epoch: [   15/  500], Batch [     1/     2 ( 50%)]	Learning rate: 1.00e-03	Loss: 2.090
Train Epoch: [   15/  500], Batch [     2/     2 (100%)]	Learning rate: 1.00e-03	Loss: 2.095
Train Epoch: [   15/  500], Batch [     2/     2 (100%)]	Learning rate: 1.00e-03	Loss: 2.070	Val Loss: 2.020
Train Epoch: [   16/  500], Batch [     1/     2 ( 50%)]	Learning rate: 1.00e-03	Loss: 2.074
Train Epoch: [   16/  500], Batch [     2/     2 (100%)]	Learning rate: 1.00e-03	Loss: 2.067
Train Epoch: [   17/  500], Batch [     1/     2 ( 50%)]	Learning rate: 1.00e-03	Loss: 2.047
Train Epoch: [   17/  500], Batch [     2/     2 (100%)]	Learning rate: 1.00e-03	Loss: 2.044
Train Epoch: [   18/  500], Batch [     1/     2 ( 50%)]	Learning rate: 1.00e-03	Loss: 2.033
Train Epoch: [   18/  500], Batch [     2/     2 (100%)]	Learning rate: 1.00e-03	Loss: 2.028
Train Epoch: [   19/  500], Batch [     1/     2 ( 50%)]	Learning rate: 1.00e-03	Loss: 2.020
Train Epoch: [   19/  500], Batch [     2/     2 (100%)]	Learning rate: 1.00e-03	Loss: 2.019
Train Epoch: [   20/  500], Batch [     1/     2 ( 50%)]	Learning rate: 1.00e-03	Loss: 2.010
Train Epoch: [   20/  500], Batch [     2/     2 (100%)]	Learning rate: 1.00e-03	Loss: 2.010
Train Epoch: [   20/  500], Batch [     2/     2 (100%)]	Learning rate: 1.00e-03	Loss: 2.003	Val Loss: 1.947
Train Epoch: [   21/  500], Batch [     1/     2 ( 50%)]	Learning rate: 1.00e-03	Loss: 1.997
Train Epoch: [   21/  500], Batch [     2/     2 (100%)]	Learning rate: 1.00e-03	Loss: 2.003
Train Epoch: [   22/  500], Batch [     1/     2 ( 50%)]	Learning rate: 1.00e-03	Loss: 2.000
Train Epoch: [   22/  500], Batch [     2/     2 (100%)]	Learning rate: 1.00e-03	Loss: 2.000
Train Epoch: [   23/  500], Batch [     1/     2 ( 50%)]	Learning rate: 1.00e-03	Loss: 2.010
Train Epoch: [   23/  500], Batch [     2/     2 (100%)]	Learning rate: 1.00e-03	Loss: 2.000
Train Epoch: [   24/  500], Batch [     1/     2 ( 50%)]	Learning rate: 1.00e-03	Loss: 1.983
Train Epoch: [   24/  500], Batch [     2/     2 (100%)]	Learning rate: 1.00e-03	Loss: 1.996
Train Epoch: [   25/  500], Batch [     1/     2 ( 50%)]	Learning rate: 1.00e-03	Loss: 1.987
Train Epoch: [   25/  500], Batch [     2/     2 (100%)]	Learning rate: 1.00e-03	Loss: 1.990
Train Epoch: [   25/  500], Batch [     2/     2 (100%)]	Learning rate: 1.00e-03	Loss: 1.984	Val Loss: 1.939
Train Epoch: [   26/  500], Batch [     1/     2 ( 50%)]	Learning rate: 1.00e-03	Loss: 1.982
Train Epoch: [   26/  500], Batch [     2/     2 (100%)]	Learning rate: 1.00e-03	Loss: 1.985
Train Epoch: [   27/  500], Batch [     1/     2 ( 50%)]	Learning rate: 1.00e-03	Loss: 1.983
Train Epoch: [   27/  500], Batch [     2/     2 (100%)]	Learning rate: 1.00e-03	Loss: 1.979
Train Epoch: [   28/  500], Batch [     1/     2 ( 50%)]	Learning rate: 1.00e-03	Loss: 1.974
Train Epoch: [   28/  500], Batch [     2/     2 (100%)]	Learning rate: 1.00e-03	Loss: 1.974
Train Epoch: [   29/  500], Batch [     1/     2 ( 50%)]	Learning rate: 1.00e-03	Loss: 1.975
Train Epoch: [   29/  500], Batch [     2/     2 (100%)]	Learning rate: 1.00e-03	Loss: 1.972
Train Epoch: [   30/  500], Batch [     1/     2 ( 50%)]	Learning rate: 1.00e-03	Loss: 1.968
Train Epoch: [   30/  500], Batch [     2/     2 (100%)]	Learning rate: 1.00e-03	Loss: 1.969
Train Epoch: [   30/  500], Batch [     2/     2 (100%)]	Learning rate: 1.00e-03	Loss: 1.964	Val Loss: 1.914
Train Epoch: [   31/  500], Batch [     1/     2 ( 50%)]	Learning rate: 1.00e-03	Loss: 1.961
Train Epoch: [   31/  500], Batch [     2/     2 (100%)]	Learning rate: 1.00e-03	Loss: 1.964
Train Epoch: [   32/  500], Batch [     1/     2 ( 50%)]	Learning rate: 1.00e-03	Loss: 1.957
Train Epoch: [   32/  500], Batch [     2/     2 (100%)]	Learning rate: 1.00e-03	Loss: 1.958
Train Epoch: [   33/  500], Batch [     1/     2 ( 50%)]	Learning rate: 1.00e-03	Loss: 1.951
Train Epoch: [   33/  500], Batch [     2/     2 (100%)]	Learning rate: 1.00e-03	Loss: 1.952
Train Epoch: [   34/  500], Batch [     1/     2 ( 50%)]	Learning rate: 1.00e-03	Loss: 1.947
Train Epoch: [   34/  500], Batch [     2/     2 (100%)]	Learning rate: 1.00e-03	Loss: 1.946
Train Epoch: [   35/  500], Batch [     1/     2 ( 50%)]	Learning rate: 1.00e-03	Loss: 1.936
Train Epoch: [   35/  500], Batch [     2/     2 (100%)]	Learning rate: 1.00e-03	Loss: 1.940
Train Epoch: [   35/  500], Batch [     2/     2 (100%)]	Learning rate: 1.00e-03	Loss: 1.935	Val Loss: 1.887
Train Epoch: [   36/  500], Batch [     1/     2 ( 50%)]	Learning rate: 1.00e-03	Loss: 1.936
Train Epoch: [   36/  500], Batch [     2/     2 (100%)]	Learning rate: 1.00e-03	Loss: 1.934
Train Epoch: [   37/  500], Batch [     1/     2 ( 50%)]	Learning rate: 1.00e-03	Loss: 1.935
Train Epoch: [   37/  500], Batch [     2/     2 (100%)]	Learning rate: 1.00e-03	Loss: 1.927
Train Epoch: [   38/  500], Batch [     1/     2 ( 50%)]	Learning rate: 1.00e-03	Loss: 1.930
Train Epoch: [   38/  500], Batch [     2/     2 (100%)]	Learning rate: 1.00e-03	Loss: 1.922
Train Epoch: [   39/  500], Batch [     1/     2 ( 50%)]	Learning rate: 1.00e-03	Loss: 1.919
Train Epoch: [   39/  500], Batch [     2/     2 (100%)]	Learning rate: 1.00e-03	Loss: 1.916
Train Epoch: [   40/  500], Batch [     1/     2 ( 50%)]	Learning rate: 1.00e-03	Loss: 1.914
Train Epoch: [   40/  500], Batch [     2/     2 (100%)]	Learning rate: 1.00e-03	Loss: 1.910
Train Epoch: [   40/  500], Batch [     2/     2 (100%)]	Learning rate: 1.00e-03	Loss: 1.904	Val Loss: 1.857
Train Epoch: [   41/  500], Batch [     1/     2 ( 50%)]	Learning rate: 1.00e-03	Loss: 1.904
Train Epoch: [   41/  500], Batch [     2/     2 (100%)]	Learning rate: 1.00e-03	Loss: 1.904
Train Epoch: [   42/  500], Batch [     1/     2 ( 50%)]	Learning rate: 1.00e-03	Loss: 1.899
Train Epoch: [   42/  500], Batch [     2/     2 (100%)]	Learning rate: 1.00e-03	Loss: 1.899
Train Epoch: [   43/  500], Batch [     1/     2 ( 50%)]	Learning rate: 1.00e-03	Loss: 1.900
Train Epoch: [   43/  500], Batch [     2/     2 (100%)]	Learning rate: 1.00e-03	Loss: 1.895
Train Epoch: [   44/  500], Batch [     1/     2 ( 50%)]	Learning rate: 1.00e-03	Loss: 1.895
Train Epoch: [   44/  500], Batch [     2/     2 (100%)]	Learning rate: 1.00e-03	Loss: 1.890
Train Epoch: [   45/  500], Batch [     1/     2 ( 50%)]	Learning rate: 1.00e-03	Loss: 1.891
Train Epoch: [   45/  500], Batch [     2/     2 (100%)]	Learning rate: 1.00e-03	Loss: 1.887
Train Epoch: [   45/  500], Batch [     2/     2 (100%)]	Learning rate: 1.00e-03	Loss: 1.882	Val Loss: 1.837
Train Epoch: [   46/  500], Batch [     1/     2 ( 50%)]	Learning rate: 1.00e-03	Loss: 1.882
Train Epoch: [   46/  500], Batch [     2/     2 (100%)]	Learning rate: 1.00e-03	Loss: 1.883
Train Epoch: [   47/  500], Batch [     1/     2 ( 50%)]	Learning rate: 1.00e-03	Loss: 1.882
Train Epoch: [   47/  500], Batch [     2/     2 (100%)]	Learning rate: 1.00e-03	Loss: 1.881
Train Epoch: [   48/  500], Batch [     1/     2 ( 50%)]	Learning rate: 1.00e-03	Loss: 1.877
Train Epoch: [   48/  500], Batch [     2/     2 (100%)]	Learning rate: 1.00e-03	Loss: 1.876
Train Epoch: [   49/  500], Batch [     1/     2 ( 50%)]	Learning rate: 1.00e-03	Loss: 1.861
Train Epoch: [   49/  500], Batch [     2/     2 (100%)]	Learning rate: 1.00e-03	Loss: 1.873
Train Epoch: [   50/  500], Batch [     1/     2 ( 50%)]	Learning rate: 1.00e-03	Loss: 1.862
Train Epoch: [   50/  500], Batch [     2/     2 (100%)]	Learning rate: 1.00e-03	Loss: 1.871
Train Epoch: [   50/  500], Batch [     2/     2 (100%)]	Learning rate: 1.00e-03	Loss: 1.868	Val Loss: 1.823
Train Epoch: [   51/  500], Batch [     1/     2 ( 50%)]	Learning rate: 1.00e-03	Loss: 1.862
Train Epoch: [   51/  500], Batch [     2/     2 (100%)]	Learning rate: 1.00e-03	Loss: 1.867
Train Epoch: [   52/  500], Batch [     1/     2 ( 50%)]	Learning rate: 1.00e-03	Loss: 1.858
Train Epoch: [   52/  500], Batch [     2/     2 (100%)]	Learning rate: 1.00e-03	Loss: 1.865
Train Epoch: [   53/  500], Batch [     1/     2 ( 50%)]	Learning rate: 1.00e-03	Loss: 1.864
Train Epoch: [   53/  500], Batch [     2/     2 (100%)]	Learning rate: 1.00e-03	Loss: 1.864
Train Epoch: [   54/  500], Batch [     1/     2 ( 50%)]	Learning rate: 1.00e-03	Loss: 1.861
Train Epoch: [   54/  500], Batch [     2/     2 (100%)]	Learning rate: 1.00e-03	Loss: 1.860
Train Epoch: [   55/  500], Batch [     1/     2 ( 50%)]	Learning rate: 1.00e-03	Loss: 1.855
Train Epoch: [   55/  500], Batch [     2/     2 (100%)]	Learning rate: 1.00e-03	Loss: 1.856
Train Epoch: [   55/  500], Batch [     2/     2 (100%)]	Learning rate: 1.00e-03	Loss: 1.854	Val Loss: 1.809
Train Epoch: [   56/  500], Batch [     1/     2 ( 50%)]	Learning rate: 1.00e-03	Loss: 1.866
Train Epoch: [   56/  500], Batch [     2/     2 (100%)]	Learning rate: 1.00e-03	Loss: 1.853
Train Epoch: [   57/  500], Batch [     1/     2 ( 50%)]	Learning rate: 1.00e-03	Loss: 1.861
Train Epoch: [   57/  500], Batch [     2/     2 (100%)]	Learning rate: 1.00e-03	Loss: 1.852
Train Epoch: [   58/  500], Batch [     1/     2 ( 50%)]	Learning rate: 1.00e-03	Loss: 1.853
Train Epoch: [   58/  500], Batch [     2/     2 (100%)]	Learning rate: 1.00e-03	Loss: 1.848
Train Epoch: [   59/  500], Batch [     1/     2 ( 50%)]	Learning rate: 1.00e-03	Loss: 1.848
Train Epoch: [   59/  500], Batch [     2/     2 (100%)]	Learning rate: 1.00e-03	Loss: 1.846
Train Epoch: [   60/  500], Batch [     1/     2 ( 50%)]	Learning rate: 1.00e-03	Loss: 1.840
Train Epoch: [   60/  500], Batch [     2/     2 (100%)]	Learning rate: 1.00e-03	Loss: 1.842
Train Epoch: [   60/  500], Batch [     2/     2 (100%)]	Learning rate: 1.00e-03	Loss: 1.839	Val Loss: 1.798
Train Epoch: [   61/  500], Batch [     1/     2 ( 50%)]	Learning rate: 1.00e-03	Loss: 1.831
Train Epoch: [   61/  500], Batch [     2/     2 (100%)]	Learning rate: 1.00e-03	Loss: 1.838
Train Epoch: [   62/  500], Batch [     1/     2 ( 50%)]	Learning rate: 1.00e-03	Loss: 1.839
Train Epoch: [   62/  500], Batch [     2/     2 (100%)]	Learning rate: 1.00e-03	Loss: 1.836
Train Epoch: [   63/  500], Batch [     1/     2 ( 50%)]	Learning rate: 1.00e-03	Loss: 1.830
Train Epoch: [   63/  500], Batch [     2/     2 (100%)]	Learning rate: 1.00e-03	Loss: 1.833
Train Epoch: [   64/  500], Batch [     1/     2 ( 50%)]	Learning rate: 1.00e-03	Loss: 1.835
Train Epoch: [   64/  500], Batch [     2/     2 (100%)]	Learning rate: 1.00e-03	Loss: 1.829
Train Epoch: [   65/  500], Batch [     1/     2 ( 50%)]	Learning rate: 1.00e-03	Loss: 1.817
Train Epoch: [   65/  500], Batch [     2/     2 (100%)]	Learning rate: 1.00e-03	Loss: 1.826
Train Epoch: [   65/  500], Batch [     2/     2 (100%)]	Learning rate: 1.00e-03	Loss: 1.823	Val Loss: 1.782
Train Epoch: [   66/  500], Batch [     1/     2 ( 50%)]	Learning rate: 1.00e-03	Loss: 1.828
Train Epoch: [   66/  500], Batch [     2/     2 (100%)]	Learning rate: 1.00e-03	Loss: 1.823
Train Epoch: [   67/  500], Batch [     1/     2 ( 50%)]	Learning rate: 1.00e-03	Loss: 1.831
Train Epoch: [   67/  500], Batch [     2/     2 (100%)]	Learning rate: 1.00e-03	Loss: 1.820
Train Epoch: [   68/  500], Batch [     1/     2 ( 50%)]	Learning rate: 1.00e-03	Loss: 1.822
Train Epoch: [   68/  500], Batch [     2/     2 (100%)]	Learning rate: 1.00e-03	Loss: 1.818
Train Epoch: [   69/  500], Batch [     1/     2 ( 50%)]	Learning rate: 1.00e-03	Loss: 1.814
Train Epoch: [   69/  500], Batch [     2/     2 (100%)]	Learning rate: 1.00e-03	Loss: 1.815
Train Epoch: [   70/  500], Batch [     1/     2 ( 50%)]	Learning rate: 1.00e-03	Loss: 1.813
Train Epoch: [   70/  500], Batch [     2/     2 (100%)]	Learning rate: 1.00e-03	Loss: 1.814
Train Epoch: [   70/  500], Batch [     2/     2 (100%)]	Learning rate: 1.00e-03	Loss: 1.810	Val Loss: 1.775
Train Epoch: [   71/  500], Batch [     1/     2 ( 50%)]	Learning rate: 1.00e-03	Loss: 1.809
Train Epoch: [   71/  500], Batch [     2/     2 (100%)]	Learning rate: 1.00e-03	Loss: 1.809
Train Epoch: [   72/  500], Batch [     1/     2 ( 50%)]	Learning rate: 1.00e-03	Loss: 1.811
Train Epoch: [   72/  500], Batch [     2/     2 (100%)]	Learning rate: 1.00e-03	Loss: 1.806
Train Epoch: [   73/  500], Batch [     1/     2 ( 50%)]	Learning rate: 1.00e-03	Loss: 1.802
Train Epoch: [   73/  500], Batch [     2/     2 (100%)]	Learning rate: 1.00e-03	Loss: 1.803
Train Epoch: [   74/  500], Batch [     1/     2 ( 50%)]	Learning rate: 1.00e-03	Loss: 1.804
Train Epoch: [   74/  500], Batch [     2/     2 (100%)]	Learning rate: 1.00e-03	Loss: 1.802
Train Epoch: [   75/  500], Batch [     1/     2 ( 50%)]	Learning rate: 1.00e-03	Loss: 1.793
Train Epoch: [   75/  500], Batch [     2/     2 (100%)]	Learning rate: 1.00e-03	Loss: 1.800
Train Epoch: [   75/  500], Batch [     2/     2 (100%)]	Learning rate: 1.00e-03	Loss: 1.798	Val Loss: 1.763
Train Epoch: [   76/  500], Batch [     1/     2 ( 50%)]	Learning rate: 1.00e-03	Loss: 1.793
Train Epoch: [   76/  500], Batch [     2/     2 (100%)]	Learning rate: 1.00e-03	Loss: 1.796
Train Epoch: [   77/  500], Batch [     1/     2 ( 50%)]	Learning rate: 1.00e-03	Loss: 1.789
Train Epoch: [   77/  500], Batch [     2/     2 (100%)]	Learning rate: 1.00e-03	Loss: 1.794
Train Epoch: [   78/  500], Batch [     1/     2 ( 50%)]	Learning rate: 1.00e-03	Loss: 1.790
Train Epoch: [   78/  500], Batch [     2/     2 (100%)]	Learning rate: 1.00e-03	Loss: 1.793
Train Epoch: [   79/  500], Batch [     1/     2 ( 50%)]	Learning rate: 1.00e-03	Loss: 1.796
Train Epoch: [   79/  500], Batch [     2/     2 (100%)]	Learning rate: 1.00e-03	Loss: 1.791
Train Epoch: [   80/  500], Batch [     1/     2 ( 50%)]	Learning rate: 1.00e-03	Loss: 1.785
Train Epoch: [   80/  500], Batch [     2/     2 (100%)]	Learning rate: 1.00e-03	Loss: 1.789
Train Epoch: [   80/  500], Batch [     2/     2 (100%)]	Learning rate: 1.00e-03	Loss: 1.790	Val Loss: 1.764
Train Epoch: [   81/  500], Batch [     1/     2 ( 50%)]	Learning rate: 1.00e-03	Loss: 1.784
Train Epoch: [   81/  500], Batch [     2/     2 (100%)]	Learning rate: 1.00e-03	Loss: 1.790
Train Epoch: [   82/  500], Batch [     1/     2 ( 50%)]	Learning rate: 1.00e-03	Loss: 1.772
Train Epoch: [   82/  500], Batch [     2/     2 (100%)]	Learning rate: 1.00e-03	Loss: 1.784
Train Epoch: [   83/  500], Batch [     1/     2 ( 50%)]	Learning rate: 1.00e-03	Loss: 1.785
Train Epoch: [   83/  500], Batch [     2/     2 (100%)]	Learning rate: 1.00e-03	Loss: 1.783
Train Epoch: [   84/  500], Batch [     1/     2 ( 50%)]	Learning rate: 1.00e-03	Loss: 1.796
Train Epoch: [   84/  500], Batch [     2/     2 (100%)]	Learning rate: 1.00e-03	Loss: 1.781
Train Epoch: [   85/  500], Batch [     1/     2 ( 50%)]	Learning rate: 1.00e-03	Loss: 1.787
Train Epoch: [   85/  500], Batch [     2/     2 (100%)]	Learning rate: 1.00e-03	Loss: 1.781
Train Epoch: [   85/  500], Batch [     2/     2 (100%)]	Learning rate: 1.00e-03	Loss: 1.783	Val Loss: 1.760
Train Epoch: [   86/  500], Batch [     1/     2 ( 50%)]	Learning rate: 1.00e-03	Loss: 1.782
Train Epoch: [   86/  500], Batch [     2/     2 (100%)]	Learning rate: 1.00e-03	Loss: 1.780
Train Epoch: [   87/  500], Batch [     1/     2 ( 50%)]	Learning rate: 1.00e-03	Loss: 1.782
Train Epoch: [   87/  500], Batch [     2/     2 (100%)]	Learning rate: 1.00e-03	Loss: 1.780
Train Epoch: [   88/  500], Batch [     1/     2 ( 50%)]	Learning rate: 1.00e-03	Loss: 1.785
Train Epoch: [   88/  500], Batch [     2/     2 (100%)]	Learning rate: 1.00e-03	Loss: 1.778
Train Epoch: [   89/  500], Batch [     1/     2 ( 50%)]	Learning rate: 1.00e-03	Loss: 1.767
Train Epoch: [   89/  500], Batch [     2/     2 (100%)]	Learning rate: 1.00e-03	Loss: 1.775
Train Epoch: [   90/  500], Batch [     1/     2 ( 50%)]	Learning rate: 1.00e-03	Loss: 1.776
Train Epoch: [   90/  500], Batch [     2/     2 (100%)]	Learning rate: 1.00e-03	Loss: 1.777
Train Epoch: [   90/  500], Batch [     2/     2 (100%)]	Learning rate: 1.00e-03	Loss: 1.790	Val Loss: 1.774
Train Epoch: [   91/  500], Batch [     1/     2 ( 50%)]	Learning rate: 1.00e-03	Loss: 1.796
Train Epoch: [   91/  500], Batch [     2/     2 (100%)]	Learning rate: 1.00e-03	Loss: 1.788
Train Epoch: [   92/  500], Batch [     1/     2 ( 50%)]	Learning rate: 1.00e-03	Loss: 1.768
Train Epoch: [   92/  500], Batch [     2/     2 (100%)]	Learning rate: 1.00e-03	Loss: 1.773
Train Epoch: [   93/  500], Batch [     1/     2 ( 50%)]	Learning rate: 1.00e-03	Loss: 1.772
Train Epoch: [   93/  500], Batch [     2/     2 (100%)]	Learning rate: 1.00e-03	Loss: 1.773
Train Epoch: [   94/  500], Batch [     1/     2 ( 50%)]	Learning rate: 1.00e-03	Loss: 1.778
Train Epoch: [   94/  500], Batch [     2/     2 (100%)]	Learning rate: 1.00e-03	Loss: 1.781
Train Epoch: [   95/  500], Batch [     1/     2 ( 50%)]	Learning rate: 1.00e-03	Loss: 1.779
Train Epoch: [   95/  500], Batch [     2/     2 (100%)]	Learning rate: 1.00e-03	Loss: 1.768
Train Epoch: [   95/  500], Batch [     2/     2 (100%)]	Learning rate: 1.00e-03	Loss: 1.770	Val Loss: 1.752
Train Epoch: [   96/  500], Batch [     1/     2 ( 50%)]	Learning rate: 1.00e-03	Loss: 1.772
Train Epoch: [   96/  500], Batch [     2/     2 (100%)]	Learning rate: 1.00e-03	Loss: 1.769
Train Epoch: [   97/  500], Batch [     1/     2 ( 50%)]	Learning rate: 1.00e-03	Loss: 1.771
Train Epoch: [   97/  500], Batch [     2/     2 (100%)]	Learning rate: 1.00e-03	Loss: 1.771
Train Epoch: [   98/  500], Batch [     1/     2 ( 50%)]	Learning rate: 1.00e-03	Loss: 1.769
Train Epoch: [   98/  500], Batch [     2/     2 (100%)]	Learning rate: 1.00e-03	Loss: 1.765
Train Epoch: [   99/  500], Batch [     1/     2 ( 50%)]	Learning rate: 1.00e-03	Loss: 1.771
Train Epoch: [   99/  500], Batch [     2/     2 (100%)]	Learning rate: 1.00e-03	Loss: 1.767
Train Epoch: [  100/  500], Batch [     1/     2 ( 50%)]	Learning rate: 1.00e-03	Loss: 1.759
Train Epoch: [  100/  500], Batch [     2/     2 (100%)]	Learning rate: 1.00e-03	Loss: 1.768
Train Epoch: [  100/  500], Batch [     2/     2 (100%)]	Learning rate: 1.00e-03	Loss: 1.764	Val Loss: 1.749
Train Epoch: [  101/  500], Batch [     1/     2 ( 50%)]	Learning rate: 1.00e-03	Loss: 1.765
Train Epoch: [  101/  500], Batch [     2/     2 (100%)]	Learning rate: 1.00e-03	Loss: 1.763
Train Epoch: [  102/  500], Batch [     1/     2 ( 50%)]	Learning rate: 1.00e-03	Loss: 1.759
Train Epoch: [  102/  500], Batch [     2/     2 (100%)]	Learning rate: 1.00e-03	Loss: 1.762
Train Epoch: [  103/  500], Batch [     1/     2 ( 50%)]	Learning rate: 1.00e-03	Loss: 1.754
Train Epoch: [  103/  500], Batch [     2/     2 (100%)]	Learning rate: 1.00e-03	Loss: 1.758
Train Epoch: [  104/  500], Batch [     1/     2 ( 50%)]	Learning rate: 1.00e-03	Loss: 1.758
Train Epoch: [  104/  500], Batch [     2/     2 (100%)]	Learning rate: 1.00e-03	Loss: 1.760
Train Epoch: [  105/  500], Batch [     1/     2 ( 50%)]	Learning rate: 1.00e-03	Loss: 1.766
Train Epoch: [  105/  500], Batch [     2/     2 (100%)]	Learning rate: 1.00e-03	Loss: 1.758
Train Epoch: [  105/  500], Batch [     2/     2 (100%)]	Learning rate: 1.00e-03	Loss: 1.755	Val Loss: 1.745
Train Epoch: [  106/  500], Batch [     1/     2 ( 50%)]	Learning rate: 1.00e-03	Loss: 1.750
Train Epoch: [  106/  500], Batch [     2/     2 (100%)]	Learning rate: 1.00e-03	Loss: 1.755
Train Epoch: [  107/  500], Batch [     1/     2 ( 50%)]	Learning rate: 1.00e-03	Loss: 1.767
Train Epoch: [  107/  500], Batch [     2/     2 (100%)]	Learning rate: 1.00e-03	Loss: 1.756
Train Epoch: [  108/  500], Batch [     1/     2 ( 50%)]	Learning rate: 1.00e-03	Loss: 1.755
Train Epoch: [  108/  500], Batch [     2/     2 (100%)]	Learning rate: 1.00e-03	Loss: 1.757
Train Epoch: [  109/  500], Batch [     1/     2 ( 50%)]	Learning rate: 1.00e-03	Loss: 1.759
Train Epoch: [  109/  500], Batch [     2/     2 (100%)]	Learning rate: 1.00e-03	Loss: 1.756
Train Epoch: [  110/  500], Batch [     1/     2 ( 50%)]	Learning rate: 1.00e-03	Loss: 1.754
Train Epoch: [  110/  500], Batch [     2/     2 (100%)]	Learning rate: 1.00e-03	Loss: 1.754
Train Epoch: [  110/  500], Batch [     2/     2 (100%)]	Learning rate: 1.00e-03	Loss: 1.750	Val Loss: 1.741
Train Epoch: [  111/  500], Batch [     1/     2 ( 50%)]	Learning rate: 1.00e-03	Loss: 1.734
Train Epoch: [  111/  500], Batch [     2/     2 (100%)]	Learning rate: 1.00e-03	Loss: 1.750
Train Epoch: [  112/  500], Batch [     1/     2 ( 50%)]	Learning rate: 1.00e-03	Loss: 1.755
Train Epoch: [  112/  500], Batch [     2/     2 (100%)]	Learning rate: 1.00e-03	Loss: 1.751
Train Epoch: [  113/  500], Batch [     1/     2 ( 50%)]	Learning rate: 1.00e-03	Loss: 1.765
Train Epoch: [  113/  500], Batch [     2/     2 (100%)]	Learning rate: 1.00e-03	Loss: 1.755
Train Epoch: [  114/  500], Batch [     1/     2 ( 50%)]	Learning rate: 1.00e-03	Loss: 1.739
Train Epoch: [  114/  500], Batch [     2/     2 (100%)]	Learning rate: 1.00e-03	Loss: 1.752
Train Epoch: [  115/  500], Batch [     1/     2 ( 50%)]	Learning rate: 1.00e-03	Loss: 1.744
Train Epoch: [  115/  500], Batch [     2/     2 (100%)]	Learning rate: 1.00e-03	Loss: 1.748
Train Epoch: [  115/  500], Batch [     2/     2 (100%)]	Learning rate: 1.00e-03	Loss: 1.760	Val Loss: 1.755
Train Epoch: [  116/  500], Batch [     1/     2 ( 50%)]	Learning rate: 1.00e-03	Loss: 1.755
Train Epoch: [  116/  500], Batch [     2/     2 (100%)]	Learning rate: 1.00e-03	Loss: 1.759
Train Epoch: [  117/  500], Batch [     1/     2 ( 50%)]	Learning rate: 1.00e-03	Loss: 1.756
Train Epoch: [  117/  500], Batch [     2/     2 (100%)]	Learning rate: 1.00e-03	Loss: 1.750
Train Epoch: [  118/  500], Batch [     1/     2 ( 50%)]	Learning rate: 1.00e-03	Loss: 1.752
Train Epoch: [  118/  500], Batch [     2/     2 (100%)]	Learning rate: 1.00e-03	Loss: 1.746
Train Epoch: [  119/  500], Batch [     1/     2 ( 50%)]	Learning rate: 1.00e-03	Loss: 1.742
Train Epoch: [  119/  500], Batch [     2/     2 (100%)]	Learning rate: 1.00e-03	Loss: 1.747
Train Epoch: [  120/  500], Batch [     1/     2 ( 50%)]	Learning rate: 1.00e-03	Loss: 1.746
Train Epoch: [  120/  500], Batch [     2/     2 (100%)]	Learning rate: 1.00e-03	Loss: 1.745
Train Epoch: [  120/  500], Batch [     2/     2 (100%)]	Learning rate: 1.00e-03	Loss: 1.741	Val Loss: 1.738
Train Epoch: [  121/  500], Batch [     1/     2 ( 50%)]	Learning rate: 1.00e-03	Loss: 1.735
Train Epoch: [  121/  500], Batch [     2/     2 (100%)]	Learning rate: 1.00e-03	Loss: 1.740
Train Epoch: [  122/  500], Batch [     1/     2 ( 50%)]	Learning rate: 1.00e-03	Loss: 1.745
Train Epoch: [  122/  500], Batch [     2/     2 (100%)]	Learning rate: 1.00e-03	Loss: 1.743
Train Epoch: [  123/  500], Batch [     1/     2 ( 50%)]	Learning rate: 1.00e-03	Loss: 1.737
Train Epoch: [  123/  500], Batch [     2/     2 (100%)]	Learning rate: 1.00e-03	Loss: 1.740
Train Epoch: [  124/  500], Batch [     1/     2 ( 50%)]	Learning rate: 1.00e-03	Loss: 1.753
Train Epoch: [  124/  500], Batch [     2/     2 (100%)]	Learning rate: 1.00e-03	Loss: 1.739
Train Epoch: [  125/  500], Batch [     1/     2 ( 50%)]	Learning rate: 1.00e-03	Loss: 1.743
Train Epoch: [  125/  500], Batch [     2/     2 (100%)]	Learning rate: 1.00e-03	Loss: 1.740
Train Epoch: [  125/  500], Batch [     2/     2 (100%)]	Learning rate: 1.00e-03	Loss: 1.735	Val Loss: 1.737
Train Epoch: [  126/  500], Batch [     1/     2 ( 50%)]	Learning rate: 1.00e-03	Loss: 1.734
Train Epoch: [  126/  500], Batch [     2/     2 (100%)]	Learning rate: 1.00e-03	Loss: 1.737
Train Epoch: [  127/  500], Batch [     1/     2 ( 50%)]	Learning rate: 1.00e-03	Loss: 1.733
Train Epoch: [  127/  500], Batch [     2/     2 (100%)]	Learning rate: 1.00e-03	Loss: 1.735
Train Epoch: [  128/  500], Batch [     1/     2 ( 50%)]	Learning rate: 1.00e-03	Loss: 1.744
Train Epoch: [  128/  500], Batch [     2/     2 (100%)]	Learning rate: 1.00e-03	Loss: 1.735
Train Epoch: [  129/  500], Batch [     1/     2 ( 50%)]	Learning rate: 1.00e-03	Loss: 1.728
Train Epoch: [  129/  500], Batch [     2/     2 (100%)]	Learning rate: 1.00e-03	Loss: 1.733
Train Epoch: [  130/  500], Batch [     1/     2 ( 50%)]	Learning rate: 1.00e-03	Loss: 1.738
Train Epoch: [  130/  500], Batch [     2/     2 (100%)]	Learning rate: 1.00e-03	Loss: 1.734
Train Epoch: [  130/  500], Batch [     2/     2 (100%)]	Learning rate: 1.00e-03	Loss: 1.732	Val Loss: 1.737
Train Epoch: [  131/  500], Batch [     1/     2 ( 50%)]	Learning rate: 1.00e-03	Loss: 1.735
Train Epoch: [  131/  500], Batch [     2/     2 (100%)]	Learning rate: 1.00e-03	Loss: 1.733
Train Epoch: [  132/  500], Batch [     1/     2 ( 50%)]	Learning rate: 1.00e-03	Loss: 1.728
Train Epoch: [  132/  500], Batch [     2/     2 (100%)]	Learning rate: 1.00e-03	Loss: 1.733
Train Epoch: [  133/  500], Batch [     1/     2 ( 50%)]	Learning rate: 1.00e-03	Loss: 1.737
Train Epoch: [  133/  500], Batch [     2/     2 (100%)]	Learning rate: 1.00e-03	Loss: 1.731
Train Epoch: [  134/  500], Batch [     1/     2 ( 50%)]	Learning rate: 1.00e-03	Loss: 1.727
Train Epoch: [  134/  500], Batch [     2/     2 (100%)]	Learning rate: 1.00e-03	Loss: 1.728
Train Epoch: [  135/  500], Batch [     1/     2 ( 50%)]	Learning rate: 1.00e-03	Loss: 1.724
Train Epoch: [  135/  500], Batch [     2/     2 (100%)]	Learning rate: 1.00e-03	Loss: 1.726
Train Epoch: [  135/  500], Batch [     2/     2 (100%)]	Learning rate: 1.00e-03	Loss: 1.728	Val Loss: 1.736
Train Epoch: [  136/  500], Batch [     1/     2 ( 50%)]	Learning rate: 1.00e-03	Loss: 1.731
Train Epoch: [  136/  500], Batch [     2/     2 (100%)]	Learning rate: 1.00e-03	Loss: 1.729
Train Epoch: [  137/  500], Batch [     1/     2 ( 50%)]	Learning rate: 1.00e-03	Loss: 1.727
Train Epoch: [  137/  500], Batch [     2/     2 (100%)]	Learning rate: 1.00e-03	Loss: 1.724
Train Epoch: [  138/  500], Batch [     1/     2 ( 50%)]	Learning rate: 1.00e-03	Loss: 1.716
Train Epoch: [  138/  500], Batch [     2/     2 (100%)]	Learning rate: 1.00e-03	Loss: 1.722
Train Epoch: [  139/  500], Batch [     1/     2 ( 50%)]	Learning rate: 1.00e-03	Loss: 1.721
Train Epoch: [  139/  500], Batch [     2/     2 (100%)]	Learning rate: 1.00e-03	Loss: 1.725
Train Epoch: [  140/  500], Batch [     1/     2 ( 50%)]	Learning rate: 1.00e-03	Loss: 1.734
Train Epoch: [  140/  500], Batch [     2/     2 (100%)]	Learning rate: 1.00e-03	Loss: 1.729
Train Epoch: [  140/  500], Batch [     2/     2 (100%)]	Learning rate: 1.00e-03	Loss: 1.723	Val Loss: 1.735
Train Epoch: [  141/  500], Batch [     1/     2 ( 50%)]	Learning rate: 1.00e-03	Loss: 1.717
Train Epoch: [  141/  500], Batch [     2/     2 (100%)]	Learning rate: 1.00e-03	Loss: 1.722
Train Epoch: [  142/  500], Batch [     1/     2 ( 50%)]	Learning rate: 1.00e-03	Loss: 1.721
Train Epoch: [  142/  500], Batch [     2/     2 (100%)]	Learning rate: 1.00e-03	Loss: 1.722
Train Epoch: [  143/  500], Batch [     1/     2 ( 50%)]	Learning rate: 1.00e-03	Loss: 1.723
Train Epoch: [  143/  500], Batch [     2/     2 (100%)]	Learning rate: 1.00e-03	Loss: 1.719
Train Epoch: [  144/  500], Batch [     1/     2 ( 50%)]	Learning rate: 1.00e-03	Loss: 1.717
Train Epoch: [  144/  500], Batch [     2/     2 (100%)]	Learning rate: 1.00e-03	Loss: 1.716
Train Epoch: [  145/  500], Batch [     1/     2 ( 50%)]	Learning rate: 1.00e-03	Loss: 1.715
Train Epoch: [  145/  500], Batch [     2/     2 (100%)]	Learning rate: 1.00e-03	Loss: 1.714
Train Epoch: [  145/  500], Batch [     2/     2 (100%)]	Learning rate: 1.00e-03	Loss: 1.716	Val Loss: 1.733
Train Epoch: [  146/  500], Batch [     1/     2 ( 50%)]	Learning rate: 1.00e-03	Loss: 1.712
Train Epoch: [  146/  500], Batch [     2/     2 (100%)]	Learning rate: 1.00e-03	Loss: 1.716
Train Epoch: [  147/  500], Batch [     1/     2 ( 50%)]	Learning rate: 1.00e-03	Loss: 1.715
Train Epoch: [  147/  500], Batch [     2/     2 (100%)]	Learning rate: 1.00e-03	Loss: 1.714
Train Epoch: [  148/  500], Batch [     1/     2 ( 50%)]	Learning rate: 1.00e-03	Loss: 1.707
Train Epoch: [  148/  500], Batch [     2/     2 (100%)]	Learning rate: 1.00e-03	Loss: 1.711
Train Epoch: [  149/  500], Batch [     1/     2 ( 50%)]	Learning rate: 1.00e-03	Loss: 1.713
Train Epoch: [  149/  500], Batch [     2/     2 (100%)]	Learning rate: 1.00e-03	Loss: 1.711
Train Epoch: [  150/  500], Batch [     1/     2 ( 50%)]	Learning rate: 1.00e-03	Loss: 1.716
Train Epoch: [  150/  500], Batch [     2/     2 (100%)]	Learning rate: 1.00e-03	Loss: 1.710
Train Epoch: [  150/  500], Batch [     2/     2 (100%)]	Learning rate: 1.00e-03	Loss: 1.711	Val Loss: 1.738

Learning rate adapted! New learning rate 1.000e-04

Train Epoch: [  151/  500], Batch [     1/     2 ( 50%)]	Learning rate: 1.00e-04	Loss: 1.702
Train Epoch: [  151/  500], Batch [     2/     2 (100%)]	Learning rate: 1.00e-04	Loss: 1.710
Train Epoch: [  152/  500], Batch [     1/     2 ( 50%)]	Learning rate: 1.00e-04	Loss: 1.700
Train Epoch: [  152/  500], Batch [     2/     2 (100%)]	Learning rate: 1.00e-04	Loss: 1.708
Train Epoch: [  153/  500], Batch [     1/     2 ( 50%)]	Learning rate: 1.00e-04	Loss: 1.692
Train Epoch: [  153/  500], Batch [     2/     2 (100%)]	Learning rate: 1.00e-04	Loss: 1.706
Train Epoch: [  154/  500], Batch [     1/     2 ( 50%)]	Learning rate: 1.00e-04	Loss: 1.711
Train Epoch: [  154/  500], Batch [     2/     2 (100%)]	Learning rate: 1.00e-04	Loss: 1.706
Train Epoch: [  155/  500], Batch [     1/     2 ( 50%)]	Learning rate: 1.00e-04	Loss: 1.703
Train Epoch: [  155/  500], Batch [     2/     2 (100%)]	Learning rate: 1.00e-04	Loss: 1.708
Train Epoch: [  155/  500], Batch [     2/     2 (100%)]	Learning rate: 1.00e-04	Loss: 1.705	Val Loss: 1.728
Train Epoch: [  156/  500], Batch [     1/     2 ( 50%)]	Learning rate: 1.00e-04	Loss: 1.710
Train Epoch: [  156/  500], Batch [     2/     2 (100%)]	Learning rate: 1.00e-04	Loss: 1.706
Train Epoch: [  157/  500], Batch [     1/     2 ( 50%)]	Learning rate: 1.00e-04	Loss: 1.712
Train Epoch: [  157/  500], Batch [     2/     2 (100%)]	Learning rate: 1.00e-04	Loss: 1.705
Train Epoch: [  158/  500], Batch [     1/     2 ( 50%)]	Learning rate: 1.00e-04	Loss: 1.707
Train Epoch: [  158/  500], Batch [     2/     2 (100%)]	Learning rate: 1.00e-04	Loss: 1.705
Train Epoch: [  159/  500], Batch [     1/     2 ( 50%)]	Learning rate: 1.00e-04	Loss: 1.706
Train Epoch: [  159/  500], Batch [     2/     2 (100%)]	Learning rate: 1.00e-04	Loss: 1.702
Train Epoch: [  160/  500], Batch [     1/     2 ( 50%)]	Learning rate: 1.00e-04	Loss: 1.707
Train Epoch: [  160/  500], Batch [     2/     2 (100%)]	Learning rate: 1.00e-04	Loss: 1.707
Train Epoch: [  160/  500], Batch [     2/     2 (100%)]	Learning rate: 1.00e-04	Loss: 1.702	Val Loss: 1.730
Train Epoch: [  161/  500], Batch [     1/     2 ( 50%)]	Learning rate: 1.00e-04	Loss: 1.701
Train Epoch: [  161/  500], Batch [     2/     2 (100%)]	Learning rate: 1.00e-04	Loss: 1.704
Train Epoch: [  162/  500], Batch [     1/     2 ( 50%)]	Learning rate: 1.00e-04	Loss: 1.692
Train Epoch: [  162/  500], Batch [     2/     2 (100%)]	Learning rate: 1.00e-04	Loss: 1.705
Train Epoch: [  163/  500], Batch [     1/     2 ( 50%)]	Learning rate: 1.00e-04	Loss: 1.708
Train Epoch: [  163/  500], Batch [     2/     2 (100%)]	Learning rate: 1.00e-04	Loss: 1.704
Train Epoch: [  164/  500], Batch [     1/     2 ( 50%)]	Learning rate: 1.00e-04	Loss: 1.701
Train Epoch: [  164/  500], Batch [     2/     2 (100%)]	Learning rate: 1.00e-04	Loss: 1.702
Train Epoch: [  165/  500], Batch [     1/     2 ( 50%)]	Learning rate: 1.00e-04	Loss: 1.703
Train Epoch: [  165/  500], Batch [     2/     2 (100%)]	Learning rate: 1.00e-04	Loss: 1.703
Train Epoch: [  165/  500], Batch [     2/     2 (100%)]	Learning rate: 1.00e-04	Loss: 1.703	Val Loss: 1.731
Train Epoch: [  166/  500], Batch [     1/     2 ( 50%)]	Learning rate: 1.00e-04	Loss: 1.697
Train Epoch: [  166/  500], Batch [     2/     2 (100%)]	Learning rate: 1.00e-04	Loss: 1.703
Train Epoch: [  167/  500], Batch [     1/     2 ( 50%)]	Learning rate: 1.00e-04	Loss: 1.694
Train Epoch: [  167/  500], Batch [     2/     2 (100%)]	Learning rate: 1.00e-04	Loss: 1.701
Train Epoch: [  168/  500], Batch [     1/     2 ( 50%)]	Learning rate: 1.00e-04	Loss: 1.696
Train Epoch: [  168/  500], Batch [     2/     2 (100%)]	Learning rate: 1.00e-04	Loss: 1.701
Train Epoch: [  169/  500], Batch [     1/     2 ( 50%)]	Learning rate: 1.00e-04	Loss: 1.708
Train Epoch: [  169/  500], Batch [     2/     2 (100%)]	Learning rate: 1.00e-04	Loss: 1.703
Train Epoch: [  170/  500], Batch [     1/     2 ( 50%)]	Learning rate: 1.00e-04	Loss: 1.702
Train Epoch: [  170/  500], Batch [     2/     2 (100%)]	Learning rate: 1.00e-04	Loss: 1.703
Train Epoch: [  170/  500], Batch [     2/     2 (100%)]	Learning rate: 1.00e-04	Loss: 1.703	Val Loss: 1.727
Train Epoch: [  171/  500], Batch [     1/     2 ( 50%)]	Learning rate: 1.00e-04	Loss: 1.714
Train Epoch: [  171/  500], Batch [     2/     2 (100%)]	Learning rate: 1.00e-04	Loss: 1.701
Train Epoch: [  172/  500], Batch [     1/     2 ( 50%)]	Learning rate: 1.00e-04	Loss: 1.698
Train Epoch: [  172/  500], Batch [     2/     2 (100%)]	Learning rate: 1.00e-04	Loss: 1.701
Train Epoch: [  173/  500], Batch [     1/     2 ( 50%)]	Learning rate: 1.00e-04	Loss: 1.707
Train Epoch: [  173/  500], Batch [     2/     2 (100%)]	Learning rate: 1.00e-04	Loss: 1.701
Train Epoch: [  174/  500], Batch [     1/     2 ( 50%)]	Learning rate: 1.00e-04	Loss: 1.711
Train Epoch: [  174/  500], Batch [     2/     2 (100%)]	Learning rate: 1.00e-04	Loss: 1.702
Train Epoch: [  175/  500], Batch [     1/     2 ( 50%)]	Learning rate: 1.00e-04	Loss: 1.716
Train Epoch: [  175/  500], Batch [     2/     2 (100%)]	Learning rate: 1.00e-04	Loss: 1.703
Train Epoch: [  175/  500], Batch [     2/     2 (100%)]	Learning rate: 1.00e-04	Loss: 1.700	Val Loss: 1.730
Train Epoch: [  176/  500], Batch [     1/     2 ( 50%)]	Learning rate: 1.00e-04	Loss: 1.705
Train Epoch: [  176/  500], Batch [     2/     2 (100%)]	Learning rate: 1.00e-04	Loss: 1.700
Train Epoch: [  177/  500], Batch [     1/     2 ( 50%)]	Learning rate: 1.00e-04	Loss: 1.696
Train Epoch: [  177/  500], Batch [     2/     2 (100%)]	Learning rate: 1.00e-04	Loss: 1.701
Train Epoch: [  178/  500], Batch [     1/     2 ( 50%)]	Learning rate: 1.00e-04	Loss: 1.704
Train Epoch: [  178/  500], Batch [     2/     2 (100%)]	Learning rate: 1.00e-04	Loss: 1.701
Train Epoch: [  179/  500], Batch [     1/     2 ( 50%)]	Learning rate: 1.00e-04	Loss: 1.701
Train Epoch: [  179/  500], Batch [     2/     2 (100%)]	Learning rate: 1.00e-04	Loss: 1.702
Train Epoch: [  180/  500], Batch [     1/     2 ( 50%)]	Learning rate: 1.00e-04	Loss: 1.698
Train Epoch: [  180/  500], Batch [     2/     2 (100%)]	Learning rate: 1.00e-04	Loss: 1.701
Train Epoch: [  180/  500], Batch [     2/     2 (100%)]	Learning rate: 1.00e-04	Loss: 1.700	Val Loss: 1.727
Train Epoch: [  181/  500], Batch [     1/     2 ( 50%)]	Learning rate: 1.00e-04	Loss: 1.707
Train Epoch: [  181/  500], Batch [     2/     2 (100%)]	Learning rate: 1.00e-04	Loss: 1.701
Train Epoch: [  182/  500], Batch [     1/     2 ( 50%)]	Learning rate: 1.00e-04	Loss: 1.690
Train Epoch: [  182/  500], Batch [     2/     2 (100%)]	Learning rate: 1.00e-04	Loss: 1.700
Train Epoch: [  183/  500], Batch [     1/     2 ( 50%)]	Learning rate: 1.00e-04	Loss: 1.696
Train Epoch: [  183/  500], Batch [     2/     2 (100%)]	Learning rate: 1.00e-04	Loss: 1.701
Train Epoch: [  184/  500], Batch [     1/     2 ( 50%)]	Learning rate: 1.00e-04	Loss: 1.703
Train Epoch: [  184/  500], Batch [     2/     2 (100%)]	Learning rate: 1.00e-04	Loss: 1.700
Train Epoch: [  185/  500], Batch [     1/     2 ( 50%)]	Learning rate: 1.00e-04	Loss: 1.707
Train Epoch: [  185/  500], Batch [     2/     2 (100%)]	Learning rate: 1.00e-04	Loss: 1.701
Train Epoch: [  185/  500], Batch [     2/     2 (100%)]	Learning rate: 1.00e-04	Loss: 1.700	Val Loss: 1.729
Train Epoch: [  186/  500], Batch [     1/     2 ( 50%)]	Learning rate: 1.00e-04	Loss: 1.697
Train Epoch: [  186/  500], Batch [     2/     2 (100%)]	Learning rate: 1.00e-04	Loss: 1.698
Train Epoch: [  187/  500], Batch [     1/     2 ( 50%)]	Learning rate: 1.00e-04	Loss: 1.697
Train Epoch: [  187/  500], Batch [     2/     2 (100%)]	Learning rate: 1.00e-04	Loss: 1.699
Train Epoch: [  188/  500], Batch [     1/     2 ( 50%)]	Learning rate: 1.00e-04	Loss: 1.707
Train Epoch: [  188/  500], Batch [     2/     2 (100%)]	Learning rate: 1.00e-04	Loss: 1.698
Train Epoch: [  189/  500], Batch [     1/     2 ( 50%)]	Learning rate: 1.00e-04	Loss: 1.693
Train Epoch: [  189/  500], Batch [     2/     2 (100%)]	Learning rate: 1.00e-04	Loss: 1.698
Train Epoch: [  190/  500], Batch [     1/     2 ( 50%)]	Learning rate: 1.00e-04	Loss: 1.705
Train Epoch: [  190/  500], Batch [     2/     2 (100%)]	Learning rate: 1.00e-04	Loss: 1.699
Train Epoch: [  190/  500], Batch [     2/     2 (100%)]	Learning rate: 1.00e-04	Loss: 1.698	Val Loss: 1.730
Train Epoch: [  191/  500], Batch [     1/     2 ( 50%)]	Learning rate: 1.00e-04	Loss: 1.707
Train Epoch: [  191/  500], Batch [     2/     2 (100%)]	Learning rate: 1.00e-04	Loss: 1.700
Train Epoch: [  192/  500], Batch [     1/     2 ( 50%)]	Learning rate: 1.00e-04	Loss: 1.686
Train Epoch: [  192/  500], Batch [     2/     2 (100%)]	Learning rate: 1.00e-04	Loss: 1.700
Train Epoch: [  193/  500], Batch [     1/     2 ( 50%)]	Learning rate: 1.00e-04	Loss: 1.702
Train Epoch: [  193/  500], Batch [     2/     2 (100%)]	Learning rate: 1.00e-04	Loss: 1.699
Train Epoch: [  194/  500], Batch [     1/     2 ( 50%)]	Learning rate: 1.00e-04	Loss: 1.697
Train Epoch: [  194/  500], Batch [     2/     2 (100%)]	Learning rate: 1.00e-04	Loss: 1.697
Train Epoch: [  195/  500], Batch [     1/     2 ( 50%)]	Learning rate: 1.00e-04	Loss: 1.701
Train Epoch: [  195/  500], Batch [     2/     2 (100%)]	Learning rate: 1.00e-04	Loss: 1.699
Train Epoch: [  195/  500], Batch [     2/     2 (100%)]	Learning rate: 1.00e-04	Loss: 1.698	Val Loss: 1.729
Train Epoch: [  196/  500], Batch [     1/     2 ( 50%)]	Learning rate: 1.00e-04	Loss: 1.701
Train Epoch: [  196/  500], Batch [     2/     2 (100%)]	Learning rate: 1.00e-04	Loss: 1.697
Train Epoch: [  197/  500], Batch [     1/     2 ( 50%)]	Learning rate: 1.00e-04	Loss: 1.692
Train Epoch: [  197/  500], Batch [     2/     2 (100%)]	Learning rate: 1.00e-04	Loss: 1.696
Train Epoch: [  198/  500], Batch [     1/     2 ( 50%)]	Learning rate: 1.00e-04	Loss: 1.694
Train Epoch: [  198/  500], Batch [     2/     2 (100%)]	Learning rate: 1.00e-04	Loss: 1.699
Train Epoch: [  199/  500], Batch [     1/     2 ( 50%)]	Learning rate: 1.00e-04	Loss: 1.686
Train Epoch: [  199/  500], Batch [     2/     2 (100%)]	Learning rate: 1.00e-04	Loss: 1.698
Train Epoch: [  200/  500], Batch [     1/     2 ( 50%)]	Learning rate: 1.00e-04	Loss: 1.691
Train Epoch: [  200/  500], Batch [     2/     2 (100%)]	Learning rate: 1.00e-04	Loss: 1.698
Train Epoch: [  200/  500], Batch [     2/     2 (100%)]	Learning rate: 1.00e-04	Loss: 1.696	Val Loss: 1.728
Model parameters: 142722
